[0.589s] Invoking command in '/home/alemany/robot_ws/src/g1pilot': DEBUGINFOD_URLS=https://debuginfod.ubuntu.com PYTHONPATH=/home/alemany/robot_ws/build/g1pilot/prefix_override:/usr/lib/python3/dist-packages/colcon_core/task/python/colcon_distutils_commands:/home/alemany/robot_ws/install/g1pilot/lib/python3.12/site-packages:${PYTHONPATH} VIRTUAL_ENV_PROMPT=(venv-ardupilot) /usr/bin/python3 -W ignore:setup.py install is deprecated -W ignore:easy_install command is deprecated setup.py egg_info --egg-base ../../build/g1pilot build --build-base /home/alemany/robot_ws/build/g1pilot/build install --record /home/alemany/robot_ws/build/g1pilot/install.log --single-version-externally-managed install_data
[0.739s] running egg_info
[0.739s] creating ../../build/g1pilot/g1pilot.egg-info
[0.749s] writing ../../build/g1pilot/g1pilot.egg-info/PKG-INFO
[0.750s] writing dependency_links to ../../build/g1pilot/g1pilot.egg-info/dependency_links.txt
[0.750s] writing entry points to ../../build/g1pilot/g1pilot.egg-info/entry_points.txt
[0.750s] writing requirements to ../../build/g1pilot/g1pilot.egg-info/requires.txt
[0.750s] writing top-level names to ../../build/g1pilot/g1pilot.egg-info/top_level.txt
[0.750s] writing manifest file '../../build/g1pilot/g1pilot.egg-info/SOURCES.txt'
[0.772s] reading manifest file '../../build/g1pilot/g1pilot.egg-info/SOURCES.txt'
[0.772s] adding license file 'LICENSE'
[0.772s] writing manifest file '../../build/g1pilot/g1pilot.egg-info/SOURCES.txt'
[0.773s] running build
[0.773s] running build_py
[0.773s] creating /home/alemany/robot_ws/build/g1pilot/build
[0.773s] creating /home/alemany/robot_ws/build/g1pilot/build/lib
[0.773s] creating /home/alemany/robot_ws/build/g1pilot/build/lib/g1pilot
[0.773s] copying g1pilot/__init__.py -> /home/alemany/robot_ws/build/g1pilot/build/lib/g1pilot
[0.773s] creating /home/alemany/robot_ws/build/g1pilot/build/lib/g1pilot/teleoperation
[0.773s] copying g1pilot/teleoperation/joy_mux.py -> /home/alemany/robot_ws/build/g1pilot/build/lib/g1pilot/teleoperation
[0.773s] copying g1pilot/teleoperation/ui_interface.py -> /home/alemany/robot_ws/build/g1pilot/build/lib/g1pilot/teleoperation
[0.773s] copying g1pilot/teleoperation/joystick.py -> /home/alemany/robot_ws/build/g1pilot/build/lib/g1pilot/teleoperation
[0.773s] copying g1pilot/teleoperation/__init__.py -> /home/alemany/robot_ws/build/g1pilot/build/lib/g1pilot/teleoperation
[0.773s] creating /home/alemany/robot_ws/build/g1pilot/build/lib/g1pilot/manipulation
[0.773s] copying g1pilot/manipulation/dx3_hand.py -> /home/alemany/robot_ws/build/g1pilot/build/lib/g1pilot/manipulation
[0.773s] copying g1pilot/manipulation/opensot_solver.py -> /home/alemany/robot_ws/build/g1pilot/build/lib/g1pilot/manipulation
[0.773s] copying g1pilot/manipulation/interactive_marker.py -> /home/alemany/robot_ws/build/g1pilot/build/lib/g1pilot/manipulation
[0.774s] copying g1pilot/manipulation/__init__.py -> /home/alemany/robot_ws/build/g1pilot/build/lib/g1pilot/manipulation
[0.774s] creating /home/alemany/robot_ws/build/g1pilot/build/lib/g1pilot/state
[0.774s] copying g1pilot/state/robot_state.py -> /home/alemany/robot_ws/build/g1pilot/build/lib/g1pilot/state
[0.774s] copying g1pilot/state/voice.py -> /home/alemany/robot_ws/build/g1pilot/build/lib/g1pilot/state
[0.774s] copying g1pilot/state/lights.py -> /home/alemany/robot_ws/build/g1pilot/build/lib/g1pilot/state
[0.774s] copying g1pilot/state/__init__.py -> /home/alemany/robot_ws/build/g1pilot/build/lib/g1pilot/state
[0.774s] creating /home/alemany/robot_ws/build/g1pilot/build/lib/g1pilot/navigation
[0.774s] copying g1pilot/navigation/fix_mola_odometry.py -> /home/alemany/robot_ws/build/g1pilot/build/lib/g1pilot/navigation
[0.774s] copying g1pilot/navigation/loco_client.py -> /home/alemany/robot_ws/build/g1pilot/build/lib/g1pilot/navigation
[0.774s] copying g1pilot/navigation/create_map.py -> /home/alemany/robot_ws/build/g1pilot/build/lib/g1pilot/navigation
[0.774s] copying g1pilot/navigation/nav2point.py -> /home/alemany/robot_ws/build/g1pilot/build/lib/g1pilot/navigation
[0.775s] copying g1pilot/navigation/dijkstra_planner.py -> /home/alemany/robot_ws/build/g1pilot/build/lib/g1pilot/navigation
[0.775s] copying g1pilot/navigation/__init__.py -> /home/alemany/robot_ws/build/g1pilot/build/lib/g1pilot/navigation
[0.775s] creating /home/alemany/robot_ws/build/g1pilot/build/lib/g1pilot/utils
[0.775s] copying g1pilot/utils/joints_names.py -> /home/alemany/robot_ws/build/g1pilot/build/lib/g1pilot/utils
[0.775s] copying g1pilot/utils/arm_gui.py -> /home/alemany/robot_ws/build/g1pilot/build/lib/g1pilot/utils
[0.775s] copying g1pilot/utils/helpers.py -> /home/alemany/robot_ws/build/g1pilot/build/lib/g1pilot/utils
[0.775s] copying g1pilot/utils/extract_configuration.py -> /home/alemany/robot_ws/build/g1pilot/build/lib/g1pilot/utils
[0.775s] copying g1pilot/utils/common.py -> /home/alemany/robot_ws/build/g1pilot/build/lib/g1pilot/utils
[0.775s] copying g1pilot/utils/window_style.py -> /home/alemany/robot_ws/build/g1pilot/build/lib/g1pilot/utils
[0.775s] copying g1pilot/utils/__init__.py -> /home/alemany/robot_ws/build/g1pilot/build/lib/g1pilot/utils
[0.775s] running install
[0.778s] running install_lib
[0.789s] creating /home/alemany/robot_ws/install/g1pilot/lib/python3.12/site-packages/g1pilot
[0.790s] creating /home/alemany/robot_ws/install/g1pilot/lib/python3.12/site-packages/g1pilot/teleoperation
[0.790s] copying /home/alemany/robot_ws/build/g1pilot/build/lib/g1pilot/teleoperation/joy_mux.py -> /home/alemany/robot_ws/install/g1pilot/lib/python3.12/site-packages/g1pilot/teleoperation
[0.790s] copying /home/alemany/robot_ws/build/g1pilot/build/lib/g1pilot/teleoperation/ui_interface.py -> /home/alemany/robot_ws/install/g1pilot/lib/python3.12/site-packages/g1pilot/teleoperation
[0.790s] copying /home/alemany/robot_ws/build/g1pilot/build/lib/g1pilot/teleoperation/joystick.py -> /home/alemany/robot_ws/install/g1pilot/lib/python3.12/site-packages/g1pilot/teleoperation
[0.790s] copying /home/alemany/robot_ws/build/g1pilot/build/lib/g1pilot/teleoperation/__init__.py -> /home/alemany/robot_ws/install/g1pilot/lib/python3.12/site-packages/g1pilot/teleoperation
[0.791s] creating /home/alemany/robot_ws/install/g1pilot/lib/python3.12/site-packages/g1pilot/manipulation
[0.791s] copying /home/alemany/robot_ws/build/g1pilot/build/lib/g1pilot/manipulation/dx3_hand.py -> /home/alemany/robot_ws/install/g1pilot/lib/python3.12/site-packages/g1pilot/manipulation
[0.791s] copying /home/alemany/robot_ws/build/g1pilot/build/lib/g1pilot/manipulation/opensot_solver.py -> /home/alemany/robot_ws/install/g1pilot/lib/python3.12/site-packages/g1pilot/manipulation
[0.791s] copying /home/alemany/robot_ws/build/g1pilot/build/lib/g1pilot/manipulation/interactive_marker.py -> /home/alemany/robot_ws/install/g1pilot/lib/python3.12/site-packages/g1pilot/manipulation
[0.791s] copying /home/alemany/robot_ws/build/g1pilot/build/lib/g1pilot/manipulation/__init__.py -> /home/alemany/robot_ws/install/g1pilot/lib/python3.12/site-packages/g1pilot/manipulation
[0.791s] creating /home/alemany/robot_ws/install/g1pilot/lib/python3.12/site-packages/g1pilot/state
[0.791s] copying /home/alemany/robot_ws/build/g1pilot/build/lib/g1pilot/state/robot_state.py -> /home/alemany/robot_ws/install/g1pilot/lib/python3.12/site-packages/g1pilot/state
[0.791s] copying /home/alemany/robot_ws/build/g1pilot/build/lib/g1pilot/state/voice.py -> /home/alemany/robot_ws/install/g1pilot/lib/python3.12/site-packages/g1pilot/state
[0.791s] copying /home/alemany/robot_ws/build/g1pilot/build/lib/g1pilot/state/lights.py -> /home/alemany/robot_ws/install/g1pilot/lib/python3.12/site-packages/g1pilot/state
[0.791s] copying /home/alemany/robot_ws/build/g1pilot/build/lib/g1pilot/state/__init__.py -> /home/alemany/robot_ws/install/g1pilot/lib/python3.12/site-packages/g1pilot/state
[0.791s] creating /home/alemany/robot_ws/install/g1pilot/lib/python3.12/site-packages/g1pilot/navigation
[0.791s] copying /home/alemany/robot_ws/build/g1pilot/build/lib/g1pilot/navigation/fix_mola_odometry.py -> /home/alemany/robot_ws/install/g1pilot/lib/python3.12/site-packages/g1pilot/navigation
[0.791s] copying /home/alemany/robot_ws/build/g1pilot/build/lib/g1pilot/navigation/loco_client.py -> /home/alemany/robot_ws/install/g1pilot/lib/python3.12/site-packages/g1pilot/navigation
[0.791s] copying /home/alemany/robot_ws/build/g1pilot/build/lib/g1pilot/navigation/create_map.py -> /home/alemany/robot_ws/install/g1pilot/lib/python3.12/site-packages/g1pilot/navigation
[0.791s] copying /home/alemany/robot_ws/build/g1pilot/build/lib/g1pilot/navigation/nav2point.py -> /home/alemany/robot_ws/install/g1pilot/lib/python3.12/site-packages/g1pilot/navigation
[0.792s] copying /home/alemany/robot_ws/build/g1pilot/build/lib/g1pilot/navigation/dijkstra_planner.py -> /home/alemany/robot_ws/install/g1pilot/lib/python3.12/site-packages/g1pilot/navigation
[0.792s] copying /home/alemany/robot_ws/build/g1pilot/build/lib/g1pilot/navigation/__init__.py -> /home/alemany/robot_ws/install/g1pilot/lib/python3.12/site-packages/g1pilot/navigation
[0.792s] creating /home/alemany/robot_ws/install/g1pilot/lib/python3.12/site-packages/g1pilot/utils
[0.792s] copying /home/alemany/robot_ws/build/g1pilot/build/lib/g1pilot/utils/joints_names.py -> /home/alemany/robot_ws/install/g1pilot/lib/python3.12/site-packages/g1pilot/utils
[0.792s] copying /home/alemany/robot_ws/build/g1pilot/build/lib/g1pilot/utils/arm_gui.py -> /home/alemany/robot_ws/install/g1pilot/lib/python3.12/site-packages/g1pilot/utils
[0.792s] copying /home/alemany/robot_ws/build/g1pilot/build/lib/g1pilot/utils/helpers.py -> /home/alemany/robot_ws/install/g1pilot/lib/python3.12/site-packages/g1pilot/utils
[0.792s] copying /home/alemany/robot_ws/build/g1pilot/build/lib/g1pilot/utils/extract_configuration.py -> /home/alemany/robot_ws/install/g1pilot/lib/python3.12/site-packages/g1pilot/utils
[0.792s] copying /home/alemany/robot_ws/build/g1pilot/build/lib/g1pilot/utils/common.py -> /home/alemany/robot_ws/install/g1pilot/lib/python3.12/site-packages/g1pilot/utils
[0.792s] copying /home/alemany/robot_ws/build/g1pilot/build/lib/g1pilot/utils/window_style.py -> /home/alemany/robot_ws/install/g1pilot/lib/python3.12/site-packages/g1pilot/utils
[0.793s] copying /home/alemany/robot_ws/build/g1pilot/build/lib/g1pilot/utils/__init__.py -> /home/alemany/robot_ws/install/g1pilot/lib/python3.12/site-packages/g1pilot/utils
[0.793s] copying /home/alemany/robot_ws/build/g1pilot/build/lib/g1pilot/__init__.py -> /home/alemany/robot_ws/install/g1pilot/lib/python3.12/site-packages/g1pilot
[0.793s] byte-compiling /home/alemany/robot_ws/install/g1pilot/lib/python3.12/site-packages/g1pilot/teleoperation/joy_mux.py to joy_mux.cpython-312.pyc
[0.794s] byte-compiling /home/alemany/robot_ws/install/g1pilot/lib/python3.12/site-packages/g1pilot/teleoperation/ui_interface.py to ui_interface.cpython-312.pyc
[0.794s] byte-compiling /home/alemany/robot_ws/install/g1pilot/lib/python3.12/site-packages/g1pilot/teleoperation/joystick.py to joystick.cpython-312.pyc
[0.794s] byte-compiling /home/alemany/robot_ws/install/g1pilot/lib/python3.12/site-packages/g1pilot/teleoperation/__init__.py to __init__.cpython-312.pyc
[0.794s] byte-compiling /home/alemany/robot_ws/install/g1pilot/lib/python3.12/site-packages/g1pilot/manipulation/dx3_hand.py to dx3_hand.cpython-312.pyc
[0.795s] byte-compiling /home/alemany/robot_ws/install/g1pilot/lib/python3.12/site-packages/g1pilot/manipulation/opensot_solver.py to opensot_solver.cpython-312.pyc
[0.798s] byte-compiling /home/alemany/robot_ws/install/g1pilot/lib/python3.12/site-packages/g1pilot/manipulation/interactive_marker.py to interactive_marker.cpython-312.pyc
[0.799s] byte-compiling /home/alemany/robot_ws/install/g1pilot/lib/python3.12/site-packages/g1pilot/manipulation/__init__.py to __init__.cpython-312.pyc
[0.799s] byte-compiling /home/alemany/robot_ws/install/g1pilot/lib/python3.12/site-packages/g1pilot/state/robot_state.py to robot_state.cpython-312.pyc
[0.800s] byte-compiling /home/alemany/robot_ws/install/g1pilot/lib/python3.12/site-packages/g1pilot/state/voice.py to voice.cpython-312.pyc
[0.800s] byte-compiling /home/alemany/robot_ws/install/g1pilot/lib/python3.12/site-packages/g1pilot/state/lights.py to lights.cpython-312.pyc
[0.800s] byte-compiling /home/alemany/robot_ws/install/g1pilot/lib/python3.12/site-packages/g1pilot/state/__init__.py to __init__.cpython-312.pyc
[0.801s] byte-compiling /home/alemany/robot_ws/install/g1pilot/lib/python3.12/site-packages/g1pilot/navigation/fix_mola_odometry.py to fix_mola_odometry.cpython-312.pyc
[0.801s] byte-compiling /home/alemany/robot_ws/install/g1pilot/lib/python3.12/site-packages/g1pilot/navigation/loco_client.py to loco_client.cpython-312.pyc
[0.803s] byte-compiling /home/alemany/robot_ws/install/g1pilot/lib/python3.12/site-packages/g1pilot/navigation/create_map.py to create_map.cpython-312.pyc
[0.803s] byte-compiling /home/alemany/robot_ws/install/g1pilot/lib/python3.12/site-packages/g1pilot/navigation/nav2point.py to nav2point.cpython-312.pyc
[0.804s] byte-compiling /home/alemany/robot_ws/install/g1pilot/lib/python3.12/site-packages/g1pilot/navigation/dijkstra_planner.py to dijkstra_planner.cpython-312.pyc
[0.806s] byte-compiling /home/alemany/robot_ws/install/g1pilot/lib/python3.12/site-packages/g1pilot/navigation/__init__.py to __init__.cpython-312.pyc
[0.806s] byte-compiling /home/alemany/robot_ws/install/g1pilot/lib/python3.12/site-packages/g1pilot/utils/joints_names.py to joints_names.cpython-312.pyc
[0.807s] byte-compiling /home/alemany/robot_ws/install/g1pilot/lib/python3.12/site-packages/g1pilot/utils/arm_gui.py to arm_gui.cpython-312.pyc
[0.808s] byte-compiling /home/alemany/robot_ws/install/g1pilot/lib/python3.12/site-packages/g1pilot/utils/helpers.py to helpers.cpython-312.pyc
[0.808s] byte-compiling /home/alemany/robot_ws/install/g1pilot/lib/python3.12/site-packages/g1pilot/utils/extract_configuration.py to extract_configuration.cpython-312.pyc
[0.808s] byte-compiling /home/alemany/robot_ws/install/g1pilot/lib/python3.12/site-packages/g1pilot/utils/common.py to common.cpython-312.pyc
[0.809s] byte-compiling /home/alemany/robot_ws/install/g1pilot/lib/python3.12/site-packages/g1pilot/utils/window_style.py to window_style.cpython-312.pyc
[0.809s] byte-compiling /home/alemany/robot_ws/install/g1pilot/lib/python3.12/site-packages/g1pilot/utils/__init__.py to __init__.cpython-312.pyc
[0.809s] byte-compiling /home/alemany/robot_ws/install/g1pilot/lib/python3.12/site-packages/g1pilot/__init__.py to __init__.cpython-312.pyc
[0.809s] running install_data
[0.809s] creating /home/alemany/robot_ws/install/g1pilot/share/ament_index
[0.809s] creating /home/alemany/robot_ws/install/g1pilot/share/ament_index/resource_index
[0.809s] creating /home/alemany/robot_ws/install/g1pilot/share/ament_index/resource_index/packages
[0.809s] copying resource/g1pilot -> /home/alemany/robot_ws/install/g1pilot/share/ament_index/resource_index/packages
[0.809s] copying package.xml -> /home/alemany/robot_ws/install/g1pilot/share/g1pilot
[0.810s] creating /home/alemany/robot_ws/install/g1pilot/share/g1pilot/launch
[0.810s] copying launch/robot_state_launcher.launch.py -> /home/alemany/robot_ws/install/g1pilot/share/g1pilot/launch
[0.810s] copying launch/teleoperation_launcher.launch.py -> /home/alemany/robot_ws/install/g1pilot/share/g1pilot/launch
[0.810s] copying launch/navigation_launcher.launch.py -> /home/alemany/robot_ws/install/g1pilot/share/g1pilot/launch
[0.810s] copying launch/mola_launcher.launch.py -> /home/alemany/robot_ws/install/g1pilot/share/g1pilot/launch
[0.810s] copying launch/livox_launcher.launch.py -> /home/alemany/robot_ws/install/g1pilot/share/g1pilot/launch
[0.810s] copying launch/manipulation_launcher.launch.py -> /home/alemany/robot_ws/install/g1pilot/share/g1pilot/launch
[0.810s] copying launch/bringup_launcher.launch.py -> /home/alemany/robot_ws/install/g1pilot/share/g1pilot/launch
[0.810s] copying launch/bringup_opensot.launch.py -> /home/alemany/robot_ws/install/g1pilot/share/g1pilot/launch
[0.810s] creating /home/alemany/robot_ws/install/g1pilot/share/g1pilot/description_files
[0.810s] creating /home/alemany/robot_ws/install/g1pilot/share/g1pilot/description_files/urdf
[0.810s] copying description_files/urdf/g1_29dof_dx3_upperbody.urdf -> /home/alemany/robot_ws/install/g1pilot/share/g1pilot/description_files/urdf
[0.810s] copying description_files/urdf/g1_29dof.urdf -> /home/alemany/robot_ws/install/g1pilot/share/g1pilot/description_files/urdf
[0.810s] copying description_files/urdf/g1_29dof_upperbody.urdf -> /home/alemany/robot_ws/install/g1pilot/share/g1pilot/description_files/urdf
[0.810s] copying description_files/urdf/g1_29dof_dx3.urdf -> /home/alemany/robot_ws/install/g1pilot/share/g1pilot/description_files/urdf
[0.810s] creating /home/alemany/robot_ws/install/g1pilot/share/g1pilot/description_files/xml
[0.810s] creating /home/alemany/robot_ws/install/g1pilot/share/g1pilot/description_files/meshes
[0.810s] copying description_files/meshes/left_elbow_link.STL -> /home/alemany/robot_ws/install/g1pilot/share/g1pilot/description_files/meshes
[0.810s] copying description_files/meshes/left_shoulder_roll_link.STL -> /home/alemany/robot_ws/install/g1pilot/share/g1pilot/description_files/meshes
[0.810s] copying description_files/meshes/Link19_L.STL -> /home/alemany/robot_ws/install/g1pilot/share/g1pilot/description_files/meshes
[0.811s] copying description_files/meshes/Link12_R.STL -> /home/alemany/robot_ws/install/g1pilot/share/g1pilot/description_files/meshes
[0.811s] copying description_files/meshes/Link12_L.STL -> /home/alemany/robot_ws/install/g1pilot/share/g1pilot/description_files/meshes
[0.811s] copying description_files/meshes/left_wrist_roll_coll.STL -> /home/alemany/robot_ws/install/g1pilot/share/g1pilot/description_files/meshes
[0.812s] copying description_files/meshes/right_wrist_roll_rubber_hand_coll.STL -> /home/alemany/robot_ws/install/g1pilot/share/g1pilot/description_files/meshes
[0.812s] copying description_files/meshes/left_index_force_sensor_1.STL -> /home/alemany/robot_ws/install/g1pilot/share/g1pilot/description_files/meshes
[0.812s] copying description_files/meshes/torso_link_23dof_rev_1_0.STL -> /home/alemany/robot_ws/install/g1pilot/share/g1pilot/description_files/meshes
[0.815s] copying description_files/meshes/left_ankle_roll_link.STL -> /home/alemany/robot_ws/install/g1pilot/share/g1pilot/description_files/meshes
[0.815s] copying description_files/meshes/right_shoulder_pitch_link.STL -> /home/alemany/robot_ws/install/g1pilot/share/g1pilot/description_files/meshes
[0.815s] copying description_files/meshes/right_hand_thumb_2_link.STL -> /home/alemany/robot_ws/install/g1pilot/share/g1pilot/description_files/meshes
[0.816s] copying description_files/meshes/Link18_L.STL -> /home/alemany/robot_ws/install/g1pilot/share/g1pilot/description_files/meshes
[0.816s] copying description_files/meshes/head_link.STL -> /home/alemany/robot_ws/install/g1pilot/share/g1pilot/description_files/meshes
[0.816s] copying description_files/meshes/right_hand_index_0_link.STL -> /home/alemany/robot_ws/install/g1pilot/share/g1pilot/description_files/meshes
[0.816s] copying description_files/meshes/Link15_L.STL -> /home/alemany/robot_ws/install/g1pilot/share/g1pilot/description_files/meshes
[0.817s] copying description_files/meshes/right_ankle_pitch_link.STL -> /home/alemany/robot_ws/install/g1pilot/share/g1pilot/description_files/meshes
[0.817s] copying description_files/meshes/left_palm_force_sensor.STL -> /home/alemany/robot_ws/install/g1pilot/share/g1pilot/description_files/meshes
[0.817s] copying description_files/meshes/right_elbow_link.STL -> /home/alemany/robot_ws/install/g1pilot/share/g1pilot/description_files/meshes
[0.818s] copying description_files/meshes/torso_link.STL -> /home/alemany/robot_ws/install/g1pilot/share/g1pilot/description_files/meshes
[0.819s] copying description_files/meshes/right_little_force_sensor_3.STL -> /home/alemany/robot_ws/install/g1pilot/share/g1pilot/description_files/meshes
[0.819s] copying description_files/meshes/left_index_force_sensor_3.STL -> /home/alemany/robot_ws/install/g1pilot/share/g1pilot/description_files/meshes
[0.819s] copying description_files/meshes/right_hand_middle_0_link.STL -> /home/alemany/robot_ws/install/g1pilot/share/g1pilot/description_files/meshes
[0.819s] copying description_files/meshes/right_middle_1.STL -> /home/alemany/robot_ws/install/g1pilot/share/g1pilot/description_files/meshes
[0.819s] copying description_files/meshes/Link22_R.STL -> /home/alemany/robot_ws/install/g1pilot/share/g1pilot/description_files/meshes
[0.819s] copying description_files/meshes/left_hip_yaw_link.STL -> /home/alemany/robot_ws/install/g1pilot/share/g1pilot/description_files/meshes
[0.819s] copying description_files/meshes/waist_roll_link.STL -> /home/alemany/robot_ws/install/g1pilot/share/g1pilot/description_files/meshes
[0.820s] copying description_files/meshes/torso_constraint_L_rod_link.STL -> /home/alemany/robot_ws/install/g1pilot/share/g1pilot/description_files/meshes
[0.820s] copying description_files/meshes/left_shoulder_yaw_link_coll.STL -> /home/alemany/robot_ws/install/g1pilot/share/g1pilot/description_files/meshes
[0.820s] copying description_files/meshes/Link15_R.STL -> /home/alemany/robot_ws/install/g1pilot/share/g1pilot/description_files/meshes
[0.820s] copying description_files/meshes/left_middle_force_sensor_2.STL -> /home/alemany/robot_ws/install/g1pilot/share/g1pilot/description_files/meshes
[0.820s] copying description_files/meshes/waist_yaw_link.STL -> /home/alemany/robot_ws/install/g1pilot/share/g1pilot/description_files/meshes
[0.820s] copying description_files/meshes/right_thumb_3.STL -> /home/alemany/robot_ws/install/g1pilot/share/g1pilot/description_files/meshes
[0.820s] copying description_files/meshes/waist_support_link.STL -> /home/alemany/robot_ws/install/g1pilot/share/g1pilot/description_files/meshes
[0.820s] copying description_files/meshes/pelvis.STL -> /home/alemany/robot_ws/install/g1pilot/share/g1pilot/description_files/meshes
[0.821s] copying description_files/meshes/Link18_R.STL -> /home/alemany/robot_ws/install/g1pilot/share/g1pilot/description_files/meshes
[0.821s] copying description_files/meshes/right_palm_force_sensor.STL -> /home/alemany/robot_ws/install/g1pilot/share/g1pilot/description_files/meshes
[0.822s] copying description_files/meshes/Link11_R.STL -> /home/alemany/robot_ws/install/g1pilot/share/g1pilot/description_files/meshes
[0.822s] copying description_files/meshes/torso_constraint_R_rod_link.STL -> /home/alemany/robot_ws/install/g1pilot/share/g1pilot/description_files/meshes
[0.822s] copying description_files/meshes/right_index_2.STL -> /home/alemany/robot_ws/install/g1pilot/share/g1pilot/description_files/meshes
[0.822s] copying description_files/meshes/right_hand_thumb_0_link.STL -> /home/alemany/robot_ws/install/g1pilot/share/g1pilot/description_files/meshes
[0.822s] copying description_files/meshes/Link20_L.STL -> /home/alemany/robot_ws/install/g1pilot/share/g1pilot/description_files/meshes
[0.822s] copying description_files/meshes/left_hand_palm_link.STL -> /home/alemany/robot_ws/install/g1pilot/share/g1pilot/description_files/meshes
[0.823s] copying description_files/meshes/Link11_L.STL -> /home/alemany/robot_ws/install/g1pilot/share/g1pilot/description_files/meshes
[0.823s] copying description_files/meshes/Link13_L.STL -> /home/alemany/robot_ws/install/g1pilot/share/g1pilot/description_files/meshes
[0.823s] copying description_files/meshes/left_hand_middle_0_link.STL -> /home/alemany/robot_ws/install/g1pilot/share/g1pilot/description_files/meshes
[0.824s] copying description_files/meshes/left_wrist_yaw_link_5010.STL -> /home/alemany/robot_ws/install/g1pilot/share/g1pilot/description_files/meshes
[0.824s] copying description_files/meshes/right_ring_force_sensor_2.STL -> /home/alemany/robot_ws/install/g1pilot/share/g1pilot/description_files/meshes
[0.824s] copying description_files/meshes/left_shoulder_yaw_link.STL -> /home/alemany/robot_ws/install/g1pilot/share/g1pilot/description_files/meshes
[0.824s] copying description_files/meshes/left_little_2.STL -> /home/alemany/robot_ws/install/g1pilot/share/g1pilot/description_files/meshes
[0.824s] copying description_files/meshes/right_shoulder_yaw_link.STL -> /home/alemany/robot_ws/install/g1pilot/share/g1pilot/description_files/meshes
[0.824s] copying description_files/meshes/head_servo_link.STL -> /home/alemany/robot_ws/install/g1pilot/share/g1pilot/description_files/meshes
[0.825s] copying description_files/meshes/left_ring_force_sensor_1.STL -> /home/alemany/robot_ws/install/g1pilot/share/g1pilot/description_files/meshes
[0.825s] copying description_files/meshes/left_index_force_sensor_2.STL -> /home/alemany/robot_ws/install/g1pilot/share/g1pilot/description_files/meshes
[0.825s] copying description_files/meshes/left_hand_index_1_link.STL -> /home/alemany/robot_ws/install/g1pilot/share/g1pilot/description_files/meshes
[0.826s] copying description_files/meshes/Link17_R.STL -> /home/alemany/robot_ws/install/g1pilot/share/g1pilot/description_files/meshes
[0.826s] copying description_files/meshes/right_shoulder_roll_link.STL -> /home/alemany/robot_ws/install/g1pilot/share/g1pilot/description_files/meshes
[0.826s] copying description_files/meshes/left_index_2.STL -> /home/alemany/robot_ws/install/g1pilot/share/g1pilot/description_files/meshes
[0.826s] copying description_files/meshes/d455_link.STL -> /home/alemany/robot_ws/install/g1pilot/share/g1pilot/description_files/meshes
[0.827s] copying description_files/meshes/right_thumb_force_sensor_1.STL -> /home/alemany/robot_ws/install/g1pilot/share/g1pilot/description_files/meshes
[0.827s] copying description_files/meshes/waist_constraint_L.STL -> /home/alemany/robot_ws/install/g1pilot/share/g1pilot/description_files/meshes
[0.827s] copying description_files/meshes/left_wrist_roll_rubber_hand.STL -> /home/alemany/robot_ws/install/g1pilot/share/g1pilot/description_files/meshes
[0.829s] copying description_files/meshes/right_thumb_force_sensor_2.STL -> /home/alemany/robot_ws/install/g1pilot/share/g1pilot/description_files/meshes
[0.829s] copying description_files/meshes/left_hand_thumb_1_link.STL -> /home/alemany/robot_ws/install/g1pilot/share/g1pilot/description_files/meshes
[0.829s] copying description_files/meshes/right_hand_middle_1_link.STL -> /home/alemany/robot_ws/install/g1pilot/share/g1pilot/description_files/meshes
[0.829s] copying description_files/meshes/right_ring_force_sensor_1.STL -> /home/alemany/robot_ws/install/g1pilot/share/g1pilot/description_files/meshes
[0.830s] copying description_files/meshes/left_little_force_sensor_1.STL -> /home/alemany/robot_ws/install/g1pilot/share/g1pilot/description_files/meshes
[0.830s] copying description_files/meshes/right_middle_force_sensor_2.STL -> /home/alemany/robot_ws/install/g1pilot/share/g1pilot/description_files/meshes
[0.830s] copying description_files/meshes/right_shoulder_yaw_link_coll.STL -> /home/alemany/robot_ws/install/g1pilot/share/g1pilot/description_files/meshes
[0.830s] copying description_files/meshes/Link19_R.STL -> /home/alemany/robot_ws/install/g1pilot/share/g1pilot/description_files/meshes
[0.830s] copying description_files/meshes/right_hand_index_1_link.STL -> /home/alemany/robot_ws/install/g1pilot/share/g1pilot/description_files/meshes
[0.831s] copying description_files/meshes/Link22_L.STL -> /home/alemany/robot_ws/install/g1pilot/share/g1pilot/description_files/meshes
[0.831s] copying description_files/meshes/right_thumb_force_sensor_3.STL -> /home/alemany/robot_ws/install/g1pilot/share/g1pilot/description_files/meshes
[0.831s] copying description_files/meshes/left_base_link.STL -> /home/alemany/robot_ws/install/g1pilot/share/g1pilot/description_files/meshes
[0.833s] copying description_files/meshes/right_wrist_pitch_link_5010.STL -> /home/alemany/robot_ws/install/g1pilot/share/g1pilot/description_files/meshes
[0.833s] copying description_files/meshes/right_wrist_roll_coll.STL -> /home/alemany/robot_ws/install/g1pilot/share/g1pilot/description_files/meshes
[0.833s] copying description_files/meshes/Link21_R.STL -> /home/alemany/robot_ws/install/g1pilot/share/g1pilot/description_files/meshes
[0.833s] copying description_files/meshes/right_wrist_pitch_link.STL -> /home/alemany/robot_ws/install/g1pilot/share/g1pilot/description_files/meshes
[0.833s] copying description_files/meshes/right_wrist_roll_link_5010.STL -> /home/alemany/robot_ws/install/g1pilot/share/g1pilot/description_files/meshes
[0.833s] copying description_files/meshes/left_thumb_force_sensor_2.STL -> /home/alemany/robot_ws/install/g1pilot/share/g1pilot/description_files/meshes
[0.833s] copying description_files/meshes/left_thumb_swing.STL -> /home/alemany/robot_ws/install/g1pilot/share/g1pilot/description_files/meshes
[0.833s] copying description_files/meshes/left_knee_link.STL -> /home/alemany/robot_ws/install/g1pilot/share/g1pilot/description_files/meshes
[0.834s] copying description_files/meshes/left_rubber_hand.STL -> /home/alemany/robot_ws/install/g1pilot/share/g1pilot/description_files/meshes
[0.835s] copying description_files/meshes/right_index_force_sensor_2.STL -> /home/alemany/robot_ws/install/g1pilot/share/g1pilot/description_files/meshes
[0.835s] copying description_files/meshes/right_ring_2.STL -> /home/alemany/robot_ws/install/g1pilot/share/g1pilot/description_files/meshes
[0.835s] copying description_files/meshes/right_wrist_yaw_link.STL -> /home/alemany/robot_ws/install/g1pilot/share/g1pilot/description_files/meshes
[0.835s] copying description_files/meshes/right_middle_force_sensor_1.STL -> /home/alemany/robot_ws/install/g1pilot/share/g1pilot/description_files/meshes
[0.835s] copying description_files/meshes/right_rubber_palm_coll.STL -> /home/alemany/robot_ws/install/g1pilot/share/g1pilot/description_files/meshes
[0.835s] copying description_files/meshes/right_rubber_hand.STL -> /home/alemany/robot_ws/install/g1pilot/share/g1pilot/description_files/meshes
[0.836s] copying description_files/meshes/right_ring_1.STL -> /home/alemany/robot_ws/install/g1pilot/share/g1pilot/description_files/meshes
[0.836s] copying description_files/meshes/left_thumb_1.STL -> /home/alemany/robot_ws/install/g1pilot/share/g1pilot/description_files/meshes
[0.836s] copying description_files/meshes/left_wrist_roll_link.STL -> /home/alemany/robot_ws/install/g1pilot/share/g1pilot/description_files/meshes
[0.837s] copying description_files/meshes/torso_constraint_R_link.STL -> /home/alemany/robot_ws/install/g1pilot/share/g1pilot/description_files/meshes
[0.837s] copying description_files/meshes/left_middle_force_sensor_3.STL -> /home/alemany/robot_ws/install/g1pilot/share/g1pilot/description_files/meshes
[0.837s] copying description_files/meshes/left_wrist_pitch_link.STL -> /home/alemany/robot_ws/install/g1pilot/share/g1pilot/description_files/meshes
[0.837s] copying description_files/meshes/left_wrist_roll_link_5010.STL -> /home/alemany/robot_ws/install/g1pilot/share/g1pilot/description_files/meshes
[0.837s] copying description_files/meshes/left_middle_2.STL -> /home/alemany/robot_ws/install/g1pilot/share/g1pilot/description_files/meshes
[0.837s] copying description_files/meshes/left_thumb_3.STL -> /home/alemany/robot_ws/install/g1pilot/share/g1pilot/description_files/meshes
[0.837s] copying description_files/meshes/waist_constraint_R.STL -> /home/alemany/robot_ws/install/g1pilot/share/g1pilot/description_files/meshes
[0.838s] copying description_files/meshes/left_index_1.STL -> /home/alemany/robot_ws/install/g1pilot/share/g1pilot/description_files/meshes
[0.838s] copying description_files/meshes/right_hip_yaw_link.STL -> /home/alemany/robot_ws/install/g1pilot/share/g1pilot/description_files/meshes
[0.838s] copying description_files/meshes/right_little_force_sensor_2.STL -> /home/alemany/robot_ws/install/g1pilot/share/g1pilot/description_files/meshes
[0.838s] copying description_files/meshes/Link16_L.STL -> /home/alemany/robot_ws/install/g1pilot/share/g1pilot/description_files/meshes
[0.838s] copying description_files/meshes/left_ring_force_sensor_3.STL -> /home/alemany/robot_ws/install/g1pilot/share/g1pilot/description_files/meshes
[0.838s] copying description_files/meshes/shoulder_pitch_coll_cylinder.STL -> /home/alemany/robot_ws/install/g1pilot/share/g1pilot/description_files/meshes
[0.838s] copying description_files/meshes/left_little_1.STL -> /home/alemany/robot_ws/install/g1pilot/share/g1pilot/description_files/meshes
[0.839s] copying description_files/meshes/left_hip_roll_link.STL -> /home/alemany/robot_ws/install/g1pilot/share/g1pilot/description_files/meshes
[0.839s] copying description_files/meshes/left_hand_thumb_2_link.STL -> /home/alemany/robot_ws/install/g1pilot/share/g1pilot/description_files/meshes
[0.840s] copying description_files/meshes/L_hand_base_link.STL -> /home/alemany/robot_ws/install/g1pilot/share/g1pilot/description_files/meshes
[0.840s] copying description_files/meshes/Link13_R.STL -> /home/alemany/robot_ws/install/g1pilot/share/g1pilot/description_files/meshes
[0.840s] copying description_files/meshes/R_hand_base_link.STL -> /home/alemany/robot_ws/install/g1pilot/share/g1pilot/description_files/meshes
[0.841s] copying description_files/meshes/left_rubber_palm_coll.STL -> /home/alemany/robot_ws/install/g1pilot/share/g1pilot/description_files/meshes
[0.841s] copying description_files/meshes/Link17_L.STL -> /home/alemany/robot_ws/install/g1pilot/share/g1pilot/description_files/meshes
[0.841s] copying description_files/meshes/Link14_L.STL -> /home/alemany/robot_ws/install/g1pilot/share/g1pilot/description_files/meshes
[0.841s] copying description_files/meshes/xl330_link.STL -> /home/alemany/robot_ws/install/g1pilot/share/g1pilot/description_files/meshes
[0.841s] copying description_files/meshes/left_thumb_force_sensor_1.STL -> /home/alemany/robot_ws/install/g1pilot/share/g1pilot/description_files/meshes
[0.842s] copying description_files/meshes/left_thumb_force_sensor_3.STL -> /home/alemany/robot_ws/install/g1pilot/share/g1pilot/description_files/meshes
[0.842s] copying description_files/meshes/Link21_L.STL -> /home/alemany/robot_ws/install/g1pilot/share/g1pilot/description_files/meshes
[0.842s] copying description_files/meshes/right_index_1.STL -> /home/alemany/robot_ws/install/g1pilot/share/g1pilot/description_files/meshes
[0.842s] copying description_files/meshes/right_base_link.STL -> /home/alemany/robot_ws/install/g1pilot/share/g1pilot/description_files/meshes
[0.844s] copying description_files/meshes/right_ring_force_sensor_3.STL -> /home/alemany/robot_ws/install/g1pilot/share/g1pilot/description_files/meshes
[0.844s] copying description_files/meshes/right_knee_link.STL -> /home/alemany/robot_ws/install/g1pilot/share/g1pilot/description_files/meshes
[0.844s] copying description_files/meshes/torso_link_23dof_rev_1_0_coll.STL -> /home/alemany/robot_ws/install/g1pilot/share/g1pilot/description_files/meshes
[0.844s] copying description_files/meshes/right_hip_pitch_link.STL -> /home/alemany/robot_ws/install/g1pilot/share/g1pilot/description_files/meshes
[0.844s] copying description_files/meshes/pelvis_contour_link.STL -> /home/alemany/robot_ws/install/g1pilot/share/g1pilot/description_files/meshes
[0.845s] copying description_files/meshes/left_wrist_yaw_link.STL -> /home/alemany/robot_ws/install/g1pilot/share/g1pilot/description_files/meshes
[0.845s] copying description_files/meshes/right_thumb_4.STL -> /home/alemany/robot_ws/install/g1pilot/share/g1pilot/description_files/meshes
[0.846s] copying description_files/meshes/left_thumb_2.STL -> /home/alemany/robot_ws/install/g1pilot/share/g1pilot/description_files/meshes
[0.846s] copying description_files/meshes/Link20_R.STL -> /home/alemany/robot_ws/install/g1pilot/share/g1pilot/description_files/meshes
[0.846s] copying description_files/meshes/right_wrist_roll_rubber_hand.STL -> /home/alemany/robot_ws/install/g1pilot/share/g1pilot/description_files/meshes
[0.847s] copying description_files/meshes/right_little_1.STL -> /home/alemany/robot_ws/install/g1pilot/share/g1pilot/description_files/meshes
[0.848s] copying description_files/meshes/waist_yaw_link_rev_1_0.STL -> /home/alemany/robot_ws/install/g1pilot/share/g1pilot/description_files/meshes
[0.848s] copying description_files/meshes/left_hand_index_0_link.STL -> /home/alemany/robot_ws/install/g1pilot/share/g1pilot/description_files/meshes
[0.848s] copying description_files/meshes/Link16_R.STL -> /home/alemany/robot_ws/install/g1pilot/share/g1pilot/description_files/meshes
[0.848s] copying description_files/meshes/right_little_force_sensor_1.STL -> /home/alemany/robot_ws/install/g1pilot/share/g1pilot/description_files/meshes
[0.849s] copying description_files/meshes/left_ring_force_sensor_2.STL -> /home/alemany/robot_ws/install/g1pilot/share/g1pilot/description_files/meshes
[0.849s] copying description_files/meshes/left_shoulder_pitch_link.STL -> /home/alemany/robot_ws/install/g1pilot/share/g1pilot/description_files/meshes
[0.849s] copying description_files/meshes/right_hand_thumb_1_link.STL -> /home/alemany/robot_ws/install/g1pilot/share/g1pilot/description_files/meshes
[0.849s] copying description_files/meshes/right_wrist_roll_link.STL -> /home/alemany/robot_ws/install/g1pilot/share/g1pilot/description_files/meshes
[0.849s] copying description_files/meshes/right_thumb_2.STL -> /home/alemany/robot_ws/install/g1pilot/share/g1pilot/description_files/meshes
[0.849s] copying description_files/meshes/left_thumb_force_sensor_4.STL -> /home/alemany/robot_ws/install/g1pilot/share/g1pilot/description_files/meshes
[0.849s] copying description_files/meshes/torso_constraint_L_link.STL -> /home/alemany/robot_ws/install/g1pilot/share/g1pilot/description_files/meshes
[0.850s] copying description_files/meshes/left_little_force_sensor_2.STL -> /home/alemany/robot_ws/install/g1pilot/share/g1pilot/description_files/meshes
[0.850s] copying description_files/meshes/logo_link.STL -> /home/alemany/robot_ws/install/g1pilot/share/g1pilot/description_files/meshes
[0.850s] copying description_files/meshes/waist_roll_link_rev_1_0.STL -> /home/alemany/robot_ws/install/g1pilot/share/g1pilot/description_files/meshes
[0.850s] copying description_files/meshes/right_middle_2.STL -> /home/alemany/robot_ws/install/g1pilot/share/g1pilot/description_files/meshes
[0.850s] copying description_files/meshes/left_ring_2.STL -> /home/alemany/robot_ws/install/g1pilot/share/g1pilot/description_files/meshes
[0.850s] copying description_files/meshes/left_hand_middle_1_link.STL -> /home/alemany/robot_ws/install/g1pilot/share/g1pilot/description_files/meshes
[0.851s] copying description_files/meshes/torso_link_rev_1_0.STL -> /home/alemany/robot_ws/install/g1pilot/share/g1pilot/description_files/meshes
[0.852s] copying description_files/meshes/left_hand_thumb_0_link.STL -> /home/alemany/robot_ws/install/g1pilot/share/g1pilot/description_files/meshes
[0.852s] copying description_files/meshes/left_thumb_4.STL -> /home/alemany/robot_ws/install/g1pilot/share/g1pilot/description_files/meshes
[0.852s] copying description_files/meshes/right_thumb_1.STL -> /home/alemany/robot_ws/install/g1pilot/share/g1pilot/description_files/meshes
[0.852s] copying description_files/meshes/right_ankle_roll_link.STL -> /home/alemany/robot_ws/install/g1pilot/share/g1pilot/description_files/meshes
[0.852s] copying description_files/meshes/right_index_force_sensor_3.STL -> /home/alemany/robot_ws/install/g1pilot/share/g1pilot/description_files/meshes
[0.853s] copying description_files/meshes/left_ankle_pitch_link.STL -> /home/alemany/robot_ws/install/g1pilot/share/g1pilot/description_files/meshes
[0.853s] copying description_files/meshes/right_index_force_sensor_1.STL -> /home/alemany/robot_ws/install/g1pilot/share/g1pilot/description_files/meshes
[0.853s] copying description_files/meshes/right_hand_palm_link.STL -> /home/alemany/robot_ws/install/g1pilot/share/g1pilot/description_files/meshes
[0.854s] copying description_files/meshes/left_ring_1.STL -> /home/alemany/robot_ws/install/g1pilot/share/g1pilot/description_files/meshes
[0.854s] copying description_files/meshes/left_middle_force_sensor_1.STL -> /home/alemany/robot_ws/install/g1pilot/share/g1pilot/description_files/meshes
[0.854s] copying description_files/meshes/left_wrist_roll_rubber_hand_coll.STL -> /home/alemany/robot_ws/install/g1pilot/share/g1pilot/description_files/meshes
[0.854s] copying description_files/meshes/right_hip_roll_link.STL -> /home/alemany/robot_ws/install/g1pilot/share/g1pilot/description_files/meshes
[0.854s] copying description_files/meshes/head_link_coll.STL -> /home/alemany/robot_ws/install/g1pilot/share/g1pilot/description_files/meshes
[0.854s] copying description_files/meshes/right_middle_force_sensor_3.STL -> /home/alemany/robot_ws/install/g1pilot/share/g1pilot/description_files/meshes
[0.854s] copying description_files/meshes/Link14_R.STL -> /home/alemany/robot_ws/install/g1pilot/share/g1pilot/description_files/meshes
[0.854s] copying description_files/meshes/left_wrist_pitch_link_5010.STL -> /home/alemany/robot_ws/install/g1pilot/share/g1pilot/description_files/meshes
[0.854s] copying description_files/meshes/left_hip_pitch_link.STL -> /home/alemany/robot_ws/install/g1pilot/share/g1pilot/description_files/meshes
[0.855s] copying description_files/meshes/left_little_force_sensor_3.STL -> /home/alemany/robot_ws/install/g1pilot/share/g1pilot/description_files/meshes
[0.855s] copying description_files/meshes/shoulder_roll_coll_cylinder.STL -> /home/alemany/robot_ws/install/g1pilot/share/g1pilot/description_files/meshes
[0.855s] copying description_files/meshes/left_middle_1.STL -> /home/alemany/robot_ws/install/g1pilot/share/g1pilot/description_files/meshes
[0.855s] copying description_files/meshes/right_thumb_force_sensor_4.STL -> /home/alemany/robot_ws/install/g1pilot/share/g1pilot/description_files/meshes
[0.855s] copying description_files/meshes/right_wrist_yaw_link_5010.STL -> /home/alemany/robot_ws/install/g1pilot/share/g1pilot/description_files/meshes
[0.855s] copying description_files/meshes/right_little_2.STL -> /home/alemany/robot_ws/install/g1pilot/share/g1pilot/description_files/meshes
[0.855s] creating /home/alemany/robot_ws/install/g1pilot/share/g1pilot/config
[0.856s] copying config/config.yaml -> /home/alemany/robot_ws/install/g1pilot/share/g1pilot/config
[0.856s] creating /home/alemany/robot_ws/install/g1pilot/share/g1pilot/rviz
[0.856s] running install_egg_info
[0.867s] Copying ../../build/g1pilot/g1pilot.egg-info to /home/alemany/robot_ws/install/g1pilot/lib/python3.12/site-packages/g1pilot-0.0.0-py3.12.egg-info
[0.868s] running install_scripts
[0.940s] Installing create_map script to /home/alemany/robot_ws/install/g1pilot/lib/g1pilot
[0.940s] Installing dijkstra_planner script to /home/alemany/robot_ws/install/g1pilot/lib/g1pilot
[0.940s] Installing dx3_controller script to /home/alemany/robot_ws/install/g1pilot/lib/g1pilot
[0.941s] Installing interactive_marker script to /home/alemany/robot_ws/install/g1pilot/lib/g1pilot
[0.941s] Installing joy_mux script to /home/alemany/robot_ws/install/g1pilot/lib/g1pilot
[0.941s] Installing joystick script to /home/alemany/robot_ws/install/g1pilot/lib/g1pilot
[0.941s] Installing loco_client script to /home/alemany/robot_ws/install/g1pilot/lib/g1pilot
[0.941s] Installing mola_fixed script to /home/alemany/robot_ws/install/g1pilot/lib/g1pilot
[0.941s] Installing nav2point script to /home/alemany/robot_ws/install/g1pilot/lib/g1pilot
[0.941s] Installing opensot_solver script to /home/alemany/robot_ws/install/g1pilot/lib/g1pilot
[0.941s] Installing robot_state script to /home/alemany/robot_ws/install/g1pilot/lib/g1pilot
[0.941s] Installing ui_interface script to /home/alemany/robot_ws/install/g1pilot/lib/g1pilot
[0.941s] writing list of installed files to '/home/alemany/robot_ws/build/g1pilot/install.log'
[0.955s] Invoked command in '/home/alemany/robot_ws/src/g1pilot' returned '0': DEBUGINFOD_URLS=https://debuginfod.ubuntu.com PYTHONPATH=/home/alemany/robot_ws/build/g1pilot/prefix_override:/usr/lib/python3/dist-packages/colcon_core/task/python/colcon_distutils_commands:/home/alemany/robot_ws/install/g1pilot/lib/python3.12/site-packages:${PYTHONPATH} VIRTUAL_ENV_PROMPT=(venv-ardupilot) /usr/bin/python3 -W ignore:setup.py install is deprecated -W ignore:easy_install command is deprecated setup.py egg_info --egg-base ../../build/g1pilot build --build-base /home/alemany/robot_ws/build/g1pilot/build install --record /home/alemany/robot_ws/build/g1pilot/install.log --single-version-externally-managed install_data
