[0.578s] Invoking command in '/home/alemany/robot_ws/src/unitree_sdk2_python': DEBUGINFOD_URLS=https://debuginfod.ubuntu.com PYTHONPATH=/home/alemany/robot_ws/build/unitree_sdk2py/prefix_override:/usr/lib/python3/dist-packages/colcon_core/task/python/colcon_distutils_commands:/home/alemany/robot_ws/install/unitree_sdk2py/lib/python3.12/site-packages:${PYTHONPATH} VIRTUAL_ENV_PROMPT=(venv-ardupilot) /usr/bin/python3 -W ignore:setup.py install is deprecated -W ignore:easy_install command is deprecated setup.py egg_info --egg-base ../../build/unitree_sdk2py build --build-base /home/alemany/robot_ws/build/unitree_sdk2py/build install --record /home/alemany/robot_ws/build/unitree_sdk2py/install.log --single-version-externally-managed
[0.715s] running egg_info
[0.715s] creating ../../build/unitree_sdk2py/unitree_sdk2py.egg-info
[0.726s] writing ../../build/unitree_sdk2py/unitree_sdk2py.egg-info/PKG-INFO
[0.726s] writing dependency_links to ../../build/unitree_sdk2py/unitree_sdk2py.egg-info/dependency_links.txt
[0.726s] writing requirements to ../../build/unitree_sdk2py/unitree_sdk2py.egg-info/requires.txt
[0.727s] writing top-level names to ../../build/unitree_sdk2py/unitree_sdk2py.egg-info/top_level.txt
[0.727s] writing manifest file '../../build/unitree_sdk2py/unitree_sdk2py.egg-info/SOURCES.txt'
[0.750s] reading manifest file '../../build/unitree_sdk2py/unitree_sdk2py.egg-info/SOURCES.txt'
[0.750s] adding license file 'LICENSE'
[0.750s] writing manifest file '../../build/unitree_sdk2py/unitree_sdk2py.egg-info/SOURCES.txt'
[0.751s] running build
[0.751s] running build_py
[0.751s] creating /home/alemany/robot_ws/build/unitree_sdk2py/build
[0.751s] creating /home/alemany/robot_ws/build/unitree_sdk2py/build/lib
[0.751s] creating /home/alemany/robot_ws/build/unitree_sdk2py/build/lib/unitree_sdk2py
[0.751s] copying unitree_sdk2py/__init__.py -> /home/alemany/robot_ws/build/unitree_sdk2py/build/lib/unitree_sdk2py
[0.751s] creating /home/alemany/robot_ws/build/unitree_sdk2py/build/lib/unitree_sdk2py/core
[0.751s] copying unitree_sdk2py/core/channel_config.py -> /home/alemany/robot_ws/build/unitree_sdk2py/build/lib/unitree_sdk2py/core
[0.751s] copying unitree_sdk2py/core/channel_name.py -> /home/alemany/robot_ws/build/unitree_sdk2py/build/lib/unitree_sdk2py/core
[0.751s] copying unitree_sdk2py/core/channel.py -> /home/alemany/robot_ws/build/unitree_sdk2py/build/lib/unitree_sdk2py/core
[0.751s] copying unitree_sdk2py/core/__init__.py -> /home/alemany/robot_ws/build/unitree_sdk2py/build/lib/unitree_sdk2py/core
[0.751s] creating /home/alemany/robot_ws/build/unitree_sdk2py/build/lib/unitree_sdk2py/idl
[0.751s] copying unitree_sdk2py/idl/default.py -> /home/alemany/robot_ws/build/unitree_sdk2py/build/lib/unitree_sdk2py/idl
[0.751s] copying unitree_sdk2py/idl/__init__.py -> /home/alemany/robot_ws/build/unitree_sdk2py/build/lib/unitree_sdk2py/idl
[0.752s] creating /home/alemany/robot_ws/build/unitree_sdk2py/build/lib/unitree_sdk2py/go2
[0.752s] copying unitree_sdk2py/go2/__init__.py -> /home/alemany/robot_ws/build/unitree_sdk2py/build/lib/unitree_sdk2py/go2
[0.752s] creating /home/alemany/robot_ws/build/unitree_sdk2py/build/lib/unitree_sdk2py/rpc
[0.752s] copying unitree_sdk2py/rpc/server_base.py -> /home/alemany/robot_ws/build/unitree_sdk2py/build/lib/unitree_sdk2py/rpc
[0.752s] copying unitree_sdk2py/rpc/client.py -> /home/alemany/robot_ws/build/unitree_sdk2py/build/lib/unitree_sdk2py/rpc
[0.752s] copying unitree_sdk2py/rpc/internal.py -> /home/alemany/robot_ws/build/unitree_sdk2py/build/lib/unitree_sdk2py/rpc
[0.752s] copying unitree_sdk2py/rpc/lease_server.py -> /home/alemany/robot_ws/build/unitree_sdk2py/build/lib/unitree_sdk2py/rpc
[0.752s] copying unitree_sdk2py/rpc/client_base.py -> /home/alemany/robot_ws/build/unitree_sdk2py/build/lib/unitree_sdk2py/rpc
[0.752s] copying unitree_sdk2py/rpc/request_future.py -> /home/alemany/robot_ws/build/unitree_sdk2py/build/lib/unitree_sdk2py/rpc
[0.752s] copying unitree_sdk2py/rpc/client_stub.py -> /home/alemany/robot_ws/build/unitree_sdk2py/build/lib/unitree_sdk2py/rpc
[0.752s] copying unitree_sdk2py/rpc/lease_client.py -> /home/alemany/robot_ws/build/unitree_sdk2py/build/lib/unitree_sdk2py/rpc
[0.752s] copying unitree_sdk2py/rpc/server_stub.py -> /home/alemany/robot_ws/build/unitree_sdk2py/build/lib/unitree_sdk2py/rpc
[0.752s] copying unitree_sdk2py/rpc/server.py -> /home/alemany/robot_ws/build/unitree_sdk2py/build/lib/unitree_sdk2py/rpc
[0.752s] copying unitree_sdk2py/rpc/__init__.py -> /home/alemany/robot_ws/build/unitree_sdk2py/build/lib/unitree_sdk2py/rpc
[0.753s] creating /home/alemany/robot_ws/build/unitree_sdk2py/build/lib/unitree_sdk2py/utils
[0.753s] copying unitree_sdk2py/utils/future.py -> /home/alemany/robot_ws/build/unitree_sdk2py/build/lib/unitree_sdk2py/utils
[0.753s] copying unitree_sdk2py/utils/hz_sample.py -> /home/alemany/robot_ws/build/unitree_sdk2py/build/lib/unitree_sdk2py/utils
[0.753s] copying unitree_sdk2py/utils/singleton.py -> /home/alemany/robot_ws/build/unitree_sdk2py/build/lib/unitree_sdk2py/utils
[0.753s] copying unitree_sdk2py/utils/bqueue.py -> /home/alemany/robot_ws/build/unitree_sdk2py/build/lib/unitree_sdk2py/utils
[0.753s] copying unitree_sdk2py/utils/crc.py -> /home/alemany/robot_ws/build/unitree_sdk2py/build/lib/unitree_sdk2py/utils
[0.753s] copying unitree_sdk2py/utils/clib_lookup.py -> /home/alemany/robot_ws/build/unitree_sdk2py/build/lib/unitree_sdk2py/utils
[0.753s] copying unitree_sdk2py/utils/timerfd.py -> /home/alemany/robot_ws/build/unitree_sdk2py/build/lib/unitree_sdk2py/utils
[0.753s] copying unitree_sdk2py/utils/thread.py -> /home/alemany/robot_ws/build/unitree_sdk2py/build/lib/unitree_sdk2py/utils
[0.753s] copying unitree_sdk2py/utils/joystick.py -> /home/alemany/robot_ws/build/unitree_sdk2py/build/lib/unitree_sdk2py/utils
[0.753s] copying unitree_sdk2py/utils/__init__.py -> /home/alemany/robot_ws/build/unitree_sdk2py/build/lib/unitree_sdk2py/utils
[0.753s] creating /home/alemany/robot_ws/build/unitree_sdk2py/build/lib/unitree_sdk2py/idl/builtin_interfaces
[0.753s] copying unitree_sdk2py/idl/builtin_interfaces/__init__.py -> /home/alemany/robot_ws/build/unitree_sdk2py/build/lib/unitree_sdk2py/idl/builtin_interfaces
[0.753s] creating /home/alemany/robot_ws/build/unitree_sdk2py/build/lib/unitree_sdk2py/idl/unitree_hg
[0.753s] copying unitree_sdk2py/idl/unitree_hg/__init__.py -> /home/alemany/robot_ws/build/unitree_sdk2py/build/lib/unitree_sdk2py/idl/unitree_hg
[0.754s] creating /home/alemany/robot_ws/build/unitree_sdk2py/build/lib/unitree_sdk2py/idl/unitree_go
[0.754s] copying unitree_sdk2py/idl/unitree_go/__init__.py -> /home/alemany/robot_ws/build/unitree_sdk2py/build/lib/unitree_sdk2py/idl/unitree_go
[0.754s] creating /home/alemany/robot_ws/build/unitree_sdk2py/build/lib/unitree_sdk2py/idl/geometry_msgs
[0.754s] copying unitree_sdk2py/idl/geometry_msgs/__init__.py -> /home/alemany/robot_ws/build/unitree_sdk2py/build/lib/unitree_sdk2py/idl/geometry_msgs
[0.754s] creating /home/alemany/robot_ws/build/unitree_sdk2py/build/lib/unitree_sdk2py/idl/sensor_msgs
[0.754s] copying unitree_sdk2py/idl/sensor_msgs/__init__.py -> /home/alemany/robot_ws/build/unitree_sdk2py/build/lib/unitree_sdk2py/idl/sensor_msgs
[0.754s] creating /home/alemany/robot_ws/build/unitree_sdk2py/build/lib/unitree_sdk2py/idl/std_msgs
[0.754s] copying unitree_sdk2py/idl/std_msgs/__init__.py -> /home/alemany/robot_ws/build/unitree_sdk2py/build/lib/unitree_sdk2py/idl/std_msgs
[0.754s] creating /home/alemany/robot_ws/build/unitree_sdk2py/build/lib/unitree_sdk2py/idl/unitree_api
[0.754s] copying unitree_sdk2py/idl/unitree_api/__init__.py -> /home/alemany/robot_ws/build/unitree_sdk2py/build/lib/unitree_sdk2py/idl/unitree_api
[0.754s] creating /home/alemany/robot_ws/build/unitree_sdk2py/build/lib/unitree_sdk2py/idl/nav_msgs
[0.754s] copying unitree_sdk2py/idl/nav_msgs/__init__.py -> /home/alemany/robot_ws/build/unitree_sdk2py/build/lib/unitree_sdk2py/idl/nav_msgs
[0.754s] creating /home/alemany/robot_ws/build/unitree_sdk2py/build/lib/unitree_sdk2py/idl/builtin_interfaces/msg
[0.754s] copying unitree_sdk2py/idl/builtin_interfaces/msg/__init__.py -> /home/alemany/robot_ws/build/unitree_sdk2py/build/lib/unitree_sdk2py/idl/builtin_interfaces/msg
[0.754s] creating /home/alemany/robot_ws/build/unitree_sdk2py/build/lib/unitree_sdk2py/idl/builtin_interfaces/msg/dds_
[0.755s] copying unitree_sdk2py/idl/builtin_interfaces/msg/dds_/_Time_.py -> /home/alemany/robot_ws/build/unitree_sdk2py/build/lib/unitree_sdk2py/idl/builtin_interfaces/msg/dds_
[0.755s] copying unitree_sdk2py/idl/builtin_interfaces/msg/dds_/__init__.py -> /home/alemany/robot_ws/build/unitree_sdk2py/build/lib/unitree_sdk2py/idl/builtin_interfaces/msg/dds_
[0.755s] creating /home/alemany/robot_ws/build/unitree_sdk2py/build/lib/unitree_sdk2py/idl/unitree_hg/msg
[0.755s] copying unitree_sdk2py/idl/unitree_hg/msg/__init__.py -> /home/alemany/robot_ws/build/unitree_sdk2py/build/lib/unitree_sdk2py/idl/unitree_hg/msg
[0.755s] creating /home/alemany/robot_ws/build/unitree_sdk2py/build/lib/unitree_sdk2py/idl/unitree_hg/msg/dds_
[0.755s] copying unitree_sdk2py/idl/unitree_hg/msg/dds_/_HandCmd_.py -> /home/alemany/robot_ws/build/unitree_sdk2py/build/lib/unitree_sdk2py/idl/unitree_hg/msg/dds_
[0.755s] copying unitree_sdk2py/idl/unitree_hg/msg/dds_/_PressSensorState_.py -> /home/alemany/robot_ws/build/unitree_sdk2py/build/lib/unitree_sdk2py/idl/unitree_hg/msg/dds_
[0.755s] copying unitree_sdk2py/idl/unitree_hg/msg/dds_/_LowState_.py -> /home/alemany/robot_ws/build/unitree_sdk2py/build/lib/unitree_sdk2py/idl/unitree_hg/msg/dds_
[0.755s] copying unitree_sdk2py/idl/unitree_hg/msg/dds_/_HandState_.py -> /home/alemany/robot_ws/build/unitree_sdk2py/build/lib/unitree_sdk2py/idl/unitree_hg/msg/dds_
[0.755s] copying unitree_sdk2py/idl/unitree_hg/msg/dds_/_MainBoardState_.py -> /home/alemany/robot_ws/build/unitree_sdk2py/build/lib/unitree_sdk2py/idl/unitree_hg/msg/dds_
[0.755s] copying unitree_sdk2py/idl/unitree_hg/msg/dds_/_LowCmd_.py -> /home/alemany/robot_ws/build/unitree_sdk2py/build/lib/unitree_sdk2py/idl/unitree_hg/msg/dds_
[0.755s] copying unitree_sdk2py/idl/unitree_hg/msg/dds_/_BmsCmd_.py -> /home/alemany/robot_ws/build/unitree_sdk2py/build/lib/unitree_sdk2py/idl/unitree_hg/msg/dds_
[0.755s] copying unitree_sdk2py/idl/unitree_hg/msg/dds_/_BmsState_.py -> /home/alemany/robot_ws/build/unitree_sdk2py/build/lib/unitree_sdk2py/idl/unitree_hg/msg/dds_
[0.755s] copying unitree_sdk2py/idl/unitree_hg/msg/dds_/_MotorCmd_.py -> /home/alemany/robot_ws/build/unitree_sdk2py/build/lib/unitree_sdk2py/idl/unitree_hg/msg/dds_
[0.756s] copying unitree_sdk2py/idl/unitree_hg/msg/dds_/_IMUState_.py -> /home/alemany/robot_ws/build/unitree_sdk2py/build/lib/unitree_sdk2py/idl/unitree_hg/msg/dds_
[0.756s] copying unitree_sdk2py/idl/unitree_hg/msg/dds_/_MotorState_.py -> /home/alemany/robot_ws/build/unitree_sdk2py/build/lib/unitree_sdk2py/idl/unitree_hg/msg/dds_
[0.756s] copying unitree_sdk2py/idl/unitree_hg/msg/dds_/__init__.py -> /home/alemany/robot_ws/build/unitree_sdk2py/build/lib/unitree_sdk2py/idl/unitree_hg/msg/dds_
[0.756s] creating /home/alemany/robot_ws/build/unitree_sdk2py/build/lib/unitree_sdk2py/idl/unitree_go/msg
[0.756s] copying unitree_sdk2py/idl/unitree_go/msg/__init__.py -> /home/alemany/robot_ws/build/unitree_sdk2py/build/lib/unitree_sdk2py/idl/unitree_go/msg
[0.756s] creating /home/alemany/robot_ws/build/unitree_sdk2py/build/lib/unitree_sdk2py/idl/unitree_go/msg/dds_
[0.756s] copying unitree_sdk2py/idl/unitree_go/msg/dds_/_MotorCmds_.py -> /home/alemany/robot_ws/build/unitree_sdk2py/build/lib/unitree_sdk2py/idl/unitree_go/msg/dds_
[0.756s] copying unitree_sdk2py/idl/unitree_go/msg/dds_/_Res_.py -> /home/alemany/robot_ws/build/unitree_sdk2py/build/lib/unitree_sdk2py/idl/unitree_go/msg/dds_
[0.756s] copying unitree_sdk2py/idl/unitree_go/msg/dds_/_TimeSpec_.py -> /home/alemany/robot_ws/build/unitree_sdk2py/build/lib/unitree_sdk2py/idl/unitree_go/msg/dds_
[0.756s] copying unitree_sdk2py/idl/unitree_go/msg/dds_/_UwbSwitch_.py -> /home/alemany/robot_ws/build/unitree_sdk2py/build/lib/unitree_sdk2py/idl/unitree_go/msg/dds_
[0.756s] copying unitree_sdk2py/idl/unitree_go/msg/dds_/_PathPoint_.py -> /home/alemany/robot_ws/build/unitree_sdk2py/build/lib/unitree_sdk2py/idl/unitree_go/msg/dds_
[0.756s] copying unitree_sdk2py/idl/unitree_go/msg/dds_/_HeightMap_.py -> /home/alemany/robot_ws/build/unitree_sdk2py/build/lib/unitree_sdk2py/idl/unitree_go/msg/dds_
[0.756s] copying unitree_sdk2py/idl/unitree_go/msg/dds_/_LowState_.py -> /home/alemany/robot_ws/build/unitree_sdk2py/build/lib/unitree_sdk2py/idl/unitree_go/msg/dds_
[0.756s] copying unitree_sdk2py/idl/unitree_go/msg/dds_/_Req_.py -> /home/alemany/robot_ws/build/unitree_sdk2py/build/lib/unitree_sdk2py/idl/unitree_go/msg/dds_
[0.756s] copying unitree_sdk2py/idl/unitree_go/msg/dds_/_AudioData_.py -> /home/alemany/robot_ws/build/unitree_sdk2py/build/lib/unitree_sdk2py/idl/unitree_go/msg/dds_
[0.757s] copying unitree_sdk2py/idl/unitree_go/msg/dds_/_UwbState_.py -> /home/alemany/robot_ws/build/unitree_sdk2py/build/lib/unitree_sdk2py/idl/unitree_go/msg/dds_
[0.757s] copying unitree_sdk2py/idl/unitree_go/msg/dds_/_LidarState_.py -> /home/alemany/robot_ws/build/unitree_sdk2py/build/lib/unitree_sdk2py/idl/unitree_go/msg/dds_
[0.757s] copying unitree_sdk2py/idl/unitree_go/msg/dds_/_LowCmd_.py -> /home/alemany/robot_ws/build/unitree_sdk2py/build/lib/unitree_sdk2py/idl/unitree_go/msg/dds_
[0.757s] copying unitree_sdk2py/idl/unitree_go/msg/dds_/_Go2FrontVideoData_.py -> /home/alemany/robot_ws/build/unitree_sdk2py/build/lib/unitree_sdk2py/idl/unitree_go/msg/dds_
[0.757s] copying unitree_sdk2py/idl/unitree_go/msg/dds_/_SportModeState_.py -> /home/alemany/robot_ws/build/unitree_sdk2py/build/lib/unitree_sdk2py/idl/unitree_go/msg/dds_
[0.757s] copying unitree_sdk2py/idl/unitree_go/msg/dds_/_WirelessController_.py -> /home/alemany/robot_ws/build/unitree_sdk2py/build/lib/unitree_sdk2py/idl/unitree_go/msg/dds_
[0.757s] copying unitree_sdk2py/idl/unitree_go/msg/dds_/_BmsCmd_.py -> /home/alemany/robot_ws/build/unitree_sdk2py/build/lib/unitree_sdk2py/idl/unitree_go/msg/dds_
[0.757s] copying unitree_sdk2py/idl/unitree_go/msg/dds_/_BmsState_.py -> /home/alemany/robot_ws/build/unitree_sdk2py/build/lib/unitree_sdk2py/idl/unitree_go/msg/dds_
[0.757s] copying unitree_sdk2py/idl/unitree_go/msg/dds_/_InterfaceConfig_.py -> /home/alemany/robot_ws/build/unitree_sdk2py/build/lib/unitree_sdk2py/idl/unitree_go/msg/dds_
[0.757s] copying unitree_sdk2py/idl/unitree_go/msg/dds_/_MotorCmd_.py -> /home/alemany/robot_ws/build/unitree_sdk2py/build/lib/unitree_sdk2py/idl/unitree_go/msg/dds_
[0.757s] copying unitree_sdk2py/idl/unitree_go/msg/dds_/_MotorStates_.py -> /home/alemany/robot_ws/build/unitree_sdk2py/build/lib/unitree_sdk2py/idl/unitree_go/msg/dds_
[0.757s] copying unitree_sdk2py/idl/unitree_go/msg/dds_/_IMUState_.py -> /home/alemany/robot_ws/build/unitree_sdk2py/build/lib/unitree_sdk2py/idl/unitree_go/msg/dds_
[0.757s] copying unitree_sdk2py/idl/unitree_go/msg/dds_/_MotorState_.py -> /home/alemany/robot_ws/build/unitree_sdk2py/build/lib/unitree_sdk2py/idl/unitree_go/msg/dds_
[0.757s] copying unitree_sdk2py/idl/unitree_go/msg/dds_/_Error_.py -> /home/alemany/robot_ws/build/unitree_sdk2py/build/lib/unitree_sdk2py/idl/unitree_go/msg/dds_
[0.757s] copying unitree_sdk2py/idl/unitree_go/msg/dds_/__init__.py -> /home/alemany/robot_ws/build/unitree_sdk2py/build/lib/unitree_sdk2py/idl/unitree_go/msg/dds_
[0.758s] creating /home/alemany/robot_ws/build/unitree_sdk2py/build/lib/unitree_sdk2py/idl/geometry_msgs/msg
[0.758s] copying unitree_sdk2py/idl/geometry_msgs/msg/__init__.py -> /home/alemany/robot_ws/build/unitree_sdk2py/build/lib/unitree_sdk2py/idl/geometry_msgs/msg
[0.758s] creating /home/alemany/robot_ws/build/unitree_sdk2py/build/lib/unitree_sdk2py/idl/geometry_msgs/msg/dds_
[0.758s] copying unitree_sdk2py/idl/geometry_msgs/msg/dds_/_Twist_.py -> /home/alemany/robot_ws/build/unitree_sdk2py/build/lib/unitree_sdk2py/idl/geometry_msgs/msg/dds_
[0.758s] copying unitree_sdk2py/idl/geometry_msgs/msg/dds_/_TwistWithCovariance_.py -> /home/alemany/robot_ws/build/unitree_sdk2py/build/lib/unitree_sdk2py/idl/geometry_msgs/msg/dds_
[0.758s] copying unitree_sdk2py/idl/geometry_msgs/msg/dds_/_Point32_.py -> /home/alemany/robot_ws/build/unitree_sdk2py/build/lib/unitree_sdk2py/idl/geometry_msgs/msg/dds_
[0.758s] copying unitree_sdk2py/idl/geometry_msgs/msg/dds_/_Point_.py -> /home/alemany/robot_ws/build/unitree_sdk2py/build/lib/unitree_sdk2py/idl/geometry_msgs/msg/dds_
[0.758s] copying unitree_sdk2py/idl/geometry_msgs/msg/dds_/_Vector3_.py -> /home/alemany/robot_ws/build/unitree_sdk2py/build/lib/unitree_sdk2py/idl/geometry_msgs/msg/dds_
[0.758s] copying unitree_sdk2py/idl/geometry_msgs/msg/dds_/_TwistWithCovarianceStamped_.py -> /home/alemany/robot_ws/build/unitree_sdk2py/build/lib/unitree_sdk2py/idl/geometry_msgs/msg/dds_
[0.758s] copying unitree_sdk2py/idl/geometry_msgs/msg/dds_/_PoseStamped_.py -> /home/alemany/robot_ws/build/unitree_sdk2py/build/lib/unitree_sdk2py/idl/geometry_msgs/msg/dds_
[0.758s] copying unitree_sdk2py/idl/geometry_msgs/msg/dds_/_QuaternionStamped_.py -> /home/alemany/robot_ws/build/unitree_sdk2py/build/lib/unitree_sdk2py/idl/geometry_msgs/msg/dds_
[0.758s] copying unitree_sdk2py/idl/geometry_msgs/msg/dds_/_PoseWithCovarianceStamped_.py -> /home/alemany/robot_ws/build/unitree_sdk2py/build/lib/unitree_sdk2py/idl/geometry_msgs/msg/dds_
[0.758s] copying unitree_sdk2py/idl/geometry_msgs/msg/dds_/_PoseWithCovariance_.py -> /home/alemany/robot_ws/build/unitree_sdk2py/build/lib/unitree_sdk2py/idl/geometry_msgs/msg/dds_
[0.758s] copying unitree_sdk2py/idl/geometry_msgs/msg/dds_/_PointStamped_.py -> /home/alemany/robot_ws/build/unitree_sdk2py/build/lib/unitree_sdk2py/idl/geometry_msgs/msg/dds_
[0.758s] copying unitree_sdk2py/idl/geometry_msgs/msg/dds_/_Quaternion_.py -> /home/alemany/robot_ws/build/unitree_sdk2py/build/lib/unitree_sdk2py/idl/geometry_msgs/msg/dds_
[0.758s] copying unitree_sdk2py/idl/geometry_msgs/msg/dds_/_TwistStamped_.py -> /home/alemany/robot_ws/build/unitree_sdk2py/build/lib/unitree_sdk2py/idl/geometry_msgs/msg/dds_
[0.759s] copying unitree_sdk2py/idl/geometry_msgs/msg/dds_/_Pose_.py -> /home/alemany/robot_ws/build/unitree_sdk2py/build/lib/unitree_sdk2py/idl/geometry_msgs/msg/dds_
[0.759s] copying unitree_sdk2py/idl/geometry_msgs/msg/dds_/_Pose2D_.py -> /home/alemany/robot_ws/build/unitree_sdk2py/build/lib/unitree_sdk2py/idl/geometry_msgs/msg/dds_
[0.759s] copying unitree_sdk2py/idl/geometry_msgs/msg/dds_/__init__.py -> /home/alemany/robot_ws/build/unitree_sdk2py/build/lib/unitree_sdk2py/idl/geometry_msgs/msg/dds_
[0.759s] creating /home/alemany/robot_ws/build/unitree_sdk2py/build/lib/unitree_sdk2py/idl/sensor_msgs/msg
[0.759s] copying unitree_sdk2py/idl/sensor_msgs/msg/__init__.py -> /home/alemany/robot_ws/build/unitree_sdk2py/build/lib/unitree_sdk2py/idl/sensor_msgs/msg
[0.759s] creating /home/alemany/robot_ws/build/unitree_sdk2py/build/lib/unitree_sdk2py/idl/sensor_msgs/msg/dds_
[0.759s] copying unitree_sdk2py/idl/sensor_msgs/msg/dds_/_PointCloud2_.py -> /home/alemany/robot_ws/build/unitree_sdk2py/build/lib/unitree_sdk2py/idl/sensor_msgs/msg/dds_
[0.759s] copying unitree_sdk2py/idl/sensor_msgs/msg/dds_/_PointField_.py -> /home/alemany/robot_ws/build/unitree_sdk2py/build/lib/unitree_sdk2py/idl/sensor_msgs/msg/dds_
[0.759s] copying unitree_sdk2py/idl/sensor_msgs/msg/dds_/__init__.py -> /home/alemany/robot_ws/build/unitree_sdk2py/build/lib/unitree_sdk2py/idl/sensor_msgs/msg/dds_
[0.759s] creating /home/alemany/robot_ws/build/unitree_sdk2py/build/lib/unitree_sdk2py/idl/sensor_msgs/msg/dds_/PointField_Constants
[0.759s] copying unitree_sdk2py/idl/sensor_msgs/msg/dds_/PointField_Constants/_PointField_.py -> /home/alemany/robot_ws/build/unitree_sdk2py/build/lib/unitree_sdk2py/idl/sensor_msgs/msg/dds_/PointField_Constants
[0.759s] copying unitree_sdk2py/idl/sensor_msgs/msg/dds_/PointField_Constants/__init__.py -> /home/alemany/robot_ws/build/unitree_sdk2py/build/lib/unitree_sdk2py/idl/sensor_msgs/msg/dds_/PointField_Constants
[0.759s] creating /home/alemany/robot_ws/build/unitree_sdk2py/build/lib/unitree_sdk2py/idl/std_msgs/msg
[0.759s] copying unitree_sdk2py/idl/std_msgs/msg/__init__.py -> /home/alemany/robot_ws/build/unitree_sdk2py/build/lib/unitree_sdk2py/idl/std_msgs/msg
[0.759s] creating /home/alemany/robot_ws/build/unitree_sdk2py/build/lib/unitree_sdk2py/idl/std_msgs/msg/dds_
[0.759s] copying unitree_sdk2py/idl/std_msgs/msg/dds_/_Header_.py -> /home/alemany/robot_ws/build/unitree_sdk2py/build/lib/unitree_sdk2py/idl/std_msgs/msg/dds_
[0.759s] copying unitree_sdk2py/idl/std_msgs/msg/dds_/_String_.py -> /home/alemany/robot_ws/build/unitree_sdk2py/build/lib/unitree_sdk2py/idl/std_msgs/msg/dds_
[0.759s] copying unitree_sdk2py/idl/std_msgs/msg/dds_/__init__.py -> /home/alemany/robot_ws/build/unitree_sdk2py/build/lib/unitree_sdk2py/idl/std_msgs/msg/dds_
[0.760s] creating /home/alemany/robot_ws/build/unitree_sdk2py/build/lib/unitree_sdk2py/idl/unitree_api/msg
[0.760s] copying unitree_sdk2py/idl/unitree_api/msg/__init__.py -> /home/alemany/robot_ws/build/unitree_sdk2py/build/lib/unitree_sdk2py/idl/unitree_api/msg
[0.760s] creating /home/alemany/robot_ws/build/unitree_sdk2py/build/lib/unitree_sdk2py/idl/unitree_api/msg/dds_
[0.760s] copying unitree_sdk2py/idl/unitree_api/msg/dds_/_ResponseStatus_.py -> /home/alemany/robot_ws/build/unitree_sdk2py/build/lib/unitree_sdk2py/idl/unitree_api/msg/dds_
[0.760s] copying unitree_sdk2py/idl/unitree_api/msg/dds_/_RequestHeader_.py -> /home/alemany/robot_ws/build/unitree_sdk2py/build/lib/unitree_sdk2py/idl/unitree_api/msg/dds_
[0.760s] copying unitree_sdk2py/idl/unitree_api/msg/dds_/_RequestPolicy_.py -> /home/alemany/robot_ws/build/unitree_sdk2py/build/lib/unitree_sdk2py/idl/unitree_api/msg/dds_
[0.760s] copying unitree_sdk2py/idl/unitree_api/msg/dds_/_Request_.py -> /home/alemany/robot_ws/build/unitree_sdk2py/build/lib/unitree_sdk2py/idl/unitree_api/msg/dds_
[0.760s] copying unitree_sdk2py/idl/unitree_api/msg/dds_/_Response_.py -> /home/alemany/robot_ws/build/unitree_sdk2py/build/lib/unitree_sdk2py/idl/unitree_api/msg/dds_
[0.760s] copying unitree_sdk2py/idl/unitree_api/msg/dds_/_RequestLease_.py -> /home/alemany/robot_ws/build/unitree_sdk2py/build/lib/unitree_sdk2py/idl/unitree_api/msg/dds_
[0.760s] copying unitree_sdk2py/idl/unitree_api/msg/dds_/_ResponseHeader_.py -> /home/alemany/robot_ws/build/unitree_sdk2py/build/lib/unitree_sdk2py/idl/unitree_api/msg/dds_
[0.760s] copying unitree_sdk2py/idl/unitree_api/msg/dds_/_RequestIdentity_.py -> /home/alemany/robot_ws/build/unitree_sdk2py/build/lib/unitree_sdk2py/idl/unitree_api/msg/dds_
[0.760s] copying unitree_sdk2py/idl/unitree_api/msg/dds_/__init__.py -> /home/alemany/robot_ws/build/unitree_sdk2py/build/lib/unitree_sdk2py/idl/unitree_api/msg/dds_
[0.760s] creating /home/alemany/robot_ws/build/unitree_sdk2py/build/lib/unitree_sdk2py/idl/nav_msgs/msg
[0.760s] copying unitree_sdk2py/idl/nav_msgs/msg/__init__.py -> /home/alemany/robot_ws/build/unitree_sdk2py/build/lib/unitree_sdk2py/idl/nav_msgs/msg
[0.760s] creating /home/alemany/robot_ws/build/unitree_sdk2py/build/lib/unitree_sdk2py/idl/nav_msgs/msg/dds_
[0.760s] copying unitree_sdk2py/idl/nav_msgs/msg/dds_/_MapMetaData_.py -> /home/alemany/robot_ws/build/unitree_sdk2py/build/lib/unitree_sdk2py/idl/nav_msgs/msg/dds_
[0.760s] copying unitree_sdk2py/idl/nav_msgs/msg/dds_/_OccupancyGrid_.py -> /home/alemany/robot_ws/build/unitree_sdk2py/build/lib/unitree_sdk2py/idl/nav_msgs/msg/dds_
[0.761s] copying unitree_sdk2py/idl/nav_msgs/msg/dds_/_Odometry_.py -> /home/alemany/robot_ws/build/unitree_sdk2py/build/lib/unitree_sdk2py/idl/nav_msgs/msg/dds_
[0.761s] copying unitree_sdk2py/idl/nav_msgs/msg/dds_/__init__.py -> /home/alemany/robot_ws/build/unitree_sdk2py/build/lib/unitree_sdk2py/idl/nav_msgs/msg/dds_
[0.761s] creating /home/alemany/robot_ws/build/unitree_sdk2py/build/lib/unitree_sdk2py/go2/robot_state
[0.761s] copying unitree_sdk2py/go2/robot_state/robot_state_api.py -> /home/alemany/robot_ws/build/unitree_sdk2py/build/lib/unitree_sdk2py/go2/robot_state
[0.761s] copying unitree_sdk2py/go2/robot_state/robot_state_client.py -> /home/alemany/robot_ws/build/unitree_sdk2py/build/lib/unitree_sdk2py/go2/robot_state
[0.761s] copying unitree_sdk2py/go2/robot_state/__init__.py -> /home/alemany/robot_ws/build/unitree_sdk2py/build/lib/unitree_sdk2py/go2/robot_state
[0.761s] creating /home/alemany/robot_ws/build/unitree_sdk2py/build/lib/unitree_sdk2py/go2/obstacles_avoid
[0.761s] copying unitree_sdk2py/go2/obstacles_avoid/obstacles_avoid_client.py -> /home/alemany/robot_ws/build/unitree_sdk2py/build/lib/unitree_sdk2py/go2/obstacles_avoid
[0.761s] copying unitree_sdk2py/go2/obstacles_avoid/obstacles_avoid_api.py -> /home/alemany/robot_ws/build/unitree_sdk2py/build/lib/unitree_sdk2py/go2/obstacles_avoid
[0.761s] copying unitree_sdk2py/go2/obstacles_avoid/__init__.py -> /home/alemany/robot_ws/build/unitree_sdk2py/build/lib/unitree_sdk2py/go2/obstacles_avoid
[0.761s] creating /home/alemany/robot_ws/build/unitree_sdk2py/build/lib/unitree_sdk2py/go2/sport
[0.761s] copying unitree_sdk2py/go2/sport/sport_api.py -> /home/alemany/robot_ws/build/unitree_sdk2py/build/lib/unitree_sdk2py/go2/sport
[0.761s] copying unitree_sdk2py/go2/sport/sport_client.py -> /home/alemany/robot_ws/build/unitree_sdk2py/build/lib/unitree_sdk2py/go2/sport
[0.761s] copying unitree_sdk2py/go2/sport/__init__.py -> /home/alemany/robot_ws/build/unitree_sdk2py/build/lib/unitree_sdk2py/go2/sport
[0.761s] creating /home/alemany/robot_ws/build/unitree_sdk2py/build/lib/unitree_sdk2py/go2/video
[0.761s] copying unitree_sdk2py/go2/video/video_client.py -> /home/alemany/robot_ws/build/unitree_sdk2py/build/lib/unitree_sdk2py/go2/video
[0.761s] copying unitree_sdk2py/go2/video/video_api.py -> /home/alemany/robot_ws/build/unitree_sdk2py/build/lib/unitree_sdk2py/go2/video
[0.762s] copying unitree_sdk2py/go2/video/__init__.py -> /home/alemany/robot_ws/build/unitree_sdk2py/build/lib/unitree_sdk2py/go2/video
[0.762s] creating /home/alemany/robot_ws/build/unitree_sdk2py/build/lib/unitree_sdk2py/go2/vui
[0.762s] copying unitree_sdk2py/go2/vui/vui_api.py -> /home/alemany/robot_ws/build/unitree_sdk2py/build/lib/unitree_sdk2py/go2/vui
[0.762s] copying unitree_sdk2py/go2/vui/vui_client.py -> /home/alemany/robot_ws/build/unitree_sdk2py/build/lib/unitree_sdk2py/go2/vui
[0.762s] copying unitree_sdk2py/go2/vui/__init__.py -> /home/alemany/robot_ws/build/unitree_sdk2py/build/lib/unitree_sdk2py/go2/vui
[0.762s] running install
[0.762s] running install_lib
[0.773s] creating /home/alemany/robot_ws/install/unitree_sdk2py/lib/python3.12/site-packages/unitree_sdk2py
[0.773s] creating /home/alemany/robot_ws/install/unitree_sdk2py/lib/python3.12/site-packages/unitree_sdk2py/core
[0.773s] copying /home/alemany/robot_ws/build/unitree_sdk2py/build/lib/unitree_sdk2py/core/channel_config.py -> /home/alemany/robot_ws/install/unitree_sdk2py/lib/python3.12/site-packages/unitree_sdk2py/core
[0.773s] copying /home/alemany/robot_ws/build/unitree_sdk2py/build/lib/unitree_sdk2py/core/channel_name.py -> /home/alemany/robot_ws/install/unitree_sdk2py/lib/python3.12/site-packages/unitree_sdk2py/core
[0.773s] copying /home/alemany/robot_ws/build/unitree_sdk2py/build/lib/unitree_sdk2py/core/channel.py -> /home/alemany/robot_ws/install/unitree_sdk2py/lib/python3.12/site-packages/unitree_sdk2py/core
[0.773s] copying /home/alemany/robot_ws/build/unitree_sdk2py/build/lib/unitree_sdk2py/core/__init__.py -> /home/alemany/robot_ws/install/unitree_sdk2py/lib/python3.12/site-packages/unitree_sdk2py/core
[0.773s] creating /home/alemany/robot_ws/install/unitree_sdk2py/lib/python3.12/site-packages/unitree_sdk2py/idl
[0.773s] creating /home/alemany/robot_ws/install/unitree_sdk2py/lib/python3.12/site-packages/unitree_sdk2py/idl/builtin_interfaces
[0.773s] creating /home/alemany/robot_ws/install/unitree_sdk2py/lib/python3.12/site-packages/unitree_sdk2py/idl/builtin_interfaces/msg
[0.773s] creating /home/alemany/robot_ws/install/unitree_sdk2py/lib/python3.12/site-packages/unitree_sdk2py/idl/builtin_interfaces/msg/dds_
[0.773s] copying /home/alemany/robot_ws/build/unitree_sdk2py/build/lib/unitree_sdk2py/idl/builtin_interfaces/msg/dds_/_Time_.py -> /home/alemany/robot_ws/install/unitree_sdk2py/lib/python3.12/site-packages/unitree_sdk2py/idl/builtin_interfaces/msg/dds_
[0.774s] copying /home/alemany/robot_ws/build/unitree_sdk2py/build/lib/unitree_sdk2py/idl/builtin_interfaces/msg/dds_/__init__.py -> /home/alemany/robot_ws/install/unitree_sdk2py/lib/python3.12/site-packages/unitree_sdk2py/idl/builtin_interfaces/msg/dds_
[0.774s] copying /home/alemany/robot_ws/build/unitree_sdk2py/build/lib/unitree_sdk2py/idl/builtin_interfaces/msg/__init__.py -> /home/alemany/robot_ws/install/unitree_sdk2py/lib/python3.12/site-packages/unitree_sdk2py/idl/builtin_interfaces/msg
[0.774s] copying /home/alemany/robot_ws/build/unitree_sdk2py/build/lib/unitree_sdk2py/idl/builtin_interfaces/__init__.py -> /home/alemany/robot_ws/install/unitree_sdk2py/lib/python3.12/site-packages/unitree_sdk2py/idl/builtin_interfaces
[0.774s] creating /home/alemany/robot_ws/install/unitree_sdk2py/lib/python3.12/site-packages/unitree_sdk2py/idl/unitree_hg
[0.774s] creating /home/alemany/robot_ws/install/unitree_sdk2py/lib/python3.12/site-packages/unitree_sdk2py/idl/unitree_hg/msg
[0.774s] creating /home/alemany/robot_ws/install/unitree_sdk2py/lib/python3.12/site-packages/unitree_sdk2py/idl/unitree_hg/msg/dds_
[0.774s] copying /home/alemany/robot_ws/build/unitree_sdk2py/build/lib/unitree_sdk2py/idl/unitree_hg/msg/dds_/_HandCmd_.py -> /home/alemany/robot_ws/install/unitree_sdk2py/lib/python3.12/site-packages/unitree_sdk2py/idl/unitree_hg/msg/dds_
[0.774s] copying /home/alemany/robot_ws/build/unitree_sdk2py/build/lib/unitree_sdk2py/idl/unitree_hg/msg/dds_/_PressSensorState_.py -> /home/alemany/robot_ws/install/unitree_sdk2py/lib/python3.12/site-packages/unitree_sdk2py/idl/unitree_hg/msg/dds_
[0.774s] copying /home/alemany/robot_ws/build/unitree_sdk2py/build/lib/unitree_sdk2py/idl/unitree_hg/msg/dds_/_LowState_.py -> /home/alemany/robot_ws/install/unitree_sdk2py/lib/python3.12/site-packages/unitree_sdk2py/idl/unitree_hg/msg/dds_
[0.774s] copying /home/alemany/robot_ws/build/unitree_sdk2py/build/lib/unitree_sdk2py/idl/unitree_hg/msg/dds_/_HandState_.py -> /home/alemany/robot_ws/install/unitree_sdk2py/lib/python3.12/site-packages/unitree_sdk2py/idl/unitree_hg/msg/dds_
[0.774s] copying /home/alemany/robot_ws/build/unitree_sdk2py/build/lib/unitree_sdk2py/idl/unitree_hg/msg/dds_/_MainBoardState_.py -> /home/alemany/robot_ws/install/unitree_sdk2py/lib/python3.12/site-packages/unitree_sdk2py/idl/unitree_hg/msg/dds_
[0.774s] copying /home/alemany/robot_ws/build/unitree_sdk2py/build/lib/unitree_sdk2py/idl/unitree_hg/msg/dds_/_LowCmd_.py -> /home/alemany/robot_ws/install/unitree_sdk2py/lib/python3.12/site-packages/unitree_sdk2py/idl/unitree_hg/msg/dds_
[0.774s] copying /home/alemany/robot_ws/build/unitree_sdk2py/build/lib/unitree_sdk2py/idl/unitree_hg/msg/dds_/_BmsCmd_.py -> /home/alemany/robot_ws/install/unitree_sdk2py/lib/python3.12/site-packages/unitree_sdk2py/idl/unitree_hg/msg/dds_
[0.774s] copying /home/alemany/robot_ws/build/unitree_sdk2py/build/lib/unitree_sdk2py/idl/unitree_hg/msg/dds_/_BmsState_.py -> /home/alemany/robot_ws/install/unitree_sdk2py/lib/python3.12/site-packages/unitree_sdk2py/idl/unitree_hg/msg/dds_
[0.774s] copying /home/alemany/robot_ws/build/unitree_sdk2py/build/lib/unitree_sdk2py/idl/unitree_hg/msg/dds_/_MotorCmd_.py -> /home/alemany/robot_ws/install/unitree_sdk2py/lib/python3.12/site-packages/unitree_sdk2py/idl/unitree_hg/msg/dds_
[0.774s] copying /home/alemany/robot_ws/build/unitree_sdk2py/build/lib/unitree_sdk2py/idl/unitree_hg/msg/dds_/_IMUState_.py -> /home/alemany/robot_ws/install/unitree_sdk2py/lib/python3.12/site-packages/unitree_sdk2py/idl/unitree_hg/msg/dds_
[0.774s] copying /home/alemany/robot_ws/build/unitree_sdk2py/build/lib/unitree_sdk2py/idl/unitree_hg/msg/dds_/_MotorState_.py -> /home/alemany/robot_ws/install/unitree_sdk2py/lib/python3.12/site-packages/unitree_sdk2py/idl/unitree_hg/msg/dds_
[0.774s] copying /home/alemany/robot_ws/build/unitree_sdk2py/build/lib/unitree_sdk2py/idl/unitree_hg/msg/dds_/__init__.py -> /home/alemany/robot_ws/install/unitree_sdk2py/lib/python3.12/site-packages/unitree_sdk2py/idl/unitree_hg/msg/dds_
[0.774s] copying /home/alemany/robot_ws/build/unitree_sdk2py/build/lib/unitree_sdk2py/idl/unitree_hg/msg/__init__.py -> /home/alemany/robot_ws/install/unitree_sdk2py/lib/python3.12/site-packages/unitree_sdk2py/idl/unitree_hg/msg
[0.774s] copying /home/alemany/robot_ws/build/unitree_sdk2py/build/lib/unitree_sdk2py/idl/unitree_hg/__init__.py -> /home/alemany/robot_ws/install/unitree_sdk2py/lib/python3.12/site-packages/unitree_sdk2py/idl/unitree_hg
[0.774s] creating /home/alemany/robot_ws/install/unitree_sdk2py/lib/python3.12/site-packages/unitree_sdk2py/idl/unitree_go
[0.774s] creating /home/alemany/robot_ws/install/unitree_sdk2py/lib/python3.12/site-packages/unitree_sdk2py/idl/unitree_go/msg
[0.774s] creating /home/alemany/robot_ws/install/unitree_sdk2py/lib/python3.12/site-packages/unitree_sdk2py/idl/unitree_go/msg/dds_
[0.774s] copying /home/alemany/robot_ws/build/unitree_sdk2py/build/lib/unitree_sdk2py/idl/unitree_go/msg/dds_/_MotorCmds_.py -> /home/alemany/robot_ws/install/unitree_sdk2py/lib/python3.12/site-packages/unitree_sdk2py/idl/unitree_go/msg/dds_
[0.774s] copying /home/alemany/robot_ws/build/unitree_sdk2py/build/lib/unitree_sdk2py/idl/unitree_go/msg/dds_/_Res_.py -> /home/alemany/robot_ws/install/unitree_sdk2py/lib/python3.12/site-packages/unitree_sdk2py/idl/unitree_go/msg/dds_
[0.775s] copying /home/alemany/robot_ws/build/unitree_sdk2py/build/lib/unitree_sdk2py/idl/unitree_go/msg/dds_/_TimeSpec_.py -> /home/alemany/robot_ws/install/unitree_sdk2py/lib/python3.12/site-packages/unitree_sdk2py/idl/unitree_go/msg/dds_
[0.775s] copying /home/alemany/robot_ws/build/unitree_sdk2py/build/lib/unitree_sdk2py/idl/unitree_go/msg/dds_/_UwbSwitch_.py -> /home/alemany/robot_ws/install/unitree_sdk2py/lib/python3.12/site-packages/unitree_sdk2py/idl/unitree_go/msg/dds_
[0.775s] copying /home/alemany/robot_ws/build/unitree_sdk2py/build/lib/unitree_sdk2py/idl/unitree_go/msg/dds_/_PathPoint_.py -> /home/alemany/robot_ws/install/unitree_sdk2py/lib/python3.12/site-packages/unitree_sdk2py/idl/unitree_go/msg/dds_
[0.775s] copying /home/alemany/robot_ws/build/unitree_sdk2py/build/lib/unitree_sdk2py/idl/unitree_go/msg/dds_/_HeightMap_.py -> /home/alemany/robot_ws/install/unitree_sdk2py/lib/python3.12/site-packages/unitree_sdk2py/idl/unitree_go/msg/dds_
[0.775s] copying /home/alemany/robot_ws/build/unitree_sdk2py/build/lib/unitree_sdk2py/idl/unitree_go/msg/dds_/_LowState_.py -> /home/alemany/robot_ws/install/unitree_sdk2py/lib/python3.12/site-packages/unitree_sdk2py/idl/unitree_go/msg/dds_
[0.775s] copying /home/alemany/robot_ws/build/unitree_sdk2py/build/lib/unitree_sdk2py/idl/unitree_go/msg/dds_/_Req_.py -> /home/alemany/robot_ws/install/unitree_sdk2py/lib/python3.12/site-packages/unitree_sdk2py/idl/unitree_go/msg/dds_
[0.775s] copying /home/alemany/robot_ws/build/unitree_sdk2py/build/lib/unitree_sdk2py/idl/unitree_go/msg/dds_/_AudioData_.py -> /home/alemany/robot_ws/install/unitree_sdk2py/lib/python3.12/site-packages/unitree_sdk2py/idl/unitree_go/msg/dds_
[0.775s] copying /home/alemany/robot_ws/build/unitree_sdk2py/build/lib/unitree_sdk2py/idl/unitree_go/msg/dds_/_UwbState_.py -> /home/alemany/robot_ws/install/unitree_sdk2py/lib/python3.12/site-packages/unitree_sdk2py/idl/unitree_go/msg/dds_
[0.775s] copying /home/alemany/robot_ws/build/unitree_sdk2py/build/lib/unitree_sdk2py/idl/unitree_go/msg/dds_/_LidarState_.py -> /home/alemany/robot_ws/install/unitree_sdk2py/lib/python3.12/site-packages/unitree_sdk2py/idl/unitree_go/msg/dds_
[0.775s] copying /home/alemany/robot_ws/build/unitree_sdk2py/build/lib/unitree_sdk2py/idl/unitree_go/msg/dds_/_LowCmd_.py -> /home/alemany/robot_ws/install/unitree_sdk2py/lib/python3.12/site-packages/unitree_sdk2py/idl/unitree_go/msg/dds_
[0.775s] copying /home/alemany/robot_ws/build/unitree_sdk2py/build/lib/unitree_sdk2py/idl/unitree_go/msg/dds_/_Go2FrontVideoData_.py -> /home/alemany/robot_ws/install/unitree_sdk2py/lib/python3.12/site-packages/unitree_sdk2py/idl/unitree_go/msg/dds_
[0.775s] copying /home/alemany/robot_ws/build/unitree_sdk2py/build/lib/unitree_sdk2py/idl/unitree_go/msg/dds_/_SportModeState_.py -> /home/alemany/robot_ws/install/unitree_sdk2py/lib/python3.12/site-packages/unitree_sdk2py/idl/unitree_go/msg/dds_
[0.775s] copying /home/alemany/robot_ws/build/unitree_sdk2py/build/lib/unitree_sdk2py/idl/unitree_go/msg/dds_/_WirelessController_.py -> /home/alemany/robot_ws/install/unitree_sdk2py/lib/python3.12/site-packages/unitree_sdk2py/idl/unitree_go/msg/dds_
[0.775s] copying /home/alemany/robot_ws/build/unitree_sdk2py/build/lib/unitree_sdk2py/idl/unitree_go/msg/dds_/_BmsCmd_.py -> /home/alemany/robot_ws/install/unitree_sdk2py/lib/python3.12/site-packages/unitree_sdk2py/idl/unitree_go/msg/dds_
[0.775s] copying /home/alemany/robot_ws/build/unitree_sdk2py/build/lib/unitree_sdk2py/idl/unitree_go/msg/dds_/_BmsState_.py -> /home/alemany/robot_ws/install/unitree_sdk2py/lib/python3.12/site-packages/unitree_sdk2py/idl/unitree_go/msg/dds_
[0.775s] copying /home/alemany/robot_ws/build/unitree_sdk2py/build/lib/unitree_sdk2py/idl/unitree_go/msg/dds_/_InterfaceConfig_.py -> /home/alemany/robot_ws/install/unitree_sdk2py/lib/python3.12/site-packages/unitree_sdk2py/idl/unitree_go/msg/dds_
[0.775s] copying /home/alemany/robot_ws/build/unitree_sdk2py/build/lib/unitree_sdk2py/idl/unitree_go/msg/dds_/_MotorCmd_.py -> /home/alemany/robot_ws/install/unitree_sdk2py/lib/python3.12/site-packages/unitree_sdk2py/idl/unitree_go/msg/dds_
[0.775s] copying /home/alemany/robot_ws/build/unitree_sdk2py/build/lib/unitree_sdk2py/idl/unitree_go/msg/dds_/_MotorStates_.py -> /home/alemany/robot_ws/install/unitree_sdk2py/lib/python3.12/site-packages/unitree_sdk2py/idl/unitree_go/msg/dds_
[0.775s] copying /home/alemany/robot_ws/build/unitree_sdk2py/build/lib/unitree_sdk2py/idl/unitree_go/msg/dds_/_IMUState_.py -> /home/alemany/robot_ws/install/unitree_sdk2py/lib/python3.12/site-packages/unitree_sdk2py/idl/unitree_go/msg/dds_
[0.775s] copying /home/alemany/robot_ws/build/unitree_sdk2py/build/lib/unitree_sdk2py/idl/unitree_go/msg/dds_/_MotorState_.py -> /home/alemany/robot_ws/install/unitree_sdk2py/lib/python3.12/site-packages/unitree_sdk2py/idl/unitree_go/msg/dds_
[0.775s] copying /home/alemany/robot_ws/build/unitree_sdk2py/build/lib/unitree_sdk2py/idl/unitree_go/msg/dds_/_Error_.py -> /home/alemany/robot_ws/install/unitree_sdk2py/lib/python3.12/site-packages/unitree_sdk2py/idl/unitree_go/msg/dds_
[0.775s] copying /home/alemany/robot_ws/build/unitree_sdk2py/build/lib/unitree_sdk2py/idl/unitree_go/msg/dds_/__init__.py -> /home/alemany/robot_ws/install/unitree_sdk2py/lib/python3.12/site-packages/unitree_sdk2py/idl/unitree_go/msg/dds_
[0.775s] copying /home/alemany/robot_ws/build/unitree_sdk2py/build/lib/unitree_sdk2py/idl/unitree_go/msg/__init__.py -> /home/alemany/robot_ws/install/unitree_sdk2py/lib/python3.12/site-packages/unitree_sdk2py/idl/unitree_go/msg
[0.775s] copying /home/alemany/robot_ws/build/unitree_sdk2py/build/lib/unitree_sdk2py/idl/unitree_go/__init__.py -> /home/alemany/robot_ws/install/unitree_sdk2py/lib/python3.12/site-packages/unitree_sdk2py/idl/unitree_go
[0.775s] creating /home/alemany/robot_ws/install/unitree_sdk2py/lib/python3.12/site-packages/unitree_sdk2py/idl/geometry_msgs
[0.775s] creating /home/alemany/robot_ws/install/unitree_sdk2py/lib/python3.12/site-packages/unitree_sdk2py/idl/geometry_msgs/msg
[0.775s] creating /home/alemany/robot_ws/install/unitree_sdk2py/lib/python3.12/site-packages/unitree_sdk2py/idl/geometry_msgs/msg/dds_
[0.775s] copying /home/alemany/robot_ws/build/unitree_sdk2py/build/lib/unitree_sdk2py/idl/geometry_msgs/msg/dds_/_Twist_.py -> /home/alemany/robot_ws/install/unitree_sdk2py/lib/python3.12/site-packages/unitree_sdk2py/idl/geometry_msgs/msg/dds_
[0.775s] copying /home/alemany/robot_ws/build/unitree_sdk2py/build/lib/unitree_sdk2py/idl/geometry_msgs/msg/dds_/_TwistWithCovariance_.py -> /home/alemany/robot_ws/install/unitree_sdk2py/lib/python3.12/site-packages/unitree_sdk2py/idl/geometry_msgs/msg/dds_
[0.776s] copying /home/alemany/robot_ws/build/unitree_sdk2py/build/lib/unitree_sdk2py/idl/geometry_msgs/msg/dds_/_Point32_.py -> /home/alemany/robot_ws/install/unitree_sdk2py/lib/python3.12/site-packages/unitree_sdk2py/idl/geometry_msgs/msg/dds_
[0.776s] copying /home/alemany/robot_ws/build/unitree_sdk2py/build/lib/unitree_sdk2py/idl/geometry_msgs/msg/dds_/_Point_.py -> /home/alemany/robot_ws/install/unitree_sdk2py/lib/python3.12/site-packages/unitree_sdk2py/idl/geometry_msgs/msg/dds_
[0.776s] copying /home/alemany/robot_ws/build/unitree_sdk2py/build/lib/unitree_sdk2py/idl/geometry_msgs/msg/dds_/_Vector3_.py -> /home/alemany/robot_ws/install/unitree_sdk2py/lib/python3.12/site-packages/unitree_sdk2py/idl/geometry_msgs/msg/dds_
[0.776s] copying /home/alemany/robot_ws/build/unitree_sdk2py/build/lib/unitree_sdk2py/idl/geometry_msgs/msg/dds_/_TwistWithCovarianceStamped_.py -> /home/alemany/robot_ws/install/unitree_sdk2py/lib/python3.12/site-packages/unitree_sdk2py/idl/geometry_msgs/msg/dds_
[0.776s] copying /home/alemany/robot_ws/build/unitree_sdk2py/build/lib/unitree_sdk2py/idl/geometry_msgs/msg/dds_/_PoseStamped_.py -> /home/alemany/robot_ws/install/unitree_sdk2py/lib/python3.12/site-packages/unitree_sdk2py/idl/geometry_msgs/msg/dds_
[0.776s] copying /home/alemany/robot_ws/build/unitree_sdk2py/build/lib/unitree_sdk2py/idl/geometry_msgs/msg/dds_/_QuaternionStamped_.py -> /home/alemany/robot_ws/install/unitree_sdk2py/lib/python3.12/site-packages/unitree_sdk2py/idl/geometry_msgs/msg/dds_
[0.776s] copying /home/alemany/robot_ws/build/unitree_sdk2py/build/lib/unitree_sdk2py/idl/geometry_msgs/msg/dds_/_PoseWithCovarianceStamped_.py -> /home/alemany/robot_ws/install/unitree_sdk2py/lib/python3.12/site-packages/unitree_sdk2py/idl/geometry_msgs/msg/dds_
[0.776s] copying /home/alemany/robot_ws/build/unitree_sdk2py/build/lib/unitree_sdk2py/idl/geometry_msgs/msg/dds_/_PoseWithCovariance_.py -> /home/alemany/robot_ws/install/unitree_sdk2py/lib/python3.12/site-packages/unitree_sdk2py/idl/geometry_msgs/msg/dds_
[0.776s] copying /home/alemany/robot_ws/build/unitree_sdk2py/build/lib/unitree_sdk2py/idl/geometry_msgs/msg/dds_/_PointStamped_.py -> /home/alemany/robot_ws/install/unitree_sdk2py/lib/python3.12/site-packages/unitree_sdk2py/idl/geometry_msgs/msg/dds_
[0.776s] copying /home/alemany/robot_ws/build/unitree_sdk2py/build/lib/unitree_sdk2py/idl/geometry_msgs/msg/dds_/_Quaternion_.py -> /home/alemany/robot_ws/install/unitree_sdk2py/lib/python3.12/site-packages/unitree_sdk2py/idl/geometry_msgs/msg/dds_
[0.776s] copying /home/alemany/robot_ws/build/unitree_sdk2py/build/lib/unitree_sdk2py/idl/geometry_msgs/msg/dds_/_TwistStamped_.py -> /home/alemany/robot_ws/install/unitree_sdk2py/lib/python3.12/site-packages/unitree_sdk2py/idl/geometry_msgs/msg/dds_
[0.776s] copying /home/alemany/robot_ws/build/unitree_sdk2py/build/lib/unitree_sdk2py/idl/geometry_msgs/msg/dds_/_Pose_.py -> /home/alemany/robot_ws/install/unitree_sdk2py/lib/python3.12/site-packages/unitree_sdk2py/idl/geometry_msgs/msg/dds_
[0.776s] copying /home/alemany/robot_ws/build/unitree_sdk2py/build/lib/unitree_sdk2py/idl/geometry_msgs/msg/dds_/_Pose2D_.py -> /home/alemany/robot_ws/install/unitree_sdk2py/lib/python3.12/site-packages/unitree_sdk2py/idl/geometry_msgs/msg/dds_
[0.776s] copying /home/alemany/robot_ws/build/unitree_sdk2py/build/lib/unitree_sdk2py/idl/geometry_msgs/msg/dds_/__init__.py -> /home/alemany/robot_ws/install/unitree_sdk2py/lib/python3.12/site-packages/unitree_sdk2py/idl/geometry_msgs/msg/dds_
[0.776s] copying /home/alemany/robot_ws/build/unitree_sdk2py/build/lib/unitree_sdk2py/idl/geometry_msgs/msg/__init__.py -> /home/alemany/robot_ws/install/unitree_sdk2py/lib/python3.12/site-packages/unitree_sdk2py/idl/geometry_msgs/msg
[0.776s] copying /home/alemany/robot_ws/build/unitree_sdk2py/build/lib/unitree_sdk2py/idl/geometry_msgs/__init__.py -> /home/alemany/robot_ws/install/unitree_sdk2py/lib/python3.12/site-packages/unitree_sdk2py/idl/geometry_msgs
[0.776s] creating /home/alemany/robot_ws/install/unitree_sdk2py/lib/python3.12/site-packages/unitree_sdk2py/idl/sensor_msgs
[0.776s] creating /home/alemany/robot_ws/install/unitree_sdk2py/lib/python3.12/site-packages/unitree_sdk2py/idl/sensor_msgs/msg
[0.776s] creating /home/alemany/robot_ws/install/unitree_sdk2py/lib/python3.12/site-packages/unitree_sdk2py/idl/sensor_msgs/msg/dds_
[0.776s] creating /home/alemany/robot_ws/install/unitree_sdk2py/lib/python3.12/site-packages/unitree_sdk2py/idl/sensor_msgs/msg/dds_/PointField_Constants
[0.776s] copying /home/alemany/robot_ws/build/unitree_sdk2py/build/lib/unitree_sdk2py/idl/sensor_msgs/msg/dds_/PointField_Constants/_PointField_.py -> /home/alemany/robot_ws/install/unitree_sdk2py/lib/python3.12/site-packages/unitree_sdk2py/idl/sensor_msgs/msg/dds_/PointField_Constants
[0.776s] copying /home/alemany/robot_ws/build/unitree_sdk2py/build/lib/unitree_sdk2py/idl/sensor_msgs/msg/dds_/PointField_Constants/__init__.py -> /home/alemany/robot_ws/install/unitree_sdk2py/lib/python3.12/site-packages/unitree_sdk2py/idl/sensor_msgs/msg/dds_/PointField_Constants
[0.776s] copying /home/alemany/robot_ws/build/unitree_sdk2py/build/lib/unitree_sdk2py/idl/sensor_msgs/msg/dds_/_PointCloud2_.py -> /home/alemany/robot_ws/install/unitree_sdk2py/lib/python3.12/site-packages/unitree_sdk2py/idl/sensor_msgs/msg/dds_
[0.776s] copying /home/alemany/robot_ws/build/unitree_sdk2py/build/lib/unitree_sdk2py/idl/sensor_msgs/msg/dds_/_PointField_.py -> /home/alemany/robot_ws/install/unitree_sdk2py/lib/python3.12/site-packages/unitree_sdk2py/idl/sensor_msgs/msg/dds_
[0.776s] copying /home/alemany/robot_ws/build/unitree_sdk2py/build/lib/unitree_sdk2py/idl/sensor_msgs/msg/dds_/__init__.py -> /home/alemany/robot_ws/install/unitree_sdk2py/lib/python3.12/site-packages/unitree_sdk2py/idl/sensor_msgs/msg/dds_
[0.776s] copying /home/alemany/robot_ws/build/unitree_sdk2py/build/lib/unitree_sdk2py/idl/sensor_msgs/msg/__init__.py -> /home/alemany/robot_ws/install/unitree_sdk2py/lib/python3.12/site-packages/unitree_sdk2py/idl/sensor_msgs/msg
[0.776s] copying /home/alemany/robot_ws/build/unitree_sdk2py/build/lib/unitree_sdk2py/idl/sensor_msgs/__init__.py -> /home/alemany/robot_ws/install/unitree_sdk2py/lib/python3.12/site-packages/unitree_sdk2py/idl/sensor_msgs
[0.776s] creating /home/alemany/robot_ws/install/unitree_sdk2py/lib/python3.12/site-packages/unitree_sdk2py/idl/std_msgs
[0.776s] creating /home/alemany/robot_ws/install/unitree_sdk2py/lib/python3.12/site-packages/unitree_sdk2py/idl/std_msgs/msg
[0.777s] creating /home/alemany/robot_ws/install/unitree_sdk2py/lib/python3.12/site-packages/unitree_sdk2py/idl/std_msgs/msg/dds_
[0.777s] copying /home/alemany/robot_ws/build/unitree_sdk2py/build/lib/unitree_sdk2py/idl/std_msgs/msg/dds_/_Header_.py -> /home/alemany/robot_ws/install/unitree_sdk2py/lib/python3.12/site-packages/unitree_sdk2py/idl/std_msgs/msg/dds_
[0.777s] copying /home/alemany/robot_ws/build/unitree_sdk2py/build/lib/unitree_sdk2py/idl/std_msgs/msg/dds_/_String_.py -> /home/alemany/robot_ws/install/unitree_sdk2py/lib/python3.12/site-packages/unitree_sdk2py/idl/std_msgs/msg/dds_
[0.777s] copying /home/alemany/robot_ws/build/unitree_sdk2py/build/lib/unitree_sdk2py/idl/std_msgs/msg/dds_/__init__.py -> /home/alemany/robot_ws/install/unitree_sdk2py/lib/python3.12/site-packages/unitree_sdk2py/idl/std_msgs/msg/dds_
[0.777s] copying /home/alemany/robot_ws/build/unitree_sdk2py/build/lib/unitree_sdk2py/idl/std_msgs/msg/__init__.py -> /home/alemany/robot_ws/install/unitree_sdk2py/lib/python3.12/site-packages/unitree_sdk2py/idl/std_msgs/msg
[0.777s] copying /home/alemany/robot_ws/build/unitree_sdk2py/build/lib/unitree_sdk2py/idl/std_msgs/__init__.py -> /home/alemany/robot_ws/install/unitree_sdk2py/lib/python3.12/site-packages/unitree_sdk2py/idl/std_msgs
[0.777s] copying /home/alemany/robot_ws/build/unitree_sdk2py/build/lib/unitree_sdk2py/idl/default.py -> /home/alemany/robot_ws/install/unitree_sdk2py/lib/python3.12/site-packages/unitree_sdk2py/idl
[0.777s] creating /home/alemany/robot_ws/install/unitree_sdk2py/lib/python3.12/site-packages/unitree_sdk2py/idl/unitree_api
[0.777s] creating /home/alemany/robot_ws/install/unitree_sdk2py/lib/python3.12/site-packages/unitree_sdk2py/idl/unitree_api/msg
[0.777s] creating /home/alemany/robot_ws/install/unitree_sdk2py/lib/python3.12/site-packages/unitree_sdk2py/idl/unitree_api/msg/dds_
[0.777s] copying /home/alemany/robot_ws/build/unitree_sdk2py/build/lib/unitree_sdk2py/idl/unitree_api/msg/dds_/_ResponseStatus_.py -> /home/alemany/robot_ws/install/unitree_sdk2py/lib/python3.12/site-packages/unitree_sdk2py/idl/unitree_api/msg/dds_
[0.777s] copying /home/alemany/robot_ws/build/unitree_sdk2py/build/lib/unitree_sdk2py/idl/unitree_api/msg/dds_/_RequestHeader_.py -> /home/alemany/robot_ws/install/unitree_sdk2py/lib/python3.12/site-packages/unitree_sdk2py/idl/unitree_api/msg/dds_
[0.777s] copying /home/alemany/robot_ws/build/unitree_sdk2py/build/lib/unitree_sdk2py/idl/unitree_api/msg/dds_/_RequestPolicy_.py -> /home/alemany/robot_ws/install/unitree_sdk2py/lib/python3.12/site-packages/unitree_sdk2py/idl/unitree_api/msg/dds_
[0.777s] copying /home/alemany/robot_ws/build/unitree_sdk2py/build/lib/unitree_sdk2py/idl/unitree_api/msg/dds_/_Request_.py -> /home/alemany/robot_ws/install/unitree_sdk2py/lib/python3.12/site-packages/unitree_sdk2py/idl/unitree_api/msg/dds_
[0.777s] copying /home/alemany/robot_ws/build/unitree_sdk2py/build/lib/unitree_sdk2py/idl/unitree_api/msg/dds_/_Response_.py -> /home/alemany/robot_ws/install/unitree_sdk2py/lib/python3.12/site-packages/unitree_sdk2py/idl/unitree_api/msg/dds_
[0.777s] copying /home/alemany/robot_ws/build/unitree_sdk2py/build/lib/unitree_sdk2py/idl/unitree_api/msg/dds_/_RequestLease_.py -> /home/alemany/robot_ws/install/unitree_sdk2py/lib/python3.12/site-packages/unitree_sdk2py/idl/unitree_api/msg/dds_
[0.777s] copying /home/alemany/robot_ws/build/unitree_sdk2py/build/lib/unitree_sdk2py/idl/unitree_api/msg/dds_/_ResponseHeader_.py -> /home/alemany/robot_ws/install/unitree_sdk2py/lib/python3.12/site-packages/unitree_sdk2py/idl/unitree_api/msg/dds_
[0.777s] copying /home/alemany/robot_ws/build/unitree_sdk2py/build/lib/unitree_sdk2py/idl/unitree_api/msg/dds_/_RequestIdentity_.py -> /home/alemany/robot_ws/install/unitree_sdk2py/lib/python3.12/site-packages/unitree_sdk2py/idl/unitree_api/msg/dds_
[0.777s] copying /home/alemany/robot_ws/build/unitree_sdk2py/build/lib/unitree_sdk2py/idl/unitree_api/msg/dds_/__init__.py -> /home/alemany/robot_ws/install/unitree_sdk2py/lib/python3.12/site-packages/unitree_sdk2py/idl/unitree_api/msg/dds_
[0.777s] copying /home/alemany/robot_ws/build/unitree_sdk2py/build/lib/unitree_sdk2py/idl/unitree_api/msg/__init__.py -> /home/alemany/robot_ws/install/unitree_sdk2py/lib/python3.12/site-packages/unitree_sdk2py/idl/unitree_api/msg
[0.777s] copying /home/alemany/robot_ws/build/unitree_sdk2py/build/lib/unitree_sdk2py/idl/unitree_api/__init__.py -> /home/alemany/robot_ws/install/unitree_sdk2py/lib/python3.12/site-packages/unitree_sdk2py/idl/unitree_api
[0.777s] creating /home/alemany/robot_ws/install/unitree_sdk2py/lib/python3.12/site-packages/unitree_sdk2py/idl/nav_msgs
[0.777s] creating /home/alemany/robot_ws/install/unitree_sdk2py/lib/python3.12/site-packages/unitree_sdk2py/idl/nav_msgs/msg
[0.777s] creating /home/alemany/robot_ws/install/unitree_sdk2py/lib/python3.12/site-packages/unitree_sdk2py/idl/nav_msgs/msg/dds_
[0.777s] copying /home/alemany/robot_ws/build/unitree_sdk2py/build/lib/unitree_sdk2py/idl/nav_msgs/msg/dds_/_MapMetaData_.py -> /home/alemany/robot_ws/install/unitree_sdk2py/lib/python3.12/site-packages/unitree_sdk2py/idl/nav_msgs/msg/dds_
[0.778s] copying /home/alemany/robot_ws/build/unitree_sdk2py/build/lib/unitree_sdk2py/idl/nav_msgs/msg/dds_/_OccupancyGrid_.py -> /home/alemany/robot_ws/install/unitree_sdk2py/lib/python3.12/site-packages/unitree_sdk2py/idl/nav_msgs/msg/dds_
[0.778s] copying /home/alemany/robot_ws/build/unitree_sdk2py/build/lib/unitree_sdk2py/idl/nav_msgs/msg/dds_/_Odometry_.py -> /home/alemany/robot_ws/install/unitree_sdk2py/lib/python3.12/site-packages/unitree_sdk2py/idl/nav_msgs/msg/dds_
[0.778s] copying /home/alemany/robot_ws/build/unitree_sdk2py/build/lib/unitree_sdk2py/idl/nav_msgs/msg/dds_/__init__.py -> /home/alemany/robot_ws/install/unitree_sdk2py/lib/python3.12/site-packages/unitree_sdk2py/idl/nav_msgs/msg/dds_
[0.778s] copying /home/alemany/robot_ws/build/unitree_sdk2py/build/lib/unitree_sdk2py/idl/nav_msgs/msg/__init__.py -> /home/alemany/robot_ws/install/unitree_sdk2py/lib/python3.12/site-packages/unitree_sdk2py/idl/nav_msgs/msg
[0.778s] copying /home/alemany/robot_ws/build/unitree_sdk2py/build/lib/unitree_sdk2py/idl/nav_msgs/__init__.py -> /home/alemany/robot_ws/install/unitree_sdk2py/lib/python3.12/site-packages/unitree_sdk2py/idl/nav_msgs
[0.778s] copying /home/alemany/robot_ws/build/unitree_sdk2py/build/lib/unitree_sdk2py/idl/__init__.py -> /home/alemany/robot_ws/install/unitree_sdk2py/lib/python3.12/site-packages/unitree_sdk2py/idl
[0.778s] creating /home/alemany/robot_ws/install/unitree_sdk2py/lib/python3.12/site-packages/unitree_sdk2py/go2
[0.778s] creating /home/alemany/robot_ws/install/unitree_sdk2py/lib/python3.12/site-packages/unitree_sdk2py/go2/robot_state
[0.778s] copying /home/alemany/robot_ws/build/unitree_sdk2py/build/lib/unitree_sdk2py/go2/robot_state/robot_state_api.py -> /home/alemany/robot_ws/install/unitree_sdk2py/lib/python3.12/site-packages/unitree_sdk2py/go2/robot_state
[0.778s] copying /home/alemany/robot_ws/build/unitree_sdk2py/build/lib/unitree_sdk2py/go2/robot_state/robot_state_client.py -> /home/alemany/robot_ws/install/unitree_sdk2py/lib/python3.12/site-packages/unitree_sdk2py/go2/robot_state
[0.778s] copying /home/alemany/robot_ws/build/unitree_sdk2py/build/lib/unitree_sdk2py/go2/robot_state/__init__.py -> /home/alemany/robot_ws/install/unitree_sdk2py/lib/python3.12/site-packages/unitree_sdk2py/go2/robot_state
[0.778s] creating /home/alemany/robot_ws/install/unitree_sdk2py/lib/python3.12/site-packages/unitree_sdk2py/go2/obstacles_avoid
[0.778s] copying /home/alemany/robot_ws/build/unitree_sdk2py/build/lib/unitree_sdk2py/go2/obstacles_avoid/obstacles_avoid_client.py -> /home/alemany/robot_ws/install/unitree_sdk2py/lib/python3.12/site-packages/unitree_sdk2py/go2/obstacles_avoid
[0.779s] copying /home/alemany/robot_ws/build/unitree_sdk2py/build/lib/unitree_sdk2py/go2/obstacles_avoid/obstacles_avoid_api.py -> /home/alemany/robot_ws/install/unitree_sdk2py/lib/python3.12/site-packages/unitree_sdk2py/go2/obstacles_avoid
[0.779s] copying /home/alemany/robot_ws/build/unitree_sdk2py/build/lib/unitree_sdk2py/go2/obstacles_avoid/__init__.py -> /home/alemany/robot_ws/install/unitree_sdk2py/lib/python3.12/site-packages/unitree_sdk2py/go2/obstacles_avoid
[0.779s] creating /home/alemany/robot_ws/install/unitree_sdk2py/lib/python3.12/site-packages/unitree_sdk2py/go2/sport
[0.779s] copying /home/alemany/robot_ws/build/unitree_sdk2py/build/lib/unitree_sdk2py/go2/sport/sport_api.py -> /home/alemany/robot_ws/install/unitree_sdk2py/lib/python3.12/site-packages/unitree_sdk2py/go2/sport
[0.779s] copying /home/alemany/robot_ws/build/unitree_sdk2py/build/lib/unitree_sdk2py/go2/sport/sport_client.py -> /home/alemany/robot_ws/install/unitree_sdk2py/lib/python3.12/site-packages/unitree_sdk2py/go2/sport
[0.779s] copying /home/alemany/robot_ws/build/unitree_sdk2py/build/lib/unitree_sdk2py/go2/sport/__init__.py -> /home/alemany/robot_ws/install/unitree_sdk2py/lib/python3.12/site-packages/unitree_sdk2py/go2/sport
[0.779s] creating /home/alemany/robot_ws/install/unitree_sdk2py/lib/python3.12/site-packages/unitree_sdk2py/go2/video
[0.779s] copying /home/alemany/robot_ws/build/unitree_sdk2py/build/lib/unitree_sdk2py/go2/video/video_client.py -> /home/alemany/robot_ws/install/unitree_sdk2py/lib/python3.12/site-packages/unitree_sdk2py/go2/video
[0.779s] copying /home/alemany/robot_ws/build/unitree_sdk2py/build/lib/unitree_sdk2py/go2/video/video_api.py -> /home/alemany/robot_ws/install/unitree_sdk2py/lib/python3.12/site-packages/unitree_sdk2py/go2/video
[0.779s] copying /home/alemany/robot_ws/build/unitree_sdk2py/build/lib/unitree_sdk2py/go2/video/__init__.py -> /home/alemany/robot_ws/install/unitree_sdk2py/lib/python3.12/site-packages/unitree_sdk2py/go2/video
[0.779s] creating /home/alemany/robot_ws/install/unitree_sdk2py/lib/python3.12/site-packages/unitree_sdk2py/go2/vui
[0.779s] copying /home/alemany/robot_ws/build/unitree_sdk2py/build/lib/unitree_sdk2py/go2/vui/vui_api.py -> /home/alemany/robot_ws/install/unitree_sdk2py/lib/python3.12/site-packages/unitree_sdk2py/go2/vui
[0.779s] copying /home/alemany/robot_ws/build/unitree_sdk2py/build/lib/unitree_sdk2py/go2/vui/vui_client.py -> /home/alemany/robot_ws/install/unitree_sdk2py/lib/python3.12/site-packages/unitree_sdk2py/go2/vui
[0.779s] copying /home/alemany/robot_ws/build/unitree_sdk2py/build/lib/unitree_sdk2py/go2/vui/__init__.py -> /home/alemany/robot_ws/install/unitree_sdk2py/lib/python3.12/site-packages/unitree_sdk2py/go2/vui
[0.779s] copying /home/alemany/robot_ws/build/unitree_sdk2py/build/lib/unitree_sdk2py/go2/__init__.py -> /home/alemany/robot_ws/install/unitree_sdk2py/lib/python3.12/site-packages/unitree_sdk2py/go2
[0.779s] creating /home/alemany/robot_ws/install/unitree_sdk2py/lib/python3.12/site-packages/unitree_sdk2py/rpc
[0.780s] copying /home/alemany/robot_ws/build/unitree_sdk2py/build/lib/unitree_sdk2py/rpc/server_base.py -> /home/alemany/robot_ws/install/unitree_sdk2py/lib/python3.12/site-packages/unitree_sdk2py/rpc
[0.780s] copying /home/alemany/robot_ws/build/unitree_sdk2py/build/lib/unitree_sdk2py/rpc/client.py -> /home/alemany/robot_ws/install/unitree_sdk2py/lib/python3.12/site-packages/unitree_sdk2py/rpc
[0.780s] copying /home/alemany/robot_ws/build/unitree_sdk2py/build/lib/unitree_sdk2py/rpc/internal.py -> /home/alemany/robot_ws/install/unitree_sdk2py/lib/python3.12/site-packages/unitree_sdk2py/rpc
[0.780s] copying /home/alemany/robot_ws/build/unitree_sdk2py/build/lib/unitree_sdk2py/rpc/lease_server.py -> /home/alemany/robot_ws/install/unitree_sdk2py/lib/python3.12/site-packages/unitree_sdk2py/rpc
[0.780s] copying /home/alemany/robot_ws/build/unitree_sdk2py/build/lib/unitree_sdk2py/rpc/client_base.py -> /home/alemany/robot_ws/install/unitree_sdk2py/lib/python3.12/site-packages/unitree_sdk2py/rpc
[0.780s] copying /home/alemany/robot_ws/build/unitree_sdk2py/build/lib/unitree_sdk2py/rpc/request_future.py -> /home/alemany/robot_ws/install/unitree_sdk2py/lib/python3.12/site-packages/unitree_sdk2py/rpc
[0.780s] copying /home/alemany/robot_ws/build/unitree_sdk2py/build/lib/unitree_sdk2py/rpc/client_stub.py -> /home/alemany/robot_ws/install/unitree_sdk2py/lib/python3.12/site-packages/unitree_sdk2py/rpc
[0.780s] copying /home/alemany/robot_ws/build/unitree_sdk2py/build/lib/unitree_sdk2py/rpc/lease_client.py -> /home/alemany/robot_ws/install/unitree_sdk2py/lib/python3.12/site-packages/unitree_sdk2py/rpc
[0.780s] copying /home/alemany/robot_ws/build/unitree_sdk2py/build/lib/unitree_sdk2py/rpc/server_stub.py -> /home/alemany/robot_ws/install/unitree_sdk2py/lib/python3.12/site-packages/unitree_sdk2py/rpc
[0.780s] copying /home/alemany/robot_ws/build/unitree_sdk2py/build/lib/unitree_sdk2py/rpc/server.py -> /home/alemany/robot_ws/install/unitree_sdk2py/lib/python3.12/site-packages/unitree_sdk2py/rpc
[0.780s] copying /home/alemany/robot_ws/build/unitree_sdk2py/build/lib/unitree_sdk2py/rpc/__init__.py -> /home/alemany/robot_ws/install/unitree_sdk2py/lib/python3.12/site-packages/unitree_sdk2py/rpc
[0.780s] creating /home/alemany/robot_ws/install/unitree_sdk2py/lib/python3.12/site-packages/unitree_sdk2py/utils
[0.780s] copying /home/alemany/robot_ws/build/unitree_sdk2py/build/lib/unitree_sdk2py/utils/future.py -> /home/alemany/robot_ws/install/unitree_sdk2py/lib/python3.12/site-packages/unitree_sdk2py/utils
[0.780s] copying /home/alemany/robot_ws/build/unitree_sdk2py/build/lib/unitree_sdk2py/utils/hz_sample.py -> /home/alemany/robot_ws/install/unitree_sdk2py/lib/python3.12/site-packages/unitree_sdk2py/utils
[0.780s] copying /home/alemany/robot_ws/build/unitree_sdk2py/build/lib/unitree_sdk2py/utils/singleton.py -> /home/alemany/robot_ws/install/unitree_sdk2py/lib/python3.12/site-packages/unitree_sdk2py/utils
[0.780s] copying /home/alemany/robot_ws/build/unitree_sdk2py/build/lib/unitree_sdk2py/utils/bqueue.py -> /home/alemany/robot_ws/install/unitree_sdk2py/lib/python3.12/site-packages/unitree_sdk2py/utils
[0.780s] copying /home/alemany/robot_ws/build/unitree_sdk2py/build/lib/unitree_sdk2py/utils/crc.py -> /home/alemany/robot_ws/install/unitree_sdk2py/lib/python3.12/site-packages/unitree_sdk2py/utils
[0.781s] copying /home/alemany/robot_ws/build/unitree_sdk2py/build/lib/unitree_sdk2py/utils/clib_lookup.py -> /home/alemany/robot_ws/install/unitree_sdk2py/lib/python3.12/site-packages/unitree_sdk2py/utils
[0.781s] copying /home/alemany/robot_ws/build/unitree_sdk2py/build/lib/unitree_sdk2py/utils/timerfd.py -> /home/alemany/robot_ws/install/unitree_sdk2py/lib/python3.12/site-packages/unitree_sdk2py/utils
[0.781s] copying /home/alemany/robot_ws/build/unitree_sdk2py/build/lib/unitree_sdk2py/utils/thread.py -> /home/alemany/robot_ws/install/unitree_sdk2py/lib/python3.12/site-packages/unitree_sdk2py/utils
[0.781s] copying /home/alemany/robot_ws/build/unitree_sdk2py/build/lib/unitree_sdk2py/utils/joystick.py -> /home/alemany/robot_ws/install/unitree_sdk2py/lib/python3.12/site-packages/unitree_sdk2py/utils
[0.781s] copying /home/alemany/robot_ws/build/unitree_sdk2py/build/lib/unitree_sdk2py/utils/__init__.py -> /home/alemany/robot_ws/install/unitree_sdk2py/lib/python3.12/site-packages/unitree_sdk2py/utils
[0.781s] copying /home/alemany/robot_ws/build/unitree_sdk2py/build/lib/unitree_sdk2py/__init__.py -> /home/alemany/robot_ws/install/unitree_sdk2py/lib/python3.12/site-packages/unitree_sdk2py
[0.781s] byte-compiling /home/alemany/robot_ws/install/unitree_sdk2py/lib/python3.12/site-packages/unitree_sdk2py/core/channel_config.py to channel_config.cpython-312.pyc
[0.781s] byte-compiling /home/alemany/robot_ws/install/unitree_sdk2py/lib/python3.12/site-packages/unitree_sdk2py/core/channel_name.py to channel_name.cpython-312.pyc
[0.781s] byte-compiling /home/alemany/robot_ws/install/unitree_sdk2py/lib/python3.12/site-packages/unitree_sdk2py/core/channel.py to channel.cpython-312.pyc
[0.781s] byte-compiling /home/alemany/robot_ws/install/unitree_sdk2py/lib/python3.12/site-packages/unitree_sdk2py/core/__init__.py to __init__.cpython-312.pyc
[0.781s] byte-compiling /home/alemany/robot_ws/install/unitree_sdk2py/lib/python3.12/site-packages/unitree_sdk2py/idl/builtin_interfaces/msg/dds_/_Time_.py to _Time_.cpython-312.pyc
[0.781s] byte-compiling /home/alemany/robot_ws/install/unitree_sdk2py/lib/python3.12/site-packages/unitree_sdk2py/idl/builtin_interfaces/msg/dds_/__init__.py to __init__.cpython-312.pyc
[0.781s] byte-compiling /home/alemany/robot_ws/install/unitree_sdk2py/lib/python3.12/site-packages/unitree_sdk2py/idl/builtin_interfaces/msg/__init__.py to __init__.cpython-312.pyc
[0.781s] byte-compiling /home/alemany/robot_ws/install/unitree_sdk2py/lib/python3.12/site-packages/unitree_sdk2py/idl/builtin_interfaces/__init__.py to __init__.cpython-312.pyc
[0.781s] byte-compiling /home/alemany/robot_ws/install/unitree_sdk2py/lib/python3.12/site-packages/unitree_sdk2py/idl/unitree_hg/msg/dds_/_HandCmd_.py to _HandCmd_.cpython-312.pyc
[0.782s] byte-compiling /home/alemany/robot_ws/install/unitree_sdk2py/lib/python3.12/site-packages/unitree_sdk2py/idl/unitree_hg/msg/dds_/_PressSensorState_.py to _PressSensorState_.cpython-312.pyc
[0.782s] byte-compiling /home/alemany/robot_ws/install/unitree_sdk2py/lib/python3.12/site-packages/unitree_sdk2py/idl/unitree_hg/msg/dds_/_LowState_.py to _LowState_.cpython-312.pyc
[0.782s] byte-compiling /home/alemany/robot_ws/install/unitree_sdk2py/lib/python3.12/site-packages/unitree_sdk2py/idl/unitree_hg/msg/dds_/_HandState_.py to _HandState_.cpython-312.pyc
[0.782s] byte-compiling /home/alemany/robot_ws/install/unitree_sdk2py/lib/python3.12/site-packages/unitree_sdk2py/idl/unitree_hg/msg/dds_/_MainBoardState_.py to _MainBoardState_.cpython-312.pyc
[0.782s] byte-compiling /home/alemany/robot_ws/install/unitree_sdk2py/lib/python3.12/site-packages/unitree_sdk2py/idl/unitree_hg/msg/dds_/_LowCmd_.py to _LowCmd_.cpython-312.pyc
[0.782s] byte-compiling /home/alemany/robot_ws/install/unitree_sdk2py/lib/python3.12/site-packages/unitree_sdk2py/idl/unitree_hg/msg/dds_/_BmsCmd_.py to _BmsCmd_.cpython-312.pyc
[0.782s] byte-compiling /home/alemany/robot_ws/install/unitree_sdk2py/lib/python3.12/site-packages/unitree_sdk2py/idl/unitree_hg/msg/dds_/_BmsState_.py to _BmsState_.cpython-312.pyc
[0.782s] byte-compiling /home/alemany/robot_ws/install/unitree_sdk2py/lib/python3.12/site-packages/unitree_sdk2py/idl/unitree_hg/msg/dds_/_MotorCmd_.py to _MotorCmd_.cpython-312.pyc
[0.782s] byte-compiling /home/alemany/robot_ws/install/unitree_sdk2py/lib/python3.12/site-packages/unitree_sdk2py/idl/unitree_hg/msg/dds_/_IMUState_.py to _IMUState_.cpython-312.pyc
[0.783s] byte-compiling /home/alemany/robot_ws/install/unitree_sdk2py/lib/python3.12/site-packages/unitree_sdk2py/idl/unitree_hg/msg/dds_/_MotorState_.py to _MotorState_.cpython-312.pyc
[0.783s] byte-compiling /home/alemany/robot_ws/install/unitree_sdk2py/lib/python3.12/site-packages/unitree_sdk2py/idl/unitree_hg/msg/dds_/__init__.py to __init__.cpython-312.pyc
[0.783s] byte-compiling /home/alemany/robot_ws/install/unitree_sdk2py/lib/python3.12/site-packages/unitree_sdk2py/idl/unitree_hg/msg/__init__.py to __init__.cpython-312.pyc
[0.783s] byte-compiling /home/alemany/robot_ws/install/unitree_sdk2py/lib/python3.12/site-packages/unitree_sdk2py/idl/unitree_hg/__init__.py to __init__.cpython-312.pyc
[0.783s] byte-compiling /home/alemany/robot_ws/install/unitree_sdk2py/lib/python3.12/site-packages/unitree_sdk2py/idl/unitree_go/msg/dds_/_MotorCmds_.py to _MotorCmds_.cpython-312.pyc
[0.783s] byte-compiling /home/alemany/robot_ws/install/unitree_sdk2py/lib/python3.12/site-packages/unitree_sdk2py/idl/unitree_go/msg/dds_/_Res_.py to _Res_.cpython-312.pyc
[0.783s] byte-compiling /home/alemany/robot_ws/install/unitree_sdk2py/lib/python3.12/site-packages/unitree_sdk2py/idl/unitree_go/msg/dds_/_TimeSpec_.py to _TimeSpec_.cpython-312.pyc
[0.783s] byte-compiling /home/alemany/robot_ws/install/unitree_sdk2py/lib/python3.12/site-packages/unitree_sdk2py/idl/unitree_go/msg/dds_/_UwbSwitch_.py to _UwbSwitch_.cpython-312.pyc
[0.784s] byte-compiling /home/alemany/robot_ws/install/unitree_sdk2py/lib/python3.12/site-packages/unitree_sdk2py/idl/unitree_go/msg/dds_/_PathPoint_.py to _PathPoint_.cpython-312.pyc
[0.784s] byte-compiling /home/alemany/robot_ws/install/unitree_sdk2py/lib/python3.12/site-packages/unitree_sdk2py/idl/unitree_go/msg/dds_/_HeightMap_.py to _HeightMap_.cpython-312.pyc
[0.784s] byte-compiling /home/alemany/robot_ws/install/unitree_sdk2py/lib/python3.12/site-packages/unitree_sdk2py/idl/unitree_go/msg/dds_/_LowState_.py to _LowState_.cpython-312.pyc
[0.784s] byte-compiling /home/alemany/robot_ws/install/unitree_sdk2py/lib/python3.12/site-packages/unitree_sdk2py/idl/unitree_go/msg/dds_/_Req_.py to _Req_.cpython-312.pyc
[0.784s] byte-compiling /home/alemany/robot_ws/install/unitree_sdk2py/lib/python3.12/site-packages/unitree_sdk2py/idl/unitree_go/msg/dds_/_AudioData_.py to _AudioData_.cpython-312.pyc
[0.784s] byte-compiling /home/alemany/robot_ws/install/unitree_sdk2py/lib/python3.12/site-packages/unitree_sdk2py/idl/unitree_go/msg/dds_/_UwbState_.py to _UwbState_.cpython-312.pyc
[0.784s] byte-compiling /home/alemany/robot_ws/install/unitree_sdk2py/lib/python3.12/site-packages/unitree_sdk2py/idl/unitree_go/msg/dds_/_LidarState_.py to _LidarState_.cpython-312.pyc
[0.784s] byte-compiling /home/alemany/robot_ws/install/unitree_sdk2py/lib/python3.12/site-packages/unitree_sdk2py/idl/unitree_go/msg/dds_/_LowCmd_.py to _LowCmd_.cpython-312.pyc
[0.785s] byte-compiling /home/alemany/robot_ws/install/unitree_sdk2py/lib/python3.12/site-packages/unitree_sdk2py/idl/unitree_go/msg/dds_/_Go2FrontVideoData_.py to _Go2FrontVideoData_.cpython-312.pyc
[0.785s] byte-compiling /home/alemany/robot_ws/install/unitree_sdk2py/lib/python3.12/site-packages/unitree_sdk2py/idl/unitree_go/msg/dds_/_SportModeState_.py to _SportModeState_.cpython-312.pyc
[0.785s] byte-compiling /home/alemany/robot_ws/install/unitree_sdk2py/lib/python3.12/site-packages/unitree_sdk2py/idl/unitree_go/msg/dds_/_WirelessController_.py to _WirelessController_.cpython-312.pyc
[0.785s] byte-compiling /home/alemany/robot_ws/install/unitree_sdk2py/lib/python3.12/site-packages/unitree_sdk2py/idl/unitree_go/msg/dds_/_BmsCmd_.py to _BmsCmd_.cpython-312.pyc
[0.785s] byte-compiling /home/alemany/robot_ws/install/unitree_sdk2py/lib/python3.12/site-packages/unitree_sdk2py/idl/unitree_go/msg/dds_/_BmsState_.py to _BmsState_.cpython-312.pyc
[0.785s] byte-compiling /home/alemany/robot_ws/install/unitree_sdk2py/lib/python3.12/site-packages/unitree_sdk2py/idl/unitree_go/msg/dds_/_InterfaceConfig_.py to _InterfaceConfig_.cpython-312.pyc
[0.785s] byte-compiling /home/alemany/robot_ws/install/unitree_sdk2py/lib/python3.12/site-packages/unitree_sdk2py/idl/unitree_go/msg/dds_/_MotorCmd_.py to _MotorCmd_.cpython-312.pyc
[0.786s] byte-compiling /home/alemany/robot_ws/install/unitree_sdk2py/lib/python3.12/site-packages/unitree_sdk2py/idl/unitree_go/msg/dds_/_MotorStates_.py to _MotorStates_.cpython-312.pyc
[0.786s] byte-compiling /home/alemany/robot_ws/install/unitree_sdk2py/lib/python3.12/site-packages/unitree_sdk2py/idl/unitree_go/msg/dds_/_IMUState_.py to _IMUState_.cpython-312.pyc
[0.786s] byte-compiling /home/alemany/robot_ws/install/unitree_sdk2py/lib/python3.12/site-packages/unitree_sdk2py/idl/unitree_go/msg/dds_/_MotorState_.py to _MotorState_.cpython-312.pyc
[0.786s] byte-compiling /home/alemany/robot_ws/install/unitree_sdk2py/lib/python3.12/site-packages/unitree_sdk2py/idl/unitree_go/msg/dds_/_Error_.py to _Error_.cpython-312.pyc
[0.786s] byte-compiling /home/alemany/robot_ws/install/unitree_sdk2py/lib/python3.12/site-packages/unitree_sdk2py/idl/unitree_go/msg/dds_/__init__.py to __init__.cpython-312.pyc
[0.786s] byte-compiling /home/alemany/robot_ws/install/unitree_sdk2py/lib/python3.12/site-packages/unitree_sdk2py/idl/unitree_go/msg/__init__.py to __init__.cpython-312.pyc
[0.786s] byte-compiling /home/alemany/robot_ws/install/unitree_sdk2py/lib/python3.12/site-packages/unitree_sdk2py/idl/unitree_go/__init__.py to __init__.cpython-312.pyc
[0.786s] byte-compiling /home/alemany/robot_ws/install/unitree_sdk2py/lib/python3.12/site-packages/unitree_sdk2py/idl/geometry_msgs/msg/dds_/_Twist_.py to _Twist_.cpython-312.pyc
[0.787s] byte-compiling /home/alemany/robot_ws/install/unitree_sdk2py/lib/python3.12/site-packages/unitree_sdk2py/idl/geometry_msgs/msg/dds_/_TwistWithCovariance_.py to _TwistWithCovariance_.cpython-312.pyc
[0.787s] byte-compiling /home/alemany/robot_ws/install/unitree_sdk2py/lib/python3.12/site-packages/unitree_sdk2py/idl/geometry_msgs/msg/dds_/_Point32_.py to _Point32_.cpython-312.pyc
[0.787s] byte-compiling /home/alemany/robot_ws/install/unitree_sdk2py/lib/python3.12/site-packages/unitree_sdk2py/idl/geometry_msgs/msg/dds_/_Point_.py to _Point_.cpython-312.pyc
[0.787s] byte-compiling /home/alemany/robot_ws/install/unitree_sdk2py/lib/python3.12/site-packages/unitree_sdk2py/idl/geometry_msgs/msg/dds_/_Vector3_.py to _Vector3_.cpython-312.pyc
[0.787s] byte-compiling /home/alemany/robot_ws/install/unitree_sdk2py/lib/python3.12/site-packages/unitree_sdk2py/idl/geometry_msgs/msg/dds_/_TwistWithCovarianceStamped_.py to _TwistWithCovarianceStamped_.cpython-312.pyc
[0.787s] byte-compiling /home/alemany/robot_ws/install/unitree_sdk2py/lib/python3.12/site-packages/unitree_sdk2py/idl/geometry_msgs/msg/dds_/_PoseStamped_.py to _PoseStamped_.cpython-312.pyc
[0.787s] byte-compiling /home/alemany/robot_ws/install/unitree_sdk2py/lib/python3.12/site-packages/unitree_sdk2py/idl/geometry_msgs/msg/dds_/_QuaternionStamped_.py to _QuaternionStamped_.cpython-312.pyc
[0.787s] byte-compiling /home/alemany/robot_ws/install/unitree_sdk2py/lib/python3.12/site-packages/unitree_sdk2py/idl/geometry_msgs/msg/dds_/_PoseWithCovarianceStamped_.py to _PoseWithCovarianceStamped_.cpython-312.pyc
[0.788s] byte-compiling /home/alemany/robot_ws/install/unitree_sdk2py/lib/python3.12/site-packages/unitree_sdk2py/idl/geometry_msgs/msg/dds_/_PoseWithCovariance_.py to _PoseWithCovariance_.cpython-312.pyc
[0.789s] byte-compiling /home/alemany/robot_ws/install/unitree_sdk2py/lib/python3.12/site-packages/unitree_sdk2py/idl/geometry_msgs/msg/dds_/_PointStamped_.py to _PointStamped_.cpython-312.pyc
[0.789s] byte-compiling /home/alemany/robot_ws/install/unitree_sdk2py/lib/python3.12/site-packages/unitree_sdk2py/idl/geometry_msgs/msg/dds_/_Quaternion_.py to _Quaternion_.cpython-312.pyc
[0.789s] byte-compiling /home/alemany/robot_ws/install/unitree_sdk2py/lib/python3.12/site-packages/unitree_sdk2py/idl/geometry_msgs/msg/dds_/_TwistStamped_.py to _TwistStamped_.cpython-312.pyc
[0.790s] byte-compiling /home/alemany/robot_ws/install/unitree_sdk2py/lib/python3.12/site-packages/unitree_sdk2py/idl/geometry_msgs/msg/dds_/_Pose_.py to _Pose_.cpython-312.pyc
[0.790s] byte-compiling /home/alemany/robot_ws/install/unitree_sdk2py/lib/python3.12/site-packages/unitree_sdk2py/idl/geometry_msgs/msg/dds_/_Pose2D_.py to _Pose2D_.cpython-312.pyc
[0.790s] byte-compiling /home/alemany/robot_ws/install/unitree_sdk2py/lib/python3.12/site-packages/unitree_sdk2py/idl/geometry_msgs/msg/dds_/__init__.py to __init__.cpython-312.pyc
[0.790s] byte-compiling /home/alemany/robot_ws/install/unitree_sdk2py/lib/python3.12/site-packages/unitree_sdk2py/idl/geometry_msgs/msg/__init__.py to __init__.cpython-312.pyc
[0.790s] byte-compiling /home/alemany/robot_ws/install/unitree_sdk2py/lib/python3.12/site-packages/unitree_sdk2py/idl/geometry_msgs/__init__.py to __init__.cpython-312.pyc
[0.790s] byte-compiling /home/alemany/robot_ws/install/unitree_sdk2py/lib/python3.12/site-packages/unitree_sdk2py/idl/sensor_msgs/msg/dds_/PointField_Constants/_PointField_.py to _PointField_.cpython-312.pyc
[0.790s] byte-compiling /home/alemany/robot_ws/install/unitree_sdk2py/lib/python3.12/site-packages/unitree_sdk2py/idl/sensor_msgs/msg/dds_/PointField_Constants/__init__.py to __init__.cpython-312.pyc
[0.790s] byte-compiling /home/alemany/robot_ws/install/unitree_sdk2py/lib/python3.12/site-packages/unitree_sdk2py/idl/sensor_msgs/msg/dds_/_PointCloud2_.py to _PointCloud2_.cpython-312.pyc
[0.791s] byte-compiling /home/alemany/robot_ws/install/unitree_sdk2py/lib/python3.12/site-packages/unitree_sdk2py/idl/sensor_msgs/msg/dds_/_PointField_.py to _PointField_.cpython-312.pyc
[0.791s] byte-compiling /home/alemany/robot_ws/install/unitree_sdk2py/lib/python3.12/site-packages/unitree_sdk2py/idl/sensor_msgs/msg/dds_/__init__.py to __init__.cpython-312.pyc
[0.791s] byte-compiling /home/alemany/robot_ws/install/unitree_sdk2py/lib/python3.12/site-packages/unitree_sdk2py/idl/sensor_msgs/msg/__init__.py to __init__.cpython-312.pyc
[0.791s] byte-compiling /home/alemany/robot_ws/install/unitree_sdk2py/lib/python3.12/site-packages/unitree_sdk2py/idl/sensor_msgs/__init__.py to __init__.cpython-312.pyc
[0.791s] byte-compiling /home/alemany/robot_ws/install/unitree_sdk2py/lib/python3.12/site-packages/unitree_sdk2py/idl/std_msgs/msg/dds_/_Header_.py to _Header_.cpython-312.pyc
[0.791s] byte-compiling /home/alemany/robot_ws/install/unitree_sdk2py/lib/python3.12/site-packages/unitree_sdk2py/idl/std_msgs/msg/dds_/_String_.py to _String_.cpython-312.pyc
[0.791s] byte-compiling /home/alemany/robot_ws/install/unitree_sdk2py/lib/python3.12/site-packages/unitree_sdk2py/idl/std_msgs/msg/dds_/__init__.py to __init__.cpython-312.pyc
[0.791s] byte-compiling /home/alemany/robot_ws/install/unitree_sdk2py/lib/python3.12/site-packages/unitree_sdk2py/idl/std_msgs/msg/__init__.py to __init__.cpython-312.pyc
[0.791s] byte-compiling /home/alemany/robot_ws/install/unitree_sdk2py/lib/python3.12/site-packages/unitree_sdk2py/idl/std_msgs/__init__.py to __init__.cpython-312.pyc
[0.791s] byte-compiling /home/alemany/robot_ws/install/unitree_sdk2py/lib/python3.12/site-packages/unitree_sdk2py/idl/default.py to default.cpython-312.pyc
[0.791s] byte-compiling /home/alemany/robot_ws/install/unitree_sdk2py/lib/python3.12/site-packages/unitree_sdk2py/idl/unitree_api/msg/dds_/_ResponseStatus_.py to _ResponseStatus_.cpython-312.pyc
[0.792s] byte-compiling /home/alemany/robot_ws/install/unitree_sdk2py/lib/python3.12/site-packages/unitree_sdk2py/idl/unitree_api/msg/dds_/_RequestHeader_.py to _RequestHeader_.cpython-312.pyc
[0.792s] byte-compiling /home/alemany/robot_ws/install/unitree_sdk2py/lib/python3.12/site-packages/unitree_sdk2py/idl/unitree_api/msg/dds_/_RequestPolicy_.py to _RequestPolicy_.cpython-312.pyc
[0.792s] byte-compiling /home/alemany/robot_ws/install/unitree_sdk2py/lib/python3.12/site-packages/unitree_sdk2py/idl/unitree_api/msg/dds_/_Request_.py to _Request_.cpython-312.pyc
[0.792s] byte-compiling /home/alemany/robot_ws/install/unitree_sdk2py/lib/python3.12/site-packages/unitree_sdk2py/idl/unitree_api/msg/dds_/_Response_.py to _Response_.cpython-312.pyc
[0.792s] byte-compiling /home/alemany/robot_ws/install/unitree_sdk2py/lib/python3.12/site-packages/unitree_sdk2py/idl/unitree_api/msg/dds_/_RequestLease_.py to _RequestLease_.cpython-312.pyc
[0.792s] byte-compiling /home/alemany/robot_ws/install/unitree_sdk2py/lib/python3.12/site-packages/unitree_sdk2py/idl/unitree_api/msg/dds_/_ResponseHeader_.py to _ResponseHeader_.cpython-312.pyc
[0.792s] byte-compiling /home/alemany/robot_ws/install/unitree_sdk2py/lib/python3.12/site-packages/unitree_sdk2py/idl/unitree_api/msg/dds_/_RequestIdentity_.py to _RequestIdentity_.cpython-312.pyc
[0.792s] byte-compiling /home/alemany/robot_ws/install/unitree_sdk2py/lib/python3.12/site-packages/unitree_sdk2py/idl/unitree_api/msg/dds_/__init__.py to __init__.cpython-312.pyc
[0.792s] byte-compiling /home/alemany/robot_ws/install/unitree_sdk2py/lib/python3.12/site-packages/unitree_sdk2py/idl/unitree_api/msg/__init__.py to __init__.cpython-312.pyc
[0.793s] byte-compiling /home/alemany/robot_ws/install/unitree_sdk2py/lib/python3.12/site-packages/unitree_sdk2py/idl/unitree_api/__init__.py to __init__.cpython-312.pyc
[0.793s] byte-compiling /home/alemany/robot_ws/install/unitree_sdk2py/lib/python3.12/site-packages/unitree_sdk2py/idl/nav_msgs/msg/dds_/_MapMetaData_.py to _MapMetaData_.cpython-312.pyc
[0.793s] byte-compiling /home/alemany/robot_ws/install/unitree_sdk2py/lib/python3.12/site-packages/unitree_sdk2py/idl/nav_msgs/msg/dds_/_OccupancyGrid_.py to _OccupancyGrid_.cpython-312.pyc
[0.793s] byte-compiling /home/alemany/robot_ws/install/unitree_sdk2py/lib/python3.12/site-packages/unitree_sdk2py/idl/nav_msgs/msg/dds_/_Odometry_.py to _Odometry_.cpython-312.pyc
[0.793s] byte-compiling /home/alemany/robot_ws/install/unitree_sdk2py/lib/python3.12/site-packages/unitree_sdk2py/idl/nav_msgs/msg/dds_/__init__.py to __init__.cpython-312.pyc
[0.793s] byte-compiling /home/alemany/robot_ws/install/unitree_sdk2py/lib/python3.12/site-packages/unitree_sdk2py/idl/nav_msgs/msg/__init__.py to __init__.cpython-312.pyc
[0.793s] byte-compiling /home/alemany/robot_ws/install/unitree_sdk2py/lib/python3.12/site-packages/unitree_sdk2py/idl/nav_msgs/__init__.py to __init__.cpython-312.pyc
[0.793s] byte-compiling /home/alemany/robot_ws/install/unitree_sdk2py/lib/python3.12/site-packages/unitree_sdk2py/idl/__init__.py to __init__.cpython-312.pyc
[0.793s] byte-compiling /home/alemany/robot_ws/install/unitree_sdk2py/lib/python3.12/site-packages/unitree_sdk2py/go2/robot_state/robot_state_api.py to robot_state_api.cpython-312.pyc
[0.793s] byte-compiling /home/alemany/robot_ws/install/unitree_sdk2py/lib/python3.12/site-packages/unitree_sdk2py/go2/robot_state/robot_state_client.py to robot_state_client.cpython-312.pyc
[0.794s] byte-compiling /home/alemany/robot_ws/install/unitree_sdk2py/lib/python3.12/site-packages/unitree_sdk2py/go2/robot_state/__init__.py to __init__.cpython-312.pyc
[0.794s] byte-compiling /home/alemany/robot_ws/install/unitree_sdk2py/lib/python3.12/site-packages/unitree_sdk2py/go2/obstacles_avoid/obstacles_avoid_client.py to obstacles_avoid_client.cpython-312.pyc
[0.794s] byte-compiling /home/alemany/robot_ws/install/unitree_sdk2py/lib/python3.12/site-packages/unitree_sdk2py/go2/obstacles_avoid/obstacles_avoid_api.py to obstacles_avoid_api.cpython-312.pyc
[0.794s] byte-compiling /home/alemany/robot_ws/install/unitree_sdk2py/lib/python3.12/site-packages/unitree_sdk2py/go2/obstacles_avoid/__init__.py to __init__.cpython-312.pyc
[0.794s] byte-compiling /home/alemany/robot_ws/install/unitree_sdk2py/lib/python3.12/site-packages/unitree_sdk2py/go2/sport/sport_api.py to sport_api.cpython-312.pyc
[0.795s] byte-compiling /home/alemany/robot_ws/install/unitree_sdk2py/lib/python3.12/site-packages/unitree_sdk2py/go2/sport/sport_client.py to sport_client.cpython-312.pyc
[0.796s] byte-compiling /home/alemany/robot_ws/install/unitree_sdk2py/lib/python3.12/site-packages/unitree_sdk2py/go2/sport/__init__.py to __init__.cpython-312.pyc
[0.796s] byte-compiling /home/alemany/robot_ws/install/unitree_sdk2py/lib/python3.12/site-packages/unitree_sdk2py/go2/video/video_client.py to video_client.cpython-312.pyc
[0.796s] byte-compiling /home/alemany/robot_ws/install/unitree_sdk2py/lib/python3.12/site-packages/unitree_sdk2py/go2/video/video_api.py to video_api.cpython-312.pyc
[0.796s] byte-compiling /home/alemany/robot_ws/install/unitree_sdk2py/lib/python3.12/site-packages/unitree_sdk2py/go2/video/__init__.py to __init__.cpython-312.pyc
[0.797s] byte-compiling /home/alemany/robot_ws/install/unitree_sdk2py/lib/python3.12/site-packages/unitree_sdk2py/go2/vui/vui_api.py to vui_api.cpython-312.pyc
[0.797s] byte-compiling /home/alemany/robot_ws/install/unitree_sdk2py/lib/python3.12/site-packages/unitree_sdk2py/go2/vui/vui_client.py to vui_client.cpython-312.pyc
[0.797s] byte-compiling /home/alemany/robot_ws/install/unitree_sdk2py/lib/python3.12/site-packages/unitree_sdk2py/go2/vui/__init__.py to __init__.cpython-312.pyc
[0.797s] byte-compiling /home/alemany/robot_ws/install/unitree_sdk2py/lib/python3.12/site-packages/unitree_sdk2py/go2/__init__.py to __init__.cpython-312.pyc
[0.797s] byte-compiling /home/alemany/robot_ws/install/unitree_sdk2py/lib/python3.12/site-packages/unitree_sdk2py/rpc/server_base.py to server_base.cpython-312.pyc
[0.797s] byte-compiling /home/alemany/robot_ws/install/unitree_sdk2py/lib/python3.12/site-packages/unitree_sdk2py/rpc/client.py to client.cpython-312.pyc
[0.798s] byte-compiling /home/alemany/robot_ws/install/unitree_sdk2py/lib/python3.12/site-packages/unitree_sdk2py/rpc/internal.py to internal.cpython-312.pyc
[0.798s] byte-compiling /home/alemany/robot_ws/install/unitree_sdk2py/lib/python3.12/site-packages/unitree_sdk2py/rpc/lease_server.py to lease_server.cpython-312.pyc
[0.799s] byte-compiling /home/alemany/robot_ws/install/unitree_sdk2py/lib/python3.12/site-packages/unitree_sdk2py/rpc/client_base.py to client_base.cpython-312.pyc
[0.799s] byte-compiling /home/alemany/robot_ws/install/unitree_sdk2py/lib/python3.12/site-packages/unitree_sdk2py/rpc/request_future.py to request_future.cpython-312.pyc
[0.800s] byte-compiling /home/alemany/robot_ws/install/unitree_sdk2py/lib/python3.12/site-packages/unitree_sdk2py/rpc/client_stub.py to client_stub.cpython-312.pyc
[0.800s] byte-compiling /home/alemany/robot_ws/install/unitree_sdk2py/lib/python3.12/site-packages/unitree_sdk2py/rpc/lease_client.py to lease_client.cpython-312.pyc
[0.800s] byte-compiling /home/alemany/robot_ws/install/unitree_sdk2py/lib/python3.12/site-packages/unitree_sdk2py/rpc/server_stub.py to server_stub.cpython-312.pyc
[0.801s] byte-compiling /home/alemany/robot_ws/install/unitree_sdk2py/lib/python3.12/site-packages/unitree_sdk2py/rpc/server.py to server.cpython-312.pyc
[0.801s] byte-compiling /home/alemany/robot_ws/install/unitree_sdk2py/lib/python3.12/site-packages/unitree_sdk2py/rpc/__init__.py to __init__.cpython-312.pyc
[0.802s] byte-compiling /home/alemany/robot_ws/install/unitree_sdk2py/lib/python3.12/site-packages/unitree_sdk2py/utils/future.py to future.cpython-312.pyc
[0.802s] byte-compiling /home/alemany/robot_ws/install/unitree_sdk2py/lib/python3.12/site-packages/unitree_sdk2py/utils/hz_sample.py to hz_sample.cpython-312.pyc
[0.802s] byte-compiling /home/alemany/robot_ws/install/unitree_sdk2py/lib/python3.12/site-packages/unitree_sdk2py/utils/singleton.py to singleton.cpython-312.pyc
[0.802s] byte-compiling /home/alemany/robot_ws/install/unitree_sdk2py/lib/python3.12/site-packages/unitree_sdk2py/utils/bqueue.py to bqueue.cpython-312.pyc
[0.803s] byte-compiling /home/alemany/robot_ws/install/unitree_sdk2py/lib/python3.12/site-packages/unitree_sdk2py/utils/crc.py to crc.cpython-312.pyc
[0.804s] byte-compiling /home/alemany/robot_ws/install/unitree_sdk2py/lib/python3.12/site-packages/unitree_sdk2py/utils/clib_lookup.py to clib_lookup.cpython-312.pyc
[0.804s] byte-compiling /home/alemany/robot_ws/install/unitree_sdk2py/lib/python3.12/site-packages/unitree_sdk2py/utils/timerfd.py to timerfd.cpython-312.pyc
[0.804s] byte-compiling /home/alemany/robot_ws/install/unitree_sdk2py/lib/python3.12/site-packages/unitree_sdk2py/utils/thread.py to thread.cpython-312.pyc
[0.805s] byte-compiling /home/alemany/robot_ws/install/unitree_sdk2py/lib/python3.12/site-packages/unitree_sdk2py/utils/joystick.py to joystick.cpython-312.pyc
[0.806s] byte-compiling /home/alemany/robot_ws/install/unitree_sdk2py/lib/python3.12/site-packages/unitree_sdk2py/utils/__init__.py to __init__.cpython-312.pyc
[0.806s] byte-compiling /home/alemany/robot_ws/install/unitree_sdk2py/lib/python3.12/site-packages/unitree_sdk2py/__init__.py to __init__.cpython-312.pyc
[0.806s] running install_egg_info
[0.819s] Copying ../../build/unitree_sdk2py/unitree_sdk2py.egg-info to /home/alemany/robot_ws/install/unitree_sdk2py/lib/python3.12/site-packages/unitree_sdk2py-1.0.1-py3.12.egg-info
[0.820s] running install_scripts
[0.894s] writing list of installed files to '/home/alemany/robot_ws/build/unitree_sdk2py/install.log'
[0.909s] Invoked command in '/home/alemany/robot_ws/src/unitree_sdk2_python' returned '0': DEBUGINFOD_URLS=https://debuginfod.ubuntu.com PYTHONPATH=/home/alemany/robot_ws/build/unitree_sdk2py/prefix_override:/usr/lib/python3/dist-packages/colcon_core/task/python/colcon_distutils_commands:/home/alemany/robot_ws/install/unitree_sdk2py/lib/python3.12/site-packages:${PYTHONPATH} VIRTUAL_ENV_PROMPT=(venv-ardupilot) /usr/bin/python3 -W ignore:setup.py install is deprecated -W ignore:easy_install command is deprecated setup.py egg_info --egg-base ../../build/unitree_sdk2py build --build-base /home/alemany/robot_ws/build/unitree_sdk2py/build install --record /home/alemany/robot_ws/build/unitree_sdk2py/install.log --single-version-externally-managed
