-- The C compiler identification is GNU 13.3.0
-- The CXX compiler identification is GNU 13.3.0
-- Detecting C compiler ABI info
-- Detecting C compiler ABI info - done
-- Check for working C compiler: /usr/lib/ccache/cc - skipped
-- Detecting C compile features
-- Detecting C compile features - done
-- Detecting CXX compiler ABI info
-- Detecting CXX compiler ABI info - done
-- Check for working CXX compiler: /usr/lib/ccache/c++ - skipped
-- Detecting CXX compile features
-- Detecting CXX compile features - done
-- Found ament_cmake: 2.5.5 (/opt/ros/jazzy/share/ament_cmake/cmake)
-- Found Python3: /home/alemany/venv-ardupilot/bin/python3 (found version "3.12.3") found components: Interpreter 
-- Found unitree_go: 0.0.0 (/home/alemany/robot_ws/install/unitree_go/share/unitree_go/cmake)
-- Found rosidl_generator_c: 4.6.7 (/opt/ros/jazzy/share/rosidl_generator_c/cmake)
-- Found rosidl_generator_cpp: 4.6.7 (/opt/ros/jazzy/share/rosidl_generator_cpp/cmake)
-- Using all available rosidl_typesupport_c: rosidl_typesupport_fastrtps_c;rosidl_typesupport_introspection_c
-- Using all available rosidl_typesupport_cpp: rosidl_typesupport_fastrtps_cpp;rosidl_typesupport_introspection_cpp
-- Found unitree_hg: 0.0.0 (/home/alemany/robot_ws/install/unitree_hg/share/unitree_hg/cmake)
-- Found unitree_api: 0.0.0 (/home/alemany/robot_ws/install/unitree_api/share/unitree_api/cmake)
-- Found rclcpp: 28.1.16 (/opt/ros/jazzy/share/rclcpp/cmake)
-- Found rmw_implementation_cmake: 7.3.3 (/opt/ros/jazzy/share/rmw_implementation_cmake/cmake)
-- Found rmw_fastrtps_cpp: 8.4.3 (/opt/ros/jazzy/share/rmw_fastrtps_cpp/cmake)
-- Found OpenSSL: /home/linuxbrew/.linuxbrew/Cellar/openssl@3/3.6.0/lib/libcrypto.so (found version "3.6.0")  
-- Found FastRTPS: /opt/ros/jazzy/include (Required is at least version "2.13") 
-- Using RMW implementation 'rmw_fastrtps_cpp' as default
-- Found rosbag2_cpp: 0.26.9 (/opt/ros/jazzy/share/rosbag2_cpp/cmake)
-- Setting yaml-cpp_DIR to: '/opt/ros/jazzy/share/yaml_cpp_vendor/cmake/../../../opt/yaml_cpp_vendor/share/cmake/yaml-cpp'
-- Found yaml-cpp version 0.8.0
-- Found ament_lint_auto: 0.17.4 (/opt/ros/jazzy/share/ament_lint_auto/cmake)
-- Added test 'copyright' to check source files copyright and LICENSE
-- Added test 'cppcheck' to perform static code analysis on C / C++ code
-- Configured cppcheck include dirs: /home/alemany/robot_ws/src/unitree_ros2/example/src/include;/home/alemany/robot_ws/src/unitree_ros2/example/src/include/common;/home/alemany/robot_ws/src/unitree_ros2/example/src/include/nlohmann
-- Configured cppcheck exclude dirs and/or files: 
-- Added test 'cpplint' to check C / C++ code against the Google style
-- Configured cpplint exclude dirs and/or files: 
-- Added test 'lint_cmake' to check CMake code style
-- Added test 'uncrustify' to check C / C++ code style
-- Configured uncrustify additional arguments: 
-- Added test 'xmllint' to check XML markup files
-- Configuring done (1.2s)
-- Generating done (0.0s)
-- Build files have been written to: /home/alemany/robot_ws/build/unitree_ros2_example
[  5%] [32mBuilding CXX object CMakeFiles/read_low_state.dir/src/read_low_state.cpp.o[0m
[  5%] [32mBuilding CXX object CMakeFiles/g1_dex3_example.dir/src/common/motor_crc.cpp.o[0m
[  5%] [32mBuilding CXX object CMakeFiles/read_wireless_controller.dir/src/read_wireless_controller.cpp.o[0m
[  6%] [32mBuilding CXX object CMakeFiles/b2w_stand_example.dir/src/common/motor_crc.cpp.o[0m
[  8%] [32mBuilding CXX object CMakeFiles/g1_dex3_example.dir/src/g1/dex3/g1_dex3_example.cpp.o[0m
[ 12%] [32mBuilding CXX object CMakeFiles/go2_robot_state_client.dir/src/go2/go2_robot_state_client.cpp.o[0m
[ 12%] [32mBuilding CXX object CMakeFiles/g1_audio_client_example.dir/src/g1/audio_client/g1_audio_client_example.cpp.o[0m
[ 13%] [32mBuilding CXX object CMakeFiles/go2_robot_state_client.dir/src/common/motor_crc.cpp.o[0m
[ 15%] [32mBuilding CXX object CMakeFiles/b2w_stand_example.dir/src/b2w/b2w_stand_example.cpp.o[0m
[ 17%] [32mBuilding CXX object CMakeFiles/go2_sport_client.dir/src/go2/go2_sport_client.cpp.o[0m
[ 18%] [32mBuilding CXX object CMakeFiles/go2_sport_client.dir/src/common/ros2_sport_client.cpp.o[0m
[ 20%] [32mBuilding CXX object CMakeFiles/g1_low_level_example.dir/src/g1/lowlevel/g1_low_level_example.cpp.o[0m
[ 22%] [32mBuilding CXX object CMakeFiles/g1_arm_sdk_dds_example.dir/src/g1/high_level/g1_arm_sdk_dds_example.cpp.o[0m
[ 25%] [32mBuilding CXX object CMakeFiles/g1_arm_sdk_dds_example.dir/src/common/motor_crc.cpp.o[0m
[ 25%] [32mBuilding CXX object CMakeFiles/low_level_ctrl_hg.dir/src/h1-2/lowlevel/low_level_ctrl_hg.cpp.o[0m
[ 29%] [32mBuilding CXX object CMakeFiles/low_level_ctrl.dir/src/common/motor_crc.cpp.o[0m
[ 29%] [32mBuilding CXX object CMakeFiles/read_motion_state.dir/src/read_motion_state.cpp.o[0m
[ 31%] [32mBuilding CXX object CMakeFiles/b2_sport_client.dir/src/b2/b2_sport_client.cpp.o[0m
[ 34%] [32mBuilding CXX object CMakeFiles/b2_stand_example.dir/src/b2/b2_stand_example.cpp.o[0m
[ 34%] [32mBuilding CXX object CMakeFiles/low_level_ctrl.dir/src/low_level_ctrl.cpp.o[0m
[ 36%] [32mBuilding CXX object CMakeFiles/b2_sport_client.dir/src/common/ros2_b2_sport_client.cpp.o[0m
[ 37%] [32mBuilding CXX object CMakeFiles/g1_arm_action_example.dir/src/g1/high_level/g1_arm_action_example.cpp.o[0m
[ 39%] [32mBuilding CXX object CMakeFiles/go2_stand_example.dir/src/go2/go2_stand_example.cpp.o[0m
[ 41%] [32mBuilding CXX object CMakeFiles/g1_ankle_swing_example.dir/src/g1/lowlevel/g1_ankle_swing_example.cpp.o[0m
[ 43%] [32mBuilding CXX object CMakeFiles/g1_loco_client_example.dir/src/g1/high_level/loco_client_example.cpp.o[0m
[ 44%] [32mBuilding CXX object CMakeFiles/g1_dual_arm_example.dir/src/g1/lowlevel/g1_dual_arm_example.cpp.o[0m
[ 46%] [32mBuilding CXX object CMakeFiles/read_low_state_hg.dir/src/read_low_state_hg.cpp.o[0m
[ 48%] [32mBuilding CXX object CMakeFiles/b2w_sport_client.dir/src/b2w/b2w_sport_client.cpp.o[0m
[ 50%] [32mBuilding CXX object CMakeFiles/go2_stand_example.dir/src/common/motor_crc.cpp.o[0m
[ 51%] [32mBuilding CXX object CMakeFiles/g1_dual_arm_example.dir/src/common/motor_crc_hg.cpp.o[0m
In file included from [01m[K/home/alemany/robot_ws/src/unitree_ros2/example/src/include/common/base_client.hpp:11[m[K,
                 from [01m[K/home/alemany/robot_ws/src/unitree_ros2/example/src/include/g1/g1_audio_client.hpp:6[m[K,
                 from [01m[K/home/alemany/robot_ws/src/unitree_ros2/example/src/src/g1/audio_client/g1_audio_client_example.cpp:11[m[K:
[01m[K/home/alemany/robot_ws/src/unitree_ros2/example/src/include/common/ut_errror.hpp:13:59:[m[K [01;35m[Kwarning: [m[Kbackslash-newline at end of file
   13 | #define UT_PRINT_ERR(code, error)                         \
      |                                                            
In file included from [01m[K/home/alemany/robot_ws/src/unitree_ros2/example/src/include/common/b2_base_client.hpp:16[m[K,
                 from [01m[K/home/alemany/robot_ws/src/unitree_ros2/example/src/include/b2/b2_motion_switch_client.hpp:11[m[K,
                 from [01m[K/home/alemany/robot_ws/src/unitree_ros2/example/src/src/b2w/b2w_stand_example.cpp:11[m[K:
[01m[K/home/alemany/robot_ws/src/unitree_ros2/example/src/include/common/ut_errror.hpp:13:59:[m[K [01;35m[Kwarning: [m[Kbackslash-newline at end of file
   13 | #define UT_PRINT_ERR(code, error)                         \
      |                                                            
In file included from [01m[K/home/alemany/robot_ws/src/unitree_ros2/example/src/include/common/b2_base_client.hpp:16[m[K,
                 from [01m[K/home/alemany/robot_ws/src/unitree_ros2/example/src/include/b2/b2_motion_switch_client.hpp:11[m[K,
                 from [01m[K/home/alemany/robot_ws/src/unitree_ros2/example/src/src/b2/b2_stand_example.cpp:11[m[K:
[01m[K/home/alemany/robot_ws/src/unitree_ros2/example/src/include/common/ut_errror.hpp:13:59:[m[K [01;35m[Kwarning: [m[Kbackslash-newline at end of file
   13 | #define UT_PRINT_ERR(code, error)                         \
      |                                                            
[ 55%] [32mBuilding CXX object CMakeFiles/low_level_ctrl_hg.dir/src/common/motor_crc_hg.cpp.o[0m
[ 55%] [32mBuilding CXX object CMakeFiles/b2_stand_example.dir/src/common/motor_crc.cpp.o[0m
[ 56%] [32m[1mLinking CXX executable low_level_ctrl[0m
In file included from [01m[K/home/alemany/robot_ws/src/unitree_ros2/example/src/src/g1/high_level/g1_arm_action_example.cpp:11[m[K:
[01m[K/home/alemany/robot_ws/src/unitree_ros2/example/src/include/common/ut_errror.hpp:13:59:[m[K [01;35m[Kwarning: [m[Kbackslash-newline at end of file
   13 | #define UT_PRINT_ERR(code, error)                         \
      |                                                            
[ 58%] [32mBuilding CXX object CMakeFiles/g1_low_level_example.dir/src/common/motor_crc_hg.cpp.o[0m
In file included from [01m[K/home/alemany/robot_ws/src/unitree_ros2/example/src/include/common/base_client.hpp:11[m[K,
                 from [01m[K/home/alemany/robot_ws/src/unitree_ros2/example/src/include/g1/g1_loco_client.hpp:10[m[K,
                 from [01m[K/home/alemany/robot_ws/src/unitree_ros2/example/src/src/g1/high_level/loco_client_example.cpp:3[m[K:
[01m[K/home/alemany/robot_ws/src/unitree_ros2/example/src/include/common/ut_errror.hpp:13:59:[m[K [01;35m[Kwarning: [m[Kbackslash-newline at end of file
   13 | #define UT_PRINT_ERR(code, error)                         \
      |                                                            
[ 60%] [32m[1mLinking CXX executable read_wireless_controller[0m
In file included from [01m[K/home/alemany/robot_ws/src/unitree_ros2/example/src/include/common/base_client.hpp:11[m[K,
                 from [01m[K/home/alemany/robot_ws/src/unitree_ros2/example/src/include/g1/g1_motion_switch_client.hpp:11[m[K,
                 from [01m[K/home/alemany/robot_ws/src/unitree_ros2/example/src/src/g1/lowlevel/g1_dual_arm_example.cpp:18[m[K:
[01m[K/home/alemany/robot_ws/src/unitree_ros2/example/src/include/common/ut_errror.hpp:13:59:[m[K [01;35m[Kwarning: [m[Kbackslash-newline at end of file
   13 | #define UT_PRINT_ERR(code, error)                         \
      |                                                            
[ 65%] [32mBuilding CXX object CMakeFiles/g1_arm_action_example.dir/src/common/motor_crc.cpp.o[0m
[ 65%] [32m[1mLinking CXX executable b2_sport_client[0m
[ 65%] [32mBuilding CXX object CMakeFiles/g1_ankle_swing_example.dir/src/common/motor_crc_hg.cpp.o[0m
[ 67%] [32mBuilding CXX object CMakeFiles/g1_loco_client_example.dir/src/common/motor_crc.cpp.o[0m
[ 68%] [32m[1mLinking CXX executable read_motion_state[0m
[ 70%] [32mBuilding CXX object CMakeFiles/b2w_sport_client.dir/src/common/ros2_b2_sport_client.cpp.o[0m
[ 72%] [32m[1mLinking CXX executable read_low_state[0m
[ 74%] [32m[1mLinking CXX executable g1_arm_sdk_dds_example[0m
[ 75%] [32m[1mLinking CXX executable g1_audio_client_example[0m
[ 77%] [32m[1mLinking CXX executable go2_stand_example[0m
[ 79%] [32m[1mLinking CXX executable read_low_state_hg[0m
[ 81%] [32m[1mLinking CXX executable b2w_stand_example[0m
[ 82%] [32m[1mLinking CXX executable low_level_ctrl_hg[0m
[ 84%] [32m[1mLinking CXX executable g1_dex3_example[0m
[ 86%] [32m[1mLinking CXX executable go2_robot_state_client[0m
[ 87%] [32m[1mLinking CXX executable g1_dual_arm_example[0m
[ 89%] [32m[1mLinking CXX executable go2_sport_client[0m
[ 91%] [32m[1mLinking CXX executable g1_low_level_example[0m
[ 93%] [32m[1mLinking CXX executable b2_stand_example[0m
[ 94%] [32m[1mLinking CXX executable g1_loco_client_example[0m
[ 96%] [32m[1mLinking CXX executable g1_ankle_swing_example[0m
[ 98%] [32m[1mLinking CXX executable g1_arm_action_example[0m
[100%] [32m[1mLinking CXX executable b2w_sport_client[0m
[100%] Built target b2w_sport_client
[100%] Built target low_level_ctrl
[100%] Built target b2_sport_client
[100%] Built target g1_arm_sdk_dds_example
[100%] Built target go2_stand_example
[100%] Built target g1_dex3_example
[100%] Built target go2_robot_state_client
[100%] Built target g1_arm_action_example
[100%] Built target g1_ankle_swing_example
[100%] Built target g1_loco_client_example
[100%] Built target read_low_state_hg
[100%] Built target read_low_state
[100%] Built target read_motion_state
[100%] Built target read_wireless_controller
[100%] Built target low_level_ctrl_hg
[100%] Built target g1_low_level_example
[100%] Built target g1_audio_client_example
[100%] Built target g1_dual_arm_example
[100%] Built target go2_sport_client
[100%] Built target b2w_stand_example
[100%] Built target b2_stand_example
-- Install configuration: ""
-- Installing: /home/alemany/robot_ws/install/unitree_ros2_example/bin/low_level_ctrl
-- Set non-toolchain portion of runtime path of "/home/alemany/robot_ws/install/unitree_ros2_example/bin/low_level_ctrl" to ""
-- Installing: /home/alemany/robot_ws/install/unitree_ros2_example/bin/low_level_ctrl_hg
-- Set non-toolchain portion of runtime path of "/home/alemany/robot_ws/install/unitree_ros2_example/bin/low_level_ctrl_hg" to ""
-- Installing: /home/alemany/robot_ws/install/unitree_ros2_example/bin/g1_low_level_example
-- Set non-toolchain portion of runtime path of "/home/alemany/robot_ws/install/unitree_ros2_example/bin/g1_low_level_example" to ""
-- Installing: /home/alemany/robot_ws/install/unitree_ros2_example/bin/read_low_state
-- Set non-toolchain portion of runtime path of "/home/alemany/robot_ws/install/unitree_ros2_example/bin/read_low_state" to ""
-- Installing: /home/alemany/robot_ws/install/unitree_ros2_example/bin/read_low_state_hg
-- Set non-toolchain portion of runtime path of "/home/alemany/robot_ws/install/unitree_ros2_example/bin/read_low_state_hg" to ""
-- Installing: /home/alemany/robot_ws/install/unitree_ros2_example/bin/read_motion_state
-- Set non-toolchain portion of runtime path of "/home/alemany/robot_ws/install/unitree_ros2_example/bin/read_motion_state" to ""
-- Installing: /home/alemany/robot_ws/install/unitree_ros2_example/bin/read_wireless_controller
-- Set non-toolchain portion of runtime path of "/home/alemany/robot_ws/install/unitree_ros2_example/bin/read_wireless_controller" to ""
-- Installing: /home/alemany/robot_ws/install/unitree_ros2_example/bin/go2_sport_client
-- Set non-toolchain portion of runtime path of "/home/alemany/robot_ws/install/unitree_ros2_example/bin/go2_sport_client" to ""
-- Installing: /home/alemany/robot_ws/install/unitree_ros2_example/bin/go2_stand_example
-- Set non-toolchain portion of runtime path of "/home/alemany/robot_ws/install/unitree_ros2_example/bin/go2_stand_example" to ""
-- Installing: /home/alemany/robot_ws/install/unitree_ros2_example/bin/go2_robot_state_client
-- Set non-toolchain portion of runtime path of "/home/alemany/robot_ws/install/unitree_ros2_example/bin/go2_robot_state_client" to ""
-- Installing: /home/alemany/robot_ws/install/unitree_ros2_example/bin/g1_arm_sdk_dds_example
-- Set non-toolchain portion of runtime path of "/home/alemany/robot_ws/install/unitree_ros2_example/bin/g1_arm_sdk_dds_example" to ""
-- Installing: /home/alemany/robot_ws/install/unitree_ros2_example/bin/g1_arm_action_example
-- Set non-toolchain portion of runtime path of "/home/alemany/robot_ws/install/unitree_ros2_example/bin/g1_arm_action_example" to ""
-- Installing: /home/alemany/robot_ws/install/unitree_ros2_example/bin/g1_dex3_example
-- Set non-toolchain portion of runtime path of "/home/alemany/robot_ws/install/unitree_ros2_example/bin/g1_dex3_example" to ""
-- Installing: /home/alemany/robot_ws/install/unitree_ros2_example/bin/g1_loco_client_example
-- Set non-toolchain portion of runtime path of "/home/alemany/robot_ws/install/unitree_ros2_example/bin/g1_loco_client_example" to ""
-- Installing: /home/alemany/robot_ws/install/unitree_ros2_example/bin/g1_ankle_swing_example
-- Set non-toolchain portion of runtime path of "/home/alemany/robot_ws/install/unitree_ros2_example/bin/g1_ankle_swing_example" to ""
-- Installing: /home/alemany/robot_ws/install/unitree_ros2_example/bin/g1_dual_arm_example
-- Set non-toolchain portion of runtime path of "/home/alemany/robot_ws/install/unitree_ros2_example/bin/g1_dual_arm_example" to ""
-- Installing: /home/alemany/robot_ws/install/unitree_ros2_example/bin/g1_audio_client_example
-- Set non-toolchain portion of runtime path of "/home/alemany/robot_ws/install/unitree_ros2_example/bin/g1_audio_client_example" to ""
-- Installing: /home/alemany/robot_ws/install/unitree_ros2_example/share/ament_index/resource_index/package_run_dependencies/unitree_ros2_example
-- Installing: /home/alemany/robot_ws/install/unitree_ros2_example/share/ament_index/resource_index/parent_prefix_path/unitree_ros2_example
-- Installing: /home/alemany/robot_ws/install/unitree_ros2_example/share/unitree_ros2_example/environment/ament_prefix_path.sh
-- Installing: /home/alemany/robot_ws/install/unitree_ros2_example/share/unitree_ros2_example/environment/ament_prefix_path.dsv
-- Installing: /home/alemany/robot_ws/install/unitree_ros2_example/share/unitree_ros2_example/environment/path.sh
-- Installing: /home/alemany/robot_ws/install/unitree_ros2_example/share/unitree_ros2_example/environment/path.dsv
-- Installing: /home/alemany/robot_ws/install/unitree_ros2_example/share/unitree_ros2_example/local_setup.bash
-- Installing: /home/alemany/robot_ws/install/unitree_ros2_example/share/unitree_ros2_example/local_setup.sh
-- Installing: /home/alemany/robot_ws/install/unitree_ros2_example/share/unitree_ros2_example/local_setup.zsh
-- Installing: /home/alemany/robot_ws/install/unitree_ros2_example/share/unitree_ros2_example/local_setup.dsv
-- Installing: /home/alemany/robot_ws/install/unitree_ros2_example/share/unitree_ros2_example/package.dsv
-- Installing: /home/alemany/robot_ws/install/unitree_ros2_example/share/ament_index/resource_index/packages/unitree_ros2_example
-- Installing: /home/alemany/robot_ws/install/unitree_ros2_example/share/unitree_ros2_example/cmake/unitree_ros2_exampleConfig.cmake
-- Installing: /home/alemany/robot_ws/install/unitree_ros2_example/share/unitree_ros2_example/cmake/unitree_ros2_exampleConfig-version.cmake
-- Installing: /home/alemany/robot_ws/install/unitree_ros2_example/share/unitree_ros2_example/package.xml
