[0.010s] Invoking command in '/home/alemany/robot_ws/build/unitree_ros2_example': CMAKE_PREFIX_PATH=/home/alemany/robot_ws/install/unitree_hg:/home/alemany/robot_ws/install/unitree_go:/home/alemany/robot_ws/install/unitree_api:/home/alemany/robot_ws/install/unitree_ros2_example:/home/alemany/robot_ws/install/astroviz_interfaces:/opt/ros/jazzy/opt/gz_sim_vendor:/opt/ros/jazzy/opt/gz_sensors_vendor:/opt/ros/jazzy/opt/gz_physics_vendor:/opt/ros/jazzy/opt/sdformat_vendor:/opt/ros/jazzy/opt/gz_gui_vendor:/opt/ros/jazzy/opt/gz_transport_vendor:/opt/ros/jazzy/opt/gz_rendering_vendor:/opt/ros/jazzy/opt/gz_plugin_vendor:/opt/ros/jazzy/opt/gz_fuel_tools_vendor:/opt/ros/jazzy/opt/gz_msgs_vendor:/opt/ros/jazzy/opt/gz_common_vendor:/opt/ros/jazzy/opt/gz_math_vendor:/opt/ros/jazzy/opt/gz_utils_vendor:/opt/ros/jazzy/opt/gz_tools_vendor:/opt/ros/jazzy/opt/gz_ogre_next_vendor:/opt/ros/jazzy/opt/gz_dartsim_vendor:/opt/ros/jazzy/opt/gz_cmake_vendor:/home/alemany/robot_ws/install/g1pilot:/opt/ros/jazzy DEBUGINFOD_URLS=https://debuginfod.ubuntu.com PYTHONPATH=/home/alemany/robot_ws/install/unitree_hg/lib/python3.12/site-packages:/home/alemany/robot_ws/install/unitree_go/lib/python3.12/site-packages:/home/alemany/robot_ws/install/unitree_api/lib/python3.12/site-packages:/home/alemany/robot_ws/install/unitree_sdk2py/lib/python3.12/site-packages:/home/alemany/robot_ws/install/g1pilot/lib/python3.12/site-packages:/home/alemany/robot_ws/install/astroviz_interfaces/lib/python3.12/site-packages:/opt/ros/jazzy/lib/python/site-packages:/opt/ros/jazzy/lib/python3.12/site-packages VIRTUAL_ENV_PROMPT=(venv-ardupilot) /usr/bin/cmake /home/alemany/robot_ws/src/unitree_ros2/example/src -DCMAKE_INSTALL_PREFIX=/home/alemany/robot_ws/install/unitree_ros2_example
[0.075s] -- The C compiler identification is GNU 13.3.0
[0.150s] -- The CXX compiler identification is GNU 13.3.0
[0.176s] -- Detecting C compiler ABI info
[0.313s] -- Detecting C compiler ABI info - done
[0.324s] -- Check for working C compiler: /usr/lib/ccache/cc - skipped
[0.324s] -- Detecting C compile features
[0.325s] -- Detecting C compile features - done
[0.352s] -- Detecting CXX compiler ABI info
[0.528s] -- Detecting CXX compiler ABI info - done
[0.533s] -- Check for working CXX compiler: /usr/lib/ccache/c++ - skipped
[0.533s] -- Detecting CXX compile features
[0.533s] -- Detecting CXX compile features - done
[0.535s] -- Found ament_cmake: 2.5.5 (/opt/ros/jazzy/share/ament_cmake/cmake)
[0.678s] -- Found Python3: /home/alemany/venv-ardupilot/bin/python3 (found version "3.12.3") found components: Interpreter 
[0.753s] -- Found unitree_go: 0.0.0 (/home/alemany/robot_ws/install/unitree_go/share/unitree_go/cmake)
[0.791s] -- Found rosidl_generator_c: 4.6.7 (/opt/ros/jazzy/share/rosidl_generator_c/cmake)
[0.800s] -- Found rosidl_generator_cpp: 4.6.7 (/opt/ros/jazzy/share/rosidl_generator_cpp/cmake)
[0.811s] -- Using all available rosidl_typesupport_c: rosidl_typesupport_fastrtps_c;rosidl_typesupport_introspection_c
[0.823s] -- Using all available rosidl_typesupport_cpp: rosidl_typesupport_fastrtps_cpp;rosidl_typesupport_introspection_cpp
[0.859s] -- Found unitree_hg: 0.0.0 (/home/alemany/robot_ws/install/unitree_hg/share/unitree_hg/cmake)
[0.867s] -- Found unitree_api: 0.0.0 (/home/alemany/robot_ws/install/unitree_api/share/unitree_api/cmake)
[0.877s] -- Found rclcpp: 28.1.16 (/opt/ros/jazzy/share/rclcpp/cmake)
[0.918s] -- Found rmw_implementation_cmake: 7.3.3 (/opt/ros/jazzy/share/rmw_implementation_cmake/cmake)
[0.920s] -- Found rmw_fastrtps_cpp: 8.4.3 (/opt/ros/jazzy/share/rmw_fastrtps_cpp/cmake)
[1.029s] -- Found OpenSSL: /home/linuxbrew/.linuxbrew/Cellar/openssl@3/3.6.0/lib/libcrypto.so (found version "3.6.0")  
[1.063s] -- Found FastRTPS: /opt/ros/jazzy/include (Required is at least version "2.13") 
[1.077s] -- Using RMW implementation 'rmw_fastrtps_cpp' as default
[1.123s] -- Found rosbag2_cpp: 0.26.9 (/opt/ros/jazzy/share/rosbag2_cpp/cmake)
[1.146s] -- Setting yaml-cpp_DIR to: '/opt/ros/jazzy/share/yaml_cpp_vendor/cmake/../../../opt/yaml_cpp_vendor/share/cmake/yaml-cpp'
[1.180s] -- Found yaml-cpp version 0.8.0
[1.184s] -- Found ament_lint_auto: 0.17.4 (/opt/ros/jazzy/share/ament_lint_auto/cmake)
[1.255s] -- Added test 'copyright' to check source files copyright and LICENSE
[1.257s] -- Added test 'cppcheck' to perform static code analysis on C / C++ code
[1.258s] -- Configured cppcheck include dirs: /home/alemany/robot_ws/src/unitree_ros2/example/src/include;/home/alemany/robot_ws/src/unitree_ros2/example/src/include/common;/home/alemany/robot_ws/src/unitree_ros2/example/src/include/nlohmann
[1.258s] -- Configured cppcheck exclude dirs and/or files: 
[1.260s] -- Added test 'cpplint' to check C / C++ code against the Google style
[1.260s] -- Configured cpplint exclude dirs and/or files: 
[1.261s] -- Added test 'lint_cmake' to check CMake code style
[1.264s] -- Added test 'uncrustify' to check C / C++ code style
[1.264s] -- Configured uncrustify additional arguments: 
[1.264s] -- Added test 'xmllint' to check XML markup files
[1.265s] -- Configuring done (1.2s)
[1.318s] -- Generating done (0.0s)
[1.336s] -- Build files have been written to: /home/alemany/robot_ws/build/unitree_ros2_example
[1.344s] Invoked command in '/home/alemany/robot_ws/build/unitree_ros2_example' returned '0': CMAKE_PREFIX_PATH=/home/alemany/robot_ws/install/unitree_hg:/home/alemany/robot_ws/install/unitree_go:/home/alemany/robot_ws/install/unitree_api:/home/alemany/robot_ws/install/unitree_ros2_example:/home/alemany/robot_ws/install/astroviz_interfaces:/opt/ros/jazzy/opt/gz_sim_vendor:/opt/ros/jazzy/opt/gz_sensors_vendor:/opt/ros/jazzy/opt/gz_physics_vendor:/opt/ros/jazzy/opt/sdformat_vendor:/opt/ros/jazzy/opt/gz_gui_vendor:/opt/ros/jazzy/opt/gz_transport_vendor:/opt/ros/jazzy/opt/gz_rendering_vendor:/opt/ros/jazzy/opt/gz_plugin_vendor:/opt/ros/jazzy/opt/gz_fuel_tools_vendor:/opt/ros/jazzy/opt/gz_msgs_vendor:/opt/ros/jazzy/opt/gz_common_vendor:/opt/ros/jazzy/opt/gz_math_vendor:/opt/ros/jazzy/opt/gz_utils_vendor:/opt/ros/jazzy/opt/gz_tools_vendor:/opt/ros/jazzy/opt/gz_ogre_next_vendor:/opt/ros/jazzy/opt/gz_dartsim_vendor:/opt/ros/jazzy/opt/gz_cmake_vendor:/home/alemany/robot_ws/install/g1pilot:/opt/ros/jazzy DEBUGINFOD_URLS=https://debuginfod.ubuntu.com PYTHONPATH=/home/alemany/robot_ws/install/unitree_hg/lib/python3.12/site-packages:/home/alemany/robot_ws/install/unitree_go/lib/python3.12/site-packages:/home/alemany/robot_ws/install/unitree_api/lib/python3.12/site-packages:/home/alemany/robot_ws/install/unitree_sdk2py/lib/python3.12/site-packages:/home/alemany/robot_ws/install/g1pilot/lib/python3.12/site-packages:/home/alemany/robot_ws/install/astroviz_interfaces/lib/python3.12/site-packages:/opt/ros/jazzy/lib/python/site-packages:/opt/ros/jazzy/lib/python3.12/site-packages VIRTUAL_ENV_PROMPT=(venv-ardupilot) /usr/bin/cmake /home/alemany/robot_ws/src/unitree_ros2/example/src -DCMAKE_INSTALL_PREFIX=/home/alemany/robot_ws/install/unitree_ros2_example
[1.345s] Invoking command in '/home/alemany/robot_ws/build/unitree_ros2_example': CMAKE_PREFIX_PATH=/home/alemany/robot_ws/install/unitree_hg:/home/alemany/robot_ws/install/unitree_go:/home/alemany/robot_ws/install/unitree_api:/home/alemany/robot_ws/install/unitree_ros2_example:/home/alemany/robot_ws/install/astroviz_interfaces:/opt/ros/jazzy/opt/gz_sim_vendor:/opt/ros/jazzy/opt/gz_sensors_vendor:/opt/ros/jazzy/opt/gz_physics_vendor:/opt/ros/jazzy/opt/sdformat_vendor:/opt/ros/jazzy/opt/gz_gui_vendor:/opt/ros/jazzy/opt/gz_transport_vendor:/opt/ros/jazzy/opt/gz_rendering_vendor:/opt/ros/jazzy/opt/gz_plugin_vendor:/opt/ros/jazzy/opt/gz_fuel_tools_vendor:/opt/ros/jazzy/opt/gz_msgs_vendor:/opt/ros/jazzy/opt/gz_common_vendor:/opt/ros/jazzy/opt/gz_math_vendor:/opt/ros/jazzy/opt/gz_utils_vendor:/opt/ros/jazzy/opt/gz_tools_vendor:/opt/ros/jazzy/opt/gz_ogre_next_vendor:/opt/ros/jazzy/opt/gz_dartsim_vendor:/opt/ros/jazzy/opt/gz_cmake_vendor:/home/alemany/robot_ws/install/g1pilot:/opt/ros/jazzy DEBUGINFOD_URLS=https://debuginfod.ubuntu.com PYTHONPATH=/home/alemany/robot_ws/install/unitree_hg/lib/python3.12/site-packages:/home/alemany/robot_ws/install/unitree_go/lib/python3.12/site-packages:/home/alemany/robot_ws/install/unitree_api/lib/python3.12/site-packages:/home/alemany/robot_ws/install/unitree_sdk2py/lib/python3.12/site-packages:/home/alemany/robot_ws/install/g1pilot/lib/python3.12/site-packages:/home/alemany/robot_ws/install/astroviz_interfaces/lib/python3.12/site-packages:/opt/ros/jazzy/lib/python/site-packages:/opt/ros/jazzy/lib/python3.12/site-packages VIRTUAL_ENV_PROMPT=(venv-ardupilot) /usr/bin/cmake --build /home/alemany/robot_ws/build/unitree_ros2_example -- -j28 -l28
[1.385s] [  5%] [32mBuilding CXX object CMakeFiles/read_low_state.dir/src/read_low_state.cpp.o[0m
[1.385s] [  5%] [32mBuilding CXX object CMakeFiles/g1_dex3_example.dir/src/common/motor_crc.cpp.o[0m
[1.385s] [  5%] [32mBuilding CXX object CMakeFiles/read_wireless_controller.dir/src/read_wireless_controller.cpp.o[0m
[1.386s] [  6%] [32mBuilding CXX object CMakeFiles/b2w_stand_example.dir/src/common/motor_crc.cpp.o[0m
[1.386s] [  8%] [32mBuilding CXX object CMakeFiles/g1_dex3_example.dir/src/g1/dex3/g1_dex3_example.cpp.o[0m
[1.387s] [ 12%] [32mBuilding CXX object CMakeFiles/go2_robot_state_client.dir/src/go2/go2_robot_state_client.cpp.o[0m
[1.387s] [ 12%] [32mBuilding CXX object CMakeFiles/g1_audio_client_example.dir/src/g1/audio_client/g1_audio_client_example.cpp.o[0m
[1.387s] [ 13%] [32mBuilding CXX object CMakeFiles/go2_robot_state_client.dir/src/common/motor_crc.cpp.o[0m
[1.387s] [ 15%] [32mBuilding CXX object CMakeFiles/b2w_stand_example.dir/src/b2w/b2w_stand_example.cpp.o[0m
[1.387s] [ 17%] [32mBuilding CXX object CMakeFiles/go2_sport_client.dir/src/go2/go2_sport_client.cpp.o[0m
[1.388s] [ 18%] [32mBuilding CXX object CMakeFiles/go2_sport_client.dir/src/common/ros2_sport_client.cpp.o[0m
[1.388s] [ 20%] [32mBuilding CXX object CMakeFiles/g1_low_level_example.dir/src/g1/lowlevel/g1_low_level_example.cpp.o[0m
[1.388s] [ 22%] [32mBuilding CXX object CMakeFiles/g1_arm_sdk_dds_example.dir/src/g1/high_level/g1_arm_sdk_dds_example.cpp.o[0m
[1.388s] [ 25%] [32mBuilding CXX object CMakeFiles/g1_arm_sdk_dds_example.dir/src/common/motor_crc.cpp.o[0m
[1.388s] [ 25%] [32mBuilding CXX object CMakeFiles/low_level_ctrl_hg.dir/src/h1-2/lowlevel/low_level_ctrl_hg.cpp.o[0m
[1.388s] [ 29%] [32mBuilding CXX object CMakeFiles/low_level_ctrl.dir/src/common/motor_crc.cpp.o[0m
[1.388s] [ 29%] [32mBuilding CXX object CMakeFiles/read_motion_state.dir/src/read_motion_state.cpp.o[0m
[1.389s] [ 31%] [32mBuilding CXX object CMakeFiles/b2_sport_client.dir/src/b2/b2_sport_client.cpp.o[0m
[1.389s] [ 34%] [32mBuilding CXX object CMakeFiles/b2_stand_example.dir/src/b2/b2_stand_example.cpp.o[0m
[1.389s] [ 34%] [32mBuilding CXX object CMakeFiles/low_level_ctrl.dir/src/low_level_ctrl.cpp.o[0m
[1.389s] [ 36%] [32mBuilding CXX object CMakeFiles/b2_sport_client.dir/src/common/ros2_b2_sport_client.cpp.o[0m
[1.390s] [ 37%] [32mBuilding CXX object CMakeFiles/g1_arm_action_example.dir/src/g1/high_level/g1_arm_action_example.cpp.o[0m
[1.390s] [ 39%] [32mBuilding CXX object CMakeFiles/go2_stand_example.dir/src/go2/go2_stand_example.cpp.o[0m
[1.391s] [ 41%] [32mBuilding CXX object CMakeFiles/g1_ankle_swing_example.dir/src/g1/lowlevel/g1_ankle_swing_example.cpp.o[0m
[1.391s] [ 43%] [32mBuilding CXX object CMakeFiles/g1_loco_client_example.dir/src/g1/high_level/loco_client_example.cpp.o[0m
[1.391s] [ 44%] [32mBuilding CXX object CMakeFiles/g1_dual_arm_example.dir/src/g1/lowlevel/g1_dual_arm_example.cpp.o[0m
[1.391s] [ 46%] [32mBuilding CXX object CMakeFiles/read_low_state_hg.dir/src/read_low_state_hg.cpp.o[0m
[1.394s] [ 48%] [32mBuilding CXX object CMakeFiles/b2w_sport_client.dir/src/b2w/b2w_sport_client.cpp.o[0m
[1.400s] [ 50%] [32mBuilding CXX object CMakeFiles/go2_stand_example.dir/src/common/motor_crc.cpp.o[0m
[1.401s] [ 51%] [32mBuilding CXX object CMakeFiles/g1_dual_arm_example.dir/src/common/motor_crc_hg.cpp.o[0m
[1.403s] In file included from [01m[K/home/alemany/robot_ws/src/unitree_ros2/example/src/include/common/base_client.hpp:11[m[K,
[1.403s]                  from [01m[K/home/alemany/robot_ws/src/unitree_ros2/example/src/include/g1/g1_audio_client.hpp:6[m[K,
[1.403s]                  from [01m[K/home/alemany/robot_ws/src/unitree_ros2/example/src/src/g1/audio_client/g1_audio_client_example.cpp:11[m[K:
[1.403s] [01m[K/home/alemany/robot_ws/src/unitree_ros2/example/src/include/common/ut_errror.hpp:13:59:[m[K [01;35m[Kwarning: [m[Kbackslash-newline at end of file
[1.403s]    13 | #define UT_PRINT_ERR(code, error)                         \
[1.403s]       |                                                            
[1.406s] In file included from [01m[K/home/alemany/robot_ws/src/unitree_ros2/example/src/include/common/b2_base_client.hpp:16[m[K,
[1.406s]                  from [01m[K/home/alemany/robot_ws/src/unitree_ros2/example/src/include/b2/b2_motion_switch_client.hpp:11[m[K,
[1.406s]                  from [01m[K/home/alemany/robot_ws/src/unitree_ros2/example/src/src/b2w/b2w_stand_example.cpp:11[m[K:
[1.406s] [01m[K/home/alemany/robot_ws/src/unitree_ros2/example/src/include/common/ut_errror.hpp:13:59:[m[K [01;35m[Kwarning: [m[Kbackslash-newline at end of file
[1.406s]    13 | #define UT_PRINT_ERR(code, error)                         \
[1.406s]       |                                                            
[1.406s] In file included from [01m[K/home/alemany/robot_ws/src/unitree_ros2/example/src/include/common/b2_base_client.hpp:16[m[K,
[1.406s]                  from [01m[K/home/alemany/robot_ws/src/unitree_ros2/example/src/include/b2/b2_motion_switch_client.hpp:11[m[K,
[1.406s]                  from [01m[K/home/alemany/robot_ws/src/unitree_ros2/example/src/src/b2/b2_stand_example.cpp:11[m[K:
[1.406s] [01m[K/home/alemany/robot_ws/src/unitree_ros2/example/src/include/common/ut_errror.hpp:13:59:[m[K [01;35m[Kwarning: [m[Kbackslash-newline at end of file
[1.406s]    13 | #define UT_PRINT_ERR(code, error)                         \
[1.406s]       |                                                            
[1.407s] [ 55%] [32mBuilding CXX object CMakeFiles/low_level_ctrl_hg.dir/src/common/motor_crc_hg.cpp.o[0m
[1.407s] [ 55%] [32mBuilding CXX object CMakeFiles/b2_stand_example.dir/src/common/motor_crc.cpp.o[0m
[1.407s] [ 56%] [32m[1mLinking CXX executable low_level_ctrl[0m
[1.411s] In file included from [01m[K/home/alemany/robot_ws/src/unitree_ros2/example/src/src/g1/high_level/g1_arm_action_example.cpp:11[m[K:
[1.411s] [01m[K/home/alemany/robot_ws/src/unitree_ros2/example/src/include/common/ut_errror.hpp:13:59:[m[K [01;35m[Kwarning: [m[Kbackslash-newline at end of file
[1.411s]    13 | #define UT_PRINT_ERR(code, error)                         \
[1.412s]       |                                                            
[1.412s] [ 58%] [32mBuilding CXX object CMakeFiles/g1_low_level_example.dir/src/common/motor_crc_hg.cpp.o[0m
[1.412s] In file included from [01m[K/home/alemany/robot_ws/src/unitree_ros2/example/src/include/common/base_client.hpp:11[m[K,
[1.412s]                  from [01m[K/home/alemany/robot_ws/src/unitree_ros2/example/src/include/g1/g1_loco_client.hpp:10[m[K,
[1.412s]                  from [01m[K/home/alemany/robot_ws/src/unitree_ros2/example/src/src/g1/high_level/loco_client_example.cpp:3[m[K:
[1.412s] [01m[K/home/alemany/robot_ws/src/unitree_ros2/example/src/include/common/ut_errror.hpp:13:59:[m[K [01;35m[Kwarning: [m[Kbackslash-newline at end of file
[1.412s]    13 | #define UT_PRINT_ERR(code, error)                         \
[1.412s]       |                                                            
[1.412s] [ 60%] [32m[1mLinking CXX executable read_wireless_controller[0m
[1.412s] In file included from [01m[K/home/alemany/robot_ws/src/unitree_ros2/example/src/include/common/base_client.hpp:11[m[K,
[1.412s]                  from [01m[K/home/alemany/robot_ws/src/unitree_ros2/example/src/include/g1/g1_motion_switch_client.hpp:11[m[K,
[1.412s]                  from [01m[K/home/alemany/robot_ws/src/unitree_ros2/example/src/src/g1/lowlevel/g1_dual_arm_example.cpp:18[m[K:
[1.413s] [01m[K/home/alemany/robot_ws/src/unitree_ros2/example/src/include/common/ut_errror.hpp:13:59:[m[K [01;35m[Kwarning: [m[Kbackslash-newline at end of file
[1.413s]    13 | #define UT_PRINT_ERR(code, error)                         \
[1.413s]       |                                                            
[1.414s] [ 65%] [32mBuilding CXX object CMakeFiles/g1_arm_action_example.dir/src/common/motor_crc.cpp.o[0m
[1.414s] [ 65%] [32m[1mLinking CXX executable b2_sport_client[0m
[1.414s] [ 65%] [32mBuilding CXX object CMakeFiles/g1_ankle_swing_example.dir/src/common/motor_crc_hg.cpp.o[0m
[1.414s] [ 67%] [32mBuilding CXX object CMakeFiles/g1_loco_client_example.dir/src/common/motor_crc.cpp.o[0m
[1.414s] [ 68%] [32m[1mLinking CXX executable read_motion_state[0m
[1.414s] [ 70%] [32mBuilding CXX object CMakeFiles/b2w_sport_client.dir/src/common/ros2_b2_sport_client.cpp.o[0m
[1.416s] [ 72%] [32m[1mLinking CXX executable read_low_state[0m
[1.417s] [ 74%] [32m[1mLinking CXX executable g1_arm_sdk_dds_example[0m
[1.417s] [ 75%] [32m[1mLinking CXX executable g1_audio_client_example[0m
[1.418s] [ 77%] [32m[1mLinking CXX executable go2_stand_example[0m
[1.419s] [ 79%] [32m[1mLinking CXX executable read_low_state_hg[0m
[1.419s] [ 81%] [32m[1mLinking CXX executable b2w_stand_example[0m
[1.420s] [ 82%] [32m[1mLinking CXX executable low_level_ctrl_hg[0m
[1.422s] [ 84%] [32m[1mLinking CXX executable g1_dex3_example[0m
[1.422s] [ 86%] [32m[1mLinking CXX executable go2_robot_state_client[0m
[1.423s] [ 87%] [32m[1mLinking CXX executable g1_dual_arm_example[0m
[1.424s] [ 89%] [32m[1mLinking CXX executable go2_sport_client[0m
[1.424s] [ 91%] [32m[1mLinking CXX executable g1_low_level_example[0m
[1.424s] [ 93%] [32m[1mLinking CXX executable b2_stand_example[0m
[1.428s] [ 94%] [32m[1mLinking CXX executable g1_loco_client_example[0m
[1.429s] [ 96%] [32m[1mLinking CXX executable g1_ankle_swing_example[0m
[1.429s] [ 98%] [32m[1mLinking CXX executable g1_arm_action_example[0m
[1.431s] [100%] [32m[1mLinking CXX executable b2w_sport_client[0m
[1.645s] [100%] Built target b2w_sport_client
[1.690s] [100%] Built target low_level_ctrl
[1.755s] [100%] Built target b2_sport_client
[1.786s] [100%] Built target g1_arm_sdk_dds_example
[1.786s] [100%] Built target go2_stand_example
[1.811s] [100%] Built target g1_dex3_example
[1.842s] [100%] Built target go2_robot_state_client
[1.847s] [100%] Built target g1_arm_action_example
[1.922s] [100%] Built target g1_ankle_swing_example
[1.923s] [100%] Built target g1_loco_client_example
[1.960s] [100%] Built target read_low_state_hg
[1.963s] [100%] Built target read_low_state
[1.966s] [100%] Built target read_motion_state
[1.978s] [100%] Built target read_wireless_controller
[1.987s] [100%] Built target low_level_ctrl_hg
[1.990s] [100%] Built target g1_low_level_example
[2.002s] [100%] Built target g1_audio_client_example
[2.005s] [100%] Built target g1_dual_arm_example
[2.026s] [100%] Built target go2_sport_client
[2.026s] [100%] Built target b2w_stand_example
[2.044s] [100%] Built target b2_stand_example
[2.052s] Invoked command in '/home/alemany/robot_ws/build/unitree_ros2_example' returned '0': CMAKE_PREFIX_PATH=/home/alemany/robot_ws/install/unitree_hg:/home/alemany/robot_ws/install/unitree_go:/home/alemany/robot_ws/install/unitree_api:/home/alemany/robot_ws/install/unitree_ros2_example:/home/alemany/robot_ws/install/astroviz_interfaces:/opt/ros/jazzy/opt/gz_sim_vendor:/opt/ros/jazzy/opt/gz_sensors_vendor:/opt/ros/jazzy/opt/gz_physics_vendor:/opt/ros/jazzy/opt/sdformat_vendor:/opt/ros/jazzy/opt/gz_gui_vendor:/opt/ros/jazzy/opt/gz_transport_vendor:/opt/ros/jazzy/opt/gz_rendering_vendor:/opt/ros/jazzy/opt/gz_plugin_vendor:/opt/ros/jazzy/opt/gz_fuel_tools_vendor:/opt/ros/jazzy/opt/gz_msgs_vendor:/opt/ros/jazzy/opt/gz_common_vendor:/opt/ros/jazzy/opt/gz_math_vendor:/opt/ros/jazzy/opt/gz_utils_vendor:/opt/ros/jazzy/opt/gz_tools_vendor:/opt/ros/jazzy/opt/gz_ogre_next_vendor:/opt/ros/jazzy/opt/gz_dartsim_vendor:/opt/ros/jazzy/opt/gz_cmake_vendor:/home/alemany/robot_ws/install/g1pilot:/opt/ros/jazzy DEBUGINFOD_URLS=https://debuginfod.ubuntu.com PYTHONPATH=/home/alemany/robot_ws/install/unitree_hg/lib/python3.12/site-packages:/home/alemany/robot_ws/install/unitree_go/lib/python3.12/site-packages:/home/alemany/robot_ws/install/unitree_api/lib/python3.12/site-packages:/home/alemany/robot_ws/install/unitree_sdk2py/lib/python3.12/site-packages:/home/alemany/robot_ws/install/g1pilot/lib/python3.12/site-packages:/home/alemany/robot_ws/install/astroviz_interfaces/lib/python3.12/site-packages:/opt/ros/jazzy/lib/python/site-packages:/opt/ros/jazzy/lib/python3.12/site-packages VIRTUAL_ENV_PROMPT=(venv-ardupilot) /usr/bin/cmake --build /home/alemany/robot_ws/build/unitree_ros2_example -- -j28 -l28
[2.053s] Invoking command in '/home/alemany/robot_ws/build/unitree_ros2_example': CMAKE_PREFIX_PATH=/home/alemany/robot_ws/install/unitree_hg:/home/alemany/robot_ws/install/unitree_go:/home/alemany/robot_ws/install/unitree_api:/home/alemany/robot_ws/install/unitree_ros2_example:/home/alemany/robot_ws/install/astroviz_interfaces:/opt/ros/jazzy/opt/gz_sim_vendor:/opt/ros/jazzy/opt/gz_sensors_vendor:/opt/ros/jazzy/opt/gz_physics_vendor:/opt/ros/jazzy/opt/sdformat_vendor:/opt/ros/jazzy/opt/gz_gui_vendor:/opt/ros/jazzy/opt/gz_transport_vendor:/opt/ros/jazzy/opt/gz_rendering_vendor:/opt/ros/jazzy/opt/gz_plugin_vendor:/opt/ros/jazzy/opt/gz_fuel_tools_vendor:/opt/ros/jazzy/opt/gz_msgs_vendor:/opt/ros/jazzy/opt/gz_common_vendor:/opt/ros/jazzy/opt/gz_math_vendor:/opt/ros/jazzy/opt/gz_utils_vendor:/opt/ros/jazzy/opt/gz_tools_vendor:/opt/ros/jazzy/opt/gz_ogre_next_vendor:/opt/ros/jazzy/opt/gz_dartsim_vendor:/opt/ros/jazzy/opt/gz_cmake_vendor:/home/alemany/robot_ws/install/g1pilot:/opt/ros/jazzy DEBUGINFOD_URLS=https://debuginfod.ubuntu.com PYTHONPATH=/home/alemany/robot_ws/install/unitree_hg/lib/python3.12/site-packages:/home/alemany/robot_ws/install/unitree_go/lib/python3.12/site-packages:/home/alemany/robot_ws/install/unitree_api/lib/python3.12/site-packages:/home/alemany/robot_ws/install/unitree_sdk2py/lib/python3.12/site-packages:/home/alemany/robot_ws/install/g1pilot/lib/python3.12/site-packages:/home/alemany/robot_ws/install/astroviz_interfaces/lib/python3.12/site-packages:/opt/ros/jazzy/lib/python/site-packages:/opt/ros/jazzy/lib/python3.12/site-packages VIRTUAL_ENV_PROMPT=(venv-ardupilot) /usr/bin/cmake --install /home/alemany/robot_ws/build/unitree_ros2_example
[2.059s] -- Install configuration: ""
[2.059s] -- Installing: /home/alemany/robot_ws/install/unitree_ros2_example/bin/low_level_ctrl
[2.059s] -- Set non-toolchain portion of runtime path of "/home/alemany/robot_ws/install/unitree_ros2_example/bin/low_level_ctrl" to ""
[2.059s] -- Installing: /home/alemany/robot_ws/install/unitree_ros2_example/bin/low_level_ctrl_hg
[2.062s] -- Set non-toolchain portion of runtime path of "/home/alemany/robot_ws/install/unitree_ros2_example/bin/low_level_ctrl_hg" to ""
[2.062s] -- Installing: /home/alemany/robot_ws/install/unitree_ros2_example/bin/g1_low_level_example
[2.065s] -- Set non-toolchain portion of runtime path of "/home/alemany/robot_ws/install/unitree_ros2_example/bin/g1_low_level_example" to ""
[2.065s] -- Installing: /home/alemany/robot_ws/install/unitree_ros2_example/bin/read_low_state
[2.067s] -- Set non-toolchain portion of runtime path of "/home/alemany/robot_ws/install/unitree_ros2_example/bin/read_low_state" to ""
[2.067s] -- Installing: /home/alemany/robot_ws/install/unitree_ros2_example/bin/read_low_state_hg
[2.068s] -- Set non-toolchain portion of runtime path of "/home/alemany/robot_ws/install/unitree_ros2_example/bin/read_low_state_hg" to ""
[2.069s] -- Installing: /home/alemany/robot_ws/install/unitree_ros2_example/bin/read_motion_state
[2.070s] -- Set non-toolchain portion of runtime path of "/home/alemany/robot_ws/install/unitree_ros2_example/bin/read_motion_state" to ""
[2.070s] -- Installing: /home/alemany/robot_ws/install/unitree_ros2_example/bin/read_wireless_controller
[2.072s] -- Set non-toolchain portion of runtime path of "/home/alemany/robot_ws/install/unitree_ros2_example/bin/read_wireless_controller" to ""
[2.072s] -- Installing: /home/alemany/robot_ws/install/unitree_ros2_example/bin/go2_sport_client
[2.075s] -- Set non-toolchain portion of runtime path of "/home/alemany/robot_ws/install/unitree_ros2_example/bin/go2_sport_client" to ""
[2.076s] -- Installing: /home/alemany/robot_ws/install/unitree_ros2_example/bin/go2_stand_example
[2.077s] -- Set non-toolchain portion of runtime path of "/home/alemany/robot_ws/install/unitree_ros2_example/bin/go2_stand_example" to ""
[2.077s] -- Installing: /home/alemany/robot_ws/install/unitree_ros2_example/bin/go2_robot_state_client
[2.080s] -- Set non-toolchain portion of runtime path of "/home/alemany/robot_ws/install/unitree_ros2_example/bin/go2_robot_state_client" to ""
[2.080s] -- Installing: /home/alemany/robot_ws/install/unitree_ros2_example/bin/g1_arm_sdk_dds_example
[2.082s] -- Set non-toolchain portion of runtime path of "/home/alemany/robot_ws/install/unitree_ros2_example/bin/g1_arm_sdk_dds_example" to ""
[2.082s] -- Installing: /home/alemany/robot_ws/install/unitree_ros2_example/bin/g1_arm_action_example
[2.084s] -- Set non-toolchain portion of runtime path of "/home/alemany/robot_ws/install/unitree_ros2_example/bin/g1_arm_action_example" to ""
[2.084s] -- Installing: /home/alemany/robot_ws/install/unitree_ros2_example/bin/g1_dex3_example
[2.086s] -- Set non-toolchain portion of runtime path of "/home/alemany/robot_ws/install/unitree_ros2_example/bin/g1_dex3_example" to ""
[2.086s] -- Installing: /home/alemany/robot_ws/install/unitree_ros2_example/bin/g1_loco_client_example
[2.088s] -- Set non-toolchain portion of runtime path of "/home/alemany/robot_ws/install/unitree_ros2_example/bin/g1_loco_client_example" to ""
[2.088s] -- Installing: /home/alemany/robot_ws/install/unitree_ros2_example/bin/g1_ankle_swing_example
[2.091s] -- Set non-toolchain portion of runtime path of "/home/alemany/robot_ws/install/unitree_ros2_example/bin/g1_ankle_swing_example" to ""
[2.091s] -- Installing: /home/alemany/robot_ws/install/unitree_ros2_example/bin/g1_dual_arm_example
[2.094s] -- Set non-toolchain portion of runtime path of "/home/alemany/robot_ws/install/unitree_ros2_example/bin/g1_dual_arm_example" to ""
[2.094s] -- Installing: /home/alemany/robot_ws/install/unitree_ros2_example/bin/g1_audio_client_example
[2.097s] -- Set non-toolchain portion of runtime path of "/home/alemany/robot_ws/install/unitree_ros2_example/bin/g1_audio_client_example" to ""
[2.097s] -- Installing: /home/alemany/robot_ws/install/unitree_ros2_example/share/ament_index/resource_index/package_run_dependencies/unitree_ros2_example
[2.097s] -- Installing: /home/alemany/robot_ws/install/unitree_ros2_example/share/ament_index/resource_index/parent_prefix_path/unitree_ros2_example
[2.097s] -- Installing: /home/alemany/robot_ws/install/unitree_ros2_example/share/unitree_ros2_example/environment/ament_prefix_path.sh
[2.097s] -- Installing: /home/alemany/robot_ws/install/unitree_ros2_example/share/unitree_ros2_example/environment/ament_prefix_path.dsv
[2.097s] -- Installing: /home/alemany/robot_ws/install/unitree_ros2_example/share/unitree_ros2_example/environment/path.sh
[2.097s] -- Installing: /home/alemany/robot_ws/install/unitree_ros2_example/share/unitree_ros2_example/environment/path.dsv
[2.097s] -- Installing: /home/alemany/robot_ws/install/unitree_ros2_example/share/unitree_ros2_example/local_setup.bash
[2.097s] -- Installing: /home/alemany/robot_ws/install/unitree_ros2_example/share/unitree_ros2_example/local_setup.sh
[2.097s] -- Installing: /home/alemany/robot_ws/install/unitree_ros2_example/share/unitree_ros2_example/local_setup.zsh
[2.097s] -- Installing: /home/alemany/robot_ws/install/unitree_ros2_example/share/unitree_ros2_example/local_setup.dsv
[2.097s] -- Installing: /home/alemany/robot_ws/install/unitree_ros2_example/share/unitree_ros2_example/package.dsv
[2.097s] -- Installing: /home/alemany/robot_ws/install/unitree_ros2_example/share/ament_index/resource_index/packages/unitree_ros2_example
[2.097s] -- Installing: /home/alemany/robot_ws/install/unitree_ros2_example/share/unitree_ros2_example/cmake/unitree_ros2_exampleConfig.cmake
[2.097s] -- Installing: /home/alemany/robot_ws/install/unitree_ros2_example/share/unitree_ros2_example/cmake/unitree_ros2_exampleConfig-version.cmake
[2.097s] -- Installing: /home/alemany/robot_ws/install/unitree_ros2_example/share/unitree_ros2_example/package.xml
[2.098s] Invoked command in '/home/alemany/robot_ws/build/unitree_ros2_example' returned '0': CMAKE_PREFIX_PATH=/home/alemany/robot_ws/install/unitree_hg:/home/alemany/robot_ws/install/unitree_go:/home/alemany/robot_ws/install/unitree_api:/home/alemany/robot_ws/install/unitree_ros2_example:/home/alemany/robot_ws/install/astroviz_interfaces:/opt/ros/jazzy/opt/gz_sim_vendor:/opt/ros/jazzy/opt/gz_sensors_vendor:/opt/ros/jazzy/opt/gz_physics_vendor:/opt/ros/jazzy/opt/sdformat_vendor:/opt/ros/jazzy/opt/gz_gui_vendor:/opt/ros/jazzy/opt/gz_transport_vendor:/opt/ros/jazzy/opt/gz_rendering_vendor:/opt/ros/jazzy/opt/gz_plugin_vendor:/opt/ros/jazzy/opt/gz_fuel_tools_vendor:/opt/ros/jazzy/opt/gz_msgs_vendor:/opt/ros/jazzy/opt/gz_common_vendor:/opt/ros/jazzy/opt/gz_math_vendor:/opt/ros/jazzy/opt/gz_utils_vendor:/opt/ros/jazzy/opt/gz_tools_vendor:/opt/ros/jazzy/opt/gz_ogre_next_vendor:/opt/ros/jazzy/opt/gz_dartsim_vendor:/opt/ros/jazzy/opt/gz_cmake_vendor:/home/alemany/robot_ws/install/g1pilot:/opt/ros/jazzy DEBUGINFOD_URLS=https://debuginfod.ubuntu.com PYTHONPATH=/home/alemany/robot_ws/install/unitree_hg/lib/python3.12/site-packages:/home/alemany/robot_ws/install/unitree_go/lib/python3.12/site-packages:/home/alemany/robot_ws/install/unitree_api/lib/python3.12/site-packages:/home/alemany/robot_ws/install/unitree_sdk2py/lib/python3.12/site-packages:/home/alemany/robot_ws/install/g1pilot/lib/python3.12/site-packages:/home/alemany/robot_ws/install/astroviz_interfaces/lib/python3.12/site-packages:/opt/ros/jazzy/lib/python/site-packages:/opt/ros/jazzy/lib/python3.12/site-packages VIRTUAL_ENV_PROMPT=(venv-ardupilot) /usr/bin/cmake --install /home/alemany/robot_ws/build/unitree_ros2_example
