/home/alemany/robot_ws/install/g1pilot/lib/python3.12/site-packages/g1pilot/__init__.py
/home/alemany/robot_ws/install/g1pilot/lib/python3.12/site-packages/g1pilot/teleoperation/joy_mux.py
/home/alemany/robot_ws/install/g1pilot/lib/python3.12/site-packages/g1pilot/teleoperation/ui_interface.py
/home/alemany/robot_ws/install/g1pilot/lib/python3.12/site-packages/g1pilot/teleoperation/joystick.py
/home/alemany/robot_ws/install/g1pilot/lib/python3.12/site-packages/g1pilot/teleoperation/__init__.py
/home/alemany/robot_ws/install/g1pilot/lib/python3.12/site-packages/g1pilot/manipulation/dx3_hand.py
/home/alemany/robot_ws/install/g1pilot/lib/python3.12/site-packages/g1pilot/manipulation/opensot_solver.py
/home/alemany/robot_ws/install/g1pilot/lib/python3.12/site-packages/g1pilot/manipulation/interactive_marker.py
/home/alemany/robot_ws/install/g1pilot/lib/python3.12/site-packages/g1pilot/manipulation/__init__.py
/home/alemany/robot_ws/install/g1pilot/lib/python3.12/site-packages/g1pilot/state/robot_state.py
/home/alemany/robot_ws/install/g1pilot/lib/python3.12/site-packages/g1pilot/state/voice.py
/home/alemany/robot_ws/install/g1pilot/lib/python3.12/site-packages/g1pilot/state/lights.py
/home/alemany/robot_ws/install/g1pilot/lib/python3.12/site-packages/g1pilot/state/__init__.py
/home/alemany/robot_ws/install/g1pilot/lib/python3.12/site-packages/g1pilot/navigation/fix_mola_odometry.py
/home/alemany/robot_ws/install/g1pilot/lib/python3.12/site-packages/g1pilot/navigation/loco_client.py
/home/alemany/robot_ws/install/g1pilot/lib/python3.12/site-packages/g1pilot/navigation/create_map.py
/home/alemany/robot_ws/install/g1pilot/lib/python3.12/site-packages/g1pilot/navigation/nav2point.py
/home/alemany/robot_ws/install/g1pilot/lib/python3.12/site-packages/g1pilot/navigation/dijkstra_planner.py
/home/alemany/robot_ws/install/g1pilot/lib/python3.12/site-packages/g1pilot/navigation/__init__.py
/home/alemany/robot_ws/install/g1pilot/lib/python3.12/site-packages/g1pilot/utils/joints_names.py
/home/alemany/robot_ws/install/g1pilot/lib/python3.12/site-packages/g1pilot/utils/arm_gui.py
/home/alemany/robot_ws/install/g1pilot/lib/python3.12/site-packages/g1pilot/utils/helpers.py
/home/alemany/robot_ws/install/g1pilot/lib/python3.12/site-packages/g1pilot/utils/extract_configuration.py
/home/alemany/robot_ws/install/g1pilot/lib/python3.12/site-packages/g1pilot/utils/common.py
/home/alemany/robot_ws/install/g1pilot/lib/python3.12/site-packages/g1pilot/utils/window_style.py
/home/alemany/robot_ws/install/g1pilot/lib/python3.12/site-packages/g1pilot/utils/__init__.py
/home/alemany/robot_ws/install/g1pilot/lib/python3.12/site-packages/g1pilot/__pycache__/__init__.cpython-312.pyc
/home/alemany/robot_ws/install/g1pilot/lib/python3.12/site-packages/g1pilot/teleoperation/__pycache__/joy_mux.cpython-312.pyc
/home/alemany/robot_ws/install/g1pilot/lib/python3.12/site-packages/g1pilot/teleoperation/__pycache__/ui_interface.cpython-312.pyc
/home/alemany/robot_ws/install/g1pilot/lib/python3.12/site-packages/g1pilot/teleoperation/__pycache__/joystick.cpython-312.pyc
/home/alemany/robot_ws/install/g1pilot/lib/python3.12/site-packages/g1pilot/teleoperation/__pycache__/__init__.cpython-312.pyc
/home/alemany/robot_ws/install/g1pilot/lib/python3.12/site-packages/g1pilot/manipulation/__pycache__/dx3_hand.cpython-312.pyc
/home/alemany/robot_ws/install/g1pilot/lib/python3.12/site-packages/g1pilot/manipulation/__pycache__/opensot_solver.cpython-312.pyc
/home/alemany/robot_ws/install/g1pilot/lib/python3.12/site-packages/g1pilot/manipulation/__pycache__/interactive_marker.cpython-312.pyc
/home/alemany/robot_ws/install/g1pilot/lib/python3.12/site-packages/g1pilot/manipulation/__pycache__/__init__.cpython-312.pyc
/home/alemany/robot_ws/install/g1pilot/lib/python3.12/site-packages/g1pilot/state/__pycache__/robot_state.cpython-312.pyc
/home/alemany/robot_ws/install/g1pilot/lib/python3.12/site-packages/g1pilot/state/__pycache__/voice.cpython-312.pyc
/home/alemany/robot_ws/install/g1pilot/lib/python3.12/site-packages/g1pilot/state/__pycache__/lights.cpython-312.pyc
/home/alemany/robot_ws/install/g1pilot/lib/python3.12/site-packages/g1pilot/state/__pycache__/__init__.cpython-312.pyc
/home/alemany/robot_ws/install/g1pilot/lib/python3.12/site-packages/g1pilot/navigation/__pycache__/fix_mola_odometry.cpython-312.pyc
/home/alemany/robot_ws/install/g1pilot/lib/python3.12/site-packages/g1pilot/navigation/__pycache__/loco_client.cpython-312.pyc
/home/alemany/robot_ws/install/g1pilot/lib/python3.12/site-packages/g1pilot/navigation/__pycache__/create_map.cpython-312.pyc
/home/alemany/robot_ws/install/g1pilot/lib/python3.12/site-packages/g1pilot/navigation/__pycache__/nav2point.cpython-312.pyc
/home/alemany/robot_ws/install/g1pilot/lib/python3.12/site-packages/g1pilot/navigation/__pycache__/dijkstra_planner.cpython-312.pyc
/home/alemany/robot_ws/install/g1pilot/lib/python3.12/site-packages/g1pilot/navigation/__pycache__/__init__.cpython-312.pyc
/home/alemany/robot_ws/install/g1pilot/lib/python3.12/site-packages/g1pilot/utils/__pycache__/joints_names.cpython-312.pyc
/home/alemany/robot_ws/install/g1pilot/lib/python3.12/site-packages/g1pilot/utils/__pycache__/arm_gui.cpython-312.pyc
/home/alemany/robot_ws/install/g1pilot/lib/python3.12/site-packages/g1pilot/utils/__pycache__/helpers.cpython-312.pyc
/home/alemany/robot_ws/install/g1pilot/lib/python3.12/site-packages/g1pilot/utils/__pycache__/extract_configuration.cpython-312.pyc
/home/alemany/robot_ws/install/g1pilot/lib/python3.12/site-packages/g1pilot/utils/__pycache__/common.cpython-312.pyc
/home/alemany/robot_ws/install/g1pilot/lib/python3.12/site-packages/g1pilot/utils/__pycache__/window_style.cpython-312.pyc
/home/alemany/robot_ws/install/g1pilot/lib/python3.12/site-packages/g1pilot/utils/__pycache__/__init__.cpython-312.pyc
/home/alemany/robot_ws/install/g1pilot/share/ament_index/resource_index/packages/g1pilot
/home/alemany/robot_ws/install/g1pilot/share/g1pilot/package.xml
/home/alemany/robot_ws/install/g1pilot/share/g1pilot/launch/robot_state_launcher.launch.py
/home/alemany/robot_ws/install/g1pilot/share/g1pilot/launch/teleoperation_launcher.launch.py
/home/alemany/robot_ws/install/g1pilot/share/g1pilot/launch/navigation_launcher.launch.py
/home/alemany/robot_ws/install/g1pilot/share/g1pilot/launch/mola_launcher.launch.py
/home/alemany/robot_ws/install/g1pilot/share/g1pilot/launch/livox_launcher.launch.py
/home/alemany/robot_ws/install/g1pilot/share/g1pilot/launch/manipulation_launcher.launch.py
/home/alemany/robot_ws/install/g1pilot/share/g1pilot/launch/bringup_launcher.launch.py
/home/alemany/robot_ws/install/g1pilot/share/g1pilot/launch/bringup_opensot.launch.py
/home/alemany/robot_ws/install/g1pilot/share/g1pilot/description_files/urdf/g1_29dof_dx3_upperbody.urdf
/home/alemany/robot_ws/install/g1pilot/share/g1pilot/description_files/urdf/g1_29dof.urdf
/home/alemany/robot_ws/install/g1pilot/share/g1pilot/description_files/urdf/g1_29dof_upperbody.urdf
/home/alemany/robot_ws/install/g1pilot/share/g1pilot/description_files/urdf/g1_29dof_dx3.urdf
/home/alemany/robot_ws/install/g1pilot/share/g1pilot/description_files/xml
/home/alemany/robot_ws/install/g1pilot/share/g1pilot/description_files/meshes/left_elbow_link.STL
/home/alemany/robot_ws/install/g1pilot/share/g1pilot/description_files/meshes/left_shoulder_roll_link.STL
/home/alemany/robot_ws/install/g1pilot/share/g1pilot/description_files/meshes/Link19_L.STL
/home/alemany/robot_ws/install/g1pilot/share/g1pilot/description_files/meshes/Link12_R.STL
/home/alemany/robot_ws/install/g1pilot/share/g1pilot/description_files/meshes/Link12_L.STL
/home/alemany/robot_ws/install/g1pilot/share/g1pilot/description_files/meshes/left_wrist_roll_coll.STL
/home/alemany/robot_ws/install/g1pilot/share/g1pilot/description_files/meshes/right_wrist_roll_rubber_hand_coll.STL
/home/alemany/robot_ws/install/g1pilot/share/g1pilot/description_files/meshes/left_index_force_sensor_1.STL
/home/alemany/robot_ws/install/g1pilot/share/g1pilot/description_files/meshes/torso_link_23dof_rev_1_0.STL
/home/alemany/robot_ws/install/g1pilot/share/g1pilot/description_files/meshes/left_ankle_roll_link.STL
/home/alemany/robot_ws/install/g1pilot/share/g1pilot/description_files/meshes/right_shoulder_pitch_link.STL
/home/alemany/robot_ws/install/g1pilot/share/g1pilot/description_files/meshes/right_hand_thumb_2_link.STL
/home/alemany/robot_ws/install/g1pilot/share/g1pilot/description_files/meshes/Link18_L.STL
/home/alemany/robot_ws/install/g1pilot/share/g1pilot/description_files/meshes/head_link.STL
/home/alemany/robot_ws/install/g1pilot/share/g1pilot/description_files/meshes/right_hand_index_0_link.STL
/home/alemany/robot_ws/install/g1pilot/share/g1pilot/description_files/meshes/Link15_L.STL
/home/alemany/robot_ws/install/g1pilot/share/g1pilot/description_files/meshes/right_ankle_pitch_link.STL
/home/alemany/robot_ws/install/g1pilot/share/g1pilot/description_files/meshes/left_palm_force_sensor.STL
/home/alemany/robot_ws/install/g1pilot/share/g1pilot/description_files/meshes/right_elbow_link.STL
/home/alemany/robot_ws/install/g1pilot/share/g1pilot/description_files/meshes/torso_link.STL
/home/alemany/robot_ws/install/g1pilot/share/g1pilot/description_files/meshes/right_little_force_sensor_3.STL
/home/alemany/robot_ws/install/g1pilot/share/g1pilot/description_files/meshes/left_index_force_sensor_3.STL
/home/alemany/robot_ws/install/g1pilot/share/g1pilot/description_files/meshes/right_hand_middle_0_link.STL
/home/alemany/robot_ws/install/g1pilot/share/g1pilot/description_files/meshes/right_middle_1.STL
/home/alemany/robot_ws/install/g1pilot/share/g1pilot/description_files/meshes/Link22_R.STL
/home/alemany/robot_ws/install/g1pilot/share/g1pilot/description_files/meshes/left_hip_yaw_link.STL
/home/alemany/robot_ws/install/g1pilot/share/g1pilot/description_files/meshes/waist_roll_link.STL
/home/alemany/robot_ws/install/g1pilot/share/g1pilot/description_files/meshes/torso_constraint_L_rod_link.STL
/home/alemany/robot_ws/install/g1pilot/share/g1pilot/description_files/meshes/left_shoulder_yaw_link_coll.STL
/home/alemany/robot_ws/install/g1pilot/share/g1pilot/description_files/meshes/Link15_R.STL
/home/alemany/robot_ws/install/g1pilot/share/g1pilot/description_files/meshes/left_middle_force_sensor_2.STL
/home/alemany/robot_ws/install/g1pilot/share/g1pilot/description_files/meshes/waist_yaw_link.STL
/home/alemany/robot_ws/install/g1pilot/share/g1pilot/description_files/meshes/right_thumb_3.STL
/home/alemany/robot_ws/install/g1pilot/share/g1pilot/description_files/meshes/waist_support_link.STL
/home/alemany/robot_ws/install/g1pilot/share/g1pilot/description_files/meshes/pelvis.STL
/home/alemany/robot_ws/install/g1pilot/share/g1pilot/description_files/meshes/Link18_R.STL
/home/alemany/robot_ws/install/g1pilot/share/g1pilot/description_files/meshes/right_palm_force_sensor.STL
/home/alemany/robot_ws/install/g1pilot/share/g1pilot/description_files/meshes/Link11_R.STL
/home/alemany/robot_ws/install/g1pilot/share/g1pilot/description_files/meshes/torso_constraint_R_rod_link.STL
/home/alemany/robot_ws/install/g1pilot/share/g1pilot/description_files/meshes/right_index_2.STL
/home/alemany/robot_ws/install/g1pilot/share/g1pilot/description_files/meshes/right_hand_thumb_0_link.STL
/home/alemany/robot_ws/install/g1pilot/share/g1pilot/description_files/meshes/Link20_L.STL
/home/alemany/robot_ws/install/g1pilot/share/g1pilot/description_files/meshes/left_hand_palm_link.STL
/home/alemany/robot_ws/install/g1pilot/share/g1pilot/description_files/meshes/Link11_L.STL
/home/alemany/robot_ws/install/g1pilot/share/g1pilot/description_files/meshes/Link13_L.STL
/home/alemany/robot_ws/install/g1pilot/share/g1pilot/description_files/meshes/left_hand_middle_0_link.STL
/home/alemany/robot_ws/install/g1pilot/share/g1pilot/description_files/meshes/left_wrist_yaw_link_5010.STL
/home/alemany/robot_ws/install/g1pilot/share/g1pilot/description_files/meshes/right_ring_force_sensor_2.STL
/home/alemany/robot_ws/install/g1pilot/share/g1pilot/description_files/meshes/left_shoulder_yaw_link.STL
/home/alemany/robot_ws/install/g1pilot/share/g1pilot/description_files/meshes/left_little_2.STL
/home/alemany/robot_ws/install/g1pilot/share/g1pilot/description_files/meshes/right_shoulder_yaw_link.STL
/home/alemany/robot_ws/install/g1pilot/share/g1pilot/description_files/meshes/head_servo_link.STL
/home/alemany/robot_ws/install/g1pilot/share/g1pilot/description_files/meshes/left_ring_force_sensor_1.STL
/home/alemany/robot_ws/install/g1pilot/share/g1pilot/description_files/meshes/left_index_force_sensor_2.STL
/home/alemany/robot_ws/install/g1pilot/share/g1pilot/description_files/meshes/left_hand_index_1_link.STL
/home/alemany/robot_ws/install/g1pilot/share/g1pilot/description_files/meshes/Link17_R.STL
/home/alemany/robot_ws/install/g1pilot/share/g1pilot/description_files/meshes/right_shoulder_roll_link.STL
/home/alemany/robot_ws/install/g1pilot/share/g1pilot/description_files/meshes/left_index_2.STL
/home/alemany/robot_ws/install/g1pilot/share/g1pilot/description_files/meshes/d455_link.STL
/home/alemany/robot_ws/install/g1pilot/share/g1pilot/description_files/meshes/right_thumb_force_sensor_1.STL
/home/alemany/robot_ws/install/g1pilot/share/g1pilot/description_files/meshes/waist_constraint_L.STL
/home/alemany/robot_ws/install/g1pilot/share/g1pilot/description_files/meshes/left_wrist_roll_rubber_hand.STL
/home/alemany/robot_ws/install/g1pilot/share/g1pilot/description_files/meshes/right_thumb_force_sensor_2.STL
/home/alemany/robot_ws/install/g1pilot/share/g1pilot/description_files/meshes/left_hand_thumb_1_link.STL
/home/alemany/robot_ws/install/g1pilot/share/g1pilot/description_files/meshes/right_hand_middle_1_link.STL
/home/alemany/robot_ws/install/g1pilot/share/g1pilot/description_files/meshes/right_ring_force_sensor_1.STL
/home/alemany/robot_ws/install/g1pilot/share/g1pilot/description_files/meshes/left_little_force_sensor_1.STL
/home/alemany/robot_ws/install/g1pilot/share/g1pilot/description_files/meshes/right_middle_force_sensor_2.STL
/home/alemany/robot_ws/install/g1pilot/share/g1pilot/description_files/meshes/right_shoulder_yaw_link_coll.STL
/home/alemany/robot_ws/install/g1pilot/share/g1pilot/description_files/meshes/Link19_R.STL
/home/alemany/robot_ws/install/g1pilot/share/g1pilot/description_files/meshes/right_hand_index_1_link.STL
/home/alemany/robot_ws/install/g1pilot/share/g1pilot/description_files/meshes/Link22_L.STL
/home/alemany/robot_ws/install/g1pilot/share/g1pilot/description_files/meshes/right_thumb_force_sensor_3.STL
/home/alemany/robot_ws/install/g1pilot/share/g1pilot/description_files/meshes/left_base_link.STL
/home/alemany/robot_ws/install/g1pilot/share/g1pilot/description_files/meshes/right_wrist_pitch_link_5010.STL
/home/alemany/robot_ws/install/g1pilot/share/g1pilot/description_files/meshes/right_wrist_roll_coll.STL
/home/alemany/robot_ws/install/g1pilot/share/g1pilot/description_files/meshes/Link21_R.STL
/home/alemany/robot_ws/install/g1pilot/share/g1pilot/description_files/meshes/right_wrist_pitch_link.STL
/home/alemany/robot_ws/install/g1pilot/share/g1pilot/description_files/meshes/right_wrist_roll_link_5010.STL
/home/alemany/robot_ws/install/g1pilot/share/g1pilot/description_files/meshes/left_thumb_force_sensor_2.STL
/home/alemany/robot_ws/install/g1pilot/share/g1pilot/description_files/meshes/left_thumb_swing.STL
/home/alemany/robot_ws/install/g1pilot/share/g1pilot/description_files/meshes/left_knee_link.STL
/home/alemany/robot_ws/install/g1pilot/share/g1pilot/description_files/meshes/left_rubber_hand.STL
/home/alemany/robot_ws/install/g1pilot/share/g1pilot/description_files/meshes/right_index_force_sensor_2.STL
/home/alemany/robot_ws/install/g1pilot/share/g1pilot/description_files/meshes/right_ring_2.STL
/home/alemany/robot_ws/install/g1pilot/share/g1pilot/description_files/meshes/right_wrist_yaw_link.STL
/home/alemany/robot_ws/install/g1pilot/share/g1pilot/description_files/meshes/right_middle_force_sensor_1.STL
/home/alemany/robot_ws/install/g1pilot/share/g1pilot/description_files/meshes/right_rubber_palm_coll.STL
/home/alemany/robot_ws/install/g1pilot/share/g1pilot/description_files/meshes/right_rubber_hand.STL
/home/alemany/robot_ws/install/g1pilot/share/g1pilot/description_files/meshes/right_ring_1.STL
/home/alemany/robot_ws/install/g1pilot/share/g1pilot/description_files/meshes/left_thumb_1.STL
/home/alemany/robot_ws/install/g1pilot/share/g1pilot/description_files/meshes/left_wrist_roll_link.STL
/home/alemany/robot_ws/install/g1pilot/share/g1pilot/description_files/meshes/torso_constraint_R_link.STL
/home/alemany/robot_ws/install/g1pilot/share/g1pilot/description_files/meshes/left_middle_force_sensor_3.STL
/home/alemany/robot_ws/install/g1pilot/share/g1pilot/description_files/meshes/left_wrist_pitch_link.STL
/home/alemany/robot_ws/install/g1pilot/share/g1pilot/description_files/meshes/left_wrist_roll_link_5010.STL
/home/alemany/robot_ws/install/g1pilot/share/g1pilot/description_files/meshes/left_middle_2.STL
/home/alemany/robot_ws/install/g1pilot/share/g1pilot/description_files/meshes/left_thumb_3.STL
/home/alemany/robot_ws/install/g1pilot/share/g1pilot/description_files/meshes/waist_constraint_R.STL
/home/alemany/robot_ws/install/g1pilot/share/g1pilot/description_files/meshes/left_index_1.STL
/home/alemany/robot_ws/install/g1pilot/share/g1pilot/description_files/meshes/right_hip_yaw_link.STL
/home/alemany/robot_ws/install/g1pilot/share/g1pilot/description_files/meshes/right_little_force_sensor_2.STL
/home/alemany/robot_ws/install/g1pilot/share/g1pilot/description_files/meshes/Link16_L.STL
/home/alemany/robot_ws/install/g1pilot/share/g1pilot/description_files/meshes/left_ring_force_sensor_3.STL
/home/alemany/robot_ws/install/g1pilot/share/g1pilot/description_files/meshes/shoulder_pitch_coll_cylinder.STL
/home/alemany/robot_ws/install/g1pilot/share/g1pilot/description_files/meshes/left_little_1.STL
/home/alemany/robot_ws/install/g1pilot/share/g1pilot/description_files/meshes/left_hip_roll_link.STL
/home/alemany/robot_ws/install/g1pilot/share/g1pilot/description_files/meshes/left_hand_thumb_2_link.STL
/home/alemany/robot_ws/install/g1pilot/share/g1pilot/description_files/meshes/L_hand_base_link.STL
/home/alemany/robot_ws/install/g1pilot/share/g1pilot/description_files/meshes/Link13_R.STL
/home/alemany/robot_ws/install/g1pilot/share/g1pilot/description_files/meshes/R_hand_base_link.STL
/home/alemany/robot_ws/install/g1pilot/share/g1pilot/description_files/meshes/left_rubber_palm_coll.STL
/home/alemany/robot_ws/install/g1pilot/share/g1pilot/description_files/meshes/Link17_L.STL
/home/alemany/robot_ws/install/g1pilot/share/g1pilot/description_files/meshes/Link14_L.STL
/home/alemany/robot_ws/install/g1pilot/share/g1pilot/description_files/meshes/xl330_link.STL
/home/alemany/robot_ws/install/g1pilot/share/g1pilot/description_files/meshes/left_thumb_force_sensor_1.STL
/home/alemany/robot_ws/install/g1pilot/share/g1pilot/description_files/meshes/left_thumb_force_sensor_3.STL
/home/alemany/robot_ws/install/g1pilot/share/g1pilot/description_files/meshes/Link21_L.STL
/home/alemany/robot_ws/install/g1pilot/share/g1pilot/description_files/meshes/right_index_1.STL
/home/alemany/robot_ws/install/g1pilot/share/g1pilot/description_files/meshes/right_base_link.STL
/home/alemany/robot_ws/install/g1pilot/share/g1pilot/description_files/meshes/right_ring_force_sensor_3.STL
/home/alemany/robot_ws/install/g1pilot/share/g1pilot/description_files/meshes/right_knee_link.STL
/home/alemany/robot_ws/install/g1pilot/share/g1pilot/description_files/meshes/torso_link_23dof_rev_1_0_coll.STL
/home/alemany/robot_ws/install/g1pilot/share/g1pilot/description_files/meshes/right_hip_pitch_link.STL
/home/alemany/robot_ws/install/g1pilot/share/g1pilot/description_files/meshes/pelvis_contour_link.STL
/home/alemany/robot_ws/install/g1pilot/share/g1pilot/description_files/meshes/left_wrist_yaw_link.STL
/home/alemany/robot_ws/install/g1pilot/share/g1pilot/description_files/meshes/right_thumb_4.STL
/home/alemany/robot_ws/install/g1pilot/share/g1pilot/description_files/meshes/left_thumb_2.STL
/home/alemany/robot_ws/install/g1pilot/share/g1pilot/description_files/meshes/Link20_R.STL
/home/alemany/robot_ws/install/g1pilot/share/g1pilot/description_files/meshes/right_wrist_roll_rubber_hand.STL
/home/alemany/robot_ws/install/g1pilot/share/g1pilot/description_files/meshes/right_little_1.STL
/home/alemany/robot_ws/install/g1pilot/share/g1pilot/description_files/meshes/waist_yaw_link_rev_1_0.STL
/home/alemany/robot_ws/install/g1pilot/share/g1pilot/description_files/meshes/left_hand_index_0_link.STL
/home/alemany/robot_ws/install/g1pilot/share/g1pilot/description_files/meshes/Link16_R.STL
/home/alemany/robot_ws/install/g1pilot/share/g1pilot/description_files/meshes/right_little_force_sensor_1.STL
/home/alemany/robot_ws/install/g1pilot/share/g1pilot/description_files/meshes/left_ring_force_sensor_2.STL
/home/alemany/robot_ws/install/g1pilot/share/g1pilot/description_files/meshes/left_shoulder_pitch_link.STL
/home/alemany/robot_ws/install/g1pilot/share/g1pilot/description_files/meshes/right_hand_thumb_1_link.STL
/home/alemany/robot_ws/install/g1pilot/share/g1pilot/description_files/meshes/right_wrist_roll_link.STL
/home/alemany/robot_ws/install/g1pilot/share/g1pilot/description_files/meshes/right_thumb_2.STL
/home/alemany/robot_ws/install/g1pilot/share/g1pilot/description_files/meshes/left_thumb_force_sensor_4.STL
/home/alemany/robot_ws/install/g1pilot/share/g1pilot/description_files/meshes/torso_constraint_L_link.STL
/home/alemany/robot_ws/install/g1pilot/share/g1pilot/description_files/meshes/left_little_force_sensor_2.STL
/home/alemany/robot_ws/install/g1pilot/share/g1pilot/description_files/meshes/logo_link.STL
/home/alemany/robot_ws/install/g1pilot/share/g1pilot/description_files/meshes/waist_roll_link_rev_1_0.STL
/home/alemany/robot_ws/install/g1pilot/share/g1pilot/description_files/meshes/right_middle_2.STL
/home/alemany/robot_ws/install/g1pilot/share/g1pilot/description_files/meshes/left_ring_2.STL
/home/alemany/robot_ws/install/g1pilot/share/g1pilot/description_files/meshes/left_hand_middle_1_link.STL
/home/alemany/robot_ws/install/g1pilot/share/g1pilot/description_files/meshes/torso_link_rev_1_0.STL
/home/alemany/robot_ws/install/g1pilot/share/g1pilot/description_files/meshes/left_hand_thumb_0_link.STL
/home/alemany/robot_ws/install/g1pilot/share/g1pilot/description_files/meshes/left_thumb_4.STL
/home/alemany/robot_ws/install/g1pilot/share/g1pilot/description_files/meshes/right_thumb_1.STL
/home/alemany/robot_ws/install/g1pilot/share/g1pilot/description_files/meshes/right_ankle_roll_link.STL
/home/alemany/robot_ws/install/g1pilot/share/g1pilot/description_files/meshes/right_index_force_sensor_3.STL
/home/alemany/robot_ws/install/g1pilot/share/g1pilot/description_files/meshes/left_ankle_pitch_link.STL
/home/alemany/robot_ws/install/g1pilot/share/g1pilot/description_files/meshes/right_index_force_sensor_1.STL
/home/alemany/robot_ws/install/g1pilot/share/g1pilot/description_files/meshes/right_hand_palm_link.STL
/home/alemany/robot_ws/install/g1pilot/share/g1pilot/description_files/meshes/left_ring_1.STL
/home/alemany/robot_ws/install/g1pilot/share/g1pilot/description_files/meshes/left_middle_force_sensor_1.STL
/home/alemany/robot_ws/install/g1pilot/share/g1pilot/description_files/meshes/left_wrist_roll_rubber_hand_coll.STL
/home/alemany/robot_ws/install/g1pilot/share/g1pilot/description_files/meshes/right_hip_roll_link.STL
/home/alemany/robot_ws/install/g1pilot/share/g1pilot/description_files/meshes/head_link_coll.STL
/home/alemany/robot_ws/install/g1pilot/share/g1pilot/description_files/meshes/right_middle_force_sensor_3.STL
/home/alemany/robot_ws/install/g1pilot/share/g1pilot/description_files/meshes/Link14_R.STL
/home/alemany/robot_ws/install/g1pilot/share/g1pilot/description_files/meshes/left_wrist_pitch_link_5010.STL
/home/alemany/robot_ws/install/g1pilot/share/g1pilot/description_files/meshes/left_hip_pitch_link.STL
/home/alemany/robot_ws/install/g1pilot/share/g1pilot/description_files/meshes/left_little_force_sensor_3.STL
/home/alemany/robot_ws/install/g1pilot/share/g1pilot/description_files/meshes/shoulder_roll_coll_cylinder.STL
/home/alemany/robot_ws/install/g1pilot/share/g1pilot/description_files/meshes/left_middle_1.STL
/home/alemany/robot_ws/install/g1pilot/share/g1pilot/description_files/meshes/right_thumb_force_sensor_4.STL
/home/alemany/robot_ws/install/g1pilot/share/g1pilot/description_files/meshes/right_wrist_yaw_link_5010.STL
/home/alemany/robot_ws/install/g1pilot/share/g1pilot/description_files/meshes/right_little_2.STL
/home/alemany/robot_ws/install/g1pilot/share/g1pilot/config/config.yaml
/home/alemany/robot_ws/install/g1pilot/share/g1pilot/rviz
/home/alemany/robot_ws/install/g1pilot/lib/python3.12/site-packages/g1pilot-0.0.0-py3.12.egg-info/zip-safe
/home/alemany/robot_ws/install/g1pilot/lib/python3.12/site-packages/g1pilot-0.0.0-py3.12.egg-info/PKG-INFO
/home/alemany/robot_ws/install/g1pilot/lib/python3.12/site-packages/g1pilot-0.0.0-py3.12.egg-info/requires.txt
/home/alemany/robot_ws/install/g1pilot/lib/python3.12/site-packages/g1pilot-0.0.0-py3.12.egg-info/dependency_links.txt
/home/alemany/robot_ws/install/g1pilot/lib/python3.12/site-packages/g1pilot-0.0.0-py3.12.egg-info/SOURCES.txt
/home/alemany/robot_ws/install/g1pilot/lib/python3.12/site-packages/g1pilot-0.0.0-py3.12.egg-info/top_level.txt
/home/alemany/robot_ws/install/g1pilot/lib/python3.12/site-packages/g1pilot-0.0.0-py3.12.egg-info/entry_points.txt
/home/alemany/robot_ws/install/g1pilot/lib/g1pilot/create_map
/home/alemany/robot_ws/install/g1pilot/lib/g1pilot/dijkstra_planner
/home/alemany/robot_ws/install/g1pilot/lib/g1pilot/dx3_controller
/home/alemany/robot_ws/install/g1pilot/lib/g1pilot/interactive_marker
/home/alemany/robot_ws/install/g1pilot/lib/g1pilot/joy_mux
/home/alemany/robot_ws/install/g1pilot/lib/g1pilot/joystick
/home/alemany/robot_ws/install/g1pilot/lib/g1pilot/loco_client
/home/alemany/robot_ws/install/g1pilot/lib/g1pilot/mola_fixed
/home/alemany/robot_ws/install/g1pilot/lib/g1pilot/nav2point
/home/alemany/robot_ws/install/g1pilot/lib/g1pilot/opensot_solver
/home/alemany/robot_ws/install/g1pilot/lib/g1pilot/robot_state
/home/alemany/robot_ws/install/g1pilot/lib/g1pilot/ui_interface
