-- The C compiler identification is GNU 13.3.0
-- The CXX compiler identification is GNU 13.3.0
-- Detecting C compiler ABI info
-- Detecting C compiler ABI info - done
-- Check for working C compiler: /usr/lib/ccache/cc - skipped
-- Detecting C compile features
-- Detecting C compile features - done
-- Detecting CXX compiler ABI info
-- Detecting CXX compiler ABI info - done
-- Check for working CXX compiler: /usr/lib/ccache/c++ - skipped
-- Detecting CXX compile features
-- Detecting CXX compile features - done
-- Found ament_cmake: 2.5.5 (/opt/ros/jazzy/share/ament_cmake/cmake)
-- Found Python3: /home/alemany/venv-ardupilot/bin/python3 (found version "3.12.3") found components: Interpreter 
-- Found geometry_msgs: 5.3.6 (/opt/ros/jazzy/share/geometry_msgs/cmake)
-- Found rosidl_generator_c: 4.6.7 (/opt/ros/jazzy/share/rosidl_generator_c/cmake)
-- Found rosidl_generator_cpp: 4.6.7 (/opt/ros/jazzy/share/rosidl_generator_cpp/cmake)
-- Using all available rosidl_typesupport_c: rosidl_typesupport_fastrtps_c;rosidl_typesupport_introspection_c
-- Using all available rosidl_typesupport_cpp: rosidl_typesupport_fastrtps_cpp;rosidl_typesupport_introspection_cpp
-- Found rosidl_default_generators: 1.6.0 (/opt/ros/jazzy/share/rosidl_default_generators/cmake)
-- Found rosidl_adapter: 4.6.7 (/opt/ros/jazzy/share/rosidl_adapter/cmake)
-- Found rosidl_generator_dds_idl: 0.11.1 (/opt/ros/jazzy/share/rosidl_generator_dds_idl/cmake)
-- Found ament_cmake_ros: 0.12.0 (/opt/ros/jazzy/share/ament_cmake_ros/cmake)
-- Using all available rosidl_typesupport_c: rosidl_typesupport_fastrtps_c;rosidl_typesupport_introspection_c
-- Using all available rosidl_typesupport_cpp: rosidl_typesupport_fastrtps_cpp;rosidl_typesupport_introspection_cpp
-- Found python_cmake_module: 0.11.1 (/opt/ros/jazzy/share/python_cmake_module/cmake)
-- Found PythonExtra: /home/alemany/venv-ardupilot/bin/python3  
-- Found Python3: /home/alemany/venv-ardupilot/bin/python3 (found version "3.12.3") found components: Interpreter Development NumPy Development.Module Development.Embed 
-- Found ament_lint_auto: 0.17.4 (/opt/ros/jazzy/share/ament_lint_auto/cmake)
-- Added test 'copyright' to check source files copyright and LICENSE
-- Added test 'lint_cmake' to check CMake code style
-- Added test 'xmllint' to check XML markup files
-- Configuring done (2.8s)
-- Generating done (0.0s)
-- Build files have been written to: /home/alemany/robot_ws/build/unitree_api
[  1%] [34m[1mGenerating type hashes for ROS interfaces[0m
[  2%] [34m[1mGenerating DDS interfaces[0m
[  2%] Built target ament_cmake_python_copy_unitree_api
[  2%] Built target unitree_api__rosidl_generator_type_description
running egg_info
[  3%] [34m[1mGenerating C code for ROS interfaces[0m
[  3%] [34m[1mGenerating C++ code for ROS interfaces[0m
creating unitree_api.egg-info
writing unitree_api.egg-info/PKG-INFO
writing dependency_links to unitree_api.egg-info/dependency_links.txt
writing top-level names to unitree_api.egg-info/top_level.txt
writing manifest file 'unitree_api.egg-info/SOURCES.txt'
reading manifest file 'unitree_api.egg-info/SOURCES.txt'
writing manifest file 'unitree_api.egg-info/SOURCES.txt'
[  3%] Built target ament_cmake_python_build_unitree_api_egg
[  3%] Built target unitree_api__dds_connext_idl
[  3%] Built target unitree_api__cpp
[  4%] [32mBuilding C object CMakeFiles/unitree_api__rosidl_generator_c.dir/rosidl_generator_c/unitree_api/msg/detail/request_header__type_support.c.o[0m
[  6%] [32mBuilding C object CMakeFiles/unitree_api__rosidl_generator_c.dir/rosidl_generator_c/unitree_api/msg/detail/request_lease__description.c.o[0m
[  6%] [32mBuilding C object CMakeFiles/unitree_api__rosidl_generator_c.dir/rosidl_generator_c/unitree_api/msg/detail/request__description.c.o[0m
[  8%] [32mBuilding C object CMakeFiles/unitree_api__rosidl_generator_c.dir/rosidl_generator_c/unitree_api/msg/detail/request__type_support.c.o[0m
[  8%] [32mBuilding C object CMakeFiles/unitree_api__rosidl_generator_c.dir/rosidl_generator_c/unitree_api/msg/detail/request__functions.c.o[0m
[  9%] [32mBuilding C object CMakeFiles/unitree_api__rosidl_generator_c.dir/rosidl_generator_c/unitree_api/msg/detail/request_lease__type_support.c.o[0m
[ 10%] [32mBuilding C object CMakeFiles/unitree_api__rosidl_generator_c.dir/rosidl_generator_c/unitree_api/msg/detail/request_header__description.c.o[0m
[ 11%] [32mBuilding C object CMakeFiles/unitree_api__rosidl_generator_c.dir/rosidl_generator_c/unitree_api/msg/detail/request_identity__description.c.o[0m
[ 12%] [32mBuilding C object CMakeFiles/unitree_api__rosidl_generator_c.dir/rosidl_generator_c/unitree_api/msg/detail/response__description.c.o[0m
[ 13%] [32mBuilding C object CMakeFiles/unitree_api__rosidl_generator_c.dir/rosidl_generator_c/unitree_api/msg/detail/request_identity__functions.c.o[0m
[ 15%] [32mBuilding C object CMakeFiles/unitree_api__rosidl_generator_c.dir/rosidl_generator_c/unitree_api/msg/detail/request_header__functions.c.o[0m
[ 15%] [32mBuilding C object CMakeFiles/unitree_api__rosidl_generator_c.dir/rosidl_generator_c/unitree_api/msg/detail/request_policy__type_support.c.o[0m
[ 16%] [32mBuilding C object CMakeFiles/unitree_api__rosidl_generator_c.dir/rosidl_generator_c/unitree_api/msg/detail/request_policy__description.c.o[0m
[ 17%] [32mBuilding C object CMakeFiles/unitree_api__rosidl_generator_c.dir/rosidl_generator_c/unitree_api/msg/detail/request_identity__type_support.c.o[0m
[ 17%] [32mBuilding C object CMakeFiles/unitree_api__rosidl_generator_c.dir/rosidl_generator_c/unitree_api/msg/detail/response__type_support.c.o[0m
[ 18%] [32mBuilding C object CMakeFiles/unitree_api__rosidl_generator_c.dir/rosidl_generator_c/unitree_api/msg/detail/request_policy__functions.c.o[0m
[ 19%] [32mBuilding C object CMakeFiles/unitree_api__rosidl_generator_c.dir/rosidl_generator_c/unitree_api/msg/detail/response_status__description.c.o[0m
[ 20%] [32mBuilding C object CMakeFiles/unitree_api__rosidl_generator_c.dir/rosidl_generator_c/unitree_api/msg/detail/response_header__functions.c.o[0m
[ 22%] [32mBuilding C object CMakeFiles/unitree_api__rosidl_generator_c.dir/rosidl_generator_c/unitree_api/msg/detail/response_header__type_support.c.o[0m
[ 22%] [32mBuilding C object CMakeFiles/unitree_api__rosidl_generator_c.dir/rosidl_generator_c/unitree_api/msg/detail/response__functions.c.o[0m
[ 23%] [32mBuilding C object CMakeFiles/unitree_api__rosidl_generator_c.dir/rosidl_generator_c/unitree_api/msg/detail/request_lease__functions.c.o[0m
[ 24%] [32mBuilding C object CMakeFiles/unitree_api__rosidl_generator_c.dir/rosidl_generator_c/unitree_api/msg/detail/response_status__functions.c.o[0m
[ 25%] [32mBuilding C object CMakeFiles/unitree_api__rosidl_generator_c.dir/rosidl_generator_c/unitree_api/msg/detail/response_header__description.c.o[0m
[ 26%] [32mBuilding C object CMakeFiles/unitree_api__rosidl_generator_c.dir/rosidl_generator_c/unitree_api/msg/detail/response_status__type_support.c.o[0m
[ 27%] [32m[1mLinking C shared library libunitree_api__rosidl_generator_c.so[0m
[ 27%] Built target unitree_api__rosidl_generator_c
[ 28%] [34m[1mGenerating C type support for eProsima Fast-RTPS[0m
[ 29%] [34m[1mGenerating C++ type support for eProsima Fast-RTPS[0m
[ 30%] [34m[1mGenerating C introspection for ROS interfaces[0m
[ 31%] [34m[1mGenerating C type support dispatch for ROS interfaces[0m
[ 32%] [34m[1mGenerating C++ introspection for ROS interfaces[0m
[ 33%] [34m[1mGenerating C++ type support dispatch for ROS interfaces[0m
[ 34%] [32mBuilding CXX object CMakeFiles/unitree_api__rosidl_typesupport_cpp.dir/rosidl_typesupport_cpp/unitree_api/msg/request_header__type_support.cpp.o[0m
[ 35%] [32mBuilding CXX object CMakeFiles/unitree_api__rosidl_typesupport_cpp.dir/rosidl_typesupport_cpp/unitree_api/msg/request_lease__type_support.cpp.o[0m
[ 36%] [32mBuilding CXX object CMakeFiles/unitree_api__rosidl_typesupport_cpp.dir/rosidl_typesupport_cpp/unitree_api/msg/request_identity__type_support.cpp.o[0m
[ 37%] [32mBuilding CXX object CMakeFiles/unitree_api__rosidl_typesupport_cpp.dir/rosidl_typesupport_cpp/unitree_api/msg/request_policy__type_support.cpp.o[0m
[ 38%] [32mBuilding CXX object CMakeFiles/unitree_api__rosidl_typesupport_cpp.dir/rosidl_typesupport_cpp/unitree_api/msg/response__type_support.cpp.o[0m
[ 40%] [32mBuilding CXX object CMakeFiles/unitree_api__rosidl_typesupport_cpp.dir/rosidl_typesupport_cpp/unitree_api/msg/request__type_support.cpp.o[0m
[ 40%] [32mBuilding CXX object CMakeFiles/unitree_api__rosidl_typesupport_cpp.dir/rosidl_typesupport_cpp/unitree_api/msg/response_header__type_support.cpp.o[0m
[ 41%] [32mBuilding CXX object CMakeFiles/unitree_api__rosidl_typesupport_cpp.dir/rosidl_typesupport_cpp/unitree_api/msg/response_status__type_support.cpp.o[0m
[ 42%] [32m[1mLinking CXX shared library libunitree_api__rosidl_typesupport_cpp.so[0m
[ 42%] Built target unitree_api__rosidl_typesupport_cpp
[ 43%] [32mBuilding C object CMakeFiles/unitree_api__rosidl_typesupport_introspection_c.dir/rosidl_typesupport_introspection_c/unitree_api/msg/detail/request_header__type_support.c.o[0m
[ 44%] [32mBuilding C object CMakeFiles/unitree_api__rosidl_typesupport_introspection_c.dir/rosidl_typesupport_introspection_c/unitree_api/msg/detail/request__type_support.c.o[0m
[ 46%] [32mBuilding C object CMakeFiles/unitree_api__rosidl_typesupport_introspection_c.dir/rosidl_typesupport_introspection_c/unitree_api/msg/detail/request_identity__type_support.c.o[0m
[ 46%] [32mBuilding C object CMakeFiles/unitree_api__rosidl_typesupport_introspection_c.dir/rosidl_typesupport_introspection_c/unitree_api/msg/detail/request_lease__type_support.c.o[0m
[ 48%] [32mBuilding C object CMakeFiles/unitree_api__rosidl_typesupport_introspection_c.dir/rosidl_typesupport_introspection_c/unitree_api/msg/detail/response_status__type_support.c.o[0m
[ 48%] [32mBuilding C object CMakeFiles/unitree_api__rosidl_typesupport_introspection_c.dir/rosidl_typesupport_introspection_c/unitree_api/msg/detail/response_header__type_support.c.o[0m
[ 48%] [32mBuilding C object CMakeFiles/unitree_api__rosidl_typesupport_introspection_c.dir/rosidl_typesupport_introspection_c/unitree_api/msg/detail/request_policy__type_support.c.o[0m
[ 49%] [32mBuilding C object CMakeFiles/unitree_api__rosidl_typesupport_introspection_c.dir/rosidl_typesupport_introspection_c/unitree_api/msg/detail/response__type_support.c.o[0m
[ 50%] [32m[1mLinking C shared library libunitree_api__rosidl_typesupport_introspection_c.so[0m
[ 51%] [32mBuilding CXX object CMakeFiles/unitree_api__rosidl_typesupport_fastrtps_cpp.dir/rosidl_typesupport_fastrtps_cpp/unitree_api/msg/detail/dds_fastrtps/request__type_support.cpp.o[0m
[ 52%] [32mBuilding CXX object CMakeFiles/unitree_api__rosidl_typesupport_fastrtps_cpp.dir/rosidl_typesupport_fastrtps_cpp/unitree_api/msg/detail/dds_fastrtps/request_header__type_support.cpp.o[0m
[ 53%] [32mBuilding CXX object CMakeFiles/unitree_api__rosidl_typesupport_fastrtps_cpp.dir/rosidl_typesupport_fastrtps_cpp/unitree_api/msg/detail/dds_fastrtps/request_identity__type_support.cpp.o[0m
[ 54%] [32mBuilding CXX object CMakeFiles/unitree_api__rosidl_typesupport_fastrtps_cpp.dir/rosidl_typesupport_fastrtps_cpp/unitree_api/msg/detail/dds_fastrtps/response_header__type_support.cpp.o[0m
[ 55%] [32mBuilding CXX object CMakeFiles/unitree_api__rosidl_typesupport_fastrtps_cpp.dir/rosidl_typesupport_fastrtps_cpp/unitree_api/msg/detail/dds_fastrtps/request_policy__type_support.cpp.o[0m
[ 56%] [32mBuilding CXX object CMakeFiles/unitree_api__rosidl_typesupport_fastrtps_cpp.dir/rosidl_typesupport_fastrtps_cpp/unitree_api/msg/detail/dds_fastrtps/request_lease__type_support.cpp.o[0m
[ 57%] [32mBuilding CXX object CMakeFiles/unitree_api__rosidl_typesupport_fastrtps_cpp.dir/rosidl_typesupport_fastrtps_cpp/unitree_api/msg/detail/dds_fastrtps/response__type_support.cpp.o[0m
[ 58%] [32mBuilding CXX object CMakeFiles/unitree_api__rosidl_typesupport_fastrtps_cpp.dir/rosidl_typesupport_fastrtps_cpp/unitree_api/msg/detail/dds_fastrtps/response_status__type_support.cpp.o[0m
[ 59%] [32mBuilding CXX object CMakeFiles/unitree_api__rosidl_typesupport_c.dir/rosidl_typesupport_c/unitree_api/msg/request_lease__type_support.cpp.o[0m
[ 60%] [32mBuilding CXX object CMakeFiles/unitree_api__rosidl_typesupport_c.dir/rosidl_typesupport_c/unitree_api/msg/request_policy__type_support.cpp.o[0m
[ 61%] [32mBuilding CXX object CMakeFiles/unitree_api__rosidl_typesupport_c.dir/rosidl_typesupport_c/unitree_api/msg/response__type_support.cpp.o[0m
[ 62%] [32mBuilding CXX object CMakeFiles/unitree_api__rosidl_typesupport_c.dir/rosidl_typesupport_c/unitree_api/msg/request__type_support.cpp.o[0m
[ 62%] [32mBuilding CXX object CMakeFiles/unitree_api__rosidl_typesupport_c.dir/rosidl_typesupport_c/unitree_api/msg/request_identity__type_support.cpp.o[0m
[ 64%] [32mBuilding CXX object CMakeFiles/unitree_api__rosidl_typesupport_c.dir/rosidl_typesupport_c/unitree_api/msg/request_header__type_support.cpp.o[0m
[ 64%] [32mBuilding CXX object CMakeFiles/unitree_api__rosidl_typesupport_c.dir/rosidl_typesupport_c/unitree_api/msg/response_status__type_support.cpp.o[0m
[ 65%] [32mBuilding CXX object CMakeFiles/unitree_api__rosidl_typesupport_c.dir/rosidl_typesupport_c/unitree_api/msg/response_header__type_support.cpp.o[0m
[ 66%] [32m[1mLinking CXX shared library libunitree_api__rosidl_typesupport_fastrtps_cpp.so[0m
[ 66%] Built target unitree_api__rosidl_typesupport_introspection_c
[ 67%] [32mBuilding CXX object CMakeFiles/unitree_api__rosidl_typesupport_fastrtps_c.dir/rosidl_typesupport_fastrtps_c/unitree_api/msg/detail/request__type_support_c.cpp.o[0m
[ 67%] [32mBuilding CXX object CMakeFiles/unitree_api__rosidl_typesupport_fastrtps_c.dir/rosidl_typesupport_fastrtps_c/unitree_api/msg/detail/request_lease__type_support_c.cpp.o[0m
[ 68%] [32mBuilding CXX object CMakeFiles/unitree_api__rosidl_typesupport_fastrtps_c.dir/rosidl_typesupport_fastrtps_c/unitree_api/msg/detail/request_identity__type_support_c.cpp.o[0m
[ 69%] [32mBuilding CXX object CMakeFiles/unitree_api__rosidl_typesupport_fastrtps_c.dir/rosidl_typesupport_fastrtps_c/unitree_api/msg/detail/response_header__type_support_c.cpp.o[0m
[ 70%] [32mBuilding CXX object CMakeFiles/unitree_api__rosidl_typesupport_fastrtps_c.dir/rosidl_typesupport_fastrtps_c/unitree_api/msg/detail/response__type_support_c.cpp.o[0m
[ 72%] [32m[1mLinking CXX shared library libunitree_api__rosidl_typesupport_c.so[0m
[ 72%] [32mBuilding CXX object CMakeFiles/unitree_api__rosidl_typesupport_fastrtps_c.dir/rosidl_typesupport_fastrtps_c/unitree_api/msg/detail/request_header__type_support_c.cpp.o[0m
[ 73%] [32mBuilding CXX object CMakeFiles/unitree_api__rosidl_typesupport_fastrtps_c.dir/rosidl_typesupport_fastrtps_c/unitree_api/msg/detail/request_policy__type_support_c.cpp.o[0m
[ 74%] [32mBuilding CXX object CMakeFiles/unitree_api__rosidl_typesupport_fastrtps_c.dir/rosidl_typesupport_fastrtps_c/unitree_api/msg/detail/response_status__type_support_c.cpp.o[0m
[ 75%] [32m[1mLinking CXX shared library libunitree_api__rosidl_typesupport_fastrtps_c.so[0m
[ 75%] Built target unitree_api__rosidl_typesupport_c
[ 77%] [32mBuilding CXX object CMakeFiles/unitree_api__rosidl_typesupport_introspection_cpp.dir/rosidl_typesupport_introspection_cpp/unitree_api/msg/detail/request_identity__type_support.cpp.o[0m
[ 77%] [32mBuilding CXX object CMakeFiles/unitree_api__rosidl_typesupport_introspection_cpp.dir/rosidl_typesupport_introspection_cpp/unitree_api/msg/detail/request_header__type_support.cpp.o[0m
[ 78%] [32mBuilding CXX object CMakeFiles/unitree_api__rosidl_typesupport_introspection_cpp.dir/rosidl_typesupport_introspection_cpp/unitree_api/msg/detail/response_status__type_support.cpp.o[0m
[ 79%] [32mBuilding CXX object CMakeFiles/unitree_api__rosidl_typesupport_introspection_cpp.dir/rosidl_typesupport_introspection_cpp/unitree_api/msg/detail/request__type_support.cpp.o[0m
[ 80%] [32mBuilding CXX object CMakeFiles/unitree_api__rosidl_typesupport_introspection_cpp.dir/rosidl_typesupport_introspection_cpp/unitree_api/msg/detail/request_lease__type_support.cpp.o[0m
[ 83%] [32mBuilding CXX object CMakeFiles/unitree_api__rosidl_typesupport_introspection_cpp.dir/rosidl_typesupport_introspection_cpp/unitree_api/msg/detail/response__type_support.cpp.o[0m
[ 83%] [32mBuilding CXX object CMakeFiles/unitree_api__rosidl_typesupport_introspection_cpp.dir/rosidl_typesupport_introspection_cpp/unitree_api/msg/detail/request_policy__type_support.cpp.o[0m
[ 83%] [32mBuilding CXX object CMakeFiles/unitree_api__rosidl_typesupport_introspection_cpp.dir/rosidl_typesupport_introspection_cpp/unitree_api/msg/detail/response_header__type_support.cpp.o[0m
[ 84%] [32m[1mLinking CXX shared library libunitree_api__rosidl_typesupport_introspection_cpp.so[0m
[ 84%] Built target unitree_api__rosidl_typesupport_fastrtps_cpp
[ 84%] Built target unitree_api__rosidl_typesupport_fastrtps_c
[ 84%] Built target unitree_api__rosidl_typesupport_introspection_cpp
[ 84%] Built target unitree_api
[ 85%] [34m[1mGenerating Python code for ROS interfaces[0m
[ 85%] Built target unitree_api__py
[ 86%] [32mBuilding C object CMakeFiles/unitree_api__rosidl_generator_py.dir/rosidl_generator_py/unitree_api/msg/_request_header_s.c.o[0m
[ 87%] [32mBuilding C object CMakeFiles/unitree_api__rosidl_generator_py.dir/rosidl_generator_py/unitree_api/msg/_request_s.c.o[0m
[ 88%] [32mBuilding C object CMakeFiles/unitree_api__rosidl_generator_py.dir/rosidl_generator_py/unitree_api/msg/_request_lease_s.c.o[0m
[ 89%] [32mBuilding C object CMakeFiles/unitree_api__rosidl_generator_py.dir/rosidl_generator_py/unitree_api/msg/_response_header_s.c.o[0m
[ 90%] [32mBuilding C object CMakeFiles/unitree_api__rosidl_generator_py.dir/rosidl_generator_py/unitree_api/msg/_request_policy_s.c.o[0m
[ 91%] [32mBuilding C object CMakeFiles/unitree_api__rosidl_generator_py.dir/rosidl_generator_py/unitree_api/msg/_response_s.c.o[0m
[ 93%] [32mBuilding C object CMakeFiles/unitree_api__rosidl_generator_py.dir/rosidl_generator_py/unitree_api/msg/_response_status_s.c.o[0m
[ 93%] [32mBuilding C object CMakeFiles/unitree_api__rosidl_generator_py.dir/rosidl_generator_py/unitree_api/msg/_request_identity_s.c.o[0m
[ 94%] [32m[1mLinking C shared library libunitree_api__rosidl_generator_py.so[0m
[ 94%] Built target unitree_api__rosidl_generator_py
[ 96%] [32mBuilding C object CMakeFiles/unitree_api_s__rosidl_typesupport_fastrtps_c.dir/rosidl_generator_py/unitree_api/_unitree_api_s.ep.rosidl_typesupport_fastrtps_c.c.o[0m
[ 96%] [32mBuilding C object CMakeFiles/unitree_api_s__rosidl_typesupport_introspection_c.dir/rosidl_generator_py/unitree_api/_unitree_api_s.ep.rosidl_typesupport_introspection_c.c.o[0m
[ 97%] [32mBuilding C object CMakeFiles/unitree_api_s__rosidl_typesupport_c.dir/rosidl_generator_py/unitree_api/_unitree_api_s.ep.rosidl_typesupport_c.c.o[0m
[ 98%] [32m[1mLinking C shared module rosidl_generator_py/unitree_api/unitree_api_s__rosidl_typesupport_introspection_c.so[0m
[ 99%] [32m[1mLinking C shared module rosidl_generator_py/unitree_api/unitree_api_s__rosidl_typesupport_fastrtps_c.so[0m
[100%] [32m[1mLinking C shared module rosidl_generator_py/unitree_api/unitree_api_s__rosidl_typesupport_c.so[0m
[100%] Built target unitree_api_s__rosidl_typesupport_introspection_c
[100%] Built target unitree_api_s__rosidl_typesupport_c
[100%] Built target unitree_api_s__rosidl_typesupport_fastrtps_c
-- Install configuration: ""
-- Installing: /home/alemany/robot_ws/install/unitree_api/share/ament_index/resource_index/rosidl_interfaces/unitree_api
-- Installing: /home/alemany/robot_ws/install/unitree_api/share/unitree_api/msg/Request.json
-- Installing: /home/alemany/robot_ws/install/unitree_api/share/unitree_api/msg/RequestHeader.json
-- Installing: /home/alemany/robot_ws/install/unitree_api/share/unitree_api/msg/RequestIdentity.json
-- Installing: /home/alemany/robot_ws/install/unitree_api/share/unitree_api/msg/RequestLease.json
-- Installing: /home/alemany/robot_ws/install/unitree_api/share/unitree_api/msg/RequestPolicy.json
-- Installing: /home/alemany/robot_ws/install/unitree_api/share/unitree_api/msg/Response.json
-- Installing: /home/alemany/robot_ws/install/unitree_api/share/unitree_api/msg/ResponseHeader.json
-- Installing: /home/alemany/robot_ws/install/unitree_api/share/unitree_api/msg/ResponseStatus.json
-- Installing: /home/alemany/robot_ws/install/unitree_api/include/unitree_api/unitree_api
-- Installing: /home/alemany/robot_ws/install/unitree_api/include/unitree_api/unitree_api/msg
-- Installing: /home/alemany/robot_ws/install/unitree_api/include/unitree_api/unitree_api/msg/response_status.h
-- Installing: /home/alemany/robot_ws/install/unitree_api/include/unitree_api/unitree_api/msg/request_policy.h
-- Installing: /home/alemany/robot_ws/install/unitree_api/include/unitree_api/unitree_api/msg/response.h
-- Installing: /home/alemany/robot_ws/install/unitree_api/include/unitree_api/unitree_api/msg/request_lease.h
-- Installing: /home/alemany/robot_ws/install/unitree_api/include/unitree_api/unitree_api/msg/response_header.h
-- Installing: /home/alemany/robot_ws/install/unitree_api/include/unitree_api/unitree_api/msg/request.h
-- Installing: /home/alemany/robot_ws/install/unitree_api/include/unitree_api/unitree_api/msg/rosidl_generator_c__visibility_control.h
-- Installing: /home/alemany/robot_ws/install/unitree_api/include/unitree_api/unitree_api/msg/request_identity.h
-- Installing: /home/alemany/robot_ws/install/unitree_api/include/unitree_api/unitree_api/msg/request_header.h
-- Installing: /home/alemany/robot_ws/install/unitree_api/include/unitree_api/unitree_api/msg/detail
-- Installing: /home/alemany/robot_ws/install/unitree_api/include/unitree_api/unitree_api/msg/detail/request_header__type_support.c
-- Installing: /home/alemany/robot_ws/install/unitree_api/include/unitree_api/unitree_api/msg/detail/request_header__description.c
-- Installing: /home/alemany/robot_ws/install/unitree_api/include/unitree_api/unitree_api/msg/detail/request_lease__description.c
-- Installing: /home/alemany/robot_ws/install/unitree_api/include/unitree_api/unitree_api/msg/detail/request__type_support.c
-- Installing: /home/alemany/robot_ws/install/unitree_api/include/unitree_api/unitree_api/msg/detail/request__functions.h
-- Installing: /home/alemany/robot_ws/install/unitree_api/include/unitree_api/unitree_api/msg/detail/request_identity__functions.c
-- Installing: /home/alemany/robot_ws/install/unitree_api/include/unitree_api/unitree_api/msg/detail/request__type_support.h
-- Installing: /home/alemany/robot_ws/install/unitree_api/include/unitree_api/unitree_api/msg/detail/request_lease__type_support.h
-- Installing: /home/alemany/robot_ws/install/unitree_api/include/unitree_api/unitree_api/msg/detail/response__struct.h
-- Installing: /home/alemany/robot_ws/install/unitree_api/include/unitree_api/unitree_api/msg/detail/request__struct.h
-- Installing: /home/alemany/robot_ws/install/unitree_api/include/unitree_api/unitree_api/msg/detail/request_header__functions.h
-- Installing: /home/alemany/robot_ws/install/unitree_api/include/unitree_api/unitree_api/msg/detail/response_header__struct.h
-- Installing: /home/alemany/robot_ws/install/unitree_api/include/unitree_api/unitree_api/msg/detail/request_identity__struct.h
-- Installing: /home/alemany/robot_ws/install/unitree_api/include/unitree_api/unitree_api/msg/detail/request_lease__struct.h
-- Installing: /home/alemany/robot_ws/install/unitree_api/include/unitree_api/unitree_api/msg/detail/response__functions.c
-- Installing: /home/alemany/robot_ws/install/unitree_api/include/unitree_api/unitree_api/msg/detail/response_status__functions.c
-- Installing: /home/alemany/robot_ws/install/unitree_api/include/unitree_api/unitree_api/msg/detail/request_lease__functions.h
-- Installing: /home/alemany/robot_ws/install/unitree_api/include/unitree_api/unitree_api/msg/detail/request_lease__functions.c
-- Installing: /home/alemany/robot_ws/install/unitree_api/include/unitree_api/unitree_api/msg/detail/response_header__type_support.h
-- Installing: /home/alemany/robot_ws/install/unitree_api/include/unitree_api/unitree_api/msg/detail/request_policy__type_support.c
-- Installing: /home/alemany/robot_ws/install/unitree_api/include/unitree_api/unitree_api/msg/detail/response_header__type_support.c
-- Installing: /home/alemany/robot_ws/install/unitree_api/include/unitree_api/unitree_api/msg/detail/response_status__functions.h
-- Installing: /home/alemany/robot_ws/install/unitree_api/include/unitree_api/unitree_api/msg/detail/request__functions.c
-- Installing: /home/alemany/robot_ws/install/unitree_api/include/unitree_api/unitree_api/msg/detail/response_status__type_support.c
-- Installing: /home/alemany/robot_ws/install/unitree_api/include/unitree_api/unitree_api/msg/detail/response__functions.h
-- Installing: /home/alemany/robot_ws/install/unitree_api/include/unitree_api/unitree_api/msg/detail/request_header__functions.c
-- Installing: /home/alemany/robot_ws/install/unitree_api/include/unitree_api/unitree_api/msg/detail/response_status__type_support.h
-- Installing: /home/alemany/robot_ws/install/unitree_api/include/unitree_api/unitree_api/msg/detail/request_policy__type_support.h
-- Installing: /home/alemany/robot_ws/install/unitree_api/include/unitree_api/unitree_api/msg/detail/request_identity__description.c
-- Installing: /home/alemany/robot_ws/install/unitree_api/include/unitree_api/unitree_api/msg/detail/request_policy__functions.c
-- Installing: /home/alemany/robot_ws/install/unitree_api/include/unitree_api/unitree_api/msg/detail/request_lease__type_support.c
-- Installing: /home/alemany/robot_ws/install/unitree_api/include/unitree_api/unitree_api/msg/detail/request_policy__struct.h
-- Installing: /home/alemany/robot_ws/install/unitree_api/include/unitree_api/unitree_api/msg/detail/request_policy__description.c
-- Installing: /home/alemany/robot_ws/install/unitree_api/include/unitree_api/unitree_api/msg/detail/request_identity__type_support.c
-- Installing: /home/alemany/robot_ws/install/unitree_api/include/unitree_api/unitree_api/msg/detail/request_identity__functions.h
-- Installing: /home/alemany/robot_ws/install/unitree_api/include/unitree_api/unitree_api/msg/detail/response_header__functions.c
-- Installing: /home/alemany/robot_ws/install/unitree_api/include/unitree_api/unitree_api/msg/detail/response__type_support.h
-- Installing: /home/alemany/robot_ws/install/unitree_api/include/unitree_api/unitree_api/msg/detail/request__description.c
-- Installing: /home/alemany/robot_ws/install/unitree_api/include/unitree_api/unitree_api/msg/detail/request_identity__type_support.h
-- Installing: /home/alemany/robot_ws/install/unitree_api/include/unitree_api/unitree_api/msg/detail/request_header__struct.h
-- Installing: /home/alemany/robot_ws/install/unitree_api/include/unitree_api/unitree_api/msg/detail/response__type_support.c
-- Installing: /home/alemany/robot_ws/install/unitree_api/include/unitree_api/unitree_api/msg/detail/request_header__type_support.h
-- Installing: /home/alemany/robot_ws/install/unitree_api/include/unitree_api/unitree_api/msg/detail/response_status__struct.h
-- Installing: /home/alemany/robot_ws/install/unitree_api/include/unitree_api/unitree_api/msg/detail/response__description.c
-- Installing: /home/alemany/robot_ws/install/unitree_api/include/unitree_api/unitree_api/msg/detail/response_status__description.c
-- Installing: /home/alemany/robot_ws/install/unitree_api/include/unitree_api/unitree_api/msg/detail/request_policy__functions.h
-- Installing: /home/alemany/robot_ws/install/unitree_api/include/unitree_api/unitree_api/msg/detail/response_header__description.c
-- Installing: /home/alemany/robot_ws/install/unitree_api/include/unitree_api/unitree_api/msg/detail/response_header__functions.h
-- Installing: /home/alemany/robot_ws/install/unitree_api/share/unitree_api/environment/library_path.sh
-- Installing: /home/alemany/robot_ws/install/unitree_api/share/unitree_api/environment/library_path.dsv
-- Installing: /home/alemany/robot_ws/install/unitree_api/lib/libunitree_api__rosidl_generator_c.so
-- Set non-toolchain portion of runtime path of "/home/alemany/robot_ws/install/unitree_api/lib/libunitree_api__rosidl_generator_c.so" to ""
-- Up-to-date: /home/alemany/robot_ws/install/unitree_api/include/unitree_api/unitree_api
-- Up-to-date: /home/alemany/robot_ws/install/unitree_api/include/unitree_api/unitree_api/msg
-- Installing: /home/alemany/robot_ws/install/unitree_api/include/unitree_api/unitree_api/msg/rosidl_typesupport_fastrtps_c__visibility_control.h
-- Up-to-date: /home/alemany/robot_ws/install/unitree_api/include/unitree_api/unitree_api/msg/detail
-- Installing: /home/alemany/robot_ws/install/unitree_api/include/unitree_api/unitree_api/msg/detail/request_lease__rosidl_typesupport_fastrtps_c.h
-- Installing: /home/alemany/robot_ws/install/unitree_api/include/unitree_api/unitree_api/msg/detail/request_header__rosidl_typesupport_fastrtps_c.h
-- Installing: /home/alemany/robot_ws/install/unitree_api/include/unitree_api/unitree_api/msg/detail/response__rosidl_typesupport_fastrtps_c.h
-- Installing: /home/alemany/robot_ws/install/unitree_api/include/unitree_api/unitree_api/msg/detail/response_header__rosidl_typesupport_fastrtps_c.h
-- Installing: /home/alemany/robot_ws/install/unitree_api/include/unitree_api/unitree_api/msg/detail/request__rosidl_typesupport_fastrtps_c.h
-- Installing: /home/alemany/robot_ws/install/unitree_api/include/unitree_api/unitree_api/msg/detail/request_identity__rosidl_typesupport_fastrtps_c.h
-- Installing: /home/alemany/robot_ws/install/unitree_api/include/unitree_api/unitree_api/msg/detail/response_status__rosidl_typesupport_fastrtps_c.h
-- Installing: /home/alemany/robot_ws/install/unitree_api/include/unitree_api/unitree_api/msg/detail/request_policy__rosidl_typesupport_fastrtps_c.h
-- Installing: /home/alemany/robot_ws/install/unitree_api/lib/libunitree_api__rosidl_typesupport_fastrtps_c.so
-- Set non-toolchain portion of runtime path of "/home/alemany/robot_ws/install/unitree_api/lib/libunitree_api__rosidl_typesupport_fastrtps_c.so" to ""
-- Up-to-date: /home/alemany/robot_ws/install/unitree_api/include/unitree_api/unitree_api
-- Up-to-date: /home/alemany/robot_ws/install/unitree_api/include/unitree_api/unitree_api/msg
-- Installing: /home/alemany/robot_ws/install/unitree_api/include/unitree_api/unitree_api/msg/request_identity.hpp
-- Installing: /home/alemany/robot_ws/install/unitree_api/include/unitree_api/unitree_api/msg/request.hpp
-- Installing: /home/alemany/robot_ws/install/unitree_api/include/unitree_api/unitree_api/msg/request_header.hpp
-- Installing: /home/alemany/robot_ws/install/unitree_api/include/unitree_api/unitree_api/msg/response.hpp
-- Installing: /home/alemany/robot_ws/install/unitree_api/include/unitree_api/unitree_api/msg/request_lease.hpp
-- Installing: /home/alemany/robot_ws/install/unitree_api/include/unitree_api/unitree_api/msg/request_policy.hpp
-- Installing: /home/alemany/robot_ws/install/unitree_api/include/unitree_api/unitree_api/msg/response_status.hpp
-- Installing: /home/alemany/robot_ws/install/unitree_api/include/unitree_api/unitree_api/msg/rosidl_generator_cpp__visibility_control.hpp
-- Installing: /home/alemany/robot_ws/install/unitree_api/include/unitree_api/unitree_api/msg/response_header.hpp
-- Up-to-date: /home/alemany/robot_ws/install/unitree_api/include/unitree_api/unitree_api/msg/detail
-- Installing: /home/alemany/robot_ws/install/unitree_api/include/unitree_api/unitree_api/msg/detail/request_header__builder.hpp
-- Installing: /home/alemany/robot_ws/install/unitree_api/include/unitree_api/unitree_api/msg/detail/request_header__type_support.hpp
-- Installing: /home/alemany/robot_ws/install/unitree_api/include/unitree_api/unitree_api/msg/detail/response_header__type_support.hpp
-- Installing: /home/alemany/robot_ws/install/unitree_api/include/unitree_api/unitree_api/msg/detail/response_status__struct.hpp
-- Installing: /home/alemany/robot_ws/install/unitree_api/include/unitree_api/unitree_api/msg/detail/request_policy__type_support.hpp
-- Installing: /home/alemany/robot_ws/install/unitree_api/include/unitree_api/unitree_api/msg/detail/response_status__type_support.hpp
-- Installing: /home/alemany/robot_ws/install/unitree_api/include/unitree_api/unitree_api/msg/detail/request_lease__type_support.hpp
-- Installing: /home/alemany/robot_ws/install/unitree_api/include/unitree_api/unitree_api/msg/detail/response__struct.hpp
-- Installing: /home/alemany/robot_ws/install/unitree_api/include/unitree_api/unitree_api/msg/detail/request_policy__struct.hpp
-- Installing: /home/alemany/robot_ws/install/unitree_api/include/unitree_api/unitree_api/msg/detail/response__type_support.hpp
-- Installing: /home/alemany/robot_ws/install/unitree_api/include/unitree_api/unitree_api/msg/detail/request__traits.hpp
-- Installing: /home/alemany/robot_ws/install/unitree_api/include/unitree_api/unitree_api/msg/detail/request_policy__builder.hpp
-- Installing: /home/alemany/robot_ws/install/unitree_api/include/unitree_api/unitree_api/msg/detail/request_header__struct.hpp
-- Installing: /home/alemany/robot_ws/install/unitree_api/include/unitree_api/unitree_api/msg/detail/request_lease__builder.hpp
-- Installing: /home/alemany/robot_ws/install/unitree_api/include/unitree_api/unitree_api/msg/detail/response__builder.hpp
-- Installing: /home/alemany/robot_ws/install/unitree_api/include/unitree_api/unitree_api/msg/detail/request_lease__struct.hpp
-- Installing: /home/alemany/robot_ws/install/unitree_api/include/unitree_api/unitree_api/msg/detail/response_header__struct.hpp
-- Installing: /home/alemany/robot_ws/install/unitree_api/include/unitree_api/unitree_api/msg/detail/request__struct.hpp
-- Installing: /home/alemany/robot_ws/install/unitree_api/include/unitree_api/unitree_api/msg/detail/request_identity__builder.hpp
-- Installing: /home/alemany/robot_ws/install/unitree_api/include/unitree_api/unitree_api/msg/detail/request_identity__type_support.hpp
-- Installing: /home/alemany/robot_ws/install/unitree_api/include/unitree_api/unitree_api/msg/detail/request__builder.hpp
-- Installing: /home/alemany/robot_ws/install/unitree_api/include/unitree_api/unitree_api/msg/detail/request_lease__traits.hpp
-- Installing: /home/alemany/robot_ws/install/unitree_api/include/unitree_api/unitree_api/msg/detail/response_header__traits.hpp
-- Installing: /home/alemany/robot_ws/install/unitree_api/include/unitree_api/unitree_api/msg/detail/response_header__builder.hpp
-- Installing: /home/alemany/robot_ws/install/unitree_api/include/unitree_api/unitree_api/msg/detail/request__type_support.hpp
-- Installing: /home/alemany/robot_ws/install/unitree_api/include/unitree_api/unitree_api/msg/detail/request_header__traits.hpp
-- Installing: /home/alemany/robot_ws/install/unitree_api/include/unitree_api/unitree_api/msg/detail/response_status__builder.hpp
-- Installing: /home/alemany/robot_ws/install/unitree_api/include/unitree_api/unitree_api/msg/detail/request_identity__traits.hpp
-- Installing: /home/alemany/robot_ws/install/unitree_api/include/unitree_api/unitree_api/msg/detail/response_status__traits.hpp
-- Installing: /home/alemany/robot_ws/install/unitree_api/include/unitree_api/unitree_api/msg/detail/request_policy__traits.hpp
-- Installing: /home/alemany/robot_ws/install/unitree_api/include/unitree_api/unitree_api/msg/detail/response__traits.hpp
-- Installing: /home/alemany/robot_ws/install/unitree_api/include/unitree_api/unitree_api/msg/detail/request_identity__struct.hpp
-- Up-to-date: /home/alemany/robot_ws/install/unitree_api/include/unitree_api/unitree_api
-- Up-to-date: /home/alemany/robot_ws/install/unitree_api/include/unitree_api/unitree_api/msg
-- Installing: /home/alemany/robot_ws/install/unitree_api/include/unitree_api/unitree_api/msg/rosidl_typesupport_fastrtps_cpp__visibility_control.h
-- Up-to-date: /home/alemany/robot_ws/install/unitree_api/include/unitree_api/unitree_api/msg/detail
-- Installing: /home/alemany/robot_ws/install/unitree_api/include/unitree_api/unitree_api/msg/detail/request_lease__rosidl_typesupport_fastrtps_cpp.hpp
-- Installing: /home/alemany/robot_ws/install/unitree_api/include/unitree_api/unitree_api/msg/detail/response_header__rosidl_typesupport_fastrtps_cpp.hpp
-- Installing: /home/alemany/robot_ws/install/unitree_api/include/unitree_api/unitree_api/msg/detail/response_status__rosidl_typesupport_fastrtps_cpp.hpp
-- Installing: /home/alemany/robot_ws/install/unitree_api/include/unitree_api/unitree_api/msg/detail/response__rosidl_typesupport_fastrtps_cpp.hpp
-- Installing: /home/alemany/robot_ws/install/unitree_api/include/unitree_api/unitree_api/msg/detail/request_header__rosidl_typesupport_fastrtps_cpp.hpp
-- Installing: /home/alemany/robot_ws/install/unitree_api/include/unitree_api/unitree_api/msg/detail/request__rosidl_typesupport_fastrtps_cpp.hpp
-- Installing: /home/alemany/robot_ws/install/unitree_api/include/unitree_api/unitree_api/msg/detail/dds_fastrtps
-- Installing: /home/alemany/robot_ws/install/unitree_api/include/unitree_api/unitree_api/msg/detail/request_identity__rosidl_typesupport_fastrtps_cpp.hpp
-- Installing: /home/alemany/robot_ws/install/unitree_api/include/unitree_api/unitree_api/msg/detail/request_policy__rosidl_typesupport_fastrtps_cpp.hpp
-- Installing: /home/alemany/robot_ws/install/unitree_api/lib/libunitree_api__rosidl_typesupport_fastrtps_cpp.so
-- Set non-toolchain portion of runtime path of "/home/alemany/robot_ws/install/unitree_api/lib/libunitree_api__rosidl_typesupport_fastrtps_cpp.so" to ""
-- Up-to-date: /home/alemany/robot_ws/install/unitree_api/include/unitree_api/unitree_api
-- Up-to-date: /home/alemany/robot_ws/install/unitree_api/include/unitree_api/unitree_api/msg
-- Installing: /home/alemany/robot_ws/install/unitree_api/include/unitree_api/unitree_api/msg/rosidl_typesupport_introspection_c__visibility_control.h
-- Up-to-date: /home/alemany/robot_ws/install/unitree_api/include/unitree_api/unitree_api/msg/detail
-- Installing: /home/alemany/robot_ws/install/unitree_api/include/unitree_api/unitree_api/msg/detail/request_header__type_support.c
-- Installing: /home/alemany/robot_ws/install/unitree_api/include/unitree_api/unitree_api/msg/detail/request__type_support.c
-- Installing: /home/alemany/robot_ws/install/unitree_api/include/unitree_api/unitree_api/msg/detail/response_header__rosidl_typesupport_introspection_c.h
-- Installing: /home/alemany/robot_ws/install/unitree_api/include/unitree_api/unitree_api/msg/detail/response__rosidl_typesupport_introspection_c.h
-- Installing: /home/alemany/robot_ws/install/unitree_api/include/unitree_api/unitree_api/msg/detail/request_policy__type_support.c
-- Installing: /home/alemany/robot_ws/install/unitree_api/include/unitree_api/unitree_api/msg/detail/response_header__type_support.c
-- Installing: /home/alemany/robot_ws/install/unitree_api/include/unitree_api/unitree_api/msg/detail/request_identity__rosidl_typesupport_introspection_c.h
-- Installing: /home/alemany/robot_ws/install/unitree_api/include/unitree_api/unitree_api/msg/detail/response_status__rosidl_typesupport_introspection_c.h
-- Installing: /home/alemany/robot_ws/install/unitree_api/include/unitree_api/unitree_api/msg/detail/response_status__type_support.c
-- Installing: /home/alemany/robot_ws/install/unitree_api/include/unitree_api/unitree_api/msg/detail/request_policy__rosidl_typesupport_introspection_c.h
-- Installing: /home/alemany/robot_ws/install/unitree_api/include/unitree_api/unitree_api/msg/detail/request_lease__type_support.c
-- Installing: /home/alemany/robot_ws/install/unitree_api/include/unitree_api/unitree_api/msg/detail/request_identity__type_support.c
-- Installing: /home/alemany/robot_ws/install/unitree_api/include/unitree_api/unitree_api/msg/detail/request__rosidl_typesupport_introspection_c.h
-- Installing: /home/alemany/robot_ws/install/unitree_api/include/unitree_api/unitree_api/msg/detail/request_header__rosidl_typesupport_introspection_c.h
-- Installing: /home/alemany/robot_ws/install/unitree_api/include/unitree_api/unitree_api/msg/detail/response__type_support.c
-- Installing: /home/alemany/robot_ws/install/unitree_api/include/unitree_api/unitree_api/msg/detail/request_lease__rosidl_typesupport_introspection_c.h
-- Installing: /home/alemany/robot_ws/install/unitree_api/lib/libunitree_api__rosidl_typesupport_introspection_c.so
-- Set non-toolchain portion of runtime path of "/home/alemany/robot_ws/install/unitree_api/lib/libunitree_api__rosidl_typesupport_introspection_c.so" to ""
-- Installing: /home/alemany/robot_ws/install/unitree_api/lib/libunitree_api__rosidl_typesupport_c.so
-- Set non-toolchain portion of runtime path of "/home/alemany/robot_ws/install/unitree_api/lib/libunitree_api__rosidl_typesupport_c.so" to ""
-- Up-to-date: /home/alemany/robot_ws/install/unitree_api/include/unitree_api/unitree_api
-- Up-to-date: /home/alemany/robot_ws/install/unitree_api/include/unitree_api/unitree_api/msg
-- Up-to-date: /home/alemany/robot_ws/install/unitree_api/include/unitree_api/unitree_api/msg/detail
-- Installing: /home/alemany/robot_ws/install/unitree_api/include/unitree_api/unitree_api/msg/detail/request_identity__rosidl_typesupport_introspection_cpp.hpp
-- Installing: /home/alemany/robot_ws/install/unitree_api/include/unitree_api/unitree_api/msg/detail/request_identity__type_support.cpp
-- Installing: /home/alemany/robot_ws/install/unitree_api/include/unitree_api/unitree_api/msg/detail/request_lease__rosidl_typesupport_introspection_cpp.hpp
-- Installing: /home/alemany/robot_ws/install/unitree_api/include/unitree_api/unitree_api/msg/detail/request__rosidl_typesupport_introspection_cpp.hpp
-- Installing: /home/alemany/robot_ws/install/unitree_api/include/unitree_api/unitree_api/msg/detail/response__type_support.cpp
-- Installing: /home/alemany/robot_ws/install/unitree_api/include/unitree_api/unitree_api/msg/detail/request_policy__rosidl_typesupport_introspection_cpp.hpp
-- Installing: /home/alemany/robot_ws/install/unitree_api/include/unitree_api/unitree_api/msg/detail/request__type_support.cpp
-- Installing: /home/alemany/robot_ws/install/unitree_api/include/unitree_api/unitree_api/msg/detail/request_header__rosidl_typesupport_introspection_cpp.hpp
-- Installing: /home/alemany/robot_ws/install/unitree_api/include/unitree_api/unitree_api/msg/detail/response_status__type_support.cpp
-- Installing: /home/alemany/robot_ws/install/unitree_api/include/unitree_api/unitree_api/msg/detail/response_header__rosidl_typesupport_introspection_cpp.hpp
-- Installing: /home/alemany/robot_ws/install/unitree_api/include/unitree_api/unitree_api/msg/detail/request_policy__type_support.cpp
-- Installing: /home/alemany/robot_ws/install/unitree_api/include/unitree_api/unitree_api/msg/detail/request_header__type_support.cpp
-- Installing: /home/alemany/robot_ws/install/unitree_api/include/unitree_api/unitree_api/msg/detail/response_status__rosidl_typesupport_introspection_cpp.hpp
-- Installing: /home/alemany/robot_ws/install/unitree_api/include/unitree_api/unitree_api/msg/detail/response__rosidl_typesupport_introspection_cpp.hpp
-- Installing: /home/alemany/robot_ws/install/unitree_api/include/unitree_api/unitree_api/msg/detail/response_header__type_support.cpp
-- Installing: /home/alemany/robot_ws/install/unitree_api/include/unitree_api/unitree_api/msg/detail/request_lease__type_support.cpp
-- Installing: /home/alemany/robot_ws/install/unitree_api/lib/libunitree_api__rosidl_typesupport_introspection_cpp.so
-- Set non-toolchain portion of runtime path of "/home/alemany/robot_ws/install/unitree_api/lib/libunitree_api__rosidl_typesupport_introspection_cpp.so" to ""
-- Installing: /home/alemany/robot_ws/install/unitree_api/lib/libunitree_api__rosidl_typesupport_cpp.so
-- Set non-toolchain portion of runtime path of "/home/alemany/robot_ws/install/unitree_api/lib/libunitree_api__rosidl_typesupport_cpp.so" to ""
-- Installing: /home/alemany/robot_ws/install/unitree_api/share/unitree_api/environment/pythonpath.sh
-- Installing: /home/alemany/robot_ws/install/unitree_api/share/unitree_api/environment/pythonpath.dsv
-- Installing: /home/alemany/robot_ws/install/unitree_api/lib/python3.12/site-packages/unitree_api-0.0.0-py3.12.egg-info
-- Installing: /home/alemany/robot_ws/install/unitree_api/lib/python3.12/site-packages/unitree_api-0.0.0-py3.12.egg-info/PKG-INFO
-- Installing: /home/alemany/robot_ws/install/unitree_api/lib/python3.12/site-packages/unitree_api-0.0.0-py3.12.egg-info/dependency_links.txt
-- Installing: /home/alemany/robot_ws/install/unitree_api/lib/python3.12/site-packages/unitree_api-0.0.0-py3.12.egg-info/SOURCES.txt
-- Installing: /home/alemany/robot_ws/install/unitree_api/lib/python3.12/site-packages/unitree_api-0.0.0-py3.12.egg-info/top_level.txt
-- Installing: /home/alemany/robot_ws/install/unitree_api/lib/python3.12/site-packages/unitree_api
-- Installing: /home/alemany/robot_ws/install/unitree_api/lib/python3.12/site-packages/unitree_api/unitree_api_s__rosidl_typesupport_c.so
-- Installing: /home/alemany/robot_ws/install/unitree_api/lib/python3.12/site-packages/unitree_api/msg
-- Installing: /home/alemany/robot_ws/install/unitree_api/lib/python3.12/site-packages/unitree_api/msg/_request_lease.py
-- Installing: /home/alemany/robot_ws/install/unitree_api/lib/python3.12/site-packages/unitree_api/msg/_request_identity.py
-- Installing: /home/alemany/robot_ws/install/unitree_api/lib/python3.12/site-packages/unitree_api/msg/_request_header.py
-- Installing: /home/alemany/robot_ws/install/unitree_api/lib/python3.12/site-packages/unitree_api/msg/_request_lease_s.c
-- Installing: /home/alemany/robot_ws/install/unitree_api/lib/python3.12/site-packages/unitree_api/msg/_request_s.c
-- Installing: /home/alemany/robot_ws/install/unitree_api/lib/python3.12/site-packages/unitree_api/msg/_response_status_s.c
-- Installing: /home/alemany/robot_ws/install/unitree_api/lib/python3.12/site-packages/unitree_api/msg/_request.py
-- Installing: /home/alemany/robot_ws/install/unitree_api/lib/python3.12/site-packages/unitree_api/msg/_request_header_s.c
-- Installing: /home/alemany/robot_ws/install/unitree_api/lib/python3.12/site-packages/unitree_api/msg/_response_s.c
-- Installing: /home/alemany/robot_ws/install/unitree_api/lib/python3.12/site-packages/unitree_api/msg/_request_policy_s.c
-- Installing: /home/alemany/robot_ws/install/unitree_api/lib/python3.12/site-packages/unitree_api/msg/_response_status.py
-- Installing: /home/alemany/robot_ws/install/unitree_api/lib/python3.12/site-packages/unitree_api/msg/_response_header_s.c
-- Installing: /home/alemany/robot_ws/install/unitree_api/lib/python3.12/site-packages/unitree_api/msg/_request_policy.py
-- Installing: /home/alemany/robot_ws/install/unitree_api/lib/python3.12/site-packages/unitree_api/msg/_response_header.py
-- Installing: /home/alemany/robot_ws/install/unitree_api/lib/python3.12/site-packages/unitree_api/msg/_response.py
-- Installing: /home/alemany/robot_ws/install/unitree_api/lib/python3.12/site-packages/unitree_api/msg/_request_identity_s.c
-- Installing: /home/alemany/robot_ws/install/unitree_api/lib/python3.12/site-packages/unitree_api/msg/__init__.py
-- Installing: /home/alemany/robot_ws/install/unitree_api/lib/python3.12/site-packages/unitree_api/_unitree_api_s.ep.rosidl_typesupport_introspection_c.c
-- Installing: /home/alemany/robot_ws/install/unitree_api/lib/python3.12/site-packages/unitree_api/_unitree_api_s.ep.rosidl_typesupport_fastrtps_c.c
-- Installing: /home/alemany/robot_ws/install/unitree_api/lib/python3.12/site-packages/unitree_api/unitree_api_s__rosidl_typesupport_introspection_c.so
-- Installing: /home/alemany/robot_ws/install/unitree_api/lib/python3.12/site-packages/unitree_api/unitree_api_s__rosidl_typesupport_fastrtps_c.so
-- Installing: /home/alemany/robot_ws/install/unitree_api/lib/python3.12/site-packages/unitree_api/_unitree_api_s.ep.rosidl_typesupport_c.c
-- Installing: /home/alemany/robot_ws/install/unitree_api/lib/python3.12/site-packages/unitree_api/__init__.py
Listing '/home/alemany/robot_ws/install/unitree_api/lib/python3.12/site-packages/unitree_api'...
Compiling '/home/alemany/robot_ws/install/unitree_api/lib/python3.12/site-packages/unitree_api/__init__.py'...
Listing '/home/alemany/robot_ws/install/unitree_api/lib/python3.12/site-packages/unitree_api/msg'...
Compiling '/home/alemany/robot_ws/install/unitree_api/lib/python3.12/site-packages/unitree_api/msg/__init__.py'...
Compiling '/home/alemany/robot_ws/install/unitree_api/lib/python3.12/site-packages/unitree_api/msg/_request.py'...
Compiling '/home/alemany/robot_ws/install/unitree_api/lib/python3.12/site-packages/unitree_api/msg/_request_header.py'...
Compiling '/home/alemany/robot_ws/install/unitree_api/lib/python3.12/site-packages/unitree_api/msg/_request_identity.py'...
Compiling '/home/alemany/robot_ws/install/unitree_api/lib/python3.12/site-packages/unitree_api/msg/_request_lease.py'...
Compiling '/home/alemany/robot_ws/install/unitree_api/lib/python3.12/site-packages/unitree_api/msg/_request_policy.py'...
Compiling '/home/alemany/robot_ws/install/unitree_api/lib/python3.12/site-packages/unitree_api/msg/_response.py'...
Compiling '/home/alemany/robot_ws/install/unitree_api/lib/python3.12/site-packages/unitree_api/msg/_response_header.py'...
Compiling '/home/alemany/robot_ws/install/unitree_api/lib/python3.12/site-packages/unitree_api/msg/_response_status.py'...
-- Installing: /home/alemany/robot_ws/install/unitree_api/lib/python3.12/site-packages/unitree_api/unitree_api_s__rosidl_typesupport_fastrtps_c.so
-- Set non-toolchain portion of runtime path of "/home/alemany/robot_ws/install/unitree_api/lib/python3.12/site-packages/unitree_api/unitree_api_s__rosidl_typesupport_fastrtps_c.so" to ""
-- Installing: /home/alemany/robot_ws/install/unitree_api/lib/python3.12/site-packages/unitree_api/unitree_api_s__rosidl_typesupport_introspection_c.so
-- Set non-toolchain portion of runtime path of "/home/alemany/robot_ws/install/unitree_api/lib/python3.12/site-packages/unitree_api/unitree_api_s__rosidl_typesupport_introspection_c.so" to ""
-- Installing: /home/alemany/robot_ws/install/unitree_api/lib/python3.12/site-packages/unitree_api/unitree_api_s__rosidl_typesupport_c.so
-- Set non-toolchain portion of runtime path of "/home/alemany/robot_ws/install/unitree_api/lib/python3.12/site-packages/unitree_api/unitree_api_s__rosidl_typesupport_c.so" to ""
-- Installing: /home/alemany/robot_ws/install/unitree_api/lib/libunitree_api__rosidl_generator_py.so
-- Set non-toolchain portion of runtime path of "/home/alemany/robot_ws/install/unitree_api/lib/libunitree_api__rosidl_generator_py.so" to ""
-- Installing: /home/alemany/robot_ws/install/unitree_api/share/unitree_api/msg/Request.idl
-- Installing: /home/alemany/robot_ws/install/unitree_api/share/unitree_api/msg/RequestHeader.idl
-- Installing: /home/alemany/robot_ws/install/unitree_api/share/unitree_api/msg/RequestIdentity.idl
-- Installing: /home/alemany/robot_ws/install/unitree_api/share/unitree_api/msg/RequestLease.idl
-- Installing: /home/alemany/robot_ws/install/unitree_api/share/unitree_api/msg/RequestPolicy.idl
-- Installing: /home/alemany/robot_ws/install/unitree_api/share/unitree_api/msg/Response.idl
-- Installing: /home/alemany/robot_ws/install/unitree_api/share/unitree_api/msg/ResponseHeader.idl
-- Installing: /home/alemany/robot_ws/install/unitree_api/share/unitree_api/msg/ResponseStatus.idl
-- Installing: /home/alemany/robot_ws/install/unitree_api/share/unitree_api/msg/Request.msg
-- Installing: /home/alemany/robot_ws/install/unitree_api/share/unitree_api/msg/RequestHeader.msg
-- Installing: /home/alemany/robot_ws/install/unitree_api/share/unitree_api/msg/RequestIdentity.msg
-- Installing: /home/alemany/robot_ws/install/unitree_api/share/unitree_api/msg/RequestLease.msg
-- Installing: /home/alemany/robot_ws/install/unitree_api/share/unitree_api/msg/RequestPolicy.msg
-- Installing: /home/alemany/robot_ws/install/unitree_api/share/unitree_api/msg/Response.msg
-- Installing: /home/alemany/robot_ws/install/unitree_api/share/unitree_api/msg/ResponseHeader.msg
-- Installing: /home/alemany/robot_ws/install/unitree_api/share/unitree_api/msg/ResponseStatus.msg
-- Installing: /home/alemany/robot_ws/install/unitree_api/share/unitree_api/msg/dds_connext
-- Installing: /home/alemany/robot_ws/install/unitree_api/share/unitree_api/msg/dds_connext/RequestHeader_.idl
-- Installing: /home/alemany/robot_ws/install/unitree_api/share/unitree_api/msg/dds_connext/ResponseStatus_.idl
-- Installing: /home/alemany/robot_ws/install/unitree_api/share/unitree_api/msg/dds_connext/Response_.idl
-- Installing: /home/alemany/robot_ws/install/unitree_api/share/unitree_api/msg/dds_connext/RequestPolicy_.idl
-- Installing: /home/alemany/robot_ws/install/unitree_api/share/unitree_api/msg/dds_connext/ResponseHeader_.idl
-- Installing: /home/alemany/robot_ws/install/unitree_api/share/unitree_api/msg/dds_connext/RequestIdentity_.idl
-- Installing: /home/alemany/robot_ws/install/unitree_api/share/unitree_api/msg/dds_connext/Request_.idl
-- Installing: /home/alemany/robot_ws/install/unitree_api/share/unitree_api/msg/dds_connext/RequestLease_.idl
-- Installing: /home/alemany/robot_ws/install/unitree_api/share/ament_index/resource_index/package_run_dependencies/unitree_api
-- Installing: /home/alemany/robot_ws/install/unitree_api/share/ament_index/resource_index/parent_prefix_path/unitree_api
-- Installing: /home/alemany/robot_ws/install/unitree_api/share/unitree_api/environment/ament_prefix_path.sh
-- Installing: /home/alemany/robot_ws/install/unitree_api/share/unitree_api/environment/ament_prefix_path.dsv
-- Installing: /home/alemany/robot_ws/install/unitree_api/share/unitree_api/environment/path.sh
-- Installing: /home/alemany/robot_ws/install/unitree_api/share/unitree_api/environment/path.dsv
-- Installing: /home/alemany/robot_ws/install/unitree_api/share/unitree_api/local_setup.bash
-- Installing: /home/alemany/robot_ws/install/unitree_api/share/unitree_api/local_setup.sh
-- Installing: /home/alemany/robot_ws/install/unitree_api/share/unitree_api/local_setup.zsh
-- Installing: /home/alemany/robot_ws/install/unitree_api/share/unitree_api/local_setup.dsv
-- Installing: /home/alemany/robot_ws/install/unitree_api/share/unitree_api/package.dsv
-- Installing: /home/alemany/robot_ws/install/unitree_api/share/ament_index/resource_index/packages/unitree_api
-- Installing: /home/alemany/robot_ws/install/unitree_api/share/unitree_api/cmake/export_unitree_api__rosidl_generator_cExport.cmake
-- Installing: /home/alemany/robot_ws/install/unitree_api/share/unitree_api/cmake/export_unitree_api__rosidl_generator_cExport-noconfig.cmake
-- Installing: /home/alemany/robot_ws/install/unitree_api/share/unitree_api/cmake/export_unitree_api__rosidl_typesupport_fastrtps_cExport.cmake
-- Installing: /home/alemany/robot_ws/install/unitree_api/share/unitree_api/cmake/export_unitree_api__rosidl_typesupport_fastrtps_cExport-noconfig.cmake
-- Installing: /home/alemany/robot_ws/install/unitree_api/share/unitree_api/cmake/export_unitree_api__rosidl_generator_cppExport.cmake
-- Installing: /home/alemany/robot_ws/install/unitree_api/share/unitree_api/cmake/export_unitree_api__rosidl_typesupport_fastrtps_cppExport.cmake
-- Installing: /home/alemany/robot_ws/install/unitree_api/share/unitree_api/cmake/export_unitree_api__rosidl_typesupport_fastrtps_cppExport-noconfig.cmake
-- Installing: /home/alemany/robot_ws/install/unitree_api/share/unitree_api/cmake/unitree_api__rosidl_typesupport_introspection_cExport.cmake
-- Installing: /home/alemany/robot_ws/install/unitree_api/share/unitree_api/cmake/unitree_api__rosidl_typesupport_introspection_cExport-noconfig.cmake
-- Installing: /home/alemany/robot_ws/install/unitree_api/share/unitree_api/cmake/unitree_api__rosidl_typesupport_cExport.cmake
-- Installing: /home/alemany/robot_ws/install/unitree_api/share/unitree_api/cmake/unitree_api__rosidl_typesupport_cExport-noconfig.cmake
-- Installing: /home/alemany/robot_ws/install/unitree_api/share/unitree_api/cmake/unitree_api__rosidl_typesupport_introspection_cppExport.cmake
-- Installing: /home/alemany/robot_ws/install/unitree_api/share/unitree_api/cmake/unitree_api__rosidl_typesupport_introspection_cppExport-noconfig.cmake
-- Installing: /home/alemany/robot_ws/install/unitree_api/share/unitree_api/cmake/unitree_api__rosidl_typesupport_cppExport.cmake
-- Installing: /home/alemany/robot_ws/install/unitree_api/share/unitree_api/cmake/unitree_api__rosidl_typesupport_cppExport-noconfig.cmake
-- Installing: /home/alemany/robot_ws/install/unitree_api/share/unitree_api/cmake/export_unitree_api__rosidl_generator_pyExport.cmake
-- Installing: /home/alemany/robot_ws/install/unitree_api/share/unitree_api/cmake/export_unitree_api__rosidl_generator_pyExport-noconfig.cmake
-- Installing: /home/alemany/robot_ws/install/unitree_api/share/unitree_api/cmake/rosidl_cmake-extras.cmake
-- Installing: /home/alemany/robot_ws/install/unitree_api/share/unitree_api/cmake/ament_cmake_export_dependencies-extras.cmake
-- Installing: /home/alemany/robot_ws/install/unitree_api/share/unitree_api/cmake/ament_cmake_export_include_directories-extras.cmake
-- Installing: /home/alemany/robot_ws/install/unitree_api/share/unitree_api/cmake/ament_cmake_export_libraries-extras.cmake
-- Installing: /home/alemany/robot_ws/install/unitree_api/share/unitree_api/cmake/ament_cmake_export_targets-extras.cmake
-- Installing: /home/alemany/robot_ws/install/unitree_api/share/unitree_api/cmake/rosidl_cmake_export_typesupport_targets-extras.cmake
-- Installing: /home/alemany/robot_ws/install/unitree_api/share/unitree_api/cmake/rosidl_cmake_export_typesupport_libraries-extras.cmake
-- Installing: /home/alemany/robot_ws/install/unitree_api/share/unitree_api/cmake/unitree_apiConfig.cmake
-- Installing: /home/alemany/robot_ws/install/unitree_api/share/unitree_api/cmake/unitree_apiConfig-version.cmake
-- Installing: /home/alemany/robot_ws/install/unitree_api/share/unitree_api/package.xml
