[0.020s] Invoking command in '/home/alemany/robot_ws/build/unitree_api': CMAKE_PREFIX_PATH=${CMAKE_PREFIX_PATH}:/home/alemany/robot_ws/install/g1pilot:/opt/ros/jazzy DEBUGINFOD_URLS=https://debuginfod.ubuntu.com VIRTUAL_ENV_PROMPT=(venv-ardupilot) /usr/bin/cmake /home/alemany/robot_ws/src/unitree_ros2/cyclonedds_ws/src/unitree/unitree_api -DCMAKE_INSTALL_PREFIX=/home/alemany/robot_ws/install/unitree_api
[0.146s] -- The C compiler identification is GNU 13.3.0
[0.147s] -- The CXX compiler identification is GNU 13.3.0
[0.147s] -- Detecting C compiler ABI info
[0.158s] -- Detecting C compiler ABI info - done
[0.165s] -- Check for working C compiler: /usr/lib/ccache/cc - skipped
[0.165s] -- Detecting C compile features
[0.165s] -- Detecting C compile features - done
[0.173s] -- Detecting CXX compiler ABI info
[0.234s] -- Detecting CXX compiler ABI info - done
[0.243s] -- Check for working CXX compiler: /usr/lib/ccache/c++ - skipped
[0.243s] -- Detecting CXX compile features
[0.243s] -- Detecting CXX compile features - done
[0.245s] -- Found ament_cmake: 2.5.5 (/opt/ros/jazzy/share/ament_cmake/cmake)
[0.362s] -- Found Python3: /home/alemany/venv-ardupilot/bin/python3 (found version "3.12.3") found components: Interpreter 
[0.436s] -- Found geometry_msgs: 5.3.6 (/opt/ros/jazzy/share/geometry_msgs/cmake)
[0.478s] -- Found rosidl_generator_c: 4.6.7 (/opt/ros/jazzy/share/rosidl_generator_c/cmake)
[0.488s] -- Found rosidl_generator_cpp: 4.6.7 (/opt/ros/jazzy/share/rosidl_generator_cpp/cmake)
[0.498s] -- Using all available rosidl_typesupport_c: rosidl_typesupport_fastrtps_c;rosidl_typesupport_introspection_c
[0.511s] -- Using all available rosidl_typesupport_cpp: rosidl_typesupport_fastrtps_cpp;rosidl_typesupport_introspection_cpp
[0.540s] -- Found rosidl_default_generators: 1.6.0 (/opt/ros/jazzy/share/rosidl_default_generators/cmake)
[0.551s] -- Found rosidl_adapter: 4.6.7 (/opt/ros/jazzy/share/rosidl_adapter/cmake)
[0.554s] -- Found rosidl_generator_dds_idl: 0.11.1 (/opt/ros/jazzy/share/rosidl_generator_dds_idl/cmake)
[1.076s] -- Found ament_cmake_ros: 0.12.0 (/opt/ros/jazzy/share/ament_cmake_ros/cmake)
[1.770s] -- Using all available rosidl_typesupport_c: rosidl_typesupport_fastrtps_c;rosidl_typesupport_introspection_c
[2.047s] -- Using all available rosidl_typesupport_cpp: rosidl_typesupport_fastrtps_cpp;rosidl_typesupport_introspection_cpp
[2.049s] -- Found python_cmake_module: 0.11.1 (/opt/ros/jazzy/share/python_cmake_module/cmake)
[2.179s] -- Found PythonExtra: /home/alemany/venv-ardupilot/bin/python3  
[2.722s] -- Found Python3: /home/alemany/venv-ardupilot/bin/python3 (found version "3.12.3") found components: Interpreter Development NumPy Development.Module Development.Embed 
[2.803s] -- Found ament_lint_auto: 0.17.4 (/opt/ros/jazzy/share/ament_lint_auto/cmake)
[2.854s] -- Added test 'copyright' to check source files copyright and LICENSE
[2.856s] -- Added test 'lint_cmake' to check CMake code style
[2.857s] -- Added test 'xmllint' to check XML markup files
[2.860s] -- Configuring done (2.8s)
[2.898s] -- Generating done (0.0s)
[2.905s] -- Build files have been written to: /home/alemany/robot_ws/build/unitree_api
[2.911s] Invoked command in '/home/alemany/robot_ws/build/unitree_api' returned '0': CMAKE_PREFIX_PATH=${CMAKE_PREFIX_PATH}:/home/alemany/robot_ws/install/g1pilot:/opt/ros/jazzy DEBUGINFOD_URLS=https://debuginfod.ubuntu.com VIRTUAL_ENV_PROMPT=(venv-ardupilot) /usr/bin/cmake /home/alemany/robot_ws/src/unitree_ros2/cyclonedds_ws/src/unitree/unitree_api -DCMAKE_INSTALL_PREFIX=/home/alemany/robot_ws/install/unitree_api
[2.912s] Invoking command in '/home/alemany/robot_ws/build/unitree_api': CMAKE_PREFIX_PATH=${CMAKE_PREFIX_PATH}:/home/alemany/robot_ws/install/g1pilot:/opt/ros/jazzy DEBUGINFOD_URLS=https://debuginfod.ubuntu.com VIRTUAL_ENV_PROMPT=(venv-ardupilot) /usr/bin/cmake --build /home/alemany/robot_ws/build/unitree_api -- -j28 -l28
[2.951s] [  1%] [34m[1mGenerating type hashes for ROS interfaces[0m
[2.952s] [  2%] [34m[1mGenerating DDS interfaces[0m
[2.957s] [  2%] Built target ament_cmake_python_copy_unitree_api
[3.095s] [  2%] Built target unitree_api__rosidl_generator_type_description
[3.100s] running egg_info
[3.104s] [  3%] [34m[1mGenerating C code for ROS interfaces[0m
[3.108s] [  3%] [34m[1mGenerating C++ code for ROS interfaces[0m
[3.114s] creating unitree_api.egg-info
[3.114s] writing unitree_api.egg-info/PKG-INFO
[3.114s] writing dependency_links to unitree_api.egg-info/dependency_links.txt
[3.114s] writing top-level names to unitree_api.egg-info/top_level.txt
[3.114s] writing manifest file 'unitree_api.egg-info/SOURCES.txt'
[3.158s] reading manifest file 'unitree_api.egg-info/SOURCES.txt'
[3.158s] writing manifest file 'unitree_api.egg-info/SOURCES.txt'
[3.177s] [  3%] Built target ament_cmake_python_build_unitree_api_egg
[3.206s] [  3%] Built target unitree_api__dds_connext_idl
[3.424s] [  3%] Built target unitree_api__cpp
[3.591s] [  4%] [32mBuilding C object CMakeFiles/unitree_api__rosidl_generator_c.dir/rosidl_generator_c/unitree_api/msg/detail/request_header__type_support.c.o[0m
[3.591s] [  6%] [32mBuilding C object CMakeFiles/unitree_api__rosidl_generator_c.dir/rosidl_generator_c/unitree_api/msg/detail/request_lease__description.c.o[0m
[3.591s] [  6%] [32mBuilding C object CMakeFiles/unitree_api__rosidl_generator_c.dir/rosidl_generator_c/unitree_api/msg/detail/request__description.c.o[0m
[3.591s] [  8%] [32mBuilding C object CMakeFiles/unitree_api__rosidl_generator_c.dir/rosidl_generator_c/unitree_api/msg/detail/request__type_support.c.o[0m
[3.591s] [  8%] [32mBuilding C object CMakeFiles/unitree_api__rosidl_generator_c.dir/rosidl_generator_c/unitree_api/msg/detail/request__functions.c.o[0m
[3.591s] [  9%] [32mBuilding C object CMakeFiles/unitree_api__rosidl_generator_c.dir/rosidl_generator_c/unitree_api/msg/detail/request_lease__type_support.c.o[0m
[3.591s] [ 10%] [32mBuilding C object CMakeFiles/unitree_api__rosidl_generator_c.dir/rosidl_generator_c/unitree_api/msg/detail/request_header__description.c.o[0m
[3.591s] [ 11%] [32mBuilding C object CMakeFiles/unitree_api__rosidl_generator_c.dir/rosidl_generator_c/unitree_api/msg/detail/request_identity__description.c.o[0m
[3.591s] [ 12%] [32mBuilding C object CMakeFiles/unitree_api__rosidl_generator_c.dir/rosidl_generator_c/unitree_api/msg/detail/response__description.c.o[0m
[3.591s] [ 13%] [32mBuilding C object CMakeFiles/unitree_api__rosidl_generator_c.dir/rosidl_generator_c/unitree_api/msg/detail/request_identity__functions.c.o[0m
[3.592s] [ 15%] [32mBuilding C object CMakeFiles/unitree_api__rosidl_generator_c.dir/rosidl_generator_c/unitree_api/msg/detail/request_header__functions.c.o[0m
[3.592s] [ 15%] [32mBuilding C object CMakeFiles/unitree_api__rosidl_generator_c.dir/rosidl_generator_c/unitree_api/msg/detail/request_policy__type_support.c.o[0m
[3.592s] [ 16%] [32mBuilding C object CMakeFiles/unitree_api__rosidl_generator_c.dir/rosidl_generator_c/unitree_api/msg/detail/request_policy__description.c.o[0m
[3.592s] [ 17%] [32mBuilding C object CMakeFiles/unitree_api__rosidl_generator_c.dir/rosidl_generator_c/unitree_api/msg/detail/request_identity__type_support.c.o[0m
[3.592s] [ 17%] [32mBuilding C object CMakeFiles/unitree_api__rosidl_generator_c.dir/rosidl_generator_c/unitree_api/msg/detail/response__type_support.c.o[0m
[3.592s] [ 18%] [32mBuilding C object CMakeFiles/unitree_api__rosidl_generator_c.dir/rosidl_generator_c/unitree_api/msg/detail/request_policy__functions.c.o[0m
[3.593s] [ 19%] [32mBuilding C object CMakeFiles/unitree_api__rosidl_generator_c.dir/rosidl_generator_c/unitree_api/msg/detail/response_status__description.c.o[0m
[3.593s] [ 20%] [32mBuilding C object CMakeFiles/unitree_api__rosidl_generator_c.dir/rosidl_generator_c/unitree_api/msg/detail/response_header__functions.c.o[0m
[3.593s] [ 22%] [32mBuilding C object CMakeFiles/unitree_api__rosidl_generator_c.dir/rosidl_generator_c/unitree_api/msg/detail/response_header__type_support.c.o[0m
[3.593s] [ 22%] [32mBuilding C object CMakeFiles/unitree_api__rosidl_generator_c.dir/rosidl_generator_c/unitree_api/msg/detail/response__functions.c.o[0m
[3.594s] [ 23%] [32mBuilding C object CMakeFiles/unitree_api__rosidl_generator_c.dir/rosidl_generator_c/unitree_api/msg/detail/request_lease__functions.c.o[0m
[3.595s] [ 24%] [32mBuilding C object CMakeFiles/unitree_api__rosidl_generator_c.dir/rosidl_generator_c/unitree_api/msg/detail/response_status__functions.c.o[0m
[3.595s] [ 25%] [32mBuilding C object CMakeFiles/unitree_api__rosidl_generator_c.dir/rosidl_generator_c/unitree_api/msg/detail/response_header__description.c.o[0m
[3.597s] [ 26%] [32mBuilding C object CMakeFiles/unitree_api__rosidl_generator_c.dir/rosidl_generator_c/unitree_api/msg/detail/response_status__type_support.c.o[0m
[3.656s] [ 27%] [32m[1mLinking C shared library libunitree_api__rosidl_generator_c.so[0m
[3.694s] [ 27%] Built target unitree_api__rosidl_generator_c
[3.701s] [ 28%] [34m[1mGenerating C type support for eProsima Fast-RTPS[0m
[3.701s] [ 29%] [34m[1mGenerating C++ type support for eProsima Fast-RTPS[0m
[3.702s] [ 30%] [34m[1mGenerating C introspection for ROS interfaces[0m
[3.702s] [ 31%] [34m[1mGenerating C type support dispatch for ROS interfaces[0m
[3.704s] [ 32%] [34m[1mGenerating C++ introspection for ROS interfaces[0m
[3.704s] [ 33%] [34m[1mGenerating C++ type support dispatch for ROS interfaces[0m
[3.912s] [ 34%] [32mBuilding CXX object CMakeFiles/unitree_api__rosidl_typesupport_cpp.dir/rosidl_typesupport_cpp/unitree_api/msg/request_header__type_support.cpp.o[0m
[3.912s] [ 35%] [32mBuilding CXX object CMakeFiles/unitree_api__rosidl_typesupport_cpp.dir/rosidl_typesupport_cpp/unitree_api/msg/request_lease__type_support.cpp.o[0m
[3.912s] [ 36%] [32mBuilding CXX object CMakeFiles/unitree_api__rosidl_typesupport_cpp.dir/rosidl_typesupport_cpp/unitree_api/msg/request_identity__type_support.cpp.o[0m
[3.912s] [ 37%] [32mBuilding CXX object CMakeFiles/unitree_api__rosidl_typesupport_cpp.dir/rosidl_typesupport_cpp/unitree_api/msg/request_policy__type_support.cpp.o[0m
[3.912s] [ 38%] [32mBuilding CXX object CMakeFiles/unitree_api__rosidl_typesupport_cpp.dir/rosidl_typesupport_cpp/unitree_api/msg/response__type_support.cpp.o[0m
[3.913s] [ 40%] [32mBuilding CXX object CMakeFiles/unitree_api__rosidl_typesupport_cpp.dir/rosidl_typesupport_cpp/unitree_api/msg/request__type_support.cpp.o[0m
[3.913s] [ 40%] [32mBuilding CXX object CMakeFiles/unitree_api__rosidl_typesupport_cpp.dir/rosidl_typesupport_cpp/unitree_api/msg/response_header__type_support.cpp.o[0m
[3.913s] [ 41%] [32mBuilding CXX object CMakeFiles/unitree_api__rosidl_typesupport_cpp.dir/rosidl_typesupport_cpp/unitree_api/msg/response_status__type_support.cpp.o[0m
[3.924s] [ 42%] [32m[1mLinking CXX shared library libunitree_api__rosidl_typesupport_cpp.so[0m
[3.954s] [ 42%] Built target unitree_api__rosidl_typesupport_cpp
[3.972s] [ 43%] [32mBuilding C object CMakeFiles/unitree_api__rosidl_typesupport_introspection_c.dir/rosidl_typesupport_introspection_c/unitree_api/msg/detail/request_header__type_support.c.o[0m
[3.974s] [ 44%] [32mBuilding C object CMakeFiles/unitree_api__rosidl_typesupport_introspection_c.dir/rosidl_typesupport_introspection_c/unitree_api/msg/detail/request__type_support.c.o[0m
[3.975s] [ 46%] [32mBuilding C object CMakeFiles/unitree_api__rosidl_typesupport_introspection_c.dir/rosidl_typesupport_introspection_c/unitree_api/msg/detail/request_identity__type_support.c.o[0m
[3.975s] [ 46%] [32mBuilding C object CMakeFiles/unitree_api__rosidl_typesupport_introspection_c.dir/rosidl_typesupport_introspection_c/unitree_api/msg/detail/request_lease__type_support.c.o[0m
[3.975s] [ 48%] [32mBuilding C object CMakeFiles/unitree_api__rosidl_typesupport_introspection_c.dir/rosidl_typesupport_introspection_c/unitree_api/msg/detail/response_status__type_support.c.o[0m
[3.975s] [ 48%] [32mBuilding C object CMakeFiles/unitree_api__rosidl_typesupport_introspection_c.dir/rosidl_typesupport_introspection_c/unitree_api/msg/detail/response_header__type_support.c.o[0m
[3.975s] [ 48%] [32mBuilding C object CMakeFiles/unitree_api__rosidl_typesupport_introspection_c.dir/rosidl_typesupport_introspection_c/unitree_api/msg/detail/request_policy__type_support.c.o[0m
[3.975s] [ 49%] [32mBuilding C object CMakeFiles/unitree_api__rosidl_typesupport_introspection_c.dir/rosidl_typesupport_introspection_c/unitree_api/msg/detail/response__type_support.c.o[0m
[3.989s] [ 50%] [32m[1mLinking C shared library libunitree_api__rosidl_typesupport_introspection_c.so[0m
[4.007s] [ 51%] [32mBuilding CXX object CMakeFiles/unitree_api__rosidl_typesupport_fastrtps_cpp.dir/rosidl_typesupport_fastrtps_cpp/unitree_api/msg/detail/dds_fastrtps/request__type_support.cpp.o[0m
[4.011s] [ 52%] [32mBuilding CXX object CMakeFiles/unitree_api__rosidl_typesupport_fastrtps_cpp.dir/rosidl_typesupport_fastrtps_cpp/unitree_api/msg/detail/dds_fastrtps/request_header__type_support.cpp.o[0m
[4.011s] [ 53%] [32mBuilding CXX object CMakeFiles/unitree_api__rosidl_typesupport_fastrtps_cpp.dir/rosidl_typesupport_fastrtps_cpp/unitree_api/msg/detail/dds_fastrtps/request_identity__type_support.cpp.o[0m
[4.011s] [ 54%] [32mBuilding CXX object CMakeFiles/unitree_api__rosidl_typesupport_fastrtps_cpp.dir/rosidl_typesupport_fastrtps_cpp/unitree_api/msg/detail/dds_fastrtps/response_header__type_support.cpp.o[0m
[4.011s] [ 55%] [32mBuilding CXX object CMakeFiles/unitree_api__rosidl_typesupport_fastrtps_cpp.dir/rosidl_typesupport_fastrtps_cpp/unitree_api/msg/detail/dds_fastrtps/request_policy__type_support.cpp.o[0m
[4.011s] [ 56%] [32mBuilding CXX object CMakeFiles/unitree_api__rosidl_typesupport_fastrtps_cpp.dir/rosidl_typesupport_fastrtps_cpp/unitree_api/msg/detail/dds_fastrtps/request_lease__type_support.cpp.o[0m
[4.011s] [ 57%] [32mBuilding CXX object CMakeFiles/unitree_api__rosidl_typesupport_fastrtps_cpp.dir/rosidl_typesupport_fastrtps_cpp/unitree_api/msg/detail/dds_fastrtps/response__type_support.cpp.o[0m
[4.012s] [ 58%] [32mBuilding CXX object CMakeFiles/unitree_api__rosidl_typesupport_fastrtps_cpp.dir/rosidl_typesupport_fastrtps_cpp/unitree_api/msg/detail/dds_fastrtps/response_status__type_support.cpp.o[0m
[4.015s] [ 59%] [32mBuilding CXX object CMakeFiles/unitree_api__rosidl_typesupport_c.dir/rosidl_typesupport_c/unitree_api/msg/request_lease__type_support.cpp.o[0m
[4.015s] [ 60%] [32mBuilding CXX object CMakeFiles/unitree_api__rosidl_typesupport_c.dir/rosidl_typesupport_c/unitree_api/msg/request_policy__type_support.cpp.o[0m
[4.015s] [ 61%] [32mBuilding CXX object CMakeFiles/unitree_api__rosidl_typesupport_c.dir/rosidl_typesupport_c/unitree_api/msg/response__type_support.cpp.o[0m
[4.015s] [ 62%] [32mBuilding CXX object CMakeFiles/unitree_api__rosidl_typesupport_c.dir/rosidl_typesupport_c/unitree_api/msg/request__type_support.cpp.o[0m
[4.015s] [ 62%] [32mBuilding CXX object CMakeFiles/unitree_api__rosidl_typesupport_c.dir/rosidl_typesupport_c/unitree_api/msg/request_identity__type_support.cpp.o[0m
[4.015s] [ 64%] [32mBuilding CXX object CMakeFiles/unitree_api__rosidl_typesupport_c.dir/rosidl_typesupport_c/unitree_api/msg/request_header__type_support.cpp.o[0m
[4.015s] [ 64%] [32mBuilding CXX object CMakeFiles/unitree_api__rosidl_typesupport_c.dir/rosidl_typesupport_c/unitree_api/msg/response_status__type_support.cpp.o[0m
[4.015s] [ 65%] [32mBuilding CXX object CMakeFiles/unitree_api__rosidl_typesupport_c.dir/rosidl_typesupport_c/unitree_api/msg/response_header__type_support.cpp.o[0m
[4.022s] [ 66%] [32m[1mLinking CXX shared library libunitree_api__rosidl_typesupport_fastrtps_cpp.so[0m
[4.022s] [ 66%] Built target unitree_api__rosidl_typesupport_introspection_c
[4.023s] [ 67%] [32mBuilding CXX object CMakeFiles/unitree_api__rosidl_typesupport_fastrtps_c.dir/rosidl_typesupport_fastrtps_c/unitree_api/msg/detail/request__type_support_c.cpp.o[0m
[4.023s] [ 67%] [32mBuilding CXX object CMakeFiles/unitree_api__rosidl_typesupport_fastrtps_c.dir/rosidl_typesupport_fastrtps_c/unitree_api/msg/detail/request_lease__type_support_c.cpp.o[0m
[4.024s] [ 68%] [32mBuilding CXX object CMakeFiles/unitree_api__rosidl_typesupport_fastrtps_c.dir/rosidl_typesupport_fastrtps_c/unitree_api/msg/detail/request_identity__type_support_c.cpp.o[0m
[4.026s] [ 69%] [32mBuilding CXX object CMakeFiles/unitree_api__rosidl_typesupport_fastrtps_c.dir/rosidl_typesupport_fastrtps_c/unitree_api/msg/detail/response_header__type_support_c.cpp.o[0m
[4.026s] [ 70%] [32mBuilding CXX object CMakeFiles/unitree_api__rosidl_typesupport_fastrtps_c.dir/rosidl_typesupport_fastrtps_c/unitree_api/msg/detail/response__type_support_c.cpp.o[0m
[4.026s] [ 72%] [32m[1mLinking CXX shared library libunitree_api__rosidl_typesupport_c.so[0m
[4.026s] [ 72%] [32mBuilding CXX object CMakeFiles/unitree_api__rosidl_typesupport_fastrtps_c.dir/rosidl_typesupport_fastrtps_c/unitree_api/msg/detail/request_header__type_support_c.cpp.o[0m
[4.027s] [ 73%] [32mBuilding CXX object CMakeFiles/unitree_api__rosidl_typesupport_fastrtps_c.dir/rosidl_typesupport_fastrtps_c/unitree_api/msg/detail/request_policy__type_support_c.cpp.o[0m
[4.027s] [ 74%] [32mBuilding CXX object CMakeFiles/unitree_api__rosidl_typesupport_fastrtps_c.dir/rosidl_typesupport_fastrtps_c/unitree_api/msg/detail/response_status__type_support_c.cpp.o[0m
[4.040s] [ 75%] [32m[1mLinking CXX shared library libunitree_api__rosidl_typesupport_fastrtps_c.so[0m
[4.059s] [ 75%] Built target unitree_api__rosidl_typesupport_c
[4.064s] [ 77%] [32mBuilding CXX object CMakeFiles/unitree_api__rosidl_typesupport_introspection_cpp.dir/rosidl_typesupport_introspection_cpp/unitree_api/msg/detail/request_identity__type_support.cpp.o[0m
[4.064s] [ 77%] [32mBuilding CXX object CMakeFiles/unitree_api__rosidl_typesupport_introspection_cpp.dir/rosidl_typesupport_introspection_cpp/unitree_api/msg/detail/request_header__type_support.cpp.o[0m
[4.065s] [ 78%] [32mBuilding CXX object CMakeFiles/unitree_api__rosidl_typesupport_introspection_cpp.dir/rosidl_typesupport_introspection_cpp/unitree_api/msg/detail/response_status__type_support.cpp.o[0m
[4.065s] [ 79%] [32mBuilding CXX object CMakeFiles/unitree_api__rosidl_typesupport_introspection_cpp.dir/rosidl_typesupport_introspection_cpp/unitree_api/msg/detail/request__type_support.cpp.o[0m
[4.066s] [ 80%] [32mBuilding CXX object CMakeFiles/unitree_api__rosidl_typesupport_introspection_cpp.dir/rosidl_typesupport_introspection_cpp/unitree_api/msg/detail/request_lease__type_support.cpp.o[0m
[4.066s] [ 83%] [32mBuilding CXX object CMakeFiles/unitree_api__rosidl_typesupport_introspection_cpp.dir/rosidl_typesupport_introspection_cpp/unitree_api/msg/detail/response__type_support.cpp.o[0m
[4.066s] [ 83%] [32mBuilding CXX object CMakeFiles/unitree_api__rosidl_typesupport_introspection_cpp.dir/rosidl_typesupport_introspection_cpp/unitree_api/msg/detail/request_policy__type_support.cpp.o[0m
[4.066s] [ 83%] [32mBuilding CXX object CMakeFiles/unitree_api__rosidl_typesupport_introspection_cpp.dir/rosidl_typesupport_introspection_cpp/unitree_api/msg/detail/response_header__type_support.cpp.o[0m
[4.078s] [ 84%] [32m[1mLinking CXX shared library libunitree_api__rosidl_typesupport_introspection_cpp.so[0m
[4.085s] [ 84%] Built target unitree_api__rosidl_typesupport_fastrtps_cpp
[4.089s] [ 84%] Built target unitree_api__rosidl_typesupport_fastrtps_c
[4.127s] [ 84%] Built target unitree_api__rosidl_typesupport_introspection_cpp
[4.142s] [ 84%] Built target unitree_api
[4.159s] [ 85%] [34m[1mGenerating Python code for ROS interfaces[0m
[4.592s] [ 85%] Built target unitree_api__py
[4.607s] [ 86%] [32mBuilding C object CMakeFiles/unitree_api__rosidl_generator_py.dir/rosidl_generator_py/unitree_api/msg/_request_header_s.c.o[0m
[4.607s] [ 87%] [32mBuilding C object CMakeFiles/unitree_api__rosidl_generator_py.dir/rosidl_generator_py/unitree_api/msg/_request_s.c.o[0m
[4.608s] [ 88%] [32mBuilding C object CMakeFiles/unitree_api__rosidl_generator_py.dir/rosidl_generator_py/unitree_api/msg/_request_lease_s.c.o[0m
[4.608s] [ 89%] [32mBuilding C object CMakeFiles/unitree_api__rosidl_generator_py.dir/rosidl_generator_py/unitree_api/msg/_response_header_s.c.o[0m
[4.608s] [ 90%] [32mBuilding C object CMakeFiles/unitree_api__rosidl_generator_py.dir/rosidl_generator_py/unitree_api/msg/_request_policy_s.c.o[0m
[4.608s] [ 91%] [32mBuilding C object CMakeFiles/unitree_api__rosidl_generator_py.dir/rosidl_generator_py/unitree_api/msg/_response_s.c.o[0m
[4.609s] [ 93%] [32mBuilding C object CMakeFiles/unitree_api__rosidl_generator_py.dir/rosidl_generator_py/unitree_api/msg/_response_status_s.c.o[0m
[4.610s] [ 93%] [32mBuilding C object CMakeFiles/unitree_api__rosidl_generator_py.dir/rosidl_generator_py/unitree_api/msg/_request_identity_s.c.o[0m
[4.626s] [ 94%] [32m[1mLinking C shared library libunitree_api__rosidl_generator_py.so[0m
[4.676s] [ 94%] Built target unitree_api__rosidl_generator_py
[4.694s] [ 96%] [32mBuilding C object CMakeFiles/unitree_api_s__rosidl_typesupport_fastrtps_c.dir/rosidl_generator_py/unitree_api/_unitree_api_s.ep.rosidl_typesupport_fastrtps_c.c.o[0m
[4.694s] [ 96%] [32mBuilding C object CMakeFiles/unitree_api_s__rosidl_typesupport_introspection_c.dir/rosidl_generator_py/unitree_api/_unitree_api_s.ep.rosidl_typesupport_introspection_c.c.o[0m
[4.695s] [ 97%] [32mBuilding C object CMakeFiles/unitree_api_s__rosidl_typesupport_c.dir/rosidl_generator_py/unitree_api/_unitree_api_s.ep.rosidl_typesupport_c.c.o[0m
[4.703s] [ 98%] [32m[1mLinking C shared module rosidl_generator_py/unitree_api/unitree_api_s__rosidl_typesupport_introspection_c.so[0m
[4.706s] [ 99%] [32m[1mLinking C shared module rosidl_generator_py/unitree_api/unitree_api_s__rosidl_typesupport_fastrtps_c.so[0m
[4.708s] [100%] [32m[1mLinking C shared module rosidl_generator_py/unitree_api/unitree_api_s__rosidl_typesupport_c.so[0m
[4.726s] [100%] Built target unitree_api_s__rosidl_typesupport_introspection_c
[4.727s] [100%] Built target unitree_api_s__rosidl_typesupport_c
[4.730s] [100%] Built target unitree_api_s__rosidl_typesupport_fastrtps_c
[4.739s] Invoked command in '/home/alemany/robot_ws/build/unitree_api' returned '0': CMAKE_PREFIX_PATH=${CMAKE_PREFIX_PATH}:/home/alemany/robot_ws/install/g1pilot:/opt/ros/jazzy DEBUGINFOD_URLS=https://debuginfod.ubuntu.com VIRTUAL_ENV_PROMPT=(venv-ardupilot) /usr/bin/cmake --build /home/alemany/robot_ws/build/unitree_api -- -j28 -l28
[4.740s] Invoking command in '/home/alemany/robot_ws/build/unitree_api': CMAKE_PREFIX_PATH=${CMAKE_PREFIX_PATH}:/home/alemany/robot_ws/install/g1pilot:/opt/ros/jazzy DEBUGINFOD_URLS=https://debuginfod.ubuntu.com VIRTUAL_ENV_PROMPT=(venv-ardupilot) /usr/bin/cmake --install /home/alemany/robot_ws/build/unitree_api
[4.744s] -- Install configuration: ""
[4.744s] -- Installing: /home/alemany/robot_ws/install/unitree_api/share/ament_index/resource_index/rosidl_interfaces/unitree_api
[4.744s] -- Installing: /home/alemany/robot_ws/install/unitree_api/share/unitree_api/msg/Request.json
[4.744s] -- Installing: /home/alemany/robot_ws/install/unitree_api/share/unitree_api/msg/RequestHeader.json
[4.744s] -- Installing: /home/alemany/robot_ws/install/unitree_api/share/unitree_api/msg/RequestIdentity.json
[4.744s] -- Installing: /home/alemany/robot_ws/install/unitree_api/share/unitree_api/msg/RequestLease.json
[4.744s] -- Installing: /home/alemany/robot_ws/install/unitree_api/share/unitree_api/msg/RequestPolicy.json
[4.744s] -- Installing: /home/alemany/robot_ws/install/unitree_api/share/unitree_api/msg/Response.json
[4.744s] -- Installing: /home/alemany/robot_ws/install/unitree_api/share/unitree_api/msg/ResponseHeader.json
[4.744s] -- Installing: /home/alemany/robot_ws/install/unitree_api/share/unitree_api/msg/ResponseStatus.json
[4.744s] -- Installing: /home/alemany/robot_ws/install/unitree_api/include/unitree_api/unitree_api
[4.744s] -- Installing: /home/alemany/robot_ws/install/unitree_api/include/unitree_api/unitree_api/msg
[4.745s] -- Installing: /home/alemany/robot_ws/install/unitree_api/include/unitree_api/unitree_api/msg/response_status.h
[4.745s] -- Installing: /home/alemany/robot_ws/install/unitree_api/include/unitree_api/unitree_api/msg/request_policy.h
[4.745s] -- Installing: /home/alemany/robot_ws/install/unitree_api/include/unitree_api/unitree_api/msg/response.h
[4.745s] -- Installing: /home/alemany/robot_ws/install/unitree_api/include/unitree_api/unitree_api/msg/request_lease.h
[4.745s] -- Installing: /home/alemany/robot_ws/install/unitree_api/include/unitree_api/unitree_api/msg/response_header.h
[4.745s] -- Installing: /home/alemany/robot_ws/install/unitree_api/include/unitree_api/unitree_api/msg/request.h
[4.745s] -- Installing: /home/alemany/robot_ws/install/unitree_api/include/unitree_api/unitree_api/msg/rosidl_generator_c__visibility_control.h
[4.745s] -- Installing: /home/alemany/robot_ws/install/unitree_api/include/unitree_api/unitree_api/msg/request_identity.h
[4.745s] -- Installing: /home/alemany/robot_ws/install/unitree_api/include/unitree_api/unitree_api/msg/request_header.h
[4.745s] -- Installing: /home/alemany/robot_ws/install/unitree_api/include/unitree_api/unitree_api/msg/detail
[4.745s] -- Installing: /home/alemany/robot_ws/install/unitree_api/include/unitree_api/unitree_api/msg/detail/request_header__type_support.c
[4.745s] -- Installing: /home/alemany/robot_ws/install/unitree_api/include/unitree_api/unitree_api/msg/detail/request_header__description.c
[4.745s] -- Installing: /home/alemany/robot_ws/install/unitree_api/include/unitree_api/unitree_api/msg/detail/request_lease__description.c
[4.745s] -- Installing: /home/alemany/robot_ws/install/unitree_api/include/unitree_api/unitree_api/msg/detail/request__type_support.c
[4.745s] -- Installing: /home/alemany/robot_ws/install/unitree_api/include/unitree_api/unitree_api/msg/detail/request__functions.h
[4.745s] -- Installing: /home/alemany/robot_ws/install/unitree_api/include/unitree_api/unitree_api/msg/detail/request_identity__functions.c
[4.745s] -- Installing: /home/alemany/robot_ws/install/unitree_api/include/unitree_api/unitree_api/msg/detail/request__type_support.h
[4.745s] -- Installing: /home/alemany/robot_ws/install/unitree_api/include/unitree_api/unitree_api/msg/detail/request_lease__type_support.h
[4.745s] -- Installing: /home/alemany/robot_ws/install/unitree_api/include/unitree_api/unitree_api/msg/detail/response__struct.h
[4.745s] -- Installing: /home/alemany/robot_ws/install/unitree_api/include/unitree_api/unitree_api/msg/detail/request__struct.h
[4.745s] -- Installing: /home/alemany/robot_ws/install/unitree_api/include/unitree_api/unitree_api/msg/detail/request_header__functions.h
[4.745s] -- Installing: /home/alemany/robot_ws/install/unitree_api/include/unitree_api/unitree_api/msg/detail/response_header__struct.h
[4.745s] -- Installing: /home/alemany/robot_ws/install/unitree_api/include/unitree_api/unitree_api/msg/detail/request_identity__struct.h
[4.745s] -- Installing: /home/alemany/robot_ws/install/unitree_api/include/unitree_api/unitree_api/msg/detail/request_lease__struct.h
[4.745s] -- Installing: /home/alemany/robot_ws/install/unitree_api/include/unitree_api/unitree_api/msg/detail/response__functions.c
[4.745s] -- Installing: /home/alemany/robot_ws/install/unitree_api/include/unitree_api/unitree_api/msg/detail/response_status__functions.c
[4.745s] -- Installing: /home/alemany/robot_ws/install/unitree_api/include/unitree_api/unitree_api/msg/detail/request_lease__functions.h
[4.745s] -- Installing: /home/alemany/robot_ws/install/unitree_api/include/unitree_api/unitree_api/msg/detail/request_lease__functions.c
[4.745s] -- Installing: /home/alemany/robot_ws/install/unitree_api/include/unitree_api/unitree_api/msg/detail/response_header__type_support.h
[4.746s] -- Installing: /home/alemany/robot_ws/install/unitree_api/include/unitree_api/unitree_api/msg/detail/request_policy__type_support.c
[4.746s] -- Installing: /home/alemany/robot_ws/install/unitree_api/include/unitree_api/unitree_api/msg/detail/response_header__type_support.c
[4.746s] -- Installing: /home/alemany/robot_ws/install/unitree_api/include/unitree_api/unitree_api/msg/detail/response_status__functions.h
[4.746s] -- Installing: /home/alemany/robot_ws/install/unitree_api/include/unitree_api/unitree_api/msg/detail/request__functions.c
[4.746s] -- Installing: /home/alemany/robot_ws/install/unitree_api/include/unitree_api/unitree_api/msg/detail/response_status__type_support.c
[4.746s] -- Installing: /home/alemany/robot_ws/install/unitree_api/include/unitree_api/unitree_api/msg/detail/response__functions.h
[4.746s] -- Installing: /home/alemany/robot_ws/install/unitree_api/include/unitree_api/unitree_api/msg/detail/request_header__functions.c
[4.746s] -- Installing: /home/alemany/robot_ws/install/unitree_api/include/unitree_api/unitree_api/msg/detail/response_status__type_support.h
[4.746s] -- Installing: /home/alemany/robot_ws/install/unitree_api/include/unitree_api/unitree_api/msg/detail/request_policy__type_support.h
[4.746s] -- Installing: /home/alemany/robot_ws/install/unitree_api/include/unitree_api/unitree_api/msg/detail/request_identity__description.c
[4.746s] -- Installing: /home/alemany/robot_ws/install/unitree_api/include/unitree_api/unitree_api/msg/detail/request_policy__functions.c
[4.746s] -- Installing: /home/alemany/robot_ws/install/unitree_api/include/unitree_api/unitree_api/msg/detail/request_lease__type_support.c
[4.746s] -- Installing: /home/alemany/robot_ws/install/unitree_api/include/unitree_api/unitree_api/msg/detail/request_policy__struct.h
[4.746s] -- Installing: /home/alemany/robot_ws/install/unitree_api/include/unitree_api/unitree_api/msg/detail/request_policy__description.c
[4.746s] -- Installing: /home/alemany/robot_ws/install/unitree_api/include/unitree_api/unitree_api/msg/detail/request_identity__type_support.c
[4.746s] -- Installing: /home/alemany/robot_ws/install/unitree_api/include/unitree_api/unitree_api/msg/detail/request_identity__functions.h
[4.746s] -- Installing: /home/alemany/robot_ws/install/unitree_api/include/unitree_api/unitree_api/msg/detail/response_header__functions.c
[4.746s] -- Installing: /home/alemany/robot_ws/install/unitree_api/include/unitree_api/unitree_api/msg/detail/response__type_support.h
[4.746s] -- Installing: /home/alemany/robot_ws/install/unitree_api/include/unitree_api/unitree_api/msg/detail/request__description.c
[4.746s] -- Installing: /home/alemany/robot_ws/install/unitree_api/include/unitree_api/unitree_api/msg/detail/request_identity__type_support.h
[4.746s] -- Installing: /home/alemany/robot_ws/install/unitree_api/include/unitree_api/unitree_api/msg/detail/request_header__struct.h
[4.746s] -- Installing: /home/alemany/robot_ws/install/unitree_api/include/unitree_api/unitree_api/msg/detail/response__type_support.c
[4.746s] -- Installing: /home/alemany/robot_ws/install/unitree_api/include/unitree_api/unitree_api/msg/detail/request_header__type_support.h
[4.746s] -- Installing: /home/alemany/robot_ws/install/unitree_api/include/unitree_api/unitree_api/msg/detail/response_status__struct.h
[4.746s] -- Installing: /home/alemany/robot_ws/install/unitree_api/include/unitree_api/unitree_api/msg/detail/response__description.c
[4.746s] -- Installing: /home/alemany/robot_ws/install/unitree_api/include/unitree_api/unitree_api/msg/detail/response_status__description.c
[4.746s] -- Installing: /home/alemany/robot_ws/install/unitree_api/include/unitree_api/unitree_api/msg/detail/request_policy__functions.h
[4.747s] -- Installing: /home/alemany/robot_ws/install/unitree_api/include/unitree_api/unitree_api/msg/detail/response_header__description.c
[4.747s] -- Installing: /home/alemany/robot_ws/install/unitree_api/include/unitree_api/unitree_api/msg/detail/response_header__functions.h
[4.747s] -- Installing: /home/alemany/robot_ws/install/unitree_api/share/unitree_api/environment/library_path.sh
[4.747s] -- Installing: /home/alemany/robot_ws/install/unitree_api/share/unitree_api/environment/library_path.dsv
[4.747s] -- Installing: /home/alemany/robot_ws/install/unitree_api/lib/libunitree_api__rosidl_generator_c.so
[4.747s] -- Set non-toolchain portion of runtime path of "/home/alemany/robot_ws/install/unitree_api/lib/libunitree_api__rosidl_generator_c.so" to ""
[4.747s] -- Up-to-date: /home/alemany/robot_ws/install/unitree_api/include/unitree_api/unitree_api
[4.747s] -- Up-to-date: /home/alemany/robot_ws/install/unitree_api/include/unitree_api/unitree_api/msg
[4.747s] -- Installing: /home/alemany/robot_ws/install/unitree_api/include/unitree_api/unitree_api/msg/rosidl_typesupport_fastrtps_c__visibility_control.h
[4.747s] -- Up-to-date: /home/alemany/robot_ws/install/unitree_api/include/unitree_api/unitree_api/msg/detail
[4.747s] -- Installing: /home/alemany/robot_ws/install/unitree_api/include/unitree_api/unitree_api/msg/detail/request_lease__rosidl_typesupport_fastrtps_c.h
[4.747s] -- Installing: /home/alemany/robot_ws/install/unitree_api/include/unitree_api/unitree_api/msg/detail/request_header__rosidl_typesupport_fastrtps_c.h
[4.747s] -- Installing: /home/alemany/robot_ws/install/unitree_api/include/unitree_api/unitree_api/msg/detail/response__rosidl_typesupport_fastrtps_c.h
[4.747s] -- Installing: /home/alemany/robot_ws/install/unitree_api/include/unitree_api/unitree_api/msg/detail/response_header__rosidl_typesupport_fastrtps_c.h
[4.747s] -- Installing: /home/alemany/robot_ws/install/unitree_api/include/unitree_api/unitree_api/msg/detail/request__rosidl_typesupport_fastrtps_c.h
[4.747s] -- Installing: /home/alemany/robot_ws/install/unitree_api/include/unitree_api/unitree_api/msg/detail/request_identity__rosidl_typesupport_fastrtps_c.h
[4.747s] -- Installing: /home/alemany/robot_ws/install/unitree_api/include/unitree_api/unitree_api/msg/detail/response_status__rosidl_typesupport_fastrtps_c.h
[4.747s] -- Installing: /home/alemany/robot_ws/install/unitree_api/include/unitree_api/unitree_api/msg/detail/request_policy__rosidl_typesupport_fastrtps_c.h
[4.747s] -- Installing: /home/alemany/robot_ws/install/unitree_api/lib/libunitree_api__rosidl_typesupport_fastrtps_c.so
[4.747s] -- Set non-toolchain portion of runtime path of "/home/alemany/robot_ws/install/unitree_api/lib/libunitree_api__rosidl_typesupport_fastrtps_c.so" to ""
[4.747s] -- Up-to-date: /home/alemany/robot_ws/install/unitree_api/include/unitree_api/unitree_api
[4.747s] -- Up-to-date: /home/alemany/robot_ws/install/unitree_api/include/unitree_api/unitree_api/msg
[4.747s] -- Installing: /home/alemany/robot_ws/install/unitree_api/include/unitree_api/unitree_api/msg/request_identity.hpp
[4.747s] -- Installing: /home/alemany/robot_ws/install/unitree_api/include/unitree_api/unitree_api/msg/request.hpp
[4.747s] -- Installing: /home/alemany/robot_ws/install/unitree_api/include/unitree_api/unitree_api/msg/request_header.hpp
[4.747s] -- Installing: /home/alemany/robot_ws/install/unitree_api/include/unitree_api/unitree_api/msg/response.hpp
[4.747s] -- Installing: /home/alemany/robot_ws/install/unitree_api/include/unitree_api/unitree_api/msg/request_lease.hpp
[4.748s] -- Installing: /home/alemany/robot_ws/install/unitree_api/include/unitree_api/unitree_api/msg/request_policy.hpp
[4.748s] -- Installing: /home/alemany/robot_ws/install/unitree_api/include/unitree_api/unitree_api/msg/response_status.hpp
[4.748s] -- Installing: /home/alemany/robot_ws/install/unitree_api/include/unitree_api/unitree_api/msg/rosidl_generator_cpp__visibility_control.hpp
[4.748s] -- Installing: /home/alemany/robot_ws/install/unitree_api/include/unitree_api/unitree_api/msg/response_header.hpp
[4.748s] -- Up-to-date: /home/alemany/robot_ws/install/unitree_api/include/unitree_api/unitree_api/msg/detail
[4.748s] -- Installing: /home/alemany/robot_ws/install/unitree_api/include/unitree_api/unitree_api/msg/detail/request_header__builder.hpp
[4.748s] -- Installing: /home/alemany/robot_ws/install/unitree_api/include/unitree_api/unitree_api/msg/detail/request_header__type_support.hpp
[4.748s] -- Installing: /home/alemany/robot_ws/install/unitree_api/include/unitree_api/unitree_api/msg/detail/response_header__type_support.hpp
[4.748s] -- Installing: /home/alemany/robot_ws/install/unitree_api/include/unitree_api/unitree_api/msg/detail/response_status__struct.hpp
[4.748s] -- Installing: /home/alemany/robot_ws/install/unitree_api/include/unitree_api/unitree_api/msg/detail/request_policy__type_support.hpp
[4.748s] -- Installing: /home/alemany/robot_ws/install/unitree_api/include/unitree_api/unitree_api/msg/detail/response_status__type_support.hpp
[4.748s] -- Installing: /home/alemany/robot_ws/install/unitree_api/include/unitree_api/unitree_api/msg/detail/request_lease__type_support.hpp
[4.748s] -- Installing: /home/alemany/robot_ws/install/unitree_api/include/unitree_api/unitree_api/msg/detail/response__struct.hpp
[4.748s] -- Installing: /home/alemany/robot_ws/install/unitree_api/include/unitree_api/unitree_api/msg/detail/request_policy__struct.hpp
[4.748s] -- Installing: /home/alemany/robot_ws/install/unitree_api/include/unitree_api/unitree_api/msg/detail/response__type_support.hpp
[4.748s] -- Installing: /home/alemany/robot_ws/install/unitree_api/include/unitree_api/unitree_api/msg/detail/request__traits.hpp
[4.748s] -- Installing: /home/alemany/robot_ws/install/unitree_api/include/unitree_api/unitree_api/msg/detail/request_policy__builder.hpp
[4.748s] -- Installing: /home/alemany/robot_ws/install/unitree_api/include/unitree_api/unitree_api/msg/detail/request_header__struct.hpp
[4.748s] -- Installing: /home/alemany/robot_ws/install/unitree_api/include/unitree_api/unitree_api/msg/detail/request_lease__builder.hpp
[4.748s] -- Installing: /home/alemany/robot_ws/install/unitree_api/include/unitree_api/unitree_api/msg/detail/response__builder.hpp
[4.748s] -- Installing: /home/alemany/robot_ws/install/unitree_api/include/unitree_api/unitree_api/msg/detail/request_lease__struct.hpp
[4.748s] -- Installing: /home/alemany/robot_ws/install/unitree_api/include/unitree_api/unitree_api/msg/detail/response_header__struct.hpp
[4.748s] -- Installing: /home/alemany/robot_ws/install/unitree_api/include/unitree_api/unitree_api/msg/detail/request__struct.hpp
[4.748s] -- Installing: /home/alemany/robot_ws/install/unitree_api/include/unitree_api/unitree_api/msg/detail/request_identity__builder.hpp
[4.748s] -- Installing: /home/alemany/robot_ws/install/unitree_api/include/unitree_api/unitree_api/msg/detail/request_identity__type_support.hpp
[4.748s] -- Installing: /home/alemany/robot_ws/install/unitree_api/include/unitree_api/unitree_api/msg/detail/request__builder.hpp
[4.748s] -- Installing: /home/alemany/robot_ws/install/unitree_api/include/unitree_api/unitree_api/msg/detail/request_lease__traits.hpp
[4.748s] -- Installing: /home/alemany/robot_ws/install/unitree_api/include/unitree_api/unitree_api/msg/detail/response_header__traits.hpp
[4.749s] -- Installing: /home/alemany/robot_ws/install/unitree_api/include/unitree_api/unitree_api/msg/detail/response_header__builder.hpp
[4.749s] -- Installing: /home/alemany/robot_ws/install/unitree_api/include/unitree_api/unitree_api/msg/detail/request__type_support.hpp
[4.749s] -- Installing: /home/alemany/robot_ws/install/unitree_api/include/unitree_api/unitree_api/msg/detail/request_header__traits.hpp
[4.749s] -- Installing: /home/alemany/robot_ws/install/unitree_api/include/unitree_api/unitree_api/msg/detail/response_status__builder.hpp
[4.749s] -- Installing: /home/alemany/robot_ws/install/unitree_api/include/unitree_api/unitree_api/msg/detail/request_identity__traits.hpp
[4.749s] -- Installing: /home/alemany/robot_ws/install/unitree_api/include/unitree_api/unitree_api/msg/detail/response_status__traits.hpp
[4.749s] -- Installing: /home/alemany/robot_ws/install/unitree_api/include/unitree_api/unitree_api/msg/detail/request_policy__traits.hpp
[4.749s] -- Installing: /home/alemany/robot_ws/install/unitree_api/include/unitree_api/unitree_api/msg/detail/response__traits.hpp
[4.749s] -- Installing: /home/alemany/robot_ws/install/unitree_api/include/unitree_api/unitree_api/msg/detail/request_identity__struct.hpp
[4.749s] -- Up-to-date: /home/alemany/robot_ws/install/unitree_api/include/unitree_api/unitree_api
[4.749s] -- Up-to-date: /home/alemany/robot_ws/install/unitree_api/include/unitree_api/unitree_api/msg
[4.749s] -- Installing: /home/alemany/robot_ws/install/unitree_api/include/unitree_api/unitree_api/msg/rosidl_typesupport_fastrtps_cpp__visibility_control.h
[4.749s] -- Up-to-date: /home/alemany/robot_ws/install/unitree_api/include/unitree_api/unitree_api/msg/detail
[4.749s] -- Installing: /home/alemany/robot_ws/install/unitree_api/include/unitree_api/unitree_api/msg/detail/request_lease__rosidl_typesupport_fastrtps_cpp.hpp
[4.749s] -- Installing: /home/alemany/robot_ws/install/unitree_api/include/unitree_api/unitree_api/msg/detail/response_header__rosidl_typesupport_fastrtps_cpp.hpp
[4.749s] -- Installing: /home/alemany/robot_ws/install/unitree_api/include/unitree_api/unitree_api/msg/detail/response_status__rosidl_typesupport_fastrtps_cpp.hpp
[4.749s] -- Installing: /home/alemany/robot_ws/install/unitree_api/include/unitree_api/unitree_api/msg/detail/response__rosidl_typesupport_fastrtps_cpp.hpp
[4.749s] -- Installing: /home/alemany/robot_ws/install/unitree_api/include/unitree_api/unitree_api/msg/detail/request_header__rosidl_typesupport_fastrtps_cpp.hpp
[4.749s] -- Installing: /home/alemany/robot_ws/install/unitree_api/include/unitree_api/unitree_api/msg/detail/request__rosidl_typesupport_fastrtps_cpp.hpp
[4.749s] -- Installing: /home/alemany/robot_ws/install/unitree_api/include/unitree_api/unitree_api/msg/detail/dds_fastrtps
[4.749s] -- Installing: /home/alemany/robot_ws/install/unitree_api/include/unitree_api/unitree_api/msg/detail/request_identity__rosidl_typesupport_fastrtps_cpp.hpp
[4.749s] -- Installing: /home/alemany/robot_ws/install/unitree_api/include/unitree_api/unitree_api/msg/detail/request_policy__rosidl_typesupport_fastrtps_cpp.hpp
[4.749s] -- Installing: /home/alemany/robot_ws/install/unitree_api/lib/libunitree_api__rosidl_typesupport_fastrtps_cpp.so
[4.749s] -- Set non-toolchain portion of runtime path of "/home/alemany/robot_ws/install/unitree_api/lib/libunitree_api__rosidl_typesupport_fastrtps_cpp.so" to ""
[4.749s] -- Up-to-date: /home/alemany/robot_ws/install/unitree_api/include/unitree_api/unitree_api
[4.749s] -- Up-to-date: /home/alemany/robot_ws/install/unitree_api/include/unitree_api/unitree_api/msg
[4.749s] -- Installing: /home/alemany/robot_ws/install/unitree_api/include/unitree_api/unitree_api/msg/rosidl_typesupport_introspection_c__visibility_control.h
[4.749s] -- Up-to-date: /home/alemany/robot_ws/install/unitree_api/include/unitree_api/unitree_api/msg/detail
[4.749s] -- Installing: /home/alemany/robot_ws/install/unitree_api/include/unitree_api/unitree_api/msg/detail/request_header__type_support.c
[4.750s] -- Installing: /home/alemany/robot_ws/install/unitree_api/include/unitree_api/unitree_api/msg/detail/request__type_support.c
[4.750s] -- Installing: /home/alemany/robot_ws/install/unitree_api/include/unitree_api/unitree_api/msg/detail/response_header__rosidl_typesupport_introspection_c.h
[4.750s] -- Installing: /home/alemany/robot_ws/install/unitree_api/include/unitree_api/unitree_api/msg/detail/response__rosidl_typesupport_introspection_c.h
[4.750s] -- Installing: /home/alemany/robot_ws/install/unitree_api/include/unitree_api/unitree_api/msg/detail/request_policy__type_support.c
[4.750s] -- Installing: /home/alemany/robot_ws/install/unitree_api/include/unitree_api/unitree_api/msg/detail/response_header__type_support.c
[4.750s] -- Installing: /home/alemany/robot_ws/install/unitree_api/include/unitree_api/unitree_api/msg/detail/request_identity__rosidl_typesupport_introspection_c.h
[4.750s] -- Installing: /home/alemany/robot_ws/install/unitree_api/include/unitree_api/unitree_api/msg/detail/response_status__rosidl_typesupport_introspection_c.h
[4.750s] -- Installing: /home/alemany/robot_ws/install/unitree_api/include/unitree_api/unitree_api/msg/detail/response_status__type_support.c
[4.750s] -- Installing: /home/alemany/robot_ws/install/unitree_api/include/unitree_api/unitree_api/msg/detail/request_policy__rosidl_typesupport_introspection_c.h
[4.750s] -- Installing: /home/alemany/robot_ws/install/unitree_api/include/unitree_api/unitree_api/msg/detail/request_lease__type_support.c
[4.750s] -- Installing: /home/alemany/robot_ws/install/unitree_api/include/unitree_api/unitree_api/msg/detail/request_identity__type_support.c
[4.750s] -- Installing: /home/alemany/robot_ws/install/unitree_api/include/unitree_api/unitree_api/msg/detail/request__rosidl_typesupport_introspection_c.h
[4.750s] -- Installing: /home/alemany/robot_ws/install/unitree_api/include/unitree_api/unitree_api/msg/detail/request_header__rosidl_typesupport_introspection_c.h
[4.750s] -- Installing: /home/alemany/robot_ws/install/unitree_api/include/unitree_api/unitree_api/msg/detail/response__type_support.c
[4.750s] -- Installing: /home/alemany/robot_ws/install/unitree_api/include/unitree_api/unitree_api/msg/detail/request_lease__rosidl_typesupport_introspection_c.h
[4.750s] -- Installing: /home/alemany/robot_ws/install/unitree_api/lib/libunitree_api__rosidl_typesupport_introspection_c.so
[4.750s] -- Set non-toolchain portion of runtime path of "/home/alemany/robot_ws/install/unitree_api/lib/libunitree_api__rosidl_typesupport_introspection_c.so" to ""
[4.750s] -- Installing: /home/alemany/robot_ws/install/unitree_api/lib/libunitree_api__rosidl_typesupport_c.so
[4.750s] -- Set non-toolchain portion of runtime path of "/home/alemany/robot_ws/install/unitree_api/lib/libunitree_api__rosidl_typesupport_c.so" to ""
[4.750s] -- Up-to-date: /home/alemany/robot_ws/install/unitree_api/include/unitree_api/unitree_api
[4.750s] -- Up-to-date: /home/alemany/robot_ws/install/unitree_api/include/unitree_api/unitree_api/msg
[4.750s] -- Up-to-date: /home/alemany/robot_ws/install/unitree_api/include/unitree_api/unitree_api/msg/detail
[4.750s] -- Installing: /home/alemany/robot_ws/install/unitree_api/include/unitree_api/unitree_api/msg/detail/request_identity__rosidl_typesupport_introspection_cpp.hpp
[4.750s] -- Installing: /home/alemany/robot_ws/install/unitree_api/include/unitree_api/unitree_api/msg/detail/request_identity__type_support.cpp
[4.750s] -- Installing: /home/alemany/robot_ws/install/unitree_api/include/unitree_api/unitree_api/msg/detail/request_lease__rosidl_typesupport_introspection_cpp.hpp
[4.750s] -- Installing: /home/alemany/robot_ws/install/unitree_api/include/unitree_api/unitree_api/msg/detail/request__rosidl_typesupport_introspection_cpp.hpp
[4.751s] -- Installing: /home/alemany/robot_ws/install/unitree_api/include/unitree_api/unitree_api/msg/detail/response__type_support.cpp
[4.751s] -- Installing: /home/alemany/robot_ws/install/unitree_api/include/unitree_api/unitree_api/msg/detail/request_policy__rosidl_typesupport_introspection_cpp.hpp
[4.751s] -- Installing: /home/alemany/robot_ws/install/unitree_api/include/unitree_api/unitree_api/msg/detail/request__type_support.cpp
[4.751s] -- Installing: /home/alemany/robot_ws/install/unitree_api/include/unitree_api/unitree_api/msg/detail/request_header__rosidl_typesupport_introspection_cpp.hpp
[4.751s] -- Installing: /home/alemany/robot_ws/install/unitree_api/include/unitree_api/unitree_api/msg/detail/response_status__type_support.cpp
[4.751s] -- Installing: /home/alemany/robot_ws/install/unitree_api/include/unitree_api/unitree_api/msg/detail/response_header__rosidl_typesupport_introspection_cpp.hpp
[4.751s] -- Installing: /home/alemany/robot_ws/install/unitree_api/include/unitree_api/unitree_api/msg/detail/request_policy__type_support.cpp
[4.751s] -- Installing: /home/alemany/robot_ws/install/unitree_api/include/unitree_api/unitree_api/msg/detail/request_header__type_support.cpp
[4.751s] -- Installing: /home/alemany/robot_ws/install/unitree_api/include/unitree_api/unitree_api/msg/detail/response_status__rosidl_typesupport_introspection_cpp.hpp
[4.751s] -- Installing: /home/alemany/robot_ws/install/unitree_api/include/unitree_api/unitree_api/msg/detail/response__rosidl_typesupport_introspection_cpp.hpp
[4.751s] -- Installing: /home/alemany/robot_ws/install/unitree_api/include/unitree_api/unitree_api/msg/detail/response_header__type_support.cpp
[4.751s] -- Installing: /home/alemany/robot_ws/install/unitree_api/include/unitree_api/unitree_api/msg/detail/request_lease__type_support.cpp
[4.751s] -- Installing: /home/alemany/robot_ws/install/unitree_api/lib/libunitree_api__rosidl_typesupport_introspection_cpp.so
[4.751s] -- Set non-toolchain portion of runtime path of "/home/alemany/robot_ws/install/unitree_api/lib/libunitree_api__rosidl_typesupport_introspection_cpp.so" to ""
[4.751s] -- Installing: /home/alemany/robot_ws/install/unitree_api/lib/libunitree_api__rosidl_typesupport_cpp.so
[4.751s] -- Set non-toolchain portion of runtime path of "/home/alemany/robot_ws/install/unitree_api/lib/libunitree_api__rosidl_typesupport_cpp.so" to ""
[4.751s] -- Installing: /home/alemany/robot_ws/install/unitree_api/share/unitree_api/environment/pythonpath.sh
[4.751s] -- Installing: /home/alemany/robot_ws/install/unitree_api/share/unitree_api/environment/pythonpath.dsv
[4.751s] -- Installing: /home/alemany/robot_ws/install/unitree_api/lib/python3.12/site-packages/unitree_api-0.0.0-py3.12.egg-info
[4.751s] -- Installing: /home/alemany/robot_ws/install/unitree_api/lib/python3.12/site-packages/unitree_api-0.0.0-py3.12.egg-info/PKG-INFO
[4.751s] -- Installing: /home/alemany/robot_ws/install/unitree_api/lib/python3.12/site-packages/unitree_api-0.0.0-py3.12.egg-info/dependency_links.txt
[4.751s] -- Installing: /home/alemany/robot_ws/install/unitree_api/lib/python3.12/site-packages/unitree_api-0.0.0-py3.12.egg-info/SOURCES.txt
[4.751s] -- Installing: /home/alemany/robot_ws/install/unitree_api/lib/python3.12/site-packages/unitree_api-0.0.0-py3.12.egg-info/top_level.txt
[4.751s] -- Installing: /home/alemany/robot_ws/install/unitree_api/lib/python3.12/site-packages/unitree_api
[4.752s] -- Installing: /home/alemany/robot_ws/install/unitree_api/lib/python3.12/site-packages/unitree_api/unitree_api_s__rosidl_typesupport_c.so
[4.752s] -- Installing: /home/alemany/robot_ws/install/unitree_api/lib/python3.12/site-packages/unitree_api/msg
[4.752s] -- Installing: /home/alemany/robot_ws/install/unitree_api/lib/python3.12/site-packages/unitree_api/msg/_request_lease.py
[4.752s] -- Installing: /home/alemany/robot_ws/install/unitree_api/lib/python3.12/site-packages/unitree_api/msg/_request_identity.py
[4.752s] -- Installing: /home/alemany/robot_ws/install/unitree_api/lib/python3.12/site-packages/unitree_api/msg/_request_header.py
[4.752s] -- Installing: /home/alemany/robot_ws/install/unitree_api/lib/python3.12/site-packages/unitree_api/msg/_request_lease_s.c
[4.752s] -- Installing: /home/alemany/robot_ws/install/unitree_api/lib/python3.12/site-packages/unitree_api/msg/_request_s.c
[4.752s] -- Installing: /home/alemany/robot_ws/install/unitree_api/lib/python3.12/site-packages/unitree_api/msg/_response_status_s.c
[4.752s] -- Installing: /home/alemany/robot_ws/install/unitree_api/lib/python3.12/site-packages/unitree_api/msg/_request.py
[4.752s] -- Installing: /home/alemany/robot_ws/install/unitree_api/lib/python3.12/site-packages/unitree_api/msg/_request_header_s.c
[4.752s] -- Installing: /home/alemany/robot_ws/install/unitree_api/lib/python3.12/site-packages/unitree_api/msg/_response_s.c
[4.752s] -- Installing: /home/alemany/robot_ws/install/unitree_api/lib/python3.12/site-packages/unitree_api/msg/_request_policy_s.c
[4.752s] -- Installing: /home/alemany/robot_ws/install/unitree_api/lib/python3.12/site-packages/unitree_api/msg/_response_status.py
[4.752s] -- Installing: /home/alemany/robot_ws/install/unitree_api/lib/python3.12/site-packages/unitree_api/msg/_response_header_s.c
[4.752s] -- Installing: /home/alemany/robot_ws/install/unitree_api/lib/python3.12/site-packages/unitree_api/msg/_request_policy.py
[4.752s] -- Installing: /home/alemany/robot_ws/install/unitree_api/lib/python3.12/site-packages/unitree_api/msg/_response_header.py
[4.752s] -- Installing: /home/alemany/robot_ws/install/unitree_api/lib/python3.12/site-packages/unitree_api/msg/_response.py
[4.752s] -- Installing: /home/alemany/robot_ws/install/unitree_api/lib/python3.12/site-packages/unitree_api/msg/_request_identity_s.c
[4.752s] -- Installing: /home/alemany/robot_ws/install/unitree_api/lib/python3.12/site-packages/unitree_api/msg/__init__.py
[4.752s] -- Installing: /home/alemany/robot_ws/install/unitree_api/lib/python3.12/site-packages/unitree_api/_unitree_api_s.ep.rosidl_typesupport_introspection_c.c
[4.752s] -- Installing: /home/alemany/robot_ws/install/unitree_api/lib/python3.12/site-packages/unitree_api/_unitree_api_s.ep.rosidl_typesupport_fastrtps_c.c
[4.752s] -- Installing: /home/alemany/robot_ws/install/unitree_api/lib/python3.12/site-packages/unitree_api/unitree_api_s__rosidl_typesupport_introspection_c.so
[4.752s] -- Installing: /home/alemany/robot_ws/install/unitree_api/lib/python3.12/site-packages/unitree_api/unitree_api_s__rosidl_typesupport_fastrtps_c.so
[4.752s] -- Installing: /home/alemany/robot_ws/install/unitree_api/lib/python3.12/site-packages/unitree_api/_unitree_api_s.ep.rosidl_typesupport_c.c
[4.752s] -- Installing: /home/alemany/robot_ws/install/unitree_api/lib/python3.12/site-packages/unitree_api/__init__.py
[4.780s] Listing '/home/alemany/robot_ws/install/unitree_api/lib/python3.12/site-packages/unitree_api'...
[4.780s] Compiling '/home/alemany/robot_ws/install/unitree_api/lib/python3.12/site-packages/unitree_api/__init__.py'...
[4.780s] Listing '/home/alemany/robot_ws/install/unitree_api/lib/python3.12/site-packages/unitree_api/msg'...
[4.780s] Compiling '/home/alemany/robot_ws/install/unitree_api/lib/python3.12/site-packages/unitree_api/msg/__init__.py'...
[4.780s] Compiling '/home/alemany/robot_ws/install/unitree_api/lib/python3.12/site-packages/unitree_api/msg/_request.py'...
[4.780s] Compiling '/home/alemany/robot_ws/install/unitree_api/lib/python3.12/site-packages/unitree_api/msg/_request_header.py'...
[4.780s] Compiling '/home/alemany/robot_ws/install/unitree_api/lib/python3.12/site-packages/unitree_api/msg/_request_identity.py'...
[4.780s] Compiling '/home/alemany/robot_ws/install/unitree_api/lib/python3.12/site-packages/unitree_api/msg/_request_lease.py'...
[4.780s] Compiling '/home/alemany/robot_ws/install/unitree_api/lib/python3.12/site-packages/unitree_api/msg/_request_policy.py'...
[4.780s] Compiling '/home/alemany/robot_ws/install/unitree_api/lib/python3.12/site-packages/unitree_api/msg/_response.py'...
[4.780s] Compiling '/home/alemany/robot_ws/install/unitree_api/lib/python3.12/site-packages/unitree_api/msg/_response_header.py'...
[4.781s] Compiling '/home/alemany/robot_ws/install/unitree_api/lib/python3.12/site-packages/unitree_api/msg/_response_status.py'...
[4.784s] -- Installing: /home/alemany/robot_ws/install/unitree_api/lib/python3.12/site-packages/unitree_api/unitree_api_s__rosidl_typesupport_fastrtps_c.so
[4.784s] -- Set non-toolchain portion of runtime path of "/home/alemany/robot_ws/install/unitree_api/lib/python3.12/site-packages/unitree_api/unitree_api_s__rosidl_typesupport_fastrtps_c.so" to ""
[4.784s] -- Installing: /home/alemany/robot_ws/install/unitree_api/lib/python3.12/site-packages/unitree_api/unitree_api_s__rosidl_typesupport_introspection_c.so
[4.784s] -- Set non-toolchain portion of runtime path of "/home/alemany/robot_ws/install/unitree_api/lib/python3.12/site-packages/unitree_api/unitree_api_s__rosidl_typesupport_introspection_c.so" to ""
[4.784s] -- Installing: /home/alemany/robot_ws/install/unitree_api/lib/python3.12/site-packages/unitree_api/unitree_api_s__rosidl_typesupport_c.so
[4.784s] -- Set non-toolchain portion of runtime path of "/home/alemany/robot_ws/install/unitree_api/lib/python3.12/site-packages/unitree_api/unitree_api_s__rosidl_typesupport_c.so" to ""
[4.784s] -- Installing: /home/alemany/robot_ws/install/unitree_api/lib/libunitree_api__rosidl_generator_py.so
[4.784s] -- Set non-toolchain portion of runtime path of "/home/alemany/robot_ws/install/unitree_api/lib/libunitree_api__rosidl_generator_py.so" to ""
[4.784s] -- Installing: /home/alemany/robot_ws/install/unitree_api/share/unitree_api/msg/Request.idl
[4.784s] -- Installing: /home/alemany/robot_ws/install/unitree_api/share/unitree_api/msg/RequestHeader.idl
[4.784s] -- Installing: /home/alemany/robot_ws/install/unitree_api/share/unitree_api/msg/RequestIdentity.idl
[4.784s] -- Installing: /home/alemany/robot_ws/install/unitree_api/share/unitree_api/msg/RequestLease.idl
[4.785s] -- Installing: /home/alemany/robot_ws/install/unitree_api/share/unitree_api/msg/RequestPolicy.idl
[4.785s] -- Installing: /home/alemany/robot_ws/install/unitree_api/share/unitree_api/msg/Response.idl
[4.785s] -- Installing: /home/alemany/robot_ws/install/unitree_api/share/unitree_api/msg/ResponseHeader.idl
[4.785s] -- Installing: /home/alemany/robot_ws/install/unitree_api/share/unitree_api/msg/ResponseStatus.idl
[4.785s] -- Installing: /home/alemany/robot_ws/install/unitree_api/share/unitree_api/msg/Request.msg
[4.785s] -- Installing: /home/alemany/robot_ws/install/unitree_api/share/unitree_api/msg/RequestHeader.msg
[4.785s] -- Installing: /home/alemany/robot_ws/install/unitree_api/share/unitree_api/msg/RequestIdentity.msg
[4.785s] -- Installing: /home/alemany/robot_ws/install/unitree_api/share/unitree_api/msg/RequestLease.msg
[4.785s] -- Installing: /home/alemany/robot_ws/install/unitree_api/share/unitree_api/msg/RequestPolicy.msg
[4.785s] -- Installing: /home/alemany/robot_ws/install/unitree_api/share/unitree_api/msg/Response.msg
[4.785s] -- Installing: /home/alemany/robot_ws/install/unitree_api/share/unitree_api/msg/ResponseHeader.msg
[4.785s] -- Installing: /home/alemany/robot_ws/install/unitree_api/share/unitree_api/msg/ResponseStatus.msg
[4.785s] -- Installing: /home/alemany/robot_ws/install/unitree_api/share/unitree_api/msg/dds_connext
[4.786s] -- Installing: /home/alemany/robot_ws/install/unitree_api/share/unitree_api/msg/dds_connext/RequestHeader_.idl
[4.786s] -- Installing: /home/alemany/robot_ws/install/unitree_api/share/unitree_api/msg/dds_connext/ResponseStatus_.idl
[4.786s] -- Installing: /home/alemany/robot_ws/install/unitree_api/share/unitree_api/msg/dds_connext/Response_.idl
[4.786s] -- Installing: /home/alemany/robot_ws/install/unitree_api/share/unitree_api/msg/dds_connext/RequestPolicy_.idl
[4.786s] -- Installing: /home/alemany/robot_ws/install/unitree_api/share/unitree_api/msg/dds_connext/ResponseHeader_.idl
[4.786s] -- Installing: /home/alemany/robot_ws/install/unitree_api/share/unitree_api/msg/dds_connext/RequestIdentity_.idl
[4.786s] -- Installing: /home/alemany/robot_ws/install/unitree_api/share/unitree_api/msg/dds_connext/Request_.idl
[4.786s] -- Installing: /home/alemany/robot_ws/install/unitree_api/share/unitree_api/msg/dds_connext/RequestLease_.idl
[4.786s] -- Installing: /home/alemany/robot_ws/install/unitree_api/share/ament_index/resource_index/package_run_dependencies/unitree_api
[4.786s] -- Installing: /home/alemany/robot_ws/install/unitree_api/share/ament_index/resource_index/parent_prefix_path/unitree_api
[4.786s] -- Installing: /home/alemany/robot_ws/install/unitree_api/share/unitree_api/environment/ament_prefix_path.sh
[4.786s] -- Installing: /home/alemany/robot_ws/install/unitree_api/share/unitree_api/environment/ament_prefix_path.dsv
[4.786s] -- Installing: /home/alemany/robot_ws/install/unitree_api/share/unitree_api/environment/path.sh
[4.786s] -- Installing: /home/alemany/robot_ws/install/unitree_api/share/unitree_api/environment/path.dsv
[4.787s] -- Installing: /home/alemany/robot_ws/install/unitree_api/share/unitree_api/local_setup.bash
[4.787s] -- Installing: /home/alemany/robot_ws/install/unitree_api/share/unitree_api/local_setup.sh
[4.787s] -- Installing: /home/alemany/robot_ws/install/unitree_api/share/unitree_api/local_setup.zsh
[4.787s] -- Installing: /home/alemany/robot_ws/install/unitree_api/share/unitree_api/local_setup.dsv
[4.787s] -- Installing: /home/alemany/robot_ws/install/unitree_api/share/unitree_api/package.dsv
[4.787s] -- Installing: /home/alemany/robot_ws/install/unitree_api/share/ament_index/resource_index/packages/unitree_api
[4.787s] -- Installing: /home/alemany/robot_ws/install/unitree_api/share/unitree_api/cmake/export_unitree_api__rosidl_generator_cExport.cmake
[4.787s] -- Installing: /home/alemany/robot_ws/install/unitree_api/share/unitree_api/cmake/export_unitree_api__rosidl_generator_cExport-noconfig.cmake
[4.787s] -- Installing: /home/alemany/robot_ws/install/unitree_api/share/unitree_api/cmake/export_unitree_api__rosidl_typesupport_fastrtps_cExport.cmake
[4.787s] -- Installing: /home/alemany/robot_ws/install/unitree_api/share/unitree_api/cmake/export_unitree_api__rosidl_typesupport_fastrtps_cExport-noconfig.cmake
[4.787s] -- Installing: /home/alemany/robot_ws/install/unitree_api/share/unitree_api/cmake/export_unitree_api__rosidl_generator_cppExport.cmake
[4.787s] -- Installing: /home/alemany/robot_ws/install/unitree_api/share/unitree_api/cmake/export_unitree_api__rosidl_typesupport_fastrtps_cppExport.cmake
[4.787s] -- Installing: /home/alemany/robot_ws/install/unitree_api/share/unitree_api/cmake/export_unitree_api__rosidl_typesupport_fastrtps_cppExport-noconfig.cmake
[4.787s] -- Installing: /home/alemany/robot_ws/install/unitree_api/share/unitree_api/cmake/unitree_api__rosidl_typesupport_introspection_cExport.cmake
[4.787s] -- Installing: /home/alemany/robot_ws/install/unitree_api/share/unitree_api/cmake/unitree_api__rosidl_typesupport_introspection_cExport-noconfig.cmake
[4.788s] -- Installing: /home/alemany/robot_ws/install/unitree_api/share/unitree_api/cmake/unitree_api__rosidl_typesupport_cExport.cmake
[4.788s] -- Installing: /home/alemany/robot_ws/install/unitree_api/share/unitree_api/cmake/unitree_api__rosidl_typesupport_cExport-noconfig.cmake
[4.788s] -- Installing: /home/alemany/robot_ws/install/unitree_api/share/unitree_api/cmake/unitree_api__rosidl_typesupport_introspection_cppExport.cmake
[4.788s] -- Installing: /home/alemany/robot_ws/install/unitree_api/share/unitree_api/cmake/unitree_api__rosidl_typesupport_introspection_cppExport-noconfig.cmake
[4.788s] -- Installing: /home/alemany/robot_ws/install/unitree_api/share/unitree_api/cmake/unitree_api__rosidl_typesupport_cppExport.cmake
[4.788s] -- Installing: /home/alemany/robot_ws/install/unitree_api/share/unitree_api/cmake/unitree_api__rosidl_typesupport_cppExport-noconfig.cmake
[4.788s] -- Installing: /home/alemany/robot_ws/install/unitree_api/share/unitree_api/cmake/export_unitree_api__rosidl_generator_pyExport.cmake
[4.788s] -- Installing: /home/alemany/robot_ws/install/unitree_api/share/unitree_api/cmake/export_unitree_api__rosidl_generator_pyExport-noconfig.cmake
[4.788s] -- Installing: /home/alemany/robot_ws/install/unitree_api/share/unitree_api/cmake/rosidl_cmake-extras.cmake
[4.788s] -- Installing: /home/alemany/robot_ws/install/unitree_api/share/unitree_api/cmake/ament_cmake_export_dependencies-extras.cmake
[4.788s] -- Installing: /home/alemany/robot_ws/install/unitree_api/share/unitree_api/cmake/ament_cmake_export_include_directories-extras.cmake
[4.788s] -- Installing: /home/alemany/robot_ws/install/unitree_api/share/unitree_api/cmake/ament_cmake_export_libraries-extras.cmake
[4.788s] -- Installing: /home/alemany/robot_ws/install/unitree_api/share/unitree_api/cmake/ament_cmake_export_targets-extras.cmake
[4.788s] -- Installing: /home/alemany/robot_ws/install/unitree_api/share/unitree_api/cmake/rosidl_cmake_export_typesupport_targets-extras.cmake
[4.789s] -- Installing: /home/alemany/robot_ws/install/unitree_api/share/unitree_api/cmake/rosidl_cmake_export_typesupport_libraries-extras.cmake
[4.789s] -- Installing: /home/alemany/robot_ws/install/unitree_api/share/unitree_api/cmake/unitree_apiConfig.cmake
[4.789s] -- Installing: /home/alemany/robot_ws/install/unitree_api/share/unitree_api/cmake/unitree_apiConfig-version.cmake
[4.789s] -- Installing: /home/alemany/robot_ws/install/unitree_api/share/unitree_api/package.xml
[4.790s] Invoked command in '/home/alemany/robot_ws/build/unitree_api' returned '0': CMAKE_PREFIX_PATH=${CMAKE_PREFIX_PATH}:/home/alemany/robot_ws/install/g1pilot:/opt/ros/jazzy DEBUGINFOD_URLS=https://debuginfod.ubuntu.com VIRTUAL_ENV_PROMPT=(venv-ardupilot) /usr/bin/cmake --install /home/alemany/robot_ws/build/unitree_api
