-- The C compiler identification is GNU 13.3.0
-- The CXX compiler identification is GNU 13.3.0
-- Detecting C compiler ABI info
-- Detecting C compiler ABI info - done
-- Check for working C compiler: /usr/lib/ccache/cc - skipped
-- Detecting C compile features
-- Detecting C compile features - done
-- Detecting CXX compiler ABI info
-- Detecting CXX compiler ABI info - done
-- Check for working CXX compiler: /usr/lib/ccache/c++ - skipped
-- Detecting CXX compile features
-- Detecting CXX compile features - done
-- Found ament_cmake: 2.5.5 (/opt/ros/jazzy/share/ament_cmake/cmake)
-- Found Python3: /home/alemany/venv-ardupilot/bin/python3 (found version "3.12.3") found components: Interpreter 
-- Found std_msgs: 5.3.6 (/opt/ros/jazzy/share/std_msgs/cmake)
-- Found rosidl_generator_c: 4.6.7 (/opt/ros/jazzy/share/rosidl_generator_c/cmake)
-- Found rosidl_generator_cpp: 4.6.7 (/opt/ros/jazzy/share/rosidl_generator_cpp/cmake)
-- Using all available rosidl_typesupport_c: rosidl_typesupport_fastrtps_c;rosidl_typesupport_introspection_c
-- Using all available rosidl_typesupport_cpp: rosidl_typesupport_fastrtps_cpp;rosidl_typesupport_introspection_cpp
-- Found rosidl_default_generators: 1.6.0 (/opt/ros/jazzy/share/rosidl_default_generators/cmake)
-- Found rosidl_adapter: 4.6.7 (/opt/ros/jazzy/share/rosidl_adapter/cmake)
-- Found ament_cmake_ros: 0.12.0 (/opt/ros/jazzy/share/ament_cmake_ros/cmake)
-- Using all available rosidl_typesupport_c: rosidl_typesupport_fastrtps_c;rosidl_typesupport_introspection_c
-- Using all available rosidl_typesupport_cpp: rosidl_typesupport_fastrtps_cpp;rosidl_typesupport_introspection_cpp
-- Found python_cmake_module: 0.11.1 (/opt/ros/jazzy/share/python_cmake_module/cmake)
-- Found PythonExtra: /home/alemany/venv-ardupilot/bin/python3  
-- Found Python3: /home/alemany/venv-ardupilot/bin/python3 (found version "3.12.3") found components: Interpreter Development NumPy Development.Module Development.Embed 
-- Configuring done (2.7s)
-- Generating done (0.0s)
-- Build files have been written to: /home/alemany/robot_ws/build/astroviz_interfaces
[  2%] [34m[1mGenerating type hashes for ROS interfaces[0m
[  2%] Built target ament_cmake_python_copy_astroviz_interfaces
[  2%] Built target astroviz_interfaces__rosidl_generator_type_description
[  4%] [34m[1mGenerating C code for ROS interfaces[0m
[  6%] [34m[1mGenerating C++ code for ROS interfaces[0m
running egg_info
creating astroviz_interfaces.egg-info
writing astroviz_interfaces.egg-info/PKG-INFO
writing dependency_links to astroviz_interfaces.egg-info/dependency_links.txt
writing top-level names to astroviz_interfaces.egg-info/top_level.txt
writing manifest file 'astroviz_interfaces.egg-info/SOURCES.txt'
reading manifest file 'astroviz_interfaces.egg-info/SOURCES.txt'
writing manifest file 'astroviz_interfaces.egg-info/SOURCES.txt'
[  6%] Built target ament_cmake_python_build_astroviz_interfaces_egg
[  9%] [32mBuilding C object CMakeFiles/astroviz_interfaces__rosidl_generator_c.dir/rosidl_generator_c/astroviz_interfaces/msg/detail/motor_state__description.c.o[0m
[ 11%] [32mBuilding C object CMakeFiles/astroviz_interfaces__rosidl_generator_c.dir/rosidl_generator_c/astroviz_interfaces/msg/detail/motor_state_list__functions.c.o[0m
[ 13%] [32mBuilding C object CMakeFiles/astroviz_interfaces__rosidl_generator_c.dir/rosidl_generator_c/astroviz_interfaces/msg/detail/motor_state__functions.c.o[0m
[ 18%] [32mBuilding C object CMakeFiles/astroviz_interfaces__rosidl_generator_c.dir/rosidl_generator_c/astroviz_interfaces/msg/detail/motor_state__type_support.c.o[0m
[ 18%] [32mBuilding C object CMakeFiles/astroviz_interfaces__rosidl_generator_c.dir/rosidl_generator_c/astroviz_interfaces/msg/detail/motor_state_list__description.c.o[0m
[ 20%] [32mBuilding C object CMakeFiles/astroviz_interfaces__rosidl_generator_c.dir/rosidl_generator_c/astroviz_interfaces/msg/detail/motor_state_list__type_support.c.o[0m
[ 22%] [32m[1mLinking C shared library libastroviz_interfaces__rosidl_generator_c.so[0m
[ 22%] Built target astroviz_interfaces__rosidl_generator_c
[ 22%] Built target astroviz_interfaces__cpp
[ 27%] [34m[1mGenerating C++ introspection for ROS interfaces[0m
[ 27%] [34m[1mGenerating C type support dispatch for ROS interfaces[0m
[ 29%] [34m[1mGenerating C type support for eProsima Fast-RTPS[0m
[ 31%] [34m[1mGenerating C++ type support dispatch for ROS interfaces[0m
[ 34%] [34m[1mGenerating C introspection for ROS interfaces[0m
[ 36%] [34m[1mGenerating C++ type support for eProsima Fast-RTPS[0m
[ 38%] [32mBuilding CXX object CMakeFiles/astroviz_interfaces__rosidl_typesupport_c.dir/rosidl_typesupport_c/astroviz_interfaces/msg/motor_state__type_support.cpp.o[0m
[ 40%] [32mBuilding CXX object CMakeFiles/astroviz_interfaces__rosidl_typesupport_c.dir/rosidl_typesupport_c/astroviz_interfaces/msg/motor_state_list__type_support.cpp.o[0m
[ 43%] [32mBuilding CXX object CMakeFiles/astroviz_interfaces__rosidl_typesupport_introspection_cpp.dir/rosidl_typesupport_introspection_cpp/astroviz_interfaces/msg/detail/motor_state__type_support.cpp.o[0m
[ 45%] [32mBuilding CXX object CMakeFiles/astroviz_interfaces__rosidl_typesupport_introspection_cpp.dir/rosidl_typesupport_introspection_cpp/astroviz_interfaces/msg/detail/motor_state_list__type_support.cpp.o[0m
[ 47%] [32m[1mLinking CXX shared library libastroviz_interfaces__rosidl_typesupport_c.so[0m
[ 50%] [32m[1mLinking CXX shared library libastroviz_interfaces__rosidl_typesupport_introspection_cpp.so[0m
[ 52%] [32mBuilding CXX object CMakeFiles/astroviz_interfaces__rosidl_typesupport_fastrtps_c.dir/rosidl_typesupport_fastrtps_c/astroviz_interfaces/msg/detail/motor_state__type_support_c.cpp.o[0m
[ 54%] [32mBuilding CXX object CMakeFiles/astroviz_interfaces__rosidl_typesupport_fastrtps_c.dir/rosidl_typesupport_fastrtps_c/astroviz_interfaces/msg/detail/motor_state_list__type_support_c.cpp.o[0m
[ 56%] [32m[1mLinking CXX shared library libastroviz_interfaces__rosidl_typesupport_fastrtps_c.so[0m
[ 59%] [32mBuilding CXX object CMakeFiles/astroviz_interfaces__rosidl_typesupport_cpp.dir/rosidl_typesupport_cpp/astroviz_interfaces/msg/motor_state__type_support.cpp.o[0m
[ 61%] Built target astroviz_interfaces__rosidl_typesupport_c
[ 61%] [32mBuilding CXX object CMakeFiles/astroviz_interfaces__rosidl_typesupport_cpp.dir/rosidl_typesupport_cpp/astroviz_interfaces/msg/motor_state_list__type_support.cpp.o[0m
[ 63%] [32m[1mLinking CXX shared library libastroviz_interfaces__rosidl_typesupport_cpp.so[0m
[ 63%] Built target astroviz_interfaces__rosidl_typesupport_introspection_cpp
[ 63%] Built target astroviz_interfaces__rosidl_typesupport_cpp
[ 65%] [32mBuilding C object CMakeFiles/astroviz_interfaces__rosidl_typesupport_introspection_c.dir/rosidl_typesupport_introspection_c/astroviz_interfaces/msg/detail/motor_state__type_support.c.o[0m
[ 68%] [32mBuilding C object CMakeFiles/astroviz_interfaces__rosidl_typesupport_introspection_c.dir/rosidl_typesupport_introspection_c/astroviz_interfaces/msg/detail/motor_state_list__type_support.c.o[0m
[ 68%] Built target astroviz_interfaces__rosidl_typesupport_fastrtps_c
[ 70%] [32m[1mLinking C shared library libastroviz_interfaces__rosidl_typesupport_introspection_c.so[0m
[ 72%] [32mBuilding CXX object CMakeFiles/astroviz_interfaces__rosidl_typesupport_fastrtps_cpp.dir/rosidl_typesupport_fastrtps_cpp/astroviz_interfaces/msg/detail/dds_fastrtps/motor_state__type_support.cpp.o[0m
[ 72%] Built target astroviz_interfaces__rosidl_typesupport_introspection_c
[ 75%] [32mBuilding CXX object CMakeFiles/astroviz_interfaces__rosidl_typesupport_fastrtps_cpp.dir/rosidl_typesupport_fastrtps_cpp/astroviz_interfaces/msg/detail/dds_fastrtps/motor_state_list__type_support.cpp.o[0m
[ 77%] [32m[1mLinking CXX shared library libastroviz_interfaces__rosidl_typesupport_fastrtps_cpp.so[0m
[ 77%] Built target astroviz_interfaces__rosidl_typesupport_fastrtps_cpp
[ 77%] Built target astroviz_interfaces
[ 79%] [34m[1mGenerating Python code for ROS interfaces[0m
[ 79%] Built target astroviz_interfaces__py
[ 81%] [32mBuilding C object CMakeFiles/astroviz_interfaces__rosidl_generator_py.dir/rosidl_generator_py/astroviz_interfaces/msg/_motor_state_s.c.o[0m
[ 84%] [32mBuilding C object CMakeFiles/astroviz_interfaces__rosidl_generator_py.dir/rosidl_generator_py/astroviz_interfaces/msg/_motor_state_list_s.c.o[0m
[ 86%] [32m[1mLinking C shared library libastroviz_interfaces__rosidl_generator_py.so[0m
[ 86%] Built target astroviz_interfaces__rosidl_generator_py
[ 88%] [32mBuilding C object CMakeFiles/astroviz_interfaces_s__rosidl_typesupport_fastrtps_c.dir/rosidl_generator_py/astroviz_interfaces/_astroviz_interfaces_s.ep.rosidl_typesupport_fastrtps_c.c.o[0m
[ 90%] [32mBuilding C object CMakeFiles/astroviz_interfaces_s__rosidl_typesupport_c.dir/rosidl_generator_py/astroviz_interfaces/_astroviz_interfaces_s.ep.rosidl_typesupport_c.c.o[0m
[ 93%] [32mBuilding C object CMakeFiles/astroviz_interfaces_s__rosidl_typesupport_introspection_c.dir/rosidl_generator_py/astroviz_interfaces/_astroviz_interfaces_s.ep.rosidl_typesupport_introspection_c.c.o[0m
[ 95%] [32m[1mLinking C shared module rosidl_generator_py/astroviz_interfaces/astroviz_interfaces_s__rosidl_typesupport_c.so[0m
[ 97%] [32m[1mLinking C shared module rosidl_generator_py/astroviz_interfaces/astroviz_interfaces_s__rosidl_typesupport_fastrtps_c.so[0m
[100%] [32m[1mLinking C shared module rosidl_generator_py/astroviz_interfaces/astroviz_interfaces_s__rosidl_typesupport_introspection_c.so[0m
[100%] Built target astroviz_interfaces_s__rosidl_typesupport_c
[100%] Built target astroviz_interfaces_s__rosidl_typesupport_fastrtps_c
[100%] Built target astroviz_interfaces_s__rosidl_typesupport_introspection_c
-- Install configuration: ""
-- Installing: /home/alemany/robot_ws/install/astroviz_interfaces/share/ament_index/resource_index/rosidl_interfaces/astroviz_interfaces
-- Installing: /home/alemany/robot_ws/install/astroviz_interfaces/share/astroviz_interfaces/msg/MotorState.json
-- Installing: /home/alemany/robot_ws/install/astroviz_interfaces/share/astroviz_interfaces/msg/MotorStateList.json
-- Installing: /home/alemany/robot_ws/install/astroviz_interfaces/include/astroviz_interfaces/astroviz_interfaces
-- Installing: /home/alemany/robot_ws/install/astroviz_interfaces/include/astroviz_interfaces/astroviz_interfaces/msg
-- Installing: /home/alemany/robot_ws/install/astroviz_interfaces/include/astroviz_interfaces/astroviz_interfaces/msg/motor_state_list.h
-- Installing: /home/alemany/robot_ws/install/astroviz_interfaces/include/astroviz_interfaces/astroviz_interfaces/msg/motor_state.h
-- Installing: /home/alemany/robot_ws/install/astroviz_interfaces/include/astroviz_interfaces/astroviz_interfaces/msg/rosidl_generator_c__visibility_control.h
-- Installing: /home/alemany/robot_ws/install/astroviz_interfaces/include/astroviz_interfaces/astroviz_interfaces/msg/detail
-- Installing: /home/alemany/robot_ws/install/astroviz_interfaces/include/astroviz_interfaces/astroviz_interfaces/msg/detail/motor_state_list__functions.c
-- Installing: /home/alemany/robot_ws/install/astroviz_interfaces/include/astroviz_interfaces/astroviz_interfaces/msg/detail/motor_state__type_support.h
-- Installing: /home/alemany/robot_ws/install/astroviz_interfaces/include/astroviz_interfaces/astroviz_interfaces/msg/detail/motor_state_list__struct.h
-- Installing: /home/alemany/robot_ws/install/astroviz_interfaces/include/astroviz_interfaces/astroviz_interfaces/msg/detail/motor_state__functions.c
-- Installing: /home/alemany/robot_ws/install/astroviz_interfaces/include/astroviz_interfaces/astroviz_interfaces/msg/detail/motor_state_list__functions.h
-- Installing: /home/alemany/robot_ws/install/astroviz_interfaces/include/astroviz_interfaces/astroviz_interfaces/msg/detail/motor_state_list__type_support.h
-- Installing: /home/alemany/robot_ws/install/astroviz_interfaces/include/astroviz_interfaces/astroviz_interfaces/msg/detail/motor_state__functions.h
-- Installing: /home/alemany/robot_ws/install/astroviz_interfaces/include/astroviz_interfaces/astroviz_interfaces/msg/detail/motor_state__struct.h
-- Installing: /home/alemany/robot_ws/install/astroviz_interfaces/include/astroviz_interfaces/astroviz_interfaces/msg/detail/motor_state_list__type_support.c
-- Installing: /home/alemany/robot_ws/install/astroviz_interfaces/include/astroviz_interfaces/astroviz_interfaces/msg/detail/motor_state_list__description.c
-- Installing: /home/alemany/robot_ws/install/astroviz_interfaces/include/astroviz_interfaces/astroviz_interfaces/msg/detail/motor_state__type_support.c
-- Installing: /home/alemany/robot_ws/install/astroviz_interfaces/include/astroviz_interfaces/astroviz_interfaces/msg/detail/motor_state__description.c
-- Installing: /home/alemany/robot_ws/install/astroviz_interfaces/share/astroviz_interfaces/environment/library_path.sh
-- Installing: /home/alemany/robot_ws/install/astroviz_interfaces/share/astroviz_interfaces/environment/library_path.dsv
-- Installing: /home/alemany/robot_ws/install/astroviz_interfaces/lib/libastroviz_interfaces__rosidl_generator_c.so
-- Set non-toolchain portion of runtime path of "/home/alemany/robot_ws/install/astroviz_interfaces/lib/libastroviz_interfaces__rosidl_generator_c.so" to ""
-- Up-to-date: /home/alemany/robot_ws/install/astroviz_interfaces/include/astroviz_interfaces/astroviz_interfaces
-- Up-to-date: /home/alemany/robot_ws/install/astroviz_interfaces/include/astroviz_interfaces/astroviz_interfaces/msg
-- Installing: /home/alemany/robot_ws/install/astroviz_interfaces/include/astroviz_interfaces/astroviz_interfaces/msg/rosidl_typesupport_fastrtps_c__visibility_control.h
-- Up-to-date: /home/alemany/robot_ws/install/astroviz_interfaces/include/astroviz_interfaces/astroviz_interfaces/msg/detail
-- Installing: /home/alemany/robot_ws/install/astroviz_interfaces/include/astroviz_interfaces/astroviz_interfaces/msg/detail/motor_state_list__rosidl_typesupport_fastrtps_c.h
-- Installing: /home/alemany/robot_ws/install/astroviz_interfaces/include/astroviz_interfaces/astroviz_interfaces/msg/detail/motor_state__rosidl_typesupport_fastrtps_c.h
-- Installing: /home/alemany/robot_ws/install/astroviz_interfaces/lib/libastroviz_interfaces__rosidl_typesupport_fastrtps_c.so
-- Set non-toolchain portion of runtime path of "/home/alemany/robot_ws/install/astroviz_interfaces/lib/libastroviz_interfaces__rosidl_typesupport_fastrtps_c.so" to ""
-- Up-to-date: /home/alemany/robot_ws/install/astroviz_interfaces/include/astroviz_interfaces/astroviz_interfaces
-- Up-to-date: /home/alemany/robot_ws/install/astroviz_interfaces/include/astroviz_interfaces/astroviz_interfaces/msg
-- Installing: /home/alemany/robot_ws/install/astroviz_interfaces/include/astroviz_interfaces/astroviz_interfaces/msg/motor_state_list.hpp
-- Installing: /home/alemany/robot_ws/install/astroviz_interfaces/include/astroviz_interfaces/astroviz_interfaces/msg/motor_state.hpp
-- Installing: /home/alemany/robot_ws/install/astroviz_interfaces/include/astroviz_interfaces/astroviz_interfaces/msg/rosidl_generator_cpp__visibility_control.hpp
-- Up-to-date: /home/alemany/robot_ws/install/astroviz_interfaces/include/astroviz_interfaces/astroviz_interfaces/msg/detail
-- Installing: /home/alemany/robot_ws/install/astroviz_interfaces/include/astroviz_interfaces/astroviz_interfaces/msg/detail/motor_state__traits.hpp
-- Installing: /home/alemany/robot_ws/install/astroviz_interfaces/include/astroviz_interfaces/astroviz_interfaces/msg/detail/motor_state__builder.hpp
-- Installing: /home/alemany/robot_ws/install/astroviz_interfaces/include/astroviz_interfaces/astroviz_interfaces/msg/detail/motor_state_list__type_support.hpp
-- Installing: /home/alemany/robot_ws/install/astroviz_interfaces/include/astroviz_interfaces/astroviz_interfaces/msg/detail/motor_state_list__traits.hpp
-- Installing: /home/alemany/robot_ws/install/astroviz_interfaces/include/astroviz_interfaces/astroviz_interfaces/msg/detail/motor_state__type_support.hpp
-- Installing: /home/alemany/robot_ws/install/astroviz_interfaces/include/astroviz_interfaces/astroviz_interfaces/msg/detail/motor_state__struct.hpp
-- Installing: /home/alemany/robot_ws/install/astroviz_interfaces/include/astroviz_interfaces/astroviz_interfaces/msg/detail/motor_state_list__struct.hpp
-- Installing: /home/alemany/robot_ws/install/astroviz_interfaces/include/astroviz_interfaces/astroviz_interfaces/msg/detail/motor_state_list__builder.hpp
-- Up-to-date: /home/alemany/robot_ws/install/astroviz_interfaces/include/astroviz_interfaces/astroviz_interfaces
-- Up-to-date: /home/alemany/robot_ws/install/astroviz_interfaces/include/astroviz_interfaces/astroviz_interfaces/msg
-- Installing: /home/alemany/robot_ws/install/astroviz_interfaces/include/astroviz_interfaces/astroviz_interfaces/msg/rosidl_typesupport_fastrtps_cpp__visibility_control.h
-- Up-to-date: /home/alemany/robot_ws/install/astroviz_interfaces/include/astroviz_interfaces/astroviz_interfaces/msg/detail
-- Installing: /home/alemany/robot_ws/install/astroviz_interfaces/include/astroviz_interfaces/astroviz_interfaces/msg/detail/motor_state_list__rosidl_typesupport_fastrtps_cpp.hpp
-- Installing: /home/alemany/robot_ws/install/astroviz_interfaces/include/astroviz_interfaces/astroviz_interfaces/msg/detail/motor_state__rosidl_typesupport_fastrtps_cpp.hpp
-- Installing: /home/alemany/robot_ws/install/astroviz_interfaces/include/astroviz_interfaces/astroviz_interfaces/msg/detail/dds_fastrtps
-- Installing: /home/alemany/robot_ws/install/astroviz_interfaces/lib/libastroviz_interfaces__rosidl_typesupport_fastrtps_cpp.so
-- Set non-toolchain portion of runtime path of "/home/alemany/robot_ws/install/astroviz_interfaces/lib/libastroviz_interfaces__rosidl_typesupport_fastrtps_cpp.so" to ""
-- Up-to-date: /home/alemany/robot_ws/install/astroviz_interfaces/include/astroviz_interfaces/astroviz_interfaces
-- Up-to-date: /home/alemany/robot_ws/install/astroviz_interfaces/include/astroviz_interfaces/astroviz_interfaces/msg
-- Installing: /home/alemany/robot_ws/install/astroviz_interfaces/include/astroviz_interfaces/astroviz_interfaces/msg/rosidl_typesupport_introspection_c__visibility_control.h
-- Up-to-date: /home/alemany/robot_ws/install/astroviz_interfaces/include/astroviz_interfaces/astroviz_interfaces/msg/detail
-- Installing: /home/alemany/robot_ws/install/astroviz_interfaces/include/astroviz_interfaces/astroviz_interfaces/msg/detail/motor_state__rosidl_typesupport_introspection_c.h
-- Installing: /home/alemany/robot_ws/install/astroviz_interfaces/include/astroviz_interfaces/astroviz_interfaces/msg/detail/motor_state_list__rosidl_typesupport_introspection_c.h
-- Up-to-date: /home/alemany/robot_ws/install/astroviz_interfaces/include/astroviz_interfaces/astroviz_interfaces/msg/detail/motor_state_list__type_support.c
-- Up-to-date: /home/alemany/robot_ws/install/astroviz_interfaces/include/astroviz_interfaces/astroviz_interfaces/msg/detail/motor_state__type_support.c
-- Installing: /home/alemany/robot_ws/install/astroviz_interfaces/lib/libastroviz_interfaces__rosidl_typesupport_introspection_c.so
-- Set non-toolchain portion of runtime path of "/home/alemany/robot_ws/install/astroviz_interfaces/lib/libastroviz_interfaces__rosidl_typesupport_introspection_c.so" to ""
-- Installing: /home/alemany/robot_ws/install/astroviz_interfaces/lib/libastroviz_interfaces__rosidl_typesupport_c.so
-- Set non-toolchain portion of runtime path of "/home/alemany/robot_ws/install/astroviz_interfaces/lib/libastroviz_interfaces__rosidl_typesupport_c.so" to ""
-- Up-to-date: /home/alemany/robot_ws/install/astroviz_interfaces/include/astroviz_interfaces/astroviz_interfaces
-- Up-to-date: /home/alemany/robot_ws/install/astroviz_interfaces/include/astroviz_interfaces/astroviz_interfaces/msg
-- Up-to-date: /home/alemany/robot_ws/install/astroviz_interfaces/include/astroviz_interfaces/astroviz_interfaces/msg/detail
-- Installing: /home/alemany/robot_ws/install/astroviz_interfaces/include/astroviz_interfaces/astroviz_interfaces/msg/detail/motor_state__type_support.cpp
-- Installing: /home/alemany/robot_ws/install/astroviz_interfaces/include/astroviz_interfaces/astroviz_interfaces/msg/detail/motor_state_list__type_support.cpp
-- Installing: /home/alemany/robot_ws/install/astroviz_interfaces/include/astroviz_interfaces/astroviz_interfaces/msg/detail/motor_state_list__rosidl_typesupport_introspection_cpp.hpp
-- Installing: /home/alemany/robot_ws/install/astroviz_interfaces/include/astroviz_interfaces/astroviz_interfaces/msg/detail/motor_state__rosidl_typesupport_introspection_cpp.hpp
-- Installing: /home/alemany/robot_ws/install/astroviz_interfaces/lib/libastroviz_interfaces__rosidl_typesupport_introspection_cpp.so
-- Set non-toolchain portion of runtime path of "/home/alemany/robot_ws/install/astroviz_interfaces/lib/libastroviz_interfaces__rosidl_typesupport_introspection_cpp.so" to ""
-- Installing: /home/alemany/robot_ws/install/astroviz_interfaces/lib/libastroviz_interfaces__rosidl_typesupport_cpp.so
-- Set non-toolchain portion of runtime path of "/home/alemany/robot_ws/install/astroviz_interfaces/lib/libastroviz_interfaces__rosidl_typesupport_cpp.so" to ""
-- Installing: /home/alemany/robot_ws/install/astroviz_interfaces/share/astroviz_interfaces/environment/pythonpath.sh
-- Installing: /home/alemany/robot_ws/install/astroviz_interfaces/share/astroviz_interfaces/environment/pythonpath.dsv
-- Installing: /home/alemany/robot_ws/install/astroviz_interfaces/lib/python3.12/site-packages/astroviz_interfaces-0.0.0-py3.12.egg-info
-- Installing: /home/alemany/robot_ws/install/astroviz_interfaces/lib/python3.12/site-packages/astroviz_interfaces-0.0.0-py3.12.egg-info/PKG-INFO
-- Installing: /home/alemany/robot_ws/install/astroviz_interfaces/lib/python3.12/site-packages/astroviz_interfaces-0.0.0-py3.12.egg-info/dependency_links.txt
-- Installing: /home/alemany/robot_ws/install/astroviz_interfaces/lib/python3.12/site-packages/astroviz_interfaces-0.0.0-py3.12.egg-info/SOURCES.txt
-- Installing: /home/alemany/robot_ws/install/astroviz_interfaces/lib/python3.12/site-packages/astroviz_interfaces-0.0.0-py3.12.egg-info/top_level.txt
-- Installing: /home/alemany/robot_ws/install/astroviz_interfaces/lib/python3.12/site-packages/astroviz_interfaces
-- Installing: /home/alemany/robot_ws/install/astroviz_interfaces/lib/python3.12/site-packages/astroviz_interfaces/_astroviz_interfaces_s.ep.rosidl_typesupport_introspection_c.c
-- Installing: /home/alemany/robot_ws/install/astroviz_interfaces/lib/python3.12/site-packages/astroviz_interfaces/msg
-- Installing: /home/alemany/robot_ws/install/astroviz_interfaces/lib/python3.12/site-packages/astroviz_interfaces/msg/_motor_state_s.c
-- Installing: /home/alemany/robot_ws/install/astroviz_interfaces/lib/python3.12/site-packages/astroviz_interfaces/msg/_motor_state.py
-- Installing: /home/alemany/robot_ws/install/astroviz_interfaces/lib/python3.12/site-packages/astroviz_interfaces/msg/_motor_state_list_s.c
-- Installing: /home/alemany/robot_ws/install/astroviz_interfaces/lib/python3.12/site-packages/astroviz_interfaces/msg/_motor_state_list.py
-- Installing: /home/alemany/robot_ws/install/astroviz_interfaces/lib/python3.12/site-packages/astroviz_interfaces/msg/__init__.py
-- Installing: /home/alemany/robot_ws/install/astroviz_interfaces/lib/python3.12/site-packages/astroviz_interfaces/astroviz_interfaces_s__rosidl_typesupport_introspection_c.so
-- Installing: /home/alemany/robot_ws/install/astroviz_interfaces/lib/python3.12/site-packages/astroviz_interfaces/_astroviz_interfaces_s.ep.rosidl_typesupport_c.c
-- Installing: /home/alemany/robot_ws/install/astroviz_interfaces/lib/python3.12/site-packages/astroviz_interfaces/_astroviz_interfaces_s.ep.rosidl_typesupport_fastrtps_c.c
-- Installing: /home/alemany/robot_ws/install/astroviz_interfaces/lib/python3.12/site-packages/astroviz_interfaces/astroviz_interfaces_s__rosidl_typesupport_fastrtps_c.so
-- Installing: /home/alemany/robot_ws/install/astroviz_interfaces/lib/python3.12/site-packages/astroviz_interfaces/astroviz_interfaces_s__rosidl_typesupport_c.so
-- Installing: /home/alemany/robot_ws/install/astroviz_interfaces/lib/python3.12/site-packages/astroviz_interfaces/__init__.py
Listing '/home/alemany/robot_ws/install/astroviz_interfaces/lib/python3.12/site-packages/astroviz_interfaces'...
Compiling '/home/alemany/robot_ws/install/astroviz_interfaces/lib/python3.12/site-packages/astroviz_interfaces/__init__.py'...
Listing '/home/alemany/robot_ws/install/astroviz_interfaces/lib/python3.12/site-packages/astroviz_interfaces/msg'...
Compiling '/home/alemany/robot_ws/install/astroviz_interfaces/lib/python3.12/site-packages/astroviz_interfaces/msg/__init__.py'...
Compiling '/home/alemany/robot_ws/install/astroviz_interfaces/lib/python3.12/site-packages/astroviz_interfaces/msg/_motor_state.py'...
Compiling '/home/alemany/robot_ws/install/astroviz_interfaces/lib/python3.12/site-packages/astroviz_interfaces/msg/_motor_state_list.py'...
-- Installing: /home/alemany/robot_ws/install/astroviz_interfaces/lib/python3.12/site-packages/astroviz_interfaces/astroviz_interfaces_s__rosidl_typesupport_fastrtps_c.so
-- Set non-toolchain portion of runtime path of "/home/alemany/robot_ws/install/astroviz_interfaces/lib/python3.12/site-packages/astroviz_interfaces/astroviz_interfaces_s__rosidl_typesupport_fastrtps_c.so" to ""
-- Installing: /home/alemany/robot_ws/install/astroviz_interfaces/lib/python3.12/site-packages/astroviz_interfaces/astroviz_interfaces_s__rosidl_typesupport_introspection_c.so
-- Set non-toolchain portion of runtime path of "/home/alemany/robot_ws/install/astroviz_interfaces/lib/python3.12/site-packages/astroviz_interfaces/astroviz_interfaces_s__rosidl_typesupport_introspection_c.so" to ""
-- Installing: /home/alemany/robot_ws/install/astroviz_interfaces/lib/python3.12/site-packages/astroviz_interfaces/astroviz_interfaces_s__rosidl_typesupport_c.so
-- Set non-toolchain portion of runtime path of "/home/alemany/robot_ws/install/astroviz_interfaces/lib/python3.12/site-packages/astroviz_interfaces/astroviz_interfaces_s__rosidl_typesupport_c.so" to ""
-- Installing: /home/alemany/robot_ws/install/astroviz_interfaces/lib/libastroviz_interfaces__rosidl_generator_py.so
-- Set non-toolchain portion of runtime path of "/home/alemany/robot_ws/install/astroviz_interfaces/lib/libastroviz_interfaces__rosidl_generator_py.so" to ""
-- Installing: /home/alemany/robot_ws/install/astroviz_interfaces/share/astroviz_interfaces/msg/MotorState.idl
-- Installing: /home/alemany/robot_ws/install/astroviz_interfaces/share/astroviz_interfaces/msg/MotorStateList.idl
-- Installing: /home/alemany/robot_ws/install/astroviz_interfaces/share/astroviz_interfaces/msg/MotorState.msg
-- Installing: /home/alemany/robot_ws/install/astroviz_interfaces/share/astroviz_interfaces/msg/MotorStateList.msg
-- Installing: /home/alemany/robot_ws/install/astroviz_interfaces/share/ament_index/resource_index/package_run_dependencies/astroviz_interfaces
-- Installing: /home/alemany/robot_ws/install/astroviz_interfaces/share/ament_index/resource_index/parent_prefix_path/astroviz_interfaces
-- Installing: /home/alemany/robot_ws/install/astroviz_interfaces/share/astroviz_interfaces/environment/ament_prefix_path.sh
-- Installing: /home/alemany/robot_ws/install/astroviz_interfaces/share/astroviz_interfaces/environment/ament_prefix_path.dsv
-- Installing: /home/alemany/robot_ws/install/astroviz_interfaces/share/astroviz_interfaces/environment/path.sh
-- Installing: /home/alemany/robot_ws/install/astroviz_interfaces/share/astroviz_interfaces/environment/path.dsv
-- Installing: /home/alemany/robot_ws/install/astroviz_interfaces/share/astroviz_interfaces/local_setup.bash
-- Installing: /home/alemany/robot_ws/install/astroviz_interfaces/share/astroviz_interfaces/local_setup.sh
-- Installing: /home/alemany/robot_ws/install/astroviz_interfaces/share/astroviz_interfaces/local_setup.zsh
-- Installing: /home/alemany/robot_ws/install/astroviz_interfaces/share/astroviz_interfaces/local_setup.dsv
-- Installing: /home/alemany/robot_ws/install/astroviz_interfaces/share/astroviz_interfaces/package.dsv
-- Installing: /home/alemany/robot_ws/install/astroviz_interfaces/share/ament_index/resource_index/packages/astroviz_interfaces
-- Installing: /home/alemany/robot_ws/install/astroviz_interfaces/share/astroviz_interfaces/cmake/export_astroviz_interfaces__rosidl_generator_cExport.cmake
-- Installing: /home/alemany/robot_ws/install/astroviz_interfaces/share/astroviz_interfaces/cmake/export_astroviz_interfaces__rosidl_generator_cExport-noconfig.cmake
-- Installing: /home/alemany/robot_ws/install/astroviz_interfaces/share/astroviz_interfaces/cmake/export_astroviz_interfaces__rosidl_typesupport_fastrtps_cExport.cmake
-- Installing: /home/alemany/robot_ws/install/astroviz_interfaces/share/astroviz_interfaces/cmake/export_astroviz_interfaces__rosidl_typesupport_fastrtps_cExport-noconfig.cmake
-- Installing: /home/alemany/robot_ws/install/astroviz_interfaces/share/astroviz_interfaces/cmake/export_astroviz_interfaces__rosidl_generator_cppExport.cmake
-- Installing: /home/alemany/robot_ws/install/astroviz_interfaces/share/astroviz_interfaces/cmake/export_astroviz_interfaces__rosidl_typesupport_fastrtps_cppExport.cmake
-- Installing: /home/alemany/robot_ws/install/astroviz_interfaces/share/astroviz_interfaces/cmake/export_astroviz_interfaces__rosidl_typesupport_fastrtps_cppExport-noconfig.cmake
-- Installing: /home/alemany/robot_ws/install/astroviz_interfaces/share/astroviz_interfaces/cmake/astroviz_interfaces__rosidl_typesupport_introspection_cExport.cmake
-- Installing: /home/alemany/robot_ws/install/astroviz_interfaces/share/astroviz_interfaces/cmake/astroviz_interfaces__rosidl_typesupport_introspection_cExport-noconfig.cmake
-- Installing: /home/alemany/robot_ws/install/astroviz_interfaces/share/astroviz_interfaces/cmake/astroviz_interfaces__rosidl_typesupport_cExport.cmake
-- Installing: /home/alemany/robot_ws/install/astroviz_interfaces/share/astroviz_interfaces/cmake/astroviz_interfaces__rosidl_typesupport_cExport-noconfig.cmake
-- Installing: /home/alemany/robot_ws/install/astroviz_interfaces/share/astroviz_interfaces/cmake/astroviz_interfaces__rosidl_typesupport_introspection_cppExport.cmake
-- Installing: /home/alemany/robot_ws/install/astroviz_interfaces/share/astroviz_interfaces/cmake/astroviz_interfaces__rosidl_typesupport_introspection_cppExport-noconfig.cmake
-- Installing: /home/alemany/robot_ws/install/astroviz_interfaces/share/astroviz_interfaces/cmake/astroviz_interfaces__rosidl_typesupport_cppExport.cmake
-- Installing: /home/alemany/robot_ws/install/astroviz_interfaces/share/astroviz_interfaces/cmake/astroviz_interfaces__rosidl_typesupport_cppExport-noconfig.cmake
-- Installing: /home/alemany/robot_ws/install/astroviz_interfaces/share/astroviz_interfaces/cmake/export_astroviz_interfaces__rosidl_generator_pyExport.cmake
-- Installing: /home/alemany/robot_ws/install/astroviz_interfaces/share/astroviz_interfaces/cmake/export_astroviz_interfaces__rosidl_generator_pyExport-noconfig.cmake
-- Installing: /home/alemany/robot_ws/install/astroviz_interfaces/share/astroviz_interfaces/cmake/rosidl_cmake-extras.cmake
-- Installing: /home/alemany/robot_ws/install/astroviz_interfaces/share/astroviz_interfaces/cmake/ament_cmake_export_dependencies-extras.cmake
-- Installing: /home/alemany/robot_ws/install/astroviz_interfaces/share/astroviz_interfaces/cmake/ament_cmake_export_include_directories-extras.cmake
-- Installing: /home/alemany/robot_ws/install/astroviz_interfaces/share/astroviz_interfaces/cmake/ament_cmake_export_libraries-extras.cmake
-- Installing: /home/alemany/robot_ws/install/astroviz_interfaces/share/astroviz_interfaces/cmake/ament_cmake_export_targets-extras.cmake
-- Installing: /home/alemany/robot_ws/install/astroviz_interfaces/share/astroviz_interfaces/cmake/rosidl_cmake_export_typesupport_targets-extras.cmake
-- Installing: /home/alemany/robot_ws/install/astroviz_interfaces/share/astroviz_interfaces/cmake/rosidl_cmake_export_typesupport_libraries-extras.cmake
-- Installing: /home/alemany/robot_ws/install/astroviz_interfaces/share/astroviz_interfaces/cmake/astroviz_interfacesConfig.cmake
-- Installing: /home/alemany/robot_ws/install/astroviz_interfaces/share/astroviz_interfaces/cmake/astroviz_interfacesConfig-version.cmake
-- Installing: /home/alemany/robot_ws/install/astroviz_interfaces/share/astroviz_interfaces/package.xml
