[0.016s] Invoking command in '/home/alemany/robot_ws/build/unitree_hg': CMAKE_PREFIX_PATH=${CMAKE_PREFIX_PATH}:/home/alemany/robot_ws/install/g1pilot:/opt/ros/jazzy DEBUGINFOD_URLS=https://debuginfod.ubuntu.com VIRTUAL_ENV_PROMPT=(venv-ardupilot) /usr/bin/cmake /home/alemany/robot_ws/src/unitree_ros2/cyclonedds_ws/src/unitree/unitree_hg -DCMAKE_INSTALL_PREFIX=/home/alemany/robot_ws/install/unitree_hg
[0.143s] -- The C compiler identification is GNU 13.3.0
[0.143s] -- The CXX compiler identification is GNU 13.3.0
[0.143s] -- Detecting C compiler ABI info
[0.168s] -- Detecting C compiler ABI info - done
[0.174s] -- Check for working C compiler: /usr/lib/ccache/cc - skipped
[0.174s] -- Detecting C compile features
[0.174s] -- Detecting C compile features - done
[0.183s] -- Detecting CXX compiler ABI info
[0.243s] -- Detecting CXX compiler ABI info - done
[0.249s] -- Check for working CXX compiler: /usr/lib/ccache/c++ - skipped
[0.249s] -- Detecting CXX compile features
[0.250s] -- Detecting CXX compile features - done
[0.252s] -- Found ament_cmake: 2.5.5 (/opt/ros/jazzy/share/ament_cmake/cmake)
[0.381s] -- Found Python3: /home/alemany/venv-ardupilot/bin/python3 (found version "3.12.3") found components: Interpreter 
[0.459s] -- Found geometry_msgs: 5.3.6 (/opt/ros/jazzy/share/geometry_msgs/cmake)
[0.489s] -- Found rosidl_generator_c: 4.6.7 (/opt/ros/jazzy/share/rosidl_generator_c/cmake)
[0.499s] -- Found rosidl_generator_cpp: 4.6.7 (/opt/ros/jazzy/share/rosidl_generator_cpp/cmake)
[0.510s] -- Using all available rosidl_typesupport_c: rosidl_typesupport_fastrtps_c;rosidl_typesupport_introspection_c
[0.522s] -- Using all available rosidl_typesupport_cpp: rosidl_typesupport_fastrtps_cpp;rosidl_typesupport_introspection_cpp
[0.553s] -- Found rosidl_default_generators: 1.6.0 (/opt/ros/jazzy/share/rosidl_default_generators/cmake)
[0.564s] -- Found rosidl_adapter: 4.6.7 (/opt/ros/jazzy/share/rosidl_adapter/cmake)
[0.566s] -- Found rosidl_generator_dds_idl: 0.11.1 (/opt/ros/jazzy/share/rosidl_generator_dds_idl/cmake)
[1.078s] -- Found ament_cmake_ros: 0.12.0 (/opt/ros/jazzy/share/ament_cmake_ros/cmake)
[1.739s] -- Using all available rosidl_typesupport_c: rosidl_typesupport_fastrtps_c;rosidl_typesupport_introspection_c
[2.009s] -- Using all available rosidl_typesupport_cpp: rosidl_typesupport_fastrtps_cpp;rosidl_typesupport_introspection_cpp
[2.011s] -- Found python_cmake_module: 0.11.1 (/opt/ros/jazzy/share/python_cmake_module/cmake)
[2.132s] -- Found PythonExtra: /home/alemany/venv-ardupilot/bin/python3  
[2.706s] -- Found Python3: /home/alemany/venv-ardupilot/bin/python3 (found version "3.12.3") found components: Interpreter Development NumPy Development.Module Development.Embed 
[2.772s] -- Found ament_lint_auto: 0.17.4 (/opt/ros/jazzy/share/ament_lint_auto/cmake)
[2.805s] -- Added test 'copyright' to check source files copyright and LICENSE
[2.807s] -- Added test 'lint_cmake' to check CMake code style
[2.809s] -- Added test 'xmllint' to check XML markup files
[2.811s] -- Configuring done (2.8s)
[2.863s] -- Generating done (0.0s)
[2.884s] -- Build files have been written to: /home/alemany/robot_ws/build/unitree_hg
[2.890s] Invoked command in '/home/alemany/robot_ws/build/unitree_hg' returned '0': CMAKE_PREFIX_PATH=${CMAKE_PREFIX_PATH}:/home/alemany/robot_ws/install/g1pilot:/opt/ros/jazzy DEBUGINFOD_URLS=https://debuginfod.ubuntu.com VIRTUAL_ENV_PROMPT=(venv-ardupilot) /usr/bin/cmake /home/alemany/robot_ws/src/unitree_ros2/cyclonedds_ws/src/unitree/unitree_hg -DCMAKE_INSTALL_PREFIX=/home/alemany/robot_ws/install/unitree_hg
[2.891s] Invoking command in '/home/alemany/robot_ws/build/unitree_hg': CMAKE_PREFIX_PATH=${CMAKE_PREFIX_PATH}:/home/alemany/robot_ws/install/g1pilot:/opt/ros/jazzy DEBUGINFOD_URLS=https://debuginfod.ubuntu.com VIRTUAL_ENV_PROMPT=(venv-ardupilot) /usr/bin/cmake --build /home/alemany/robot_ws/build/unitree_hg -- -j28 -l28
[2.931s] [  0%] [34m[1mGenerating type hashes for ROS interfaces[0m
[2.932s] [  1%] [34m[1mGenerating DDS interfaces[0m
[2.940s] [  1%] Built target ament_cmake_python_copy_unitree_hg
[3.171s] [  1%] Built target unitree_hg__rosidl_generator_type_description
[3.181s] [  1%] [34m[1mGenerating C code for ROS interfaces[0m
[3.188s] [  1%] [34m[1mGenerating C++ code for ROS interfaces[0m
[3.193s] running egg_info
[3.207s] [  1%] Built target unitree_hg__dds_connext_idl
[3.220s] creating unitree_hg.egg-info
[3.221s] writing unitree_hg.egg-info/PKG-INFO
[3.221s] writing dependency_links to unitree_hg.egg-info/dependency_links.txt
[3.221s] writing top-level names to unitree_hg.egg-info/top_level.txt
[3.221s] writing manifest file 'unitree_hg.egg-info/SOURCES.txt'
[3.303s] reading manifest file 'unitree_hg.egg-info/SOURCES.txt'
[3.303s] writing manifest file 'unitree_hg.egg-info/SOURCES.txt'
[3.331s] [  1%] Built target ament_cmake_python_build_unitree_hg_egg
[3.700s] [  1%] Built target unitree_hg__cpp
[3.734s] [  2%] [32mBuilding C object CMakeFiles/unitree_hg__rosidl_generator_c.dir/rosidl_generator_c/unitree_hg/msg/detail/bms_state__type_support.c.o[0m
[3.734s] [  3%] [32mBuilding C object CMakeFiles/unitree_hg__rosidl_generator_c.dir/rosidl_generator_c/unitree_hg/msg/detail/bms_state__functions.c.o[0m
[3.734s] [  4%] [32mBuilding C object CMakeFiles/unitree_hg__rosidl_generator_c.dir/rosidl_generator_c/unitree_hg/msg/detail/bms_cmd__functions.c.o[0m
[3.734s] [  5%] [32mBuilding C object CMakeFiles/unitree_hg__rosidl_generator_c.dir/rosidl_generator_c/unitree_hg/msg/detail/hand_cmd__description.c.o[0m
[3.734s] [  6%] [32mBuilding C object CMakeFiles/unitree_hg__rosidl_generator_c.dir/rosidl_generator_c/unitree_hg/msg/detail/bms_cmd__type_support.c.o[0m
[3.736s] [  8%] [32mBuilding C object CMakeFiles/unitree_hg__rosidl_generator_c.dir/rosidl_generator_c/unitree_hg/msg/detail/hand_cmd__type_support.c.o[0m
[3.736s] [  8%] [32mBuilding C object CMakeFiles/unitree_hg__rosidl_generator_c.dir/rosidl_generator_c/unitree_hg/msg/detail/hand_cmd__functions.c.o[0m
[3.736s] [  8%] [32mBuilding C object CMakeFiles/unitree_hg__rosidl_generator_c.dir/rosidl_generator_c/unitree_hg/msg/detail/hand_state__description.c.o[0m
[3.736s] [  8%] [32mBuilding C object CMakeFiles/unitree_hg__rosidl_generator_c.dir/rosidl_generator_c/unitree_hg/msg/detail/bms_state__description.c.o[0m
[3.736s] [  9%] [32mBuilding C object CMakeFiles/unitree_hg__rosidl_generator_c.dir/rosidl_generator_c/unitree_hg/msg/detail/hand_state__functions.c.o[0m
[3.736s] [ 10%] [32mBuilding C object CMakeFiles/unitree_hg__rosidl_generator_c.dir/rosidl_generator_c/unitree_hg/msg/detail/imu_state__functions.c.o[0m
[3.736s] [ 11%] [32mBuilding C object CMakeFiles/unitree_hg__rosidl_generator_c.dir/rosidl_generator_c/unitree_hg/msg/detail/imu_state__type_support.c.o[0m
[3.736s] [ 12%] [32mBuilding C object CMakeFiles/unitree_hg__rosidl_generator_c.dir/rosidl_generator_c/unitree_hg/msg/detail/bms_cmd__description.c.o[0m
[3.736s] [ 12%] [32mBuilding C object CMakeFiles/unitree_hg__rosidl_generator_c.dir/rosidl_generator_c/unitree_hg/msg/detail/hand_state__type_support.c.o[0m
[3.736s] [ 13%] [32mBuilding C object CMakeFiles/unitree_hg__rosidl_generator_c.dir/rosidl_generator_c/unitree_hg/msg/detail/imu_state__description.c.o[0m
[3.737s] [ 14%] [32mBuilding C object CMakeFiles/unitree_hg__rosidl_generator_c.dir/rosidl_generator_c/unitree_hg/msg/detail/low_cmd__functions.c.o[0m
[3.737s] [ 14%] [32mBuilding C object CMakeFiles/unitree_hg__rosidl_generator_c.dir/rosidl_generator_c/unitree_hg/msg/detail/low_cmd__description.c.o[0m
[3.739s] [ 15%] [32mBuilding C object CMakeFiles/unitree_hg__rosidl_generator_c.dir/rosidl_generator_c/unitree_hg/msg/detail/low_cmd__type_support.c.o[0m
[3.739s] [ 16%] [32mBuilding C object CMakeFiles/unitree_hg__rosidl_generator_c.dir/rosidl_generator_c/unitree_hg/msg/detail/low_state__description.c.o[0m
[3.745s] [ 16%] [32mBuilding C object CMakeFiles/unitree_hg__rosidl_generator_c.dir/rosidl_generator_c/unitree_hg/msg/detail/low_state__functions.c.o[0m
[3.749s] [ 17%] [32mBuilding C object CMakeFiles/unitree_hg__rosidl_generator_c.dir/rosidl_generator_c/unitree_hg/msg/detail/low_state__type_support.c.o[0m
[3.749s] [ 18%] [32mBuilding C object CMakeFiles/unitree_hg__rosidl_generator_c.dir/rosidl_generator_c/unitree_hg/msg/detail/main_board_state__description.c.o[0m
[3.749s] [ 19%] [32mBuilding C object CMakeFiles/unitree_hg__rosidl_generator_c.dir/rosidl_generator_c/unitree_hg/msg/detail/motor_cmd__type_support.c.o[0m
[3.749s] [ 19%] [32mBuilding C object CMakeFiles/unitree_hg__rosidl_generator_c.dir/rosidl_generator_c/unitree_hg/msg/detail/main_board_state__functions.c.o[0m
[3.749s] [ 20%] [32mBuilding C object CMakeFiles/unitree_hg__rosidl_generator_c.dir/rosidl_generator_c/unitree_hg/msg/detail/motor_cmd__functions.c.o[0m
[3.749s] [ 20%] [32mBuilding C object CMakeFiles/unitree_hg__rosidl_generator_c.dir/rosidl_generator_c/unitree_hg/msg/detail/main_board_state__type_support.c.o[0m
[3.749s] [ 21%] [32mBuilding C object CMakeFiles/unitree_hg__rosidl_generator_c.dir/rosidl_generator_c/unitree_hg/msg/detail/motor_state__description.c.o[0m
[3.750s] [ 22%] [32mBuilding C object CMakeFiles/unitree_hg__rosidl_generator_c.dir/rosidl_generator_c/unitree_hg/msg/detail/motor_state__functions.c.o[0m
[3.751s] [ 23%] [32mBuilding C object CMakeFiles/unitree_hg__rosidl_generator_c.dir/rosidl_generator_c/unitree_hg/msg/detail/motor_state__type_support.c.o[0m
[3.753s] [ 23%] [32mBuilding C object CMakeFiles/unitree_hg__rosidl_generator_c.dir/rosidl_generator_c/unitree_hg/msg/detail/press_sensor_state__description.c.o[0m
[3.754s] [ 24%] [32mBuilding C object CMakeFiles/unitree_hg__rosidl_generator_c.dir/rosidl_generator_c/unitree_hg/msg/detail/motor_cmd__description.c.o[0m
[3.755s] [ 25%] [32mBuilding C object CMakeFiles/unitree_hg__rosidl_generator_c.dir/rosidl_generator_c/unitree_hg/msg/detail/press_sensor_state__functions.c.o[0m
[3.757s] [ 26%] [32mBuilding C object CMakeFiles/unitree_hg__rosidl_generator_c.dir/rosidl_generator_c/unitree_hg/msg/detail/press_sensor_state__type_support.c.o[0m
[3.817s] [ 27%] [32m[1mLinking C shared library libunitree_hg__rosidl_generator_c.so[0m
[3.850s] [ 27%] Built target unitree_hg__rosidl_generator_c
[3.858s] [ 28%] [34m[1mGenerating C++ type support for eProsima Fast-RTPS[0m
[3.858s] [ 30%] [34m[1mGenerating C++ type support dispatch for ROS interfaces[0m
[3.858s] [ 30%] [34m[1mGenerating C introspection for ROS interfaces[0m
[3.859s] [ 31%] [34m[1mGenerating C++ introspection for ROS interfaces[0m
[3.860s] [ 31%] [34m[1mGenerating C type support for eProsima Fast-RTPS[0m
[3.860s] [ 32%] [34m[1mGenerating C type support dispatch for ROS interfaces[0m
[4.211s] [ 33%] [32mBuilding CXX object CMakeFiles/unitree_hg__rosidl_typesupport_c.dir/rosidl_typesupport_c/unitree_hg/msg/imu_state__type_support.cpp.o[0m
[4.212s] [ 34%] [32mBuilding CXX object CMakeFiles/unitree_hg__rosidl_typesupport_c.dir/rosidl_typesupport_c/unitree_hg/msg/press_sensor_state__type_support.cpp.o[0m
[4.212s] [ 35%] [32mBuilding CXX object CMakeFiles/unitree_hg__rosidl_typesupport_c.dir/rosidl_typesupport_c/unitree_hg/msg/bms_cmd__type_support.cpp.o[0m
[4.213s] [ 36%] [32mBuilding CXX object CMakeFiles/unitree_hg__rosidl_typesupport_c.dir/rosidl_typesupport_c/unitree_hg/msg/low_state__type_support.cpp.o[0m
[4.213s] [ 36%] [32mBuilding CXX object CMakeFiles/unitree_hg__rosidl_typesupport_c.dir/rosidl_typesupport_c/unitree_hg/msg/hand_cmd__type_support.cpp.o[0m
[4.213s] [ 37%] [32mBuilding CXX object CMakeFiles/unitree_hg__rosidl_typesupport_c.dir/rosidl_typesupport_c/unitree_hg/msg/bms_state__type_support.cpp.o[0m
[4.214s] [ 38%] [32mBuilding CXX object CMakeFiles/unitree_hg__rosidl_typesupport_c.dir/rosidl_typesupport_c/unitree_hg/msg/hand_state__type_support.cpp.o[0m
[4.214s] [ 38%] [32mBuilding CXX object CMakeFiles/unitree_hg__rosidl_typesupport_c.dir/rosidl_typesupport_c/unitree_hg/msg/low_cmd__type_support.cpp.o[0m
[4.214s] [ 39%] [32mBuilding CXX object CMakeFiles/unitree_hg__rosidl_typesupport_c.dir/rosidl_typesupport_c/unitree_hg/msg/motor_cmd__type_support.cpp.o[0m
[4.214s] [ 40%] [32mBuilding CXX object CMakeFiles/unitree_hg__rosidl_typesupport_c.dir/rosidl_typesupport_c/unitree_hg/msg/main_board_state__type_support.cpp.o[0m
[4.214s] [ 40%] [32mBuilding CXX object CMakeFiles/unitree_hg__rosidl_typesupport_c.dir/rosidl_typesupport_c/unitree_hg/msg/motor_state__type_support.cpp.o[0m
[4.227s] [ 41%] [32m[1mLinking CXX shared library libunitree_hg__rosidl_typesupport_c.so[0m
[4.246s] [ 42%] [32mBuilding CXX object CMakeFiles/unitree_hg__rosidl_typesupport_introspection_cpp.dir/rosidl_typesupport_introspection_cpp/unitree_hg/msg/detail/bms_state__type_support.cpp.o[0m
[4.248s] [ 43%] [32mBuilding CXX object CMakeFiles/unitree_hg__rosidl_typesupport_introspection_cpp.dir/rosidl_typesupport_introspection_cpp/unitree_hg/msg/detail/bms_cmd__type_support.cpp.o[0m
[4.248s] [ 44%] [32mBuilding CXX object CMakeFiles/unitree_hg__rosidl_typesupport_introspection_cpp.dir/rosidl_typesupport_introspection_cpp/unitree_hg/msg/detail/hand_cmd__type_support.cpp.o[0m
[4.248s] [ 44%] [32mBuilding CXX object CMakeFiles/unitree_hg__rosidl_typesupport_introspection_cpp.dir/rosidl_typesupport_introspection_cpp/unitree_hg/msg/detail/hand_state__type_support.cpp.o[0m
[4.248s] [ 45%] [32mBuilding CXX object CMakeFiles/unitree_hg__rosidl_typesupport_introspection_cpp.dir/rosidl_typesupport_introspection_cpp/unitree_hg/msg/detail/imu_state__type_support.cpp.o[0m
[4.248s] [ 45%] [32mBuilding CXX object CMakeFiles/unitree_hg__rosidl_typesupport_introspection_cpp.dir/rosidl_typesupport_introspection_cpp/unitree_hg/msg/detail/low_state__type_support.cpp.o[0m
[4.248s] [ 46%] [32mBuilding CXX object CMakeFiles/unitree_hg__rosidl_typesupport_introspection_cpp.dir/rosidl_typesupport_introspection_cpp/unitree_hg/msg/detail/motor_cmd__type_support.cpp.o[0m
[4.248s] [ 47%] [32mBuilding CXX object CMakeFiles/unitree_hg__rosidl_typesupport_introspection_cpp.dir/rosidl_typesupport_introspection_cpp/unitree_hg/msg/detail/low_cmd__type_support.cpp.o[0m
[4.248s] [ 47%] [32mBuilding CXX object CMakeFiles/unitree_hg__rosidl_typesupport_introspection_cpp.dir/rosidl_typesupport_introspection_cpp/unitree_hg/msg/detail/press_sensor_state__type_support.cpp.o[0m
[4.248s] [ 48%] [32mBuilding CXX object CMakeFiles/unitree_hg__rosidl_typesupport_introspection_cpp.dir/rosidl_typesupport_introspection_cpp/unitree_hg/msg/detail/main_board_state__type_support.cpp.o[0m
[4.249s] [ 49%] [32mBuilding CXX object CMakeFiles/unitree_hg__rosidl_typesupport_introspection_cpp.dir/rosidl_typesupport_introspection_cpp/unitree_hg/msg/detail/motor_state__type_support.cpp.o[0m
[4.256s] [ 49%] Built target unitree_hg__rosidl_typesupport_c
[4.261s] [ 50%] [32m[1mLinking CXX shared library libunitree_hg__rosidl_typesupport_introspection_cpp.so[0m
[4.274s] [ 51%] [32mBuilding CXX object CMakeFiles/unitree_hg__rosidl_typesupport_cpp.dir/rosidl_typesupport_cpp/unitree_hg/msg/hand_state__type_support.cpp.o[0m
[4.274s] [ 52%] [32mBuilding CXX object CMakeFiles/unitree_hg__rosidl_typesupport_cpp.dir/rosidl_typesupport_cpp/unitree_hg/msg/main_board_state__type_support.cpp.o[0m
[4.274s] [ 53%] [32mBuilding CXX object CMakeFiles/unitree_hg__rosidl_typesupport_cpp.dir/rosidl_typesupport_cpp/unitree_hg/msg/motor_state__type_support.cpp.o[0m
[4.275s] [ 54%] [32mBuilding CXX object CMakeFiles/unitree_hg__rosidl_typesupport_cpp.dir/rosidl_typesupport_cpp/unitree_hg/msg/press_sensor_state__type_support.cpp.o[0m
[4.275s] [ 55%] [32mBuilding CXX object CMakeFiles/unitree_hg__rosidl_typesupport_cpp.dir/rosidl_typesupport_cpp/unitree_hg/msg/bms_state__type_support.cpp.o[0m
[4.275s] [ 56%] [32mBuilding CXX object CMakeFiles/unitree_hg__rosidl_typesupport_cpp.dir/rosidl_typesupport_cpp/unitree_hg/msg/low_state__type_support.cpp.o[0m
[4.275s] [ 57%] [32mBuilding CXX object CMakeFiles/unitree_hg__rosidl_typesupport_cpp.dir/rosidl_typesupport_cpp/unitree_hg/msg/bms_cmd__type_support.cpp.o[0m
[4.276s] [ 57%] [32mBuilding CXX object CMakeFiles/unitree_hg__rosidl_typesupport_cpp.dir/rosidl_typesupport_cpp/unitree_hg/msg/hand_cmd__type_support.cpp.o[0m
[4.276s] [ 57%] [32mBuilding CXX object CMakeFiles/unitree_hg__rosidl_typesupport_cpp.dir/rosidl_typesupport_cpp/unitree_hg/msg/imu_state__type_support.cpp.o[0m
[4.276s] [ 58%] [32mBuilding CXX object CMakeFiles/unitree_hg__rosidl_typesupport_cpp.dir/rosidl_typesupport_cpp/unitree_hg/msg/low_cmd__type_support.cpp.o[0m
[4.276s] [ 58%] [32mBuilding CXX object CMakeFiles/unitree_hg__rosidl_typesupport_cpp.dir/rosidl_typesupport_cpp/unitree_hg/msg/motor_cmd__type_support.cpp.o[0m
[4.285s] [ 59%] [32m[1mLinking CXX shared library libunitree_hg__rosidl_typesupport_cpp.so[0m
[4.311s] [ 61%] [32mBuilding CXX object CMakeFiles/unitree_hg__rosidl_typesupport_fastrtps_cpp.dir/rosidl_typesupport_fastrtps_cpp/unitree_hg/msg/detail/dds_fastrtps/motor_cmd__type_support.cpp.o[0m
[4.311s] [ 61%] [32mBuilding CXX object CMakeFiles/unitree_hg__rosidl_typesupport_fastrtps_cpp.dir/rosidl_typesupport_fastrtps_cpp/unitree_hg/msg/detail/dds_fastrtps/main_board_state__type_support.cpp.o[0m
[4.311s] [ 62%] [32mBuilding CXX object CMakeFiles/unitree_hg__rosidl_typesupport_fastrtps_cpp.dir/rosidl_typesupport_fastrtps_cpp/unitree_hg/msg/detail/dds_fastrtps/low_state__type_support.cpp.o[0m
[4.312s] [ 63%] [32mBuilding CXX object CMakeFiles/unitree_hg__rosidl_typesupport_fastrtps_cpp.dir/rosidl_typesupport_fastrtps_cpp/unitree_hg/msg/detail/dds_fastrtps/imu_state__type_support.cpp.o[0m
[4.312s] [ 64%] [32mBuilding CXX object CMakeFiles/unitree_hg__rosidl_typesupport_fastrtps_cpp.dir/rosidl_typesupport_fastrtps_cpp/unitree_hg/msg/detail/dds_fastrtps/bms_state__type_support.cpp.o[0m
[4.312s] [ 64%] [32mBuilding CXX object CMakeFiles/unitree_hg__rosidl_typesupport_fastrtps_cpp.dir/rosidl_typesupport_fastrtps_cpp/unitree_hg/msg/detail/dds_fastrtps/bms_cmd__type_support.cpp.o[0m
[4.312s] [ 65%] [32mBuilding CXX object CMakeFiles/unitree_hg__rosidl_typesupport_fastrtps_cpp.dir/rosidl_typesupport_fastrtps_cpp/unitree_hg/msg/detail/dds_fastrtps/hand_cmd__type_support.cpp.o[0m
[4.312s] [ 66%] [32mBuilding CXX object CMakeFiles/unitree_hg__rosidl_typesupport_fastrtps_cpp.dir/rosidl_typesupport_fastrtps_cpp/unitree_hg/msg/detail/dds_fastrtps/hand_state__type_support.cpp.o[0m
[4.313s] [ 66%] [32mBuilding CXX object CMakeFiles/unitree_hg__rosidl_typesupport_fastrtps_cpp.dir/rosidl_typesupport_fastrtps_cpp/unitree_hg/msg/detail/dds_fastrtps/low_cmd__type_support.cpp.o[0m
[4.313s] [ 66%] [32mBuilding CXX object CMakeFiles/unitree_hg__rosidl_typesupport_fastrtps_cpp.dir/rosidl_typesupport_fastrtps_cpp/unitree_hg/msg/detail/dds_fastrtps/motor_state__type_support.cpp.o[0m
[4.314s] [ 67%] [32mBuilding CXX object CMakeFiles/unitree_hg__rosidl_typesupport_fastrtps_cpp.dir/rosidl_typesupport_fastrtps_cpp/unitree_hg/msg/detail/dds_fastrtps/press_sensor_state__type_support.cpp.o[0m
[4.316s] [ 67%] Built target unitree_hg__rosidl_typesupport_cpp
[4.320s] [ 67%] Built target unitree_hg__rosidl_typesupport_introspection_cpp
[4.322s] [ 68%] [32m[1mLinking CXX shared library libunitree_hg__rosidl_typesupport_fastrtps_cpp.so[0m
[4.360s] [ 69%] [32mBuilding C object CMakeFiles/unitree_hg__rosidl_typesupport_introspection_c.dir/rosidl_typesupport_introspection_c/unitree_hg/msg/detail/low_cmd__type_support.c.o[0m
[4.361s] [ 71%] [32mBuilding C object CMakeFiles/unitree_hg__rosidl_typesupport_introspection_c.dir/rosidl_typesupport_introspection_c/unitree_hg/msg/detail/motor_cmd__type_support.c.o[0m
[4.361s] [ 71%] [32mBuilding C object CMakeFiles/unitree_hg__rosidl_typesupport_introspection_c.dir/rosidl_typesupport_introspection_c/unitree_hg/msg/detail/motor_state__type_support.c.o[0m
[4.362s] [ 72%] [32mBuilding C object CMakeFiles/unitree_hg__rosidl_typesupport_introspection_c.dir/rosidl_typesupport_introspection_c/unitree_hg/msg/detail/hand_state__type_support.c.o[0m
[4.362s] [ 72%] [32mBuilding C object CMakeFiles/unitree_hg__rosidl_typesupport_introspection_c.dir/rosidl_typesupport_introspection_c/unitree_hg/msg/detail/bms_cmd__type_support.c.o[0m
[4.362s] [ 73%] [32mBuilding C object CMakeFiles/unitree_hg__rosidl_typesupport_introspection_c.dir/rosidl_typesupport_introspection_c/unitree_hg/msg/detail/bms_state__type_support.c.o[0m
[4.362s] [ 73%] [32mBuilding C object CMakeFiles/unitree_hg__rosidl_typesupport_introspection_c.dir/rosidl_typesupport_introspection_c/unitree_hg/msg/detail/imu_state__type_support.c.o[0m
[4.362s] [ 74%] [32mBuilding C object CMakeFiles/unitree_hg__rosidl_typesupport_introspection_c.dir/rosidl_typesupport_introspection_c/unitree_hg/msg/detail/hand_cmd__type_support.c.o[0m
[4.363s] [ 75%] [32mBuilding C object CMakeFiles/unitree_hg__rosidl_typesupport_introspection_c.dir/rosidl_typesupport_introspection_c/unitree_hg/msg/detail/low_state__type_support.c.o[0m
[4.363s] [ 75%] [32mBuilding C object CMakeFiles/unitree_hg__rosidl_typesupport_introspection_c.dir/rosidl_typesupport_introspection_c/unitree_hg/msg/detail/main_board_state__type_support.c.o[0m
[4.363s] [ 76%] [32mBuilding C object CMakeFiles/unitree_hg__rosidl_typesupport_introspection_c.dir/rosidl_typesupport_introspection_c/unitree_hg/msg/detail/press_sensor_state__type_support.c.o[0m
[4.374s] [ 76%] [32m[1mLinking C shared library libunitree_hg__rosidl_typesupport_introspection_c.so[0m
[4.375s] [ 76%] Built target unitree_hg__rosidl_typesupport_fastrtps_cpp
[4.403s] [ 76%] Built target unitree_hg__rosidl_typesupport_introspection_c
[4.420s] [ 76%] [32mBuilding CXX object CMakeFiles/unitree_hg__rosidl_typesupport_fastrtps_c.dir/rosidl_typesupport_fastrtps_c/unitree_hg/msg/detail/hand_state__type_support_c.cpp.o[0m
[4.420s] [ 77%] [32mBuilding CXX object CMakeFiles/unitree_hg__rosidl_typesupport_fastrtps_c.dir/rosidl_typesupport_fastrtps_c/unitree_hg/msg/detail/low_state__type_support_c.cpp.o[0m
[4.420s] [ 77%] [32mBuilding CXX object CMakeFiles/unitree_hg__rosidl_typesupport_fastrtps_c.dir/rosidl_typesupport_fastrtps_c/unitree_hg/msg/detail/bms_state__type_support_c.cpp.o[0m
[4.420s] [ 78%] [32mBuilding CXX object CMakeFiles/unitree_hg__rosidl_typesupport_fastrtps_c.dir/rosidl_typesupport_fastrtps_c/unitree_hg/msg/detail/low_cmd__type_support_c.cpp.o[0m
[4.421s] [ 79%] [32mBuilding CXX object CMakeFiles/unitree_hg__rosidl_typesupport_fastrtps_c.dir/rosidl_typesupport_fastrtps_c/unitree_hg/msg/detail/motor_state__type_support_c.cpp.o[0m
[4.421s] [ 80%] [32mBuilding CXX object CMakeFiles/unitree_hg__rosidl_typesupport_fastrtps_c.dir/rosidl_typesupport_fastrtps_c/unitree_hg/msg/detail/bms_cmd__type_support_c.cpp.o[0m
[4.421s] [ 81%] [32mBuilding CXX object CMakeFiles/unitree_hg__rosidl_typesupport_fastrtps_c.dir/rosidl_typesupport_fastrtps_c/unitree_hg/msg/detail/hand_cmd__type_support_c.cpp.o[0m
[4.422s] [ 82%] [32mBuilding CXX object CMakeFiles/unitree_hg__rosidl_typesupport_fastrtps_c.dir/rosidl_typesupport_fastrtps_c/unitree_hg/msg/detail/imu_state__type_support_c.cpp.o[0m
[4.423s] [ 83%] [32mBuilding CXX object CMakeFiles/unitree_hg__rosidl_typesupport_fastrtps_c.dir/rosidl_typesupport_fastrtps_c/unitree_hg/msg/detail/main_board_state__type_support_c.cpp.o[0m
[4.423s] [ 84%] [32mBuilding CXX object CMakeFiles/unitree_hg__rosidl_typesupport_fastrtps_c.dir/rosidl_typesupport_fastrtps_c/unitree_hg/msg/detail/motor_cmd__type_support_c.cpp.o[0m
[4.423s] [ 84%] [32mBuilding CXX object CMakeFiles/unitree_hg__rosidl_typesupport_fastrtps_c.dir/rosidl_typesupport_fastrtps_c/unitree_hg/msg/detail/press_sensor_state__type_support_c.cpp.o[0m
[4.434s] [ 85%] [32m[1mLinking CXX shared library libunitree_hg__rosidl_typesupport_fastrtps_c.so[0m
[4.469s] [ 85%] Built target unitree_hg__rosidl_typesupport_fastrtps_c
[4.483s] [ 85%] Built target unitree_hg
[4.497s] [ 86%] [34m[1mGenerating Python code for ROS interfaces[0m
[5.216s] [ 86%] Built target unitree_hg__py
[5.234s] [ 87%] [32mBuilding C object CMakeFiles/unitree_hg__rosidl_generator_py.dir/rosidl_generator_py/unitree_hg/msg/_bms_cmd_s.c.o[0m
[5.234s] [ 87%] [32mBuilding C object CMakeFiles/unitree_hg__rosidl_generator_py.dir/rosidl_generator_py/unitree_hg/msg/_bms_state_s.c.o[0m
[5.234s] [ 88%] [32mBuilding C object CMakeFiles/unitree_hg__rosidl_generator_py.dir/rosidl_generator_py/unitree_hg/msg/_hand_cmd_s.c.o[0m
[5.235s] [ 89%] [32mBuilding C object CMakeFiles/unitree_hg__rosidl_generator_py.dir/rosidl_generator_py/unitree_hg/msg/_hand_state_s.c.o[0m
[5.238s] [ 89%] [32mBuilding C object CMakeFiles/unitree_hg__rosidl_generator_py.dir/rosidl_generator_py/unitree_hg/msg/_imu_state_s.c.o[0m
[5.239s] [ 90%] [32mBuilding C object CMakeFiles/unitree_hg__rosidl_generator_py.dir/rosidl_generator_py/unitree_hg/msg/_low_cmd_s.c.o[0m
[5.239s] [ 91%] [32mBuilding C object CMakeFiles/unitree_hg__rosidl_generator_py.dir/rosidl_generator_py/unitree_hg/msg/_press_sensor_state_s.c.o[0m
[5.240s] [ 91%] [32mBuilding C object CMakeFiles/unitree_hg__rosidl_generator_py.dir/rosidl_generator_py/unitree_hg/msg/_motor_cmd_s.c.o[0m
[5.240s] [ 92%] [32mBuilding C object CMakeFiles/unitree_hg__rosidl_generator_py.dir/rosidl_generator_py/unitree_hg/msg/_motor_state_s.c.o[0m
[5.243s] [ 93%] [32mBuilding C object CMakeFiles/unitree_hg__rosidl_generator_py.dir/rosidl_generator_py/unitree_hg/msg/_main_board_state_s.c.o[0m
[5.245s] [ 94%] [32mBuilding C object CMakeFiles/unitree_hg__rosidl_generator_py.dir/rosidl_generator_py/unitree_hg/msg/_low_state_s.c.o[0m
[5.255s] [ 95%] [32m[1mLinking C shared library libunitree_hg__rosidl_generator_py.so[0m
[5.296s] [ 95%] Built target unitree_hg__rosidl_generator_py
[5.310s] [ 96%] [32mBuilding C object CMakeFiles/unitree_hg_s__rosidl_typesupport_introspection_c.dir/rosidl_generator_py/unitree_hg/_unitree_hg_s.ep.rosidl_typesupport_introspection_c.c.o[0m
[5.311s] [ 96%] [32mBuilding C object CMakeFiles/unitree_hg_s__rosidl_typesupport_fastrtps_c.dir/rosidl_generator_py/unitree_hg/_unitree_hg_s.ep.rosidl_typesupport_fastrtps_c.c.o[0m
[5.313s] [ 97%] [32mBuilding C object CMakeFiles/unitree_hg_s__rosidl_typesupport_c.dir/rosidl_generator_py/unitree_hg/_unitree_hg_s.ep.rosidl_typesupport_c.c.o[0m
[5.322s] [ 98%] [32m[1mLinking C shared module rosidl_generator_py/unitree_hg/unitree_hg_s__rosidl_typesupport_introspection_c.so[0m
[5.322s] [ 99%] [32m[1mLinking C shared module rosidl_generator_py/unitree_hg/unitree_hg_s__rosidl_typesupport_fastrtps_c.so[0m
[5.323s] [100%] [32m[1mLinking C shared module rosidl_generator_py/unitree_hg/unitree_hg_s__rosidl_typesupport_c.so[0m
[5.346s] [100%] Built target unitree_hg_s__rosidl_typesupport_introspection_c
[5.346s] [100%] Built target unitree_hg_s__rosidl_typesupport_fastrtps_c
[5.349s] [100%] Built target unitree_hg_s__rosidl_typesupport_c
[5.360s] Invoked command in '/home/alemany/robot_ws/build/unitree_hg' returned '0': CMAKE_PREFIX_PATH=${CMAKE_PREFIX_PATH}:/home/alemany/robot_ws/install/g1pilot:/opt/ros/jazzy DEBUGINFOD_URLS=https://debuginfod.ubuntu.com VIRTUAL_ENV_PROMPT=(venv-ardupilot) /usr/bin/cmake --build /home/alemany/robot_ws/build/unitree_hg -- -j28 -l28
[5.361s] Invoking command in '/home/alemany/robot_ws/build/unitree_hg': CMAKE_PREFIX_PATH=${CMAKE_PREFIX_PATH}:/home/alemany/robot_ws/install/g1pilot:/opt/ros/jazzy DEBUGINFOD_URLS=https://debuginfod.ubuntu.com VIRTUAL_ENV_PROMPT=(venv-ardupilot) /usr/bin/cmake --install /home/alemany/robot_ws/build/unitree_hg
[5.366s] -- Install configuration: ""
[5.366s] -- Installing: /home/alemany/robot_ws/install/unitree_hg/share/ament_index/resource_index/rosidl_interfaces/unitree_hg
[5.366s] -- Installing: /home/alemany/robot_ws/install/unitree_hg/share/unitree_hg/msg/BmsCmd.json
[5.366s] -- Installing: /home/alemany/robot_ws/install/unitree_hg/share/unitree_hg/msg/BmsState.json
[5.367s] -- Installing: /home/alemany/robot_ws/install/unitree_hg/share/unitree_hg/msg/HandCmd.json
[5.367s] -- Installing: /home/alemany/robot_ws/install/unitree_hg/share/unitree_hg/msg/HandState.json
[5.367s] -- Installing: /home/alemany/robot_ws/install/unitree_hg/share/unitree_hg/msg/IMUState.json
[5.367s] -- Installing: /home/alemany/robot_ws/install/unitree_hg/share/unitree_hg/msg/LowCmd.json
[5.367s] -- Installing: /home/alemany/robot_ws/install/unitree_hg/share/unitree_hg/msg/LowState.json
[5.367s] -- Installing: /home/alemany/robot_ws/install/unitree_hg/share/unitree_hg/msg/MainBoardState.json
[5.367s] -- Installing: /home/alemany/robot_ws/install/unitree_hg/share/unitree_hg/msg/MotorCmd.json
[5.367s] -- Installing: /home/alemany/robot_ws/install/unitree_hg/share/unitree_hg/msg/MotorState.json
[5.367s] -- Installing: /home/alemany/robot_ws/install/unitree_hg/share/unitree_hg/msg/PressSensorState.json
[5.367s] -- Installing: /home/alemany/robot_ws/install/unitree_hg/include/unitree_hg/unitree_hg
[5.367s] -- Installing: /home/alemany/robot_ws/install/unitree_hg/include/unitree_hg/unitree_hg/msg
[5.367s] -- Installing: /home/alemany/robot_ws/install/unitree_hg/include/unitree_hg/unitree_hg/msg/imu_state.h
[5.367s] -- Installing: /home/alemany/robot_ws/install/unitree_hg/include/unitree_hg/unitree_hg/msg/hand_cmd.h
[5.367s] -- Installing: /home/alemany/robot_ws/install/unitree_hg/include/unitree_hg/unitree_hg/msg/bms_state.h
[5.368s] -- Installing: /home/alemany/robot_ws/install/unitree_hg/include/unitree_hg/unitree_hg/msg/main_board_state.h
[5.368s] -- Installing: /home/alemany/robot_ws/install/unitree_hg/include/unitree_hg/unitree_hg/msg/press_sensor_state.h
[5.368s] -- Installing: /home/alemany/robot_ws/install/unitree_hg/include/unitree_hg/unitree_hg/msg/low_state.h
[5.368s] -- Installing: /home/alemany/robot_ws/install/unitree_hg/include/unitree_hg/unitree_hg/msg/motor_state.h
[5.368s] -- Installing: /home/alemany/robot_ws/install/unitree_hg/include/unitree_hg/unitree_hg/msg/motor_cmd.h
[5.368s] -- Installing: /home/alemany/robot_ws/install/unitree_hg/include/unitree_hg/unitree_hg/msg/hand_state.h
[5.368s] -- Installing: /home/alemany/robot_ws/install/unitree_hg/include/unitree_hg/unitree_hg/msg/rosidl_generator_c__visibility_control.h
[5.368s] -- Installing: /home/alemany/robot_ws/install/unitree_hg/include/unitree_hg/unitree_hg/msg/low_cmd.h
[5.368s] -- Installing: /home/alemany/robot_ws/install/unitree_hg/include/unitree_hg/unitree_hg/msg/bms_cmd.h
[5.368s] -- Installing: /home/alemany/robot_ws/install/unitree_hg/include/unitree_hg/unitree_hg/msg/detail
[5.369s] -- Installing: /home/alemany/robot_ws/install/unitree_hg/include/unitree_hg/unitree_hg/msg/detail/low_cmd__struct.h
[5.369s] -- Installing: /home/alemany/robot_ws/install/unitree_hg/include/unitree_hg/unitree_hg/msg/detail/low_state__type_support.h
[5.369s] -- Installing: /home/alemany/robot_ws/install/unitree_hg/include/unitree_hg/unitree_hg/msg/detail/press_sensor_state__type_support.c
[5.369s] -- Installing: /home/alemany/robot_ws/install/unitree_hg/include/unitree_hg/unitree_hg/msg/detail/bms_state__functions.c
[5.369s] -- Installing: /home/alemany/robot_ws/install/unitree_hg/include/unitree_hg/unitree_hg/msg/detail/imu_state__type_support.c
[5.369s] -- Installing: /home/alemany/robot_ws/install/unitree_hg/include/unitree_hg/unitree_hg/msg/detail/bms_cmd__struct.h
[5.369s] -- Installing: /home/alemany/robot_ws/install/unitree_hg/include/unitree_hg/unitree_hg/msg/detail/motor_state__type_support.h
[5.369s] -- Installing: /home/alemany/robot_ws/install/unitree_hg/include/unitree_hg/unitree_hg/msg/detail/bms_state__type_support.h
[5.369s] -- Installing: /home/alemany/robot_ws/install/unitree_hg/include/unitree_hg/unitree_hg/msg/detail/imu_state__functions.c
[5.369s] -- Installing: /home/alemany/robot_ws/install/unitree_hg/include/unitree_hg/unitree_hg/msg/detail/low_cmd__functions.c
[5.369s] -- Installing: /home/alemany/robot_ws/install/unitree_hg/include/unitree_hg/unitree_hg/msg/detail/bms_cmd__functions.c
[5.369s] -- Installing: /home/alemany/robot_ws/install/unitree_hg/include/unitree_hg/unitree_hg/msg/detail/main_board_state__struct.h
[5.369s] -- Installing: /home/alemany/robot_ws/install/unitree_hg/include/unitree_hg/unitree_hg/msg/detail/press_sensor_state__functions.c
[5.369s] -- Installing: /home/alemany/robot_ws/install/unitree_hg/include/unitree_hg/unitree_hg/msg/detail/imu_state__description.c
[5.370s] -- Installing: /home/alemany/robot_ws/install/unitree_hg/include/unitree_hg/unitree_hg/msg/detail/press_sensor_state__type_support.h
[5.370s] -- Installing: /home/alemany/robot_ws/install/unitree_hg/include/unitree_hg/unitree_hg/msg/detail/press_sensor_state__description.c
[5.370s] -- Installing: /home/alemany/robot_ws/install/unitree_hg/include/unitree_hg/unitree_hg/msg/detail/low_cmd__type_support.h
[5.370s] -- Installing: /home/alemany/robot_ws/install/unitree_hg/include/unitree_hg/unitree_hg/msg/detail/press_sensor_state__struct.h
[5.370s] -- Installing: /home/alemany/robot_ws/install/unitree_hg/include/unitree_hg/unitree_hg/msg/detail/bms_state__description.c
[5.370s] -- Installing: /home/alemany/robot_ws/install/unitree_hg/include/unitree_hg/unitree_hg/msg/detail/hand_cmd__type_support.c
[5.370s] -- Installing: /home/alemany/robot_ws/install/unitree_hg/include/unitree_hg/unitree_hg/msg/detail/hand_state__functions.c
[5.370s] -- Installing: /home/alemany/robot_ws/install/unitree_hg/include/unitree_hg/unitree_hg/msg/detail/bms_cmd__functions.h
[5.370s] -- Installing: /home/alemany/robot_ws/install/unitree_hg/include/unitree_hg/unitree_hg/msg/detail/main_board_state__functions.h
[5.370s] -- Installing: /home/alemany/robot_ws/install/unitree_hg/include/unitree_hg/unitree_hg/msg/detail/imu_state__struct.h
[5.370s] -- Installing: /home/alemany/robot_ws/install/unitree_hg/include/unitree_hg/unitree_hg/msg/detail/hand_cmd__description.c
[5.370s] -- Installing: /home/alemany/robot_ws/install/unitree_hg/include/unitree_hg/unitree_hg/msg/detail/imu_state__functions.h
[5.370s] -- Installing: /home/alemany/robot_ws/install/unitree_hg/include/unitree_hg/unitree_hg/msg/detail/bms_state__struct.h
[5.370s] -- Installing: /home/alemany/robot_ws/install/unitree_hg/include/unitree_hg/unitree_hg/msg/detail/main_board_state__type_support.c
[5.370s] -- Installing: /home/alemany/robot_ws/install/unitree_hg/include/unitree_hg/unitree_hg/msg/detail/bms_cmd__description.c
[5.370s] -- Installing: /home/alemany/robot_ws/install/unitree_hg/include/unitree_hg/unitree_hg/msg/detail/motor_cmd__functions.h
[5.370s] -- Installing: /home/alemany/robot_ws/install/unitree_hg/include/unitree_hg/unitree_hg/msg/detail/motor_state__functions.c
[5.370s] -- Installing: /home/alemany/robot_ws/install/unitree_hg/include/unitree_hg/unitree_hg/msg/detail/bms_cmd__type_support.c
[5.370s] -- Installing: /home/alemany/robot_ws/install/unitree_hg/include/unitree_hg/unitree_hg/msg/detail/hand_state__type_support.h
[5.370s] -- Installing: /home/alemany/robot_ws/install/unitree_hg/include/unitree_hg/unitree_hg/msg/detail/motor_cmd__description.c
[5.370s] -- Installing: /home/alemany/robot_ws/install/unitree_hg/include/unitree_hg/unitree_hg/msg/detail/imu_state__type_support.h
[5.370s] -- Installing: /home/alemany/robot_ws/install/unitree_hg/include/unitree_hg/unitree_hg/msg/detail/hand_state__description.c
[5.370s] -- Installing: /home/alemany/robot_ws/install/unitree_hg/include/unitree_hg/unitree_hg/msg/detail/low_state__functions.c
[5.370s] -- Installing: /home/alemany/robot_ws/install/unitree_hg/include/unitree_hg/unitree_hg/msg/detail/hand_state__struct.h
[5.370s] -- Installing: /home/alemany/robot_ws/install/unitree_hg/include/unitree_hg/unitree_hg/msg/detail/low_cmd__type_support.c
[5.370s] -- Installing: /home/alemany/robot_ws/install/unitree_hg/include/unitree_hg/unitree_hg/msg/detail/press_sensor_state__functions.h
[5.370s] -- Installing: /home/alemany/robot_ws/install/unitree_hg/include/unitree_hg/unitree_hg/msg/detail/hand_cmd__struct.h
[5.370s] -- Installing: /home/alemany/robot_ws/install/unitree_hg/include/unitree_hg/unitree_hg/msg/detail/bms_cmd__type_support.h
[5.370s] -- Installing: /home/alemany/robot_ws/install/unitree_hg/include/unitree_hg/unitree_hg/msg/detail/hand_cmd__type_support.h
[5.370s] -- Installing: /home/alemany/robot_ws/install/unitree_hg/include/unitree_hg/unitree_hg/msg/detail/hand_cmd__functions.h
[5.371s] -- Installing: /home/alemany/robot_ws/install/unitree_hg/include/unitree_hg/unitree_hg/msg/detail/main_board_state__description.c
[5.371s] -- Installing: /home/alemany/robot_ws/install/unitree_hg/include/unitree_hg/unitree_hg/msg/detail/motor_state__functions.h
[5.371s] -- Installing: /home/alemany/robot_ws/install/unitree_hg/include/unitree_hg/unitree_hg/msg/detail/hand_cmd__functions.c
[5.371s] -- Installing: /home/alemany/robot_ws/install/unitree_hg/include/unitree_hg/unitree_hg/msg/detail/motor_cmd__struct.h
[5.371s] -- Installing: /home/alemany/robot_ws/install/unitree_hg/include/unitree_hg/unitree_hg/msg/detail/motor_state__struct.h
[5.371s] -- Installing: /home/alemany/robot_ws/install/unitree_hg/include/unitree_hg/unitree_hg/msg/detail/low_state__struct.h
[5.371s] -- Installing: /home/alemany/robot_ws/install/unitree_hg/include/unitree_hg/unitree_hg/msg/detail/main_board_state__functions.c
[5.371s] -- Installing: /home/alemany/robot_ws/install/unitree_hg/include/unitree_hg/unitree_hg/msg/detail/low_cmd__description.c
[5.371s] -- Installing: /home/alemany/robot_ws/install/unitree_hg/include/unitree_hg/unitree_hg/msg/detail/motor_cmd__type_support.c
[5.371s] -- Installing: /home/alemany/robot_ws/install/unitree_hg/include/unitree_hg/unitree_hg/msg/detail/bms_state__type_support.c
[5.371s] -- Installing: /home/alemany/robot_ws/install/unitree_hg/include/unitree_hg/unitree_hg/msg/detail/low_state__functions.h
[5.371s] -- Installing: /home/alemany/robot_ws/install/unitree_hg/include/unitree_hg/unitree_hg/msg/detail/low_state__type_support.c
[5.371s] -- Installing: /home/alemany/robot_ws/install/unitree_hg/include/unitree_hg/unitree_hg/msg/detail/hand_state__functions.h
[5.371s] -- Installing: /home/alemany/robot_ws/install/unitree_hg/include/unitree_hg/unitree_hg/msg/detail/motor_cmd__type_support.h
[5.371s] -- Installing: /home/alemany/robot_ws/install/unitree_hg/include/unitree_hg/unitree_hg/msg/detail/motor_state__type_support.c
[5.371s] -- Installing: /home/alemany/robot_ws/install/unitree_hg/include/unitree_hg/unitree_hg/msg/detail/bms_state__functions.h
[5.371s] -- Installing: /home/alemany/robot_ws/install/unitree_hg/include/unitree_hg/unitree_hg/msg/detail/motor_state__description.c
[5.371s] -- Installing: /home/alemany/robot_ws/install/unitree_hg/include/unitree_hg/unitree_hg/msg/detail/low_state__description.c
[5.371s] -- Installing: /home/alemany/robot_ws/install/unitree_hg/include/unitree_hg/unitree_hg/msg/detail/main_board_state__type_support.h
[5.371s] -- Installing: /home/alemany/robot_ws/install/unitree_hg/include/unitree_hg/unitree_hg/msg/detail/motor_cmd__functions.c
[5.371s] -- Installing: /home/alemany/robot_ws/install/unitree_hg/include/unitree_hg/unitree_hg/msg/detail/low_cmd__functions.h
[5.371s] -- Installing: /home/alemany/robot_ws/install/unitree_hg/include/unitree_hg/unitree_hg/msg/detail/hand_state__type_support.c
[5.371s] -- Installing: /home/alemany/robot_ws/install/unitree_hg/share/unitree_hg/environment/library_path.sh
[5.371s] -- Installing: /home/alemany/robot_ws/install/unitree_hg/share/unitree_hg/environment/library_path.dsv
[5.371s] -- Installing: /home/alemany/robot_ws/install/unitree_hg/lib/libunitree_hg__rosidl_generator_c.so
[5.371s] -- Set non-toolchain portion of runtime path of "/home/alemany/robot_ws/install/unitree_hg/lib/libunitree_hg__rosidl_generator_c.so" to ""
[5.371s] -- Up-to-date: /home/alemany/robot_ws/install/unitree_hg/include/unitree_hg/unitree_hg
[5.371s] -- Up-to-date: /home/alemany/robot_ws/install/unitree_hg/include/unitree_hg/unitree_hg/msg
[5.371s] -- Installing: /home/alemany/robot_ws/install/unitree_hg/include/unitree_hg/unitree_hg/msg/rosidl_typesupport_fastrtps_c__visibility_control.h
[5.371s] -- Up-to-date: /home/alemany/robot_ws/install/unitree_hg/include/unitree_hg/unitree_hg/msg/detail
[5.371s] -- Installing: /home/alemany/robot_ws/install/unitree_hg/include/unitree_hg/unitree_hg/msg/detail/motor_cmd__rosidl_typesupport_fastrtps_c.h
[5.371s] -- Installing: /home/alemany/robot_ws/install/unitree_hg/include/unitree_hg/unitree_hg/msg/detail/bms_cmd__rosidl_typesupport_fastrtps_c.h
[5.371s] -- Installing: /home/alemany/robot_ws/install/unitree_hg/include/unitree_hg/unitree_hg/msg/detail/press_sensor_state__rosidl_typesupport_fastrtps_c.h
[5.372s] -- Installing: /home/alemany/robot_ws/install/unitree_hg/include/unitree_hg/unitree_hg/msg/detail/bms_state__rosidl_typesupport_fastrtps_c.h
[5.372s] -- Installing: /home/alemany/robot_ws/install/unitree_hg/include/unitree_hg/unitree_hg/msg/detail/hand_cmd__rosidl_typesupport_fastrtps_c.h
[5.372s] -- Installing: /home/alemany/robot_ws/install/unitree_hg/include/unitree_hg/unitree_hg/msg/detail/imu_state__rosidl_typesupport_fastrtps_c.h
[5.372s] -- Installing: /home/alemany/robot_ws/install/unitree_hg/include/unitree_hg/unitree_hg/msg/detail/hand_state__rosidl_typesupport_fastrtps_c.h
[5.372s] -- Installing: /home/alemany/robot_ws/install/unitree_hg/include/unitree_hg/unitree_hg/msg/detail/low_cmd__rosidl_typesupport_fastrtps_c.h
[5.372s] -- Installing: /home/alemany/robot_ws/install/unitree_hg/include/unitree_hg/unitree_hg/msg/detail/motor_state__rosidl_typesupport_fastrtps_c.h
[5.372s] -- Installing: /home/alemany/robot_ws/install/unitree_hg/include/unitree_hg/unitree_hg/msg/detail/main_board_state__rosidl_typesupport_fastrtps_c.h
[5.372s] -- Installing: /home/alemany/robot_ws/install/unitree_hg/include/unitree_hg/unitree_hg/msg/detail/low_state__rosidl_typesupport_fastrtps_c.h
[5.372s] -- Installing: /home/alemany/robot_ws/install/unitree_hg/lib/libunitree_hg__rosidl_typesupport_fastrtps_c.so
[5.372s] -- Set non-toolchain portion of runtime path of "/home/alemany/robot_ws/install/unitree_hg/lib/libunitree_hg__rosidl_typesupport_fastrtps_c.so" to ""
[5.372s] -- Up-to-date: /home/alemany/robot_ws/install/unitree_hg/include/unitree_hg/unitree_hg
[5.372s] -- Up-to-date: /home/alemany/robot_ws/install/unitree_hg/include/unitree_hg/unitree_hg/msg
[5.372s] -- Installing: /home/alemany/robot_ws/install/unitree_hg/include/unitree_hg/unitree_hg/msg/imu_state.hpp
[5.372s] -- Installing: /home/alemany/robot_ws/install/unitree_hg/include/unitree_hg/unitree_hg/msg/low_state.hpp
[5.372s] -- Installing: /home/alemany/robot_ws/install/unitree_hg/include/unitree_hg/unitree_hg/msg/hand_cmd.hpp
[5.372s] -- Installing: /home/alemany/robot_ws/install/unitree_hg/include/unitree_hg/unitree_hg/msg/hand_state.hpp
[5.372s] -- Installing: /home/alemany/robot_ws/install/unitree_hg/include/unitree_hg/unitree_hg/msg/motor_state.hpp
[5.372s] -- Installing: /home/alemany/robot_ws/install/unitree_hg/include/unitree_hg/unitree_hg/msg/low_cmd.hpp
[5.372s] -- Installing: /home/alemany/robot_ws/install/unitree_hg/include/unitree_hg/unitree_hg/msg/bms_state.hpp
[5.372s] -- Installing: /home/alemany/robot_ws/install/unitree_hg/include/unitree_hg/unitree_hg/msg/press_sensor_state.hpp
[5.372s] -- Installing: /home/alemany/robot_ws/install/unitree_hg/include/unitree_hg/unitree_hg/msg/bms_cmd.hpp
[5.372s] -- Installing: /home/alemany/robot_ws/install/unitree_hg/include/unitree_hg/unitree_hg/msg/rosidl_generator_cpp__visibility_control.hpp
[5.372s] -- Installing: /home/alemany/robot_ws/install/unitree_hg/include/unitree_hg/unitree_hg/msg/main_board_state.hpp
[5.372s] -- Installing: /home/alemany/robot_ws/install/unitree_hg/include/unitree_hg/unitree_hg/msg/motor_cmd.hpp
[5.372s] -- Up-to-date: /home/alemany/robot_ws/install/unitree_hg/include/unitree_hg/unitree_hg/msg/detail
[5.372s] -- Installing: /home/alemany/robot_ws/install/unitree_hg/include/unitree_hg/unitree_hg/msg/detail/hand_state__struct.hpp
[5.372s] -- Installing: /home/alemany/robot_ws/install/unitree_hg/include/unitree_hg/unitree_hg/msg/detail/press_sensor_state__traits.hpp
[5.372s] -- Installing: /home/alemany/robot_ws/install/unitree_hg/include/unitree_hg/unitree_hg/msg/detail/motor_cmd__type_support.hpp
[5.372s] -- Installing: /home/alemany/robot_ws/install/unitree_hg/include/unitree_hg/unitree_hg/msg/detail/main_board_state__traits.hpp
[5.372s] -- Installing: /home/alemany/robot_ws/install/unitree_hg/include/unitree_hg/unitree_hg/msg/detail/motor_state__traits.hpp
[5.372s] -- Installing: /home/alemany/robot_ws/install/unitree_hg/include/unitree_hg/unitree_hg/msg/detail/motor_state__builder.hpp
[5.372s] -- Installing: /home/alemany/robot_ws/install/unitree_hg/include/unitree_hg/unitree_hg/msg/detail/imu_state__struct.hpp
[5.373s] -- Installing: /home/alemany/robot_ws/install/unitree_hg/include/unitree_hg/unitree_hg/msg/detail/low_state__struct.hpp
[5.373s] -- Installing: /home/alemany/robot_ws/install/unitree_hg/include/unitree_hg/unitree_hg/msg/detail/main_board_state__type_support.hpp
[5.373s] -- Installing: /home/alemany/robot_ws/install/unitree_hg/include/unitree_hg/unitree_hg/msg/detail/imu_state__traits.hpp
[5.373s] -- Installing: /home/alemany/robot_ws/install/unitree_hg/include/unitree_hg/unitree_hg/msg/detail/low_cmd__builder.hpp
[5.373s] -- Installing: /home/alemany/robot_ws/install/unitree_hg/include/unitree_hg/unitree_hg/msg/detail/low_cmd__type_support.hpp
[5.373s] -- Installing: /home/alemany/robot_ws/install/unitree_hg/include/unitree_hg/unitree_hg/msg/detail/hand_cmd__traits.hpp
[5.373s] -- Installing: /home/alemany/robot_ws/install/unitree_hg/include/unitree_hg/unitree_hg/msg/detail/hand_cmd__struct.hpp
[5.373s] -- Installing: /home/alemany/robot_ws/install/unitree_hg/include/unitree_hg/unitree_hg/msg/detail/hand_cmd__builder.hpp
[5.373s] -- Installing: /home/alemany/robot_ws/install/unitree_hg/include/unitree_hg/unitree_hg/msg/detail/low_cmd__struct.hpp
[5.373s] -- Installing: /home/alemany/robot_ws/install/unitree_hg/include/unitree_hg/unitree_hg/msg/detail/bms_state__struct.hpp
[5.373s] -- Installing: /home/alemany/robot_ws/install/unitree_hg/include/unitree_hg/unitree_hg/msg/detail/motor_state__type_support.hpp
[5.373s] -- Installing: /home/alemany/robot_ws/install/unitree_hg/include/unitree_hg/unitree_hg/msg/detail/bms_state__type_support.hpp
[5.373s] -- Installing: /home/alemany/robot_ws/install/unitree_hg/include/unitree_hg/unitree_hg/msg/detail/press_sensor_state__type_support.hpp
[5.373s] -- Installing: /home/alemany/robot_ws/install/unitree_hg/include/unitree_hg/unitree_hg/msg/detail/motor_state__struct.hpp
[5.373s] -- Installing: /home/alemany/robot_ws/install/unitree_hg/include/unitree_hg/unitree_hg/msg/detail/bms_cmd__traits.hpp
[5.373s] -- Installing: /home/alemany/robot_ws/install/unitree_hg/include/unitree_hg/unitree_hg/msg/detail/low_state__type_support.hpp
[5.373s] -- Installing: /home/alemany/robot_ws/install/unitree_hg/include/unitree_hg/unitree_hg/msg/detail/bms_cmd__builder.hpp
[5.373s] -- Installing: /home/alemany/robot_ws/install/unitree_hg/include/unitree_hg/unitree_hg/msg/detail/hand_state__builder.hpp
[5.373s] -- Installing: /home/alemany/robot_ws/install/unitree_hg/include/unitree_hg/unitree_hg/msg/detail/bms_state__traits.hpp
[5.373s] -- Installing: /home/alemany/robot_ws/install/unitree_hg/include/unitree_hg/unitree_hg/msg/detail/bms_cmd__type_support.hpp
[5.373s] -- Installing: /home/alemany/robot_ws/install/unitree_hg/include/unitree_hg/unitree_hg/msg/detail/motor_cmd__struct.hpp
[5.373s] -- Installing: /home/alemany/robot_ws/install/unitree_hg/include/unitree_hg/unitree_hg/msg/detail/bms_state__builder.hpp
[5.373s] -- Installing: /home/alemany/robot_ws/install/unitree_hg/include/unitree_hg/unitree_hg/msg/detail/main_board_state__builder.hpp
[5.373s] -- Installing: /home/alemany/robot_ws/install/unitree_hg/include/unitree_hg/unitree_hg/msg/detail/hand_cmd__type_support.hpp
[5.373s] -- Installing: /home/alemany/robot_ws/install/unitree_hg/include/unitree_hg/unitree_hg/msg/detail/main_board_state__struct.hpp
[5.373s] -- Installing: /home/alemany/robot_ws/install/unitree_hg/include/unitree_hg/unitree_hg/msg/detail/low_state__builder.hpp
[5.373s] -- Installing: /home/alemany/robot_ws/install/unitree_hg/include/unitree_hg/unitree_hg/msg/detail/imu_state__type_support.hpp
[5.373s] -- Installing: /home/alemany/robot_ws/install/unitree_hg/include/unitree_hg/unitree_hg/msg/detail/imu_state__builder.hpp
[5.373s] -- Installing: /home/alemany/robot_ws/install/unitree_hg/include/unitree_hg/unitree_hg/msg/detail/motor_cmd__traits.hpp
[5.373s] -- Installing: /home/alemany/robot_ws/install/unitree_hg/include/unitree_hg/unitree_hg/msg/detail/low_cmd__traits.hpp
[5.373s] -- Installing: /home/alemany/robot_ws/install/unitree_hg/include/unitree_hg/unitree_hg/msg/detail/low_state__traits.hpp
[5.373s] -- Installing: /home/alemany/robot_ws/install/unitree_hg/include/unitree_hg/unitree_hg/msg/detail/motor_cmd__builder.hpp
[5.374s] -- Installing: /home/alemany/robot_ws/install/unitree_hg/include/unitree_hg/unitree_hg/msg/detail/press_sensor_state__builder.hpp
[5.374s] -- Installing: /home/alemany/robot_ws/install/unitree_hg/include/unitree_hg/unitree_hg/msg/detail/bms_cmd__struct.hpp
[5.374s] -- Installing: /home/alemany/robot_ws/install/unitree_hg/include/unitree_hg/unitree_hg/msg/detail/hand_state__traits.hpp
[5.374s] -- Installing: /home/alemany/robot_ws/install/unitree_hg/include/unitree_hg/unitree_hg/msg/detail/press_sensor_state__struct.hpp
[5.374s] -- Installing: /home/alemany/robot_ws/install/unitree_hg/include/unitree_hg/unitree_hg/msg/detail/hand_state__type_support.hpp
[5.374s] -- Up-to-date: /home/alemany/robot_ws/install/unitree_hg/include/unitree_hg/unitree_hg
[5.374s] -- Up-to-date: /home/alemany/robot_ws/install/unitree_hg/include/unitree_hg/unitree_hg/msg
[5.374s] -- Installing: /home/alemany/robot_ws/install/unitree_hg/include/unitree_hg/unitree_hg/msg/rosidl_typesupport_fastrtps_cpp__visibility_control.h
[5.374s] -- Up-to-date: /home/alemany/robot_ws/install/unitree_hg/include/unitree_hg/unitree_hg/msg/detail
[5.374s] -- Installing: /home/alemany/robot_ws/install/unitree_hg/include/unitree_hg/unitree_hg/msg/detail/motor_cmd__rosidl_typesupport_fastrtps_cpp.hpp
[5.374s] -- Installing: /home/alemany/robot_ws/install/unitree_hg/include/unitree_hg/unitree_hg/msg/detail/motor_state__rosidl_typesupport_fastrtps_cpp.hpp
[5.374s] -- Installing: /home/alemany/robot_ws/install/unitree_hg/include/unitree_hg/unitree_hg/msg/detail/main_board_state__rosidl_typesupport_fastrtps_cpp.hpp
[5.374s] -- Installing: /home/alemany/robot_ws/install/unitree_hg/include/unitree_hg/unitree_hg/msg/detail/low_state__rosidl_typesupport_fastrtps_cpp.hpp
[5.374s] -- Installing: /home/alemany/robot_ws/install/unitree_hg/include/unitree_hg/unitree_hg/msg/detail/bms_state__rosidl_typesupport_fastrtps_cpp.hpp
[5.374s] -- Installing: /home/alemany/robot_ws/install/unitree_hg/include/unitree_hg/unitree_hg/msg/detail/bms_cmd__rosidl_typesupport_fastrtps_cpp.hpp
[5.374s] -- Installing: /home/alemany/robot_ws/install/unitree_hg/include/unitree_hg/unitree_hg/msg/detail/low_cmd__rosidl_typesupport_fastrtps_cpp.hpp
[5.374s] -- Installing: /home/alemany/robot_ws/install/unitree_hg/include/unitree_hg/unitree_hg/msg/detail/hand_cmd__rosidl_typesupport_fastrtps_cpp.hpp
[5.374s] -- Installing: /home/alemany/robot_ws/install/unitree_hg/include/unitree_hg/unitree_hg/msg/detail/hand_state__rosidl_typesupport_fastrtps_cpp.hpp
[5.374s] -- Installing: /home/alemany/robot_ws/install/unitree_hg/include/unitree_hg/unitree_hg/msg/detail/press_sensor_state__rosidl_typesupport_fastrtps_cpp.hpp
[5.374s] -- Installing: /home/alemany/robot_ws/install/unitree_hg/include/unitree_hg/unitree_hg/msg/detail/imu_state__rosidl_typesupport_fastrtps_cpp.hpp
[5.374s] -- Installing: /home/alemany/robot_ws/install/unitree_hg/include/unitree_hg/unitree_hg/msg/detail/dds_fastrtps
[5.374s] -- Installing: /home/alemany/robot_ws/install/unitree_hg/lib/libunitree_hg__rosidl_typesupport_fastrtps_cpp.so
[5.374s] -- Set non-toolchain portion of runtime path of "/home/alemany/robot_ws/install/unitree_hg/lib/libunitree_hg__rosidl_typesupport_fastrtps_cpp.so" to ""
[5.374s] -- Up-to-date: /home/alemany/robot_ws/install/unitree_hg/include/unitree_hg/unitree_hg
[5.374s] -- Up-to-date: /home/alemany/robot_ws/install/unitree_hg/include/unitree_hg/unitree_hg/msg
[5.374s] -- Installing: /home/alemany/robot_ws/install/unitree_hg/include/unitree_hg/unitree_hg/msg/rosidl_typesupport_introspection_c__visibility_control.h
[5.374s] -- Up-to-date: /home/alemany/robot_ws/install/unitree_hg/include/unitree_hg/unitree_hg/msg/detail
[5.374s] -- Up-to-date: /home/alemany/robot_ws/install/unitree_hg/include/unitree_hg/unitree_hg/msg/detail/press_sensor_state__type_support.c
[5.374s] -- Up-to-date: /home/alemany/robot_ws/install/unitree_hg/include/unitree_hg/unitree_hg/msg/detail/imu_state__type_support.c
[5.374s] -- Installing: /home/alemany/robot_ws/install/unitree_hg/include/unitree_hg/unitree_hg/msg/detail/hand_cmd__rosidl_typesupport_introspection_c.h
[5.375s] -- Installing: /home/alemany/robot_ws/install/unitree_hg/include/unitree_hg/unitree_hg/msg/detail/main_board_state__rosidl_typesupport_introspection_c.h
[5.375s] -- Up-to-date: /home/alemany/robot_ws/install/unitree_hg/include/unitree_hg/unitree_hg/msg/detail/hand_cmd__type_support.c
[5.375s] -- Installing: /home/alemany/robot_ws/install/unitree_hg/include/unitree_hg/unitree_hg/msg/detail/motor_cmd__rosidl_typesupport_introspection_c.h
[5.375s] -- Installing: /home/alemany/robot_ws/install/unitree_hg/include/unitree_hg/unitree_hg/msg/detail/hand_state__rosidl_typesupport_introspection_c.h
[5.375s] -- Installing: /home/alemany/robot_ws/install/unitree_hg/include/unitree_hg/unitree_hg/msg/detail/bms_state__rosidl_typesupport_introspection_c.h
[5.375s] -- Up-to-date: /home/alemany/robot_ws/install/unitree_hg/include/unitree_hg/unitree_hg/msg/detail/main_board_state__type_support.c
[5.375s] -- Installing: /home/alemany/robot_ws/install/unitree_hg/include/unitree_hg/unitree_hg/msg/detail/bms_cmd__type_support.c
[5.375s] -- Installing: /home/alemany/robot_ws/install/unitree_hg/include/unitree_hg/unitree_hg/msg/detail/motor_state__rosidl_typesupport_introspection_c.h
[5.375s] -- Installing: /home/alemany/robot_ws/install/unitree_hg/include/unitree_hg/unitree_hg/msg/detail/press_sensor_state__rosidl_typesupport_introspection_c.h
[5.375s] -- Up-to-date: /home/alemany/robot_ws/install/unitree_hg/include/unitree_hg/unitree_hg/msg/detail/low_cmd__type_support.c
[5.375s] -- Installing: /home/alemany/robot_ws/install/unitree_hg/include/unitree_hg/unitree_hg/msg/detail/low_state__rosidl_typesupport_introspection_c.h
[5.375s] -- Installing: /home/alemany/robot_ws/install/unitree_hg/include/unitree_hg/unitree_hg/msg/detail/bms_cmd__rosidl_typesupport_introspection_c.h
[5.375s] -- Up-to-date: /home/alemany/robot_ws/install/unitree_hg/include/unitree_hg/unitree_hg/msg/detail/motor_cmd__type_support.c
[5.375s] -- Installing: /home/alemany/robot_ws/install/unitree_hg/include/unitree_hg/unitree_hg/msg/detail/bms_state__type_support.c
[5.375s] -- Installing: /home/alemany/robot_ws/install/unitree_hg/include/unitree_hg/unitree_hg/msg/detail/low_cmd__rosidl_typesupport_introspection_c.h
[5.375s] -- Up-to-date: /home/alemany/robot_ws/install/unitree_hg/include/unitree_hg/unitree_hg/msg/detail/low_state__type_support.c
[5.376s] -- Installing: /home/alemany/robot_ws/install/unitree_hg/include/unitree_hg/unitree_hg/msg/detail/imu_state__rosidl_typesupport_introspection_c.h
[5.376s] -- Up-to-date: /home/alemany/robot_ws/install/unitree_hg/include/unitree_hg/unitree_hg/msg/detail/motor_state__type_support.c
[5.376s] -- Up-to-date: /home/alemany/robot_ws/install/unitree_hg/include/unitree_hg/unitree_hg/msg/detail/hand_state__type_support.c
[5.376s] -- Installing: /home/alemany/robot_ws/install/unitree_hg/lib/libunitree_hg__rosidl_typesupport_introspection_c.so
[5.376s] -- Set non-toolchain portion of runtime path of "/home/alemany/robot_ws/install/unitree_hg/lib/libunitree_hg__rosidl_typesupport_introspection_c.so" to ""
[5.376s] -- Installing: /home/alemany/robot_ws/install/unitree_hg/lib/libunitree_hg__rosidl_typesupport_c.so
[5.376s] -- Set non-toolchain portion of runtime path of "/home/alemany/robot_ws/install/unitree_hg/lib/libunitree_hg__rosidl_typesupport_c.so" to ""
[5.376s] -- Up-to-date: /home/alemany/robot_ws/install/unitree_hg/include/unitree_hg/unitree_hg
[5.376s] -- Up-to-date: /home/alemany/robot_ws/install/unitree_hg/include/unitree_hg/unitree_hg/msg
[5.376s] -- Up-to-date: /home/alemany/robot_ws/install/unitree_hg/include/unitree_hg/unitree_hg/msg/detail
[5.376s] -- Installing: /home/alemany/robot_ws/install/unitree_hg/include/unitree_hg/unitree_hg/msg/detail/hand_cmd__type_support.cpp
[5.376s] -- Installing: /home/alemany/robot_ws/install/unitree_hg/include/unitree_hg/unitree_hg/msg/detail/motor_state__type_support.cpp
[5.376s] -- Installing: /home/alemany/robot_ws/install/unitree_hg/include/unitree_hg/unitree_hg/msg/detail/motor_cmd__rosidl_typesupport_introspection_cpp.hpp
[5.376s] -- Installing: /home/alemany/robot_ws/install/unitree_hg/include/unitree_hg/unitree_hg/msg/detail/imu_state__type_support.cpp
[5.376s] -- Installing: /home/alemany/robot_ws/install/unitree_hg/include/unitree_hg/unitree_hg/msg/detail/bms_cmd__rosidl_typesupport_introspection_cpp.hpp
[5.376s] -- Installing: /home/alemany/robot_ws/install/unitree_hg/include/unitree_hg/unitree_hg/msg/detail/bms_cmd__type_support.cpp
[5.376s] -- Installing: /home/alemany/robot_ws/install/unitree_hg/include/unitree_hg/unitree_hg/msg/detail/hand_state__rosidl_typesupport_introspection_cpp.hpp
[5.376s] -- Installing: /home/alemany/robot_ws/install/unitree_hg/include/unitree_hg/unitree_hg/msg/detail/motor_cmd__type_support.cpp
[5.376s] -- Installing: /home/alemany/robot_ws/install/unitree_hg/include/unitree_hg/unitree_hg/msg/detail/low_state__rosidl_typesupport_introspection_cpp.hpp
[5.376s] -- Installing: /home/alemany/robot_ws/install/unitree_hg/include/unitree_hg/unitree_hg/msg/detail/imu_state__rosidl_typesupport_introspection_cpp.hpp
[5.377s] -- Installing: /home/alemany/robot_ws/install/unitree_hg/include/unitree_hg/unitree_hg/msg/detail/press_sensor_state__rosidl_typesupport_introspection_cpp.hpp
[5.377s] -- Installing: /home/alemany/robot_ws/install/unitree_hg/include/unitree_hg/unitree_hg/msg/detail/low_cmd__type_support.cpp
[5.377s] -- Installing: /home/alemany/robot_ws/install/unitree_hg/include/unitree_hg/unitree_hg/msg/detail/main_board_state__rosidl_typesupport_introspection_cpp.hpp
[5.377s] -- Installing: /home/alemany/robot_ws/install/unitree_hg/include/unitree_hg/unitree_hg/msg/detail/hand_cmd__rosidl_typesupport_introspection_cpp.hpp
[5.377s] -- Installing: /home/alemany/robot_ws/install/unitree_hg/include/unitree_hg/unitree_hg/msg/detail/press_sensor_state__type_support.cpp
[5.377s] -- Installing: /home/alemany/robot_ws/install/unitree_hg/include/unitree_hg/unitree_hg/msg/detail/low_cmd__rosidl_typesupport_introspection_cpp.hpp
[5.377s] -- Installing: /home/alemany/robot_ws/install/unitree_hg/include/unitree_hg/unitree_hg/msg/detail/bms_state__rosidl_typesupport_introspection_cpp.hpp
[5.377s] -- Installing: /home/alemany/robot_ws/install/unitree_hg/include/unitree_hg/unitree_hg/msg/detail/main_board_state__type_support.cpp
[5.377s] -- Installing: /home/alemany/robot_ws/install/unitree_hg/include/unitree_hg/unitree_hg/msg/detail/bms_state__type_support.cpp
[5.379s] -- Installing: /home/alemany/robot_ws/install/unitree_hg/include/unitree_hg/unitree_hg/msg/detail/low_state__type_support.cpp
[5.379s] -- Installing: /home/alemany/robot_ws/install/unitree_hg/include/unitree_hg/unitree_hg/msg/detail/hand_state__type_support.cpp
[5.379s] -- Installing: /home/alemany/robot_ws/install/unitree_hg/include/unitree_hg/unitree_hg/msg/detail/motor_state__rosidl_typesupport_introspection_cpp.hpp
[5.379s] -- Installing: /home/alemany/robot_ws/install/unitree_hg/lib/libunitree_hg__rosidl_typesupport_introspection_cpp.so
[5.379s] -- Set non-toolchain portion of runtime path of "/home/alemany/robot_ws/install/unitree_hg/lib/libunitree_hg__rosidl_typesupport_introspection_cpp.so" to ""
[5.379s] -- Installing: /home/alemany/robot_ws/install/unitree_hg/lib/libunitree_hg__rosidl_typesupport_cpp.so
[5.379s] -- Set non-toolchain portion of runtime path of "/home/alemany/robot_ws/install/unitree_hg/lib/libunitree_hg__rosidl_typesupport_cpp.so" to ""
[5.379s] -- Installing: /home/alemany/robot_ws/install/unitree_hg/share/unitree_hg/environment/pythonpath.sh
[5.379s] -- Installing: /home/alemany/robot_ws/install/unitree_hg/share/unitree_hg/environment/pythonpath.dsv
[5.379s] -- Installing: /home/alemany/robot_ws/install/unitree_hg/lib/python3.12/site-packages/unitree_hg-0.0.0-py3.12.egg-info
[5.379s] -- Installing: /home/alemany/robot_ws/install/unitree_hg/lib/python3.12/site-packages/unitree_hg-0.0.0-py3.12.egg-info/PKG-INFO
[5.379s] -- Installing: /home/alemany/robot_ws/install/unitree_hg/lib/python3.12/site-packages/unitree_hg-0.0.0-py3.12.egg-info/dependency_links.txt
[5.379s] -- Installing: /home/alemany/robot_ws/install/unitree_hg/lib/python3.12/site-packages/unitree_hg-0.0.0-py3.12.egg-info/SOURCES.txt
[5.379s] -- Installing: /home/alemany/robot_ws/install/unitree_hg/lib/python3.12/site-packages/unitree_hg-0.0.0-py3.12.egg-info/top_level.txt
[5.380s] -- Installing: /home/alemany/robot_ws/install/unitree_hg/lib/python3.12/site-packages/unitree_hg
[5.380s] -- Installing: /home/alemany/robot_ws/install/unitree_hg/lib/python3.12/site-packages/unitree_hg/_unitree_hg_s.ep.rosidl_typesupport_c.c
[5.380s] -- Installing: /home/alemany/robot_ws/install/unitree_hg/lib/python3.12/site-packages/unitree_hg/msg
[5.380s] -- Installing: /home/alemany/robot_ws/install/unitree_hg/lib/python3.12/site-packages/unitree_hg/msg/_hand_state_s.c
[5.380s] -- Installing: /home/alemany/robot_ws/install/unitree_hg/lib/python3.12/site-packages/unitree_hg/msg/_main_board_state_s.c
[5.380s] -- Installing: /home/alemany/robot_ws/install/unitree_hg/lib/python3.12/site-packages/unitree_hg/msg/_press_sensor_state.py
[5.380s] -- Installing: /home/alemany/robot_ws/install/unitree_hg/lib/python3.12/site-packages/unitree_hg/msg/_bms_cmd.py
[5.381s] -- Installing: /home/alemany/robot_ws/install/unitree_hg/lib/python3.12/site-packages/unitree_hg/msg/_imu_state.py
[5.381s] -- Installing: /home/alemany/robot_ws/install/unitree_hg/lib/python3.12/site-packages/unitree_hg/msg/_bms_state.py
[5.381s] -- Installing: /home/alemany/robot_ws/install/unitree_hg/lib/python3.12/site-packages/unitree_hg/msg/_hand_state.py
[5.381s] -- Installing: /home/alemany/robot_ws/install/unitree_hg/lib/python3.12/site-packages/unitree_hg/msg/_main_board_state.py
[5.381s] -- Installing: /home/alemany/robot_ws/install/unitree_hg/lib/python3.12/site-packages/unitree_hg/msg/_hand_cmd_s.c
[5.381s] -- Installing: /home/alemany/robot_ws/install/unitree_hg/lib/python3.12/site-packages/unitree_hg/msg/_motor_cmd.py
[5.381s] -- Installing: /home/alemany/robot_ws/install/unitree_hg/lib/python3.12/site-packages/unitree_hg/msg/_motor_state_s.c
[5.381s] -- Installing: /home/alemany/robot_ws/install/unitree_hg/lib/python3.12/site-packages/unitree_hg/msg/_motor_state.py
[5.381s] -- Installing: /home/alemany/robot_ws/install/unitree_hg/lib/python3.12/site-packages/unitree_hg/msg/_hand_cmd.py
[5.382s] -- Installing: /home/alemany/robot_ws/install/unitree_hg/lib/python3.12/site-packages/unitree_hg/msg/_low_state.py
[5.382s] -- Installing: /home/alemany/robot_ws/install/unitree_hg/lib/python3.12/site-packages/unitree_hg/msg/_bms_cmd_s.c
[5.382s] -- Installing: /home/alemany/robot_ws/install/unitree_hg/lib/python3.12/site-packages/unitree_hg/msg/_motor_cmd_s.c
[5.382s] -- Installing: /home/alemany/robot_ws/install/unitree_hg/lib/python3.12/site-packages/unitree_hg/msg/_bms_state_s.c
[5.382s] -- Installing: /home/alemany/robot_ws/install/unitree_hg/lib/python3.12/site-packages/unitree_hg/msg/_low_state_s.c
[5.382s] -- Installing: /home/alemany/robot_ws/install/unitree_hg/lib/python3.12/site-packages/unitree_hg/msg/_low_cmd_s.c
[5.382s] -- Installing: /home/alemany/robot_ws/install/unitree_hg/lib/python3.12/site-packages/unitree_hg/msg/_imu_state_s.c
[5.383s] -- Installing: /home/alemany/robot_ws/install/unitree_hg/lib/python3.12/site-packages/unitree_hg/msg/_press_sensor_state_s.c
[5.383s] -- Installing: /home/alemany/robot_ws/install/unitree_hg/lib/python3.12/site-packages/unitree_hg/msg/_low_cmd.py
[5.383s] -- Installing: /home/alemany/robot_ws/install/unitree_hg/lib/python3.12/site-packages/unitree_hg/msg/__init__.py
[5.383s] -- Installing: /home/alemany/robot_ws/install/unitree_hg/lib/python3.12/site-packages/unitree_hg/unitree_hg_s__rosidl_typesupport_introspection_c.so
[5.383s] -- Installing: /home/alemany/robot_ws/install/unitree_hg/lib/python3.12/site-packages/unitree_hg/unitree_hg_s__rosidl_typesupport_fastrtps_c.so
[5.384s] -- Installing: /home/alemany/robot_ws/install/unitree_hg/lib/python3.12/site-packages/unitree_hg/unitree_hg_s__rosidl_typesupport_c.so
[5.384s] -- Installing: /home/alemany/robot_ws/install/unitree_hg/lib/python3.12/site-packages/unitree_hg/_unitree_hg_s.ep.rosidl_typesupport_introspection_c.c
[5.384s] -- Installing: /home/alemany/robot_ws/install/unitree_hg/lib/python3.12/site-packages/unitree_hg/_unitree_hg_s.ep.rosidl_typesupport_fastrtps_c.c
[5.384s] -- Installing: /home/alemany/robot_ws/install/unitree_hg/lib/python3.12/site-packages/unitree_hg/__init__.py
[5.427s] Listing '/home/alemany/robot_ws/install/unitree_hg/lib/python3.12/site-packages/unitree_hg'...
[5.427s] Compiling '/home/alemany/robot_ws/install/unitree_hg/lib/python3.12/site-packages/unitree_hg/__init__.py'...
[5.427s] Listing '/home/alemany/robot_ws/install/unitree_hg/lib/python3.12/site-packages/unitree_hg/msg'...
[5.427s] Compiling '/home/alemany/robot_ws/install/unitree_hg/lib/python3.12/site-packages/unitree_hg/msg/__init__.py'...
[5.427s] Compiling '/home/alemany/robot_ws/install/unitree_hg/lib/python3.12/site-packages/unitree_hg/msg/_bms_cmd.py'...
[5.427s] Compiling '/home/alemany/robot_ws/install/unitree_hg/lib/python3.12/site-packages/unitree_hg/msg/_bms_state.py'...
[5.427s] Compiling '/home/alemany/robot_ws/install/unitree_hg/lib/python3.12/site-packages/unitree_hg/msg/_hand_cmd.py'...
[5.427s] Compiling '/home/alemany/robot_ws/install/unitree_hg/lib/python3.12/site-packages/unitree_hg/msg/_hand_state.py'...
[5.427s] Compiling '/home/alemany/robot_ws/install/unitree_hg/lib/python3.12/site-packages/unitree_hg/msg/_imu_state.py'...
[5.427s] Compiling '/home/alemany/robot_ws/install/unitree_hg/lib/python3.12/site-packages/unitree_hg/msg/_low_cmd.py'...
[5.427s] Compiling '/home/alemany/robot_ws/install/unitree_hg/lib/python3.12/site-packages/unitree_hg/msg/_low_state.py'...
[5.427s] Compiling '/home/alemany/robot_ws/install/unitree_hg/lib/python3.12/site-packages/unitree_hg/msg/_main_board_state.py'...
[5.427s] Compiling '/home/alemany/robot_ws/install/unitree_hg/lib/python3.12/site-packages/unitree_hg/msg/_motor_cmd.py'...
[5.427s] Compiling '/home/alemany/robot_ws/install/unitree_hg/lib/python3.12/site-packages/unitree_hg/msg/_motor_state.py'...
[5.427s] Compiling '/home/alemany/robot_ws/install/unitree_hg/lib/python3.12/site-packages/unitree_hg/msg/_press_sensor_state.py'...
[5.431s] -- Installing: /home/alemany/robot_ws/install/unitree_hg/lib/python3.12/site-packages/unitree_hg/unitree_hg_s__rosidl_typesupport_fastrtps_c.so
[5.431s] -- Set non-toolchain portion of runtime path of "/home/alemany/robot_ws/install/unitree_hg/lib/python3.12/site-packages/unitree_hg/unitree_hg_s__rosidl_typesupport_fastrtps_c.so" to ""
[5.432s] -- Installing: /home/alemany/robot_ws/install/unitree_hg/lib/python3.12/site-packages/unitree_hg/unitree_hg_s__rosidl_typesupport_introspection_c.so
[5.432s] -- Set non-toolchain portion of runtime path of "/home/alemany/robot_ws/install/unitree_hg/lib/python3.12/site-packages/unitree_hg/unitree_hg_s__rosidl_typesupport_introspection_c.so" to ""
[5.432s] -- Installing: /home/alemany/robot_ws/install/unitree_hg/lib/python3.12/site-packages/unitree_hg/unitree_hg_s__rosidl_typesupport_c.so
[5.432s] -- Set non-toolchain portion of runtime path of "/home/alemany/robot_ws/install/unitree_hg/lib/python3.12/site-packages/unitree_hg/unitree_hg_s__rosidl_typesupport_c.so" to ""
[5.432s] -- Installing: /home/alemany/robot_ws/install/unitree_hg/lib/libunitree_hg__rosidl_generator_py.so
[5.432s] -- Set non-toolchain portion of runtime path of "/home/alemany/robot_ws/install/unitree_hg/lib/libunitree_hg__rosidl_generator_py.so" to ""
[5.432s] -- Installing: /home/alemany/robot_ws/install/unitree_hg/share/unitree_hg/msg/BmsCmd.idl
[5.432s] -- Installing: /home/alemany/robot_ws/install/unitree_hg/share/unitree_hg/msg/BmsState.idl
[5.432s] -- Installing: /home/alemany/robot_ws/install/unitree_hg/share/unitree_hg/msg/HandCmd.idl
[5.432s] -- Installing: /home/alemany/robot_ws/install/unitree_hg/share/unitree_hg/msg/HandState.idl
[5.432s] -- Installing: /home/alemany/robot_ws/install/unitree_hg/share/unitree_hg/msg/IMUState.idl
[5.432s] -- Installing: /home/alemany/robot_ws/install/unitree_hg/share/unitree_hg/msg/LowCmd.idl
[5.433s] -- Installing: /home/alemany/robot_ws/install/unitree_hg/share/unitree_hg/msg/LowState.idl
[5.433s] -- Installing: /home/alemany/robot_ws/install/unitree_hg/share/unitree_hg/msg/MainBoardState.idl
[5.433s] -- Installing: /home/alemany/robot_ws/install/unitree_hg/share/unitree_hg/msg/MotorCmd.idl
[5.433s] -- Installing: /home/alemany/robot_ws/install/unitree_hg/share/unitree_hg/msg/MotorState.idl
[5.433s] -- Installing: /home/alemany/robot_ws/install/unitree_hg/share/unitree_hg/msg/PressSensorState.idl
[5.433s] -- Installing: /home/alemany/robot_ws/install/unitree_hg/share/unitree_hg/msg/BmsCmd.msg
[5.433s] -- Installing: /home/alemany/robot_ws/install/unitree_hg/share/unitree_hg/msg/BmsState.msg
[5.433s] -- Installing: /home/alemany/robot_ws/install/unitree_hg/share/unitree_hg/msg/HandCmd.msg
[5.433s] -- Installing: /home/alemany/robot_ws/install/unitree_hg/share/unitree_hg/msg/HandState.msg
[5.433s] -- Installing: /home/alemany/robot_ws/install/unitree_hg/share/unitree_hg/msg/IMUState.msg
[5.433s] -- Installing: /home/alemany/robot_ws/install/unitree_hg/share/unitree_hg/msg/LowCmd.msg
[5.433s] -- Installing: /home/alemany/robot_ws/install/unitree_hg/share/unitree_hg/msg/LowState.msg
[5.433s] -- Installing: /home/alemany/robot_ws/install/unitree_hg/share/unitree_hg/msg/MainBoardState.msg
[5.433s] -- Installing: /home/alemany/robot_ws/install/unitree_hg/share/unitree_hg/msg/MotorCmd.msg
[5.434s] -- Installing: /home/alemany/robot_ws/install/unitree_hg/share/unitree_hg/msg/MotorState.msg
[5.434s] -- Installing: /home/alemany/robot_ws/install/unitree_hg/share/unitree_hg/msg/PressSensorState.msg
[5.434s] -- Installing: /home/alemany/robot_ws/install/unitree_hg/share/unitree_hg/msg/dds_connext
[5.434s] -- Installing: /home/alemany/robot_ws/install/unitree_hg/share/unitree_hg/msg/dds_connext/HandState_.idl
[5.434s] -- Installing: /home/alemany/robot_ws/install/unitree_hg/share/unitree_hg/msg/dds_connext/BmsCmd_.idl
[5.434s] -- Installing: /home/alemany/robot_ws/install/unitree_hg/share/unitree_hg/msg/dds_connext/PressSensorState_.idl
[5.434s] -- Installing: /home/alemany/robot_ws/install/unitree_hg/share/unitree_hg/msg/dds_connext/IMUState_.idl
[5.434s] -- Installing: /home/alemany/robot_ws/install/unitree_hg/share/unitree_hg/msg/dds_connext/LowCmd_.idl
[5.434s] -- Installing: /home/alemany/robot_ws/install/unitree_hg/share/unitree_hg/msg/dds_connext/LowState_.idl
[5.434s] -- Installing: /home/alemany/robot_ws/install/unitree_hg/share/unitree_hg/msg/dds_connext/MotorCmd_.idl
[5.434s] -- Installing: /home/alemany/robot_ws/install/unitree_hg/share/unitree_hg/msg/dds_connext/MotorState_.idl
[5.434s] -- Installing: /home/alemany/robot_ws/install/unitree_hg/share/unitree_hg/msg/dds_connext/HandCmd_.idl
[5.434s] -- Installing: /home/alemany/robot_ws/install/unitree_hg/share/unitree_hg/msg/dds_connext/BmsState_.idl
[5.435s] -- Installing: /home/alemany/robot_ws/install/unitree_hg/share/unitree_hg/msg/dds_connext/MainBoardState_.idl
[5.435s] -- Installing: /home/alemany/robot_ws/install/unitree_hg/share/ament_index/resource_index/package_run_dependencies/unitree_hg
[5.435s] -- Installing: /home/alemany/robot_ws/install/unitree_hg/share/ament_index/resource_index/parent_prefix_path/unitree_hg
[5.435s] -- Installing: /home/alemany/robot_ws/install/unitree_hg/share/unitree_hg/environment/ament_prefix_path.sh
[5.435s] -- Installing: /home/alemany/robot_ws/install/unitree_hg/share/unitree_hg/environment/ament_prefix_path.dsv
[5.435s] -- Installing: /home/alemany/robot_ws/install/unitree_hg/share/unitree_hg/environment/path.sh
[5.435s] -- Installing: /home/alemany/robot_ws/install/unitree_hg/share/unitree_hg/environment/path.dsv
[5.435s] -- Installing: /home/alemany/robot_ws/install/unitree_hg/share/unitree_hg/local_setup.bash
[5.435s] -- Installing: /home/alemany/robot_ws/install/unitree_hg/share/unitree_hg/local_setup.sh
[5.435s] -- Installing: /home/alemany/robot_ws/install/unitree_hg/share/unitree_hg/local_setup.zsh
[5.435s] -- Installing: /home/alemany/robot_ws/install/unitree_hg/share/unitree_hg/local_setup.dsv
[5.435s] -- Installing: /home/alemany/robot_ws/install/unitree_hg/share/unitree_hg/package.dsv
[5.435s] -- Installing: /home/alemany/robot_ws/install/unitree_hg/share/ament_index/resource_index/packages/unitree_hg
[5.436s] -- Installing: /home/alemany/robot_ws/install/unitree_hg/share/unitree_hg/cmake/export_unitree_hg__rosidl_generator_cExport.cmake
[5.436s] -- Installing: /home/alemany/robot_ws/install/unitree_hg/share/unitree_hg/cmake/export_unitree_hg__rosidl_generator_cExport-noconfig.cmake
[5.436s] -- Installing: /home/alemany/robot_ws/install/unitree_hg/share/unitree_hg/cmake/export_unitree_hg__rosidl_typesupport_fastrtps_cExport.cmake
[5.436s] -- Installing: /home/alemany/robot_ws/install/unitree_hg/share/unitree_hg/cmake/export_unitree_hg__rosidl_typesupport_fastrtps_cExport-noconfig.cmake
[5.436s] -- Installing: /home/alemany/robot_ws/install/unitree_hg/share/unitree_hg/cmake/export_unitree_hg__rosidl_generator_cppExport.cmake
[5.436s] -- Installing: /home/alemany/robot_ws/install/unitree_hg/share/unitree_hg/cmake/export_unitree_hg__rosidl_typesupport_fastrtps_cppExport.cmake
[5.436s] -- Installing: /home/alemany/robot_ws/install/unitree_hg/share/unitree_hg/cmake/export_unitree_hg__rosidl_typesupport_fastrtps_cppExport-noconfig.cmake
[5.436s] -- Installing: /home/alemany/robot_ws/install/unitree_hg/share/unitree_hg/cmake/unitree_hg__rosidl_typesupport_introspection_cExport.cmake
[5.436s] -- Installing: /home/alemany/robot_ws/install/unitree_hg/share/unitree_hg/cmake/unitree_hg__rosidl_typesupport_introspection_cExport-noconfig.cmake
[5.436s] -- Installing: /home/alemany/robot_ws/install/unitree_hg/share/unitree_hg/cmake/unitree_hg__rosidl_typesupport_cExport.cmake
[5.436s] -- Installing: /home/alemany/robot_ws/install/unitree_hg/share/unitree_hg/cmake/unitree_hg__rosidl_typesupport_cExport-noconfig.cmake
[5.436s] -- Installing: /home/alemany/robot_ws/install/unitree_hg/share/unitree_hg/cmake/unitree_hg__rosidl_typesupport_introspection_cppExport.cmake
[5.436s] -- Installing: /home/alemany/robot_ws/install/unitree_hg/share/unitree_hg/cmake/unitree_hg__rosidl_typesupport_introspection_cppExport-noconfig.cmake
[5.437s] -- Installing: /home/alemany/robot_ws/install/unitree_hg/share/unitree_hg/cmake/unitree_hg__rosidl_typesupport_cppExport.cmake
[5.437s] -- Installing: /home/alemany/robot_ws/install/unitree_hg/share/unitree_hg/cmake/unitree_hg__rosidl_typesupport_cppExport-noconfig.cmake
[5.437s] -- Installing: /home/alemany/robot_ws/install/unitree_hg/share/unitree_hg/cmake/export_unitree_hg__rosidl_generator_pyExport.cmake
[5.437s] -- Installing: /home/alemany/robot_ws/install/unitree_hg/share/unitree_hg/cmake/export_unitree_hg__rosidl_generator_pyExport-noconfig.cmake
[5.437s] -- Installing: /home/alemany/robot_ws/install/unitree_hg/share/unitree_hg/cmake/rosidl_cmake-extras.cmake
[5.437s] -- Installing: /home/alemany/robot_ws/install/unitree_hg/share/unitree_hg/cmake/ament_cmake_export_dependencies-extras.cmake
[5.437s] -- Installing: /home/alemany/robot_ws/install/unitree_hg/share/unitree_hg/cmake/ament_cmake_export_include_directories-extras.cmake
[5.438s] -- Installing: /home/alemany/robot_ws/install/unitree_hg/share/unitree_hg/cmake/ament_cmake_export_libraries-extras.cmake
[5.438s] -- Installing: /home/alemany/robot_ws/install/unitree_hg/share/unitree_hg/cmake/ament_cmake_export_targets-extras.cmake
[5.438s] -- Installing: /home/alemany/robot_ws/install/unitree_hg/share/unitree_hg/cmake/rosidl_cmake_export_typesupport_targets-extras.cmake
[5.438s] -- Installing: /home/alemany/robot_ws/install/unitree_hg/share/unitree_hg/cmake/rosidl_cmake_export_typesupport_libraries-extras.cmake
[5.438s] -- Installing: /home/alemany/robot_ws/install/unitree_hg/share/unitree_hg/cmake/unitree_hgConfig.cmake
[5.438s] -- Installing: /home/alemany/robot_ws/install/unitree_hg/share/unitree_hg/cmake/unitree_hgConfig-version.cmake
[5.438s] -- Installing: /home/alemany/robot_ws/install/unitree_hg/share/unitree_hg/package.xml
[5.438s] Invoked command in '/home/alemany/robot_ws/build/unitree_hg' returned '0': CMAKE_PREFIX_PATH=${CMAKE_PREFIX_PATH}:/home/alemany/robot_ws/install/g1pilot:/opt/ros/jazzy DEBUGINFOD_URLS=https://debuginfod.ubuntu.com VIRTUAL_ENV_PROMPT=(venv-ardupilot) /usr/bin/cmake --install /home/alemany/robot_ws/build/unitree_hg
